[2024-08-23T22:11:47.119+0000] {processor.py:186} INFO - Started process (PID=42) to work on /home/airflow/.local/lib/python3.12/site-packages/airflow/example_dags/example_sla_dag.py
[2024-08-23T22:11:47.121+0000] {processor.py:914} INFO - Processing file /home/airflow/.local/lib/python3.12/site-packages/airflow/example_dags/example_sla_dag.py for tasks to queue
[2024-08-23T22:11:47.126+0000] {logging_mixin.py:190} INFO - [2024-08-23T22:11:47.125+0000] {dagbag.py:587} INFO - Filling up the DagBag from /home/airflow/.local/lib/python3.12/site-packages/airflow/example_dags/example_sla_dag.py
[2024-08-23T22:11:47.149+0000] {processor.py:925} INFO - DAG(s) 'example_sla_dag' retrieved from /home/airflow/.local/lib/python3.12/site-packages/airflow/example_dags/example_sla_dag.py
[2024-08-23T22:11:47.628+0000] {logging_mixin.py:190} INFO - [2024-08-23T22:11:47.626+0000] {override.py:1858} INFO - Created Permission View: can delete on DAG:example_sla_dag
[2024-08-23T22:11:47.647+0000] {logging_mixin.py:190} INFO - [2024-08-23T22:11:47.647+0000] {override.py:1858} INFO - Created Permission View: can edit on DAG:example_sla_dag
[2024-08-23T22:11:47.655+0000] {logging_mixin.py:190} INFO - [2024-08-23T22:11:47.654+0000] {override.py:1858} INFO - Created Permission View: can read on DAG:example_sla_dag
[2024-08-23T22:11:47.656+0000] {logging_mixin.py:190} INFO - [2024-08-23T22:11:47.655+0000] {dag.py:3211} INFO - Sync 1 DAGs
[2024-08-23T22:11:47.711+0000] {logging_mixin.py:190} INFO - [2024-08-23T22:11:47.711+0000] {dag.py:3234} INFO - Creating ORM DAG for example_sla_dag
[2024-08-23T22:11:47.759+0000] {logging_mixin.py:190} INFO - [2024-08-23T22:11:47.759+0000] {dag.py:4138} INFO - Setting next_dagrun for example_sla_dag to 2024-08-23 22:08:00+00:00, run_after=2024-08-23 22:10:00+00:00
[2024-08-23T22:11:47.790+0000] {processor.py:208} INFO - Processing /home/airflow/.local/lib/python3.12/site-packages/airflow/example_dags/example_sla_dag.py took 0.810 seconds
[2024-08-23T22:12:17.827+0000] {processor.py:186} INFO - Started process (PID=104) to work on /home/airflow/.local/lib/python3.12/site-packages/airflow/example_dags/example_sla_dag.py
[2024-08-23T22:12:17.852+0000] {processor.py:914} INFO - Processing file /home/airflow/.local/lib/python3.12/site-packages/airflow/example_dags/example_sla_dag.py for tasks to queue
[2024-08-23T22:12:17.855+0000] {logging_mixin.py:190} INFO - [2024-08-23T22:12:17.855+0000] {dagbag.py:587} INFO - Filling up the DagBag from /home/airflow/.local/lib/python3.12/site-packages/airflow/example_dags/example_sla_dag.py
[2024-08-23T22:12:17.864+0000] {processor.py:925} INFO - DAG(s) 'example_sla_dag' retrieved from /home/airflow/.local/lib/python3.12/site-packages/airflow/example_dags/example_sla_dag.py
[2024-08-23T22:12:17.879+0000] {logging_mixin.py:190} INFO - [2024-08-23T22:12:17.879+0000] {dag.py:3211} INFO - Sync 1 DAGs
[2024-08-23T22:12:17.900+0000] {logging_mixin.py:190} INFO - [2024-08-23T22:12:17.899+0000] {dag.py:4138} INFO - Setting next_dagrun for example_sla_dag to 2024-08-23 22:10:00+00:00, run_after=2024-08-23 22:12:00+00:00
[2024-08-23T22:12:17.913+0000] {processor.py:208} INFO - Processing /home/airflow/.local/lib/python3.12/site-packages/airflow/example_dags/example_sla_dag.py took 0.091 seconds
[2024-08-23T22:12:48.427+0000] {processor.py:186} INFO - Started process (PID=166) to work on /home/airflow/.local/lib/python3.12/site-packages/airflow/example_dags/example_sla_dag.py
[2024-08-23T22:12:48.428+0000] {processor.py:914} INFO - Processing file /home/airflow/.local/lib/python3.12/site-packages/airflow/example_dags/example_sla_dag.py for tasks to queue
[2024-08-23T22:12:48.430+0000] {logging_mixin.py:190} INFO - [2024-08-23T22:12:48.430+0000] {dagbag.py:587} INFO - Filling up the DagBag from /home/airflow/.local/lib/python3.12/site-packages/airflow/example_dags/example_sla_dag.py
[2024-08-23T22:12:48.438+0000] {processor.py:925} INFO - DAG(s) 'example_sla_dag' retrieved from /home/airflow/.local/lib/python3.12/site-packages/airflow/example_dags/example_sla_dag.py
[2024-08-23T22:12:48.454+0000] {logging_mixin.py:190} INFO - [2024-08-23T22:12:48.454+0000] {dag.py:3211} INFO - Sync 1 DAGs
[2024-08-23T22:12:48.473+0000] {logging_mixin.py:190} INFO - [2024-08-23T22:12:48.473+0000] {dag.py:4138} INFO - Setting next_dagrun for example_sla_dag to 2024-08-23 22:10:00+00:00, run_after=2024-08-23 22:12:00+00:00
[2024-08-23T22:12:48.487+0000] {processor.py:208} INFO - Processing /home/airflow/.local/lib/python3.12/site-packages/airflow/example_dags/example_sla_dag.py took 0.064 seconds
[2024-08-23T22:13:19.372+0000] {processor.py:186} INFO - Started process (PID=228) to work on /home/airflow/.local/lib/python3.12/site-packages/airflow/example_dags/example_sla_dag.py
[2024-08-23T22:13:19.373+0000] {processor.py:914} INFO - Processing file /home/airflow/.local/lib/python3.12/site-packages/airflow/example_dags/example_sla_dag.py for tasks to queue
[2024-08-23T22:13:19.383+0000] {logging_mixin.py:190} INFO - [2024-08-23T22:13:19.383+0000] {dagbag.py:587} INFO - Filling up the DagBag from /home/airflow/.local/lib/python3.12/site-packages/airflow/example_dags/example_sla_dag.py
[2024-08-23T22:13:19.392+0000] {processor.py:925} INFO - DAG(s) 'example_sla_dag' retrieved from /home/airflow/.local/lib/python3.12/site-packages/airflow/example_dags/example_sla_dag.py
[2024-08-23T22:13:19.409+0000] {logging_mixin.py:190} INFO - [2024-08-23T22:13:19.408+0000] {dag.py:3211} INFO - Sync 1 DAGs
[2024-08-23T22:13:19.428+0000] {logging_mixin.py:190} INFO - [2024-08-23T22:13:19.428+0000] {dag.py:4138} INFO - Setting next_dagrun for example_sla_dag to 2024-08-23 22:10:00+00:00, run_after=2024-08-23 22:12:00+00:00
[2024-08-23T22:13:19.456+0000] {processor.py:208} INFO - Processing /home/airflow/.local/lib/python3.12/site-packages/airflow/example_dags/example_sla_dag.py took 0.089 seconds
[2024-08-23T22:13:50.478+0000] {processor.py:186} INFO - Started process (PID=290) to work on /home/airflow/.local/lib/python3.12/site-packages/airflow/example_dags/example_sla_dag.py
[2024-08-23T22:13:50.479+0000] {processor.py:914} INFO - Processing file /home/airflow/.local/lib/python3.12/site-packages/airflow/example_dags/example_sla_dag.py for tasks to queue
[2024-08-23T22:13:50.481+0000] {logging_mixin.py:190} INFO - [2024-08-23T22:13:50.481+0000] {dagbag.py:587} INFO - Filling up the DagBag from /home/airflow/.local/lib/python3.12/site-packages/airflow/example_dags/example_sla_dag.py
[2024-08-23T22:13:50.491+0000] {processor.py:925} INFO - DAG(s) 'example_sla_dag' retrieved from /home/airflow/.local/lib/python3.12/site-packages/airflow/example_dags/example_sla_dag.py
[2024-08-23T22:13:50.512+0000] {logging_mixin.py:190} INFO - [2024-08-23T22:13:50.511+0000] {dag.py:3211} INFO - Sync 1 DAGs
[2024-08-23T22:13:50.537+0000] {logging_mixin.py:190} INFO - [2024-08-23T22:13:50.537+0000] {dag.py:4138} INFO - Setting next_dagrun for example_sla_dag to 2024-08-23 22:10:00+00:00, run_after=2024-08-23 22:12:00+00:00
[2024-08-23T22:13:50.556+0000] {processor.py:208} INFO - Processing /home/airflow/.local/lib/python3.12/site-packages/airflow/example_dags/example_sla_dag.py took 0.083 seconds
[2024-08-23T22:15:18.105+0000] {processor.py:186} INFO - Started process (PID=42) to work on /home/airflow/.local/lib/python3.12/site-packages/airflow/example_dags/example_sla_dag.py
[2024-08-23T22:15:18.108+0000] {processor.py:914} INFO - Processing file /home/airflow/.local/lib/python3.12/site-packages/airflow/example_dags/example_sla_dag.py for tasks to queue
[2024-08-23T22:15:18.112+0000] {logging_mixin.py:190} INFO - [2024-08-23T22:15:18.111+0000] {dagbag.py:587} INFO - Filling up the DagBag from /home/airflow/.local/lib/python3.12/site-packages/airflow/example_dags/example_sla_dag.py
[2024-08-23T22:15:18.124+0000] {processor.py:925} INFO - DAG(s) 'example_sla_dag' retrieved from /home/airflow/.local/lib/python3.12/site-packages/airflow/example_dags/example_sla_dag.py
[2024-08-23T22:15:18.237+0000] {logging_mixin.py:190} INFO - [2024-08-23T22:15:18.236+0000] {override.py:1858} INFO - Created Permission View: can delete on DAG:example_sla_dag
[2024-08-23T22:15:18.247+0000] {logging_mixin.py:190} INFO - [2024-08-23T22:15:18.247+0000] {override.py:1858} INFO - Created Permission View: can read on DAG:example_sla_dag
[2024-08-23T22:15:18.256+0000] {logging_mixin.py:190} INFO - [2024-08-23T22:15:18.256+0000] {override.py:1858} INFO - Created Permission View: can edit on DAG:example_sla_dag
[2024-08-23T22:15:18.257+0000] {logging_mixin.py:190} INFO - [2024-08-23T22:15:18.257+0000] {dag.py:3211} INFO - Sync 1 DAGs
[2024-08-23T22:15:18.272+0000] {logging_mixin.py:190} INFO - [2024-08-23T22:15:18.271+0000] {dag.py:3234} INFO - Creating ORM DAG for example_sla_dag
[2024-08-23T22:15:18.284+0000] {logging_mixin.py:190} INFO - [2024-08-23T22:15:18.284+0000] {dag.py:4138} INFO - Setting next_dagrun for example_sla_dag to 2024-08-23 22:12:00+00:00, run_after=2024-08-23 22:14:00+00:00
[2024-08-23T22:15:18.300+0000] {processor.py:208} INFO - Processing /home/airflow/.local/lib/python3.12/site-packages/airflow/example_dags/example_sla_dag.py took 0.201 seconds
[2024-08-23T22:15:48.654+0000] {processor.py:186} INFO - Started process (PID=104) to work on /home/airflow/.local/lib/python3.12/site-packages/airflow/example_dags/example_sla_dag.py
[2024-08-23T22:15:48.671+0000] {processor.py:914} INFO - Processing file /home/airflow/.local/lib/python3.12/site-packages/airflow/example_dags/example_sla_dag.py for tasks to queue
[2024-08-23T22:15:48.673+0000] {logging_mixin.py:190} INFO - [2024-08-23T22:15:48.673+0000] {dagbag.py:587} INFO - Filling up the DagBag from /home/airflow/.local/lib/python3.12/site-packages/airflow/example_dags/example_sla_dag.py
[2024-08-23T22:15:48.682+0000] {processor.py:925} INFO - DAG(s) 'example_sla_dag' retrieved from /home/airflow/.local/lib/python3.12/site-packages/airflow/example_dags/example_sla_dag.py
[2024-08-23T22:15:48.697+0000] {logging_mixin.py:190} INFO - [2024-08-23T22:15:48.697+0000] {dag.py:3211} INFO - Sync 1 DAGs
[2024-08-23T22:15:48.718+0000] {logging_mixin.py:190} INFO - [2024-08-23T22:15:48.718+0000] {dag.py:4138} INFO - Setting next_dagrun for example_sla_dag to 2024-08-23 22:12:00+00:00, run_after=2024-08-23 22:14:00+00:00
[2024-08-23T22:15:48.733+0000] {processor.py:208} INFO - Processing /home/airflow/.local/lib/python3.12/site-packages/airflow/example_dags/example_sla_dag.py took 0.084 seconds
[2024-08-23T22:16:19.138+0000] {processor.py:186} INFO - Started process (PID=167) to work on /home/airflow/.local/lib/python3.12/site-packages/airflow/example_dags/example_sla_dag.py
[2024-08-23T22:16:19.149+0000] {processor.py:914} INFO - Processing file /home/airflow/.local/lib/python3.12/site-packages/airflow/example_dags/example_sla_dag.py for tasks to queue
[2024-08-23T22:16:19.166+0000] {logging_mixin.py:190} INFO - [2024-08-23T22:16:19.164+0000] {dagbag.py:587} INFO - Filling up the DagBag from /home/airflow/.local/lib/python3.12/site-packages/airflow/example_dags/example_sla_dag.py
[2024-08-23T22:16:19.291+0000] {processor.py:925} INFO - DAG(s) 'example_sla_dag' retrieved from /home/airflow/.local/lib/python3.12/site-packages/airflow/example_dags/example_sla_dag.py
[2024-08-23T22:16:19.426+0000] {logging_mixin.py:190} INFO - [2024-08-23T22:16:19.425+0000] {dag.py:3211} INFO - Sync 1 DAGs
[2024-08-23T22:16:19.520+0000] {logging_mixin.py:190} INFO - [2024-08-23T22:16:19.520+0000] {dag.py:4138} INFO - Setting next_dagrun for example_sla_dag to 2024-08-23 22:14:00+00:00, run_after=2024-08-23 22:16:00+00:00
[2024-08-23T22:16:19.588+0000] {processor.py:208} INFO - Processing /home/airflow/.local/lib/python3.12/site-packages/airflow/example_dags/example_sla_dag.py took 0.475 seconds
[2024-08-23T22:16:50.057+0000] {processor.py:186} INFO - Started process (PID=229) to work on /home/airflow/.local/lib/python3.12/site-packages/airflow/example_dags/example_sla_dag.py
[2024-08-23T22:16:50.066+0000] {processor.py:914} INFO - Processing file /home/airflow/.local/lib/python3.12/site-packages/airflow/example_dags/example_sla_dag.py for tasks to queue
[2024-08-23T22:16:50.069+0000] {logging_mixin.py:190} INFO - [2024-08-23T22:16:50.069+0000] {dagbag.py:587} INFO - Filling up the DagBag from /home/airflow/.local/lib/python3.12/site-packages/airflow/example_dags/example_sla_dag.py
[2024-08-23T22:16:50.079+0000] {processor.py:925} INFO - DAG(s) 'example_sla_dag' retrieved from /home/airflow/.local/lib/python3.12/site-packages/airflow/example_dags/example_sla_dag.py
[2024-08-23T22:16:50.098+0000] {logging_mixin.py:190} INFO - [2024-08-23T22:16:50.098+0000] {dag.py:3211} INFO - Sync 1 DAGs
[2024-08-23T22:16:50.121+0000] {logging_mixin.py:190} INFO - [2024-08-23T22:16:50.121+0000] {dag.py:4138} INFO - Setting next_dagrun for example_sla_dag to 2024-08-23 22:14:00+00:00, run_after=2024-08-23 22:16:00+00:00
[2024-08-23T22:16:50.135+0000] {processor.py:208} INFO - Processing /home/airflow/.local/lib/python3.12/site-packages/airflow/example_dags/example_sla_dag.py took 0.084 seconds
