[2024-08-23T22:11:45.847+0000] {processor.py:186} INFO - Started process (PID=39) to work on /home/airflow/.local/lib/python3.12/site-packages/airflow/example_dags/example_nested_branch_dag.py
[2024-08-23T22:11:45.852+0000] {processor.py:914} INFO - Processing file /home/airflow/.local/lib/python3.12/site-packages/airflow/example_dags/example_nested_branch_dag.py for tasks to queue
[2024-08-23T22:11:45.857+0000] {logging_mixin.py:190} INFO - [2024-08-23T22:11:45.856+0000] {dagbag.py:587} INFO - Filling up the DagBag from /home/airflow/.local/lib/python3.12/site-packages/airflow/example_dags/example_nested_branch_dag.py
[2024-08-23T22:11:45.903+0000] {processor.py:925} INFO - DAG(s) 'example_nested_branch_dag' retrieved from /home/airflow/.local/lib/python3.12/site-packages/airflow/example_dags/example_nested_branch_dag.py
[2024-08-23T22:11:46.297+0000] {logging_mixin.py:190} INFO - [2024-08-23T22:11:46.297+0000] {override.py:1858} INFO - Created Permission View: can delete on DAG:example_nested_branch_dag
[2024-08-23T22:11:46.316+0000] {logging_mixin.py:190} INFO - [2024-08-23T22:11:46.315+0000] {override.py:1858} INFO - Created Permission View: can edit on DAG:example_nested_branch_dag
[2024-08-23T22:11:46.324+0000] {logging_mixin.py:190} INFO - [2024-08-23T22:11:46.324+0000] {override.py:1858} INFO - Created Permission View: can read on DAG:example_nested_branch_dag
[2024-08-23T22:11:46.325+0000] {logging_mixin.py:190} INFO - [2024-08-23T22:11:46.325+0000] {dag.py:3211} INFO - Sync 1 DAGs
[2024-08-23T22:11:46.363+0000] {logging_mixin.py:190} INFO - [2024-08-23T22:11:46.362+0000] {dag.py:3234} INFO - Creating ORM DAG for example_nested_branch_dag
[2024-08-23T22:11:46.386+0000] {logging_mixin.py:190} INFO - [2024-08-23T22:11:46.386+0000] {dag.py:4138} INFO - Setting next_dagrun for example_nested_branch_dag to 2024-08-22 00:00:00+00:00, run_after=2024-08-23 00:00:00+00:00
[2024-08-23T22:11:46.427+0000] {processor.py:208} INFO - Processing /home/airflow/.local/lib/python3.12/site-packages/airflow/example_dags/example_nested_branch_dag.py took 0.592 seconds
[2024-08-23T22:12:16.681+0000] {processor.py:186} INFO - Started process (PID=101) to work on /home/airflow/.local/lib/python3.12/site-packages/airflow/example_dags/example_nested_branch_dag.py
[2024-08-23T22:12:16.709+0000] {processor.py:914} INFO - Processing file /home/airflow/.local/lib/python3.12/site-packages/airflow/example_dags/example_nested_branch_dag.py for tasks to queue
[2024-08-23T22:12:16.712+0000] {logging_mixin.py:190} INFO - [2024-08-23T22:12:16.712+0000] {dagbag.py:587} INFO - Filling up the DagBag from /home/airflow/.local/lib/python3.12/site-packages/airflow/example_dags/example_nested_branch_dag.py
[2024-08-23T22:12:16.723+0000] {processor.py:925} INFO - DAG(s) 'example_nested_branch_dag' retrieved from /home/airflow/.local/lib/python3.12/site-packages/airflow/example_dags/example_nested_branch_dag.py
[2024-08-23T22:12:16.742+0000] {logging_mixin.py:190} INFO - [2024-08-23T22:12:16.742+0000] {dag.py:3211} INFO - Sync 1 DAGs
[2024-08-23T22:12:16.762+0000] {logging_mixin.py:190} INFO - [2024-08-23T22:12:16.762+0000] {dag.py:4138} INFO - Setting next_dagrun for example_nested_branch_dag to 2024-08-22 00:00:00+00:00, run_after=2024-08-23 00:00:00+00:00
[2024-08-23T22:12:16.775+0000] {processor.py:208} INFO - Processing /home/airflow/.local/lib/python3.12/site-packages/airflow/example_dags/example_nested_branch_dag.py took 0.101 seconds
[2024-08-23T22:12:47.308+0000] {processor.py:186} INFO - Started process (PID=163) to work on /home/airflow/.local/lib/python3.12/site-packages/airflow/example_dags/example_nested_branch_dag.py
[2024-08-23T22:12:47.309+0000] {processor.py:914} INFO - Processing file /home/airflow/.local/lib/python3.12/site-packages/airflow/example_dags/example_nested_branch_dag.py for tasks to queue
[2024-08-23T22:12:47.312+0000] {logging_mixin.py:190} INFO - [2024-08-23T22:12:47.311+0000] {dagbag.py:587} INFO - Filling up the DagBag from /home/airflow/.local/lib/python3.12/site-packages/airflow/example_dags/example_nested_branch_dag.py
[2024-08-23T22:12:47.322+0000] {processor.py:925} INFO - DAG(s) 'example_nested_branch_dag' retrieved from /home/airflow/.local/lib/python3.12/site-packages/airflow/example_dags/example_nested_branch_dag.py
[2024-08-23T22:12:47.343+0000] {logging_mixin.py:190} INFO - [2024-08-23T22:12:47.343+0000] {dag.py:3211} INFO - Sync 1 DAGs
[2024-08-23T22:12:47.365+0000] {logging_mixin.py:190} INFO - [2024-08-23T22:12:47.364+0000] {dag.py:4138} INFO - Setting next_dagrun for example_nested_branch_dag to 2024-08-22 00:00:00+00:00, run_after=2024-08-23 00:00:00+00:00
[2024-08-23T22:12:47.381+0000] {processor.py:208} INFO - Processing /home/airflow/.local/lib/python3.12/site-packages/airflow/example_dags/example_nested_branch_dag.py took 0.078 seconds
[2024-08-23T22:13:18.236+0000] {processor.py:186} INFO - Started process (PID=225) to work on /home/airflow/.local/lib/python3.12/site-packages/airflow/example_dags/example_nested_branch_dag.py
[2024-08-23T22:13:18.237+0000] {processor.py:914} INFO - Processing file /home/airflow/.local/lib/python3.12/site-packages/airflow/example_dags/example_nested_branch_dag.py for tasks to queue
[2024-08-23T22:13:18.239+0000] {logging_mixin.py:190} INFO - [2024-08-23T22:13:18.239+0000] {dagbag.py:587} INFO - Filling up the DagBag from /home/airflow/.local/lib/python3.12/site-packages/airflow/example_dags/example_nested_branch_dag.py
[2024-08-23T22:13:18.252+0000] {processor.py:925} INFO - DAG(s) 'example_nested_branch_dag' retrieved from /home/airflow/.local/lib/python3.12/site-packages/airflow/example_dags/example_nested_branch_dag.py
[2024-08-23T22:13:18.280+0000] {logging_mixin.py:190} INFO - [2024-08-23T22:13:18.279+0000] {dag.py:3211} INFO - Sync 1 DAGs
[2024-08-23T22:13:18.308+0000] {logging_mixin.py:190} INFO - [2024-08-23T22:13:18.308+0000] {dag.py:4138} INFO - Setting next_dagrun for example_nested_branch_dag to 2024-08-22 00:00:00+00:00, run_after=2024-08-23 00:00:00+00:00
[2024-08-23T22:13:18.332+0000] {processor.py:208} INFO - Processing /home/airflow/.local/lib/python3.12/site-packages/airflow/example_dags/example_nested_branch_dag.py took 0.100 seconds
[2024-08-23T22:13:49.349+0000] {processor.py:186} INFO - Started process (PID=287) to work on /home/airflow/.local/lib/python3.12/site-packages/airflow/example_dags/example_nested_branch_dag.py
[2024-08-23T22:13:49.351+0000] {processor.py:914} INFO - Processing file /home/airflow/.local/lib/python3.12/site-packages/airflow/example_dags/example_nested_branch_dag.py for tasks to queue
[2024-08-23T22:13:49.353+0000] {logging_mixin.py:190} INFO - [2024-08-23T22:13:49.353+0000] {dagbag.py:587} INFO - Filling up the DagBag from /home/airflow/.local/lib/python3.12/site-packages/airflow/example_dags/example_nested_branch_dag.py
[2024-08-23T22:13:49.364+0000] {processor.py:925} INFO - DAG(s) 'example_nested_branch_dag' retrieved from /home/airflow/.local/lib/python3.12/site-packages/airflow/example_dags/example_nested_branch_dag.py
[2024-08-23T22:13:49.387+0000] {logging_mixin.py:190} INFO - [2024-08-23T22:13:49.387+0000] {dag.py:3211} INFO - Sync 1 DAGs
[2024-08-23T22:13:49.408+0000] {logging_mixin.py:190} INFO - [2024-08-23T22:13:49.408+0000] {dag.py:4138} INFO - Setting next_dagrun for example_nested_branch_dag to 2024-08-22 00:00:00+00:00, run_after=2024-08-23 00:00:00+00:00
[2024-08-23T22:13:49.424+0000] {processor.py:208} INFO - Processing /home/airflow/.local/lib/python3.12/site-packages/airflow/example_dags/example_nested_branch_dag.py took 0.081 seconds
[2024-08-23T22:15:17.504+0000] {processor.py:186} INFO - Started process (PID=39) to work on /home/airflow/.local/lib/python3.12/site-packages/airflow/example_dags/example_nested_branch_dag.py
[2024-08-23T22:15:17.516+0000] {processor.py:914} INFO - Processing file /home/airflow/.local/lib/python3.12/site-packages/airflow/example_dags/example_nested_branch_dag.py for tasks to queue
[2024-08-23T22:15:17.518+0000] {logging_mixin.py:190} INFO - [2024-08-23T22:15:17.518+0000] {dagbag.py:587} INFO - Filling up the DagBag from /home/airflow/.local/lib/python3.12/site-packages/airflow/example_dags/example_nested_branch_dag.py
[2024-08-23T22:15:17.533+0000] {processor.py:925} INFO - DAG(s) 'example_nested_branch_dag' retrieved from /home/airflow/.local/lib/python3.12/site-packages/airflow/example_dags/example_nested_branch_dag.py
[2024-08-23T22:15:17.723+0000] {logging_mixin.py:190} INFO - [2024-08-23T22:15:17.723+0000] {override.py:1858} INFO - Created Permission View: can delete on DAG:example_nested_branch_dag
[2024-08-23T22:15:17.733+0000] {logging_mixin.py:190} INFO - [2024-08-23T22:15:17.733+0000] {override.py:1858} INFO - Created Permission View: can read on DAG:example_nested_branch_dag
[2024-08-23T22:15:17.739+0000] {logging_mixin.py:190} INFO - [2024-08-23T22:15:17.739+0000] {override.py:1858} INFO - Created Permission View: can edit on DAG:example_nested_branch_dag
[2024-08-23T22:15:17.740+0000] {logging_mixin.py:190} INFO - [2024-08-23T22:15:17.740+0000] {dag.py:3211} INFO - Sync 1 DAGs
[2024-08-23T22:15:17.749+0000] {logging_mixin.py:190} INFO - [2024-08-23T22:15:17.749+0000] {dag.py:3234} INFO - Creating ORM DAG for example_nested_branch_dag
[2024-08-23T22:15:17.760+0000] {logging_mixin.py:190} INFO - [2024-08-23T22:15:17.760+0000] {dag.py:4138} INFO - Setting next_dagrun for example_nested_branch_dag to 2024-08-22 00:00:00+00:00, run_after=2024-08-23 00:00:00+00:00
[2024-08-23T22:15:17.778+0000] {processor.py:208} INFO - Processing /home/airflow/.local/lib/python3.12/site-packages/airflow/example_dags/example_nested_branch_dag.py took 0.278 seconds
[2024-08-23T22:15:48.317+0000] {processor.py:186} INFO - Started process (PID=101) to work on /home/airflow/.local/lib/python3.12/site-packages/airflow/example_dags/example_nested_branch_dag.py
[2024-08-23T22:15:48.345+0000] {processor.py:914} INFO - Processing file /home/airflow/.local/lib/python3.12/site-packages/airflow/example_dags/example_nested_branch_dag.py for tasks to queue
[2024-08-23T22:15:48.348+0000] {logging_mixin.py:190} INFO - [2024-08-23T22:15:48.348+0000] {dagbag.py:587} INFO - Filling up the DagBag from /home/airflow/.local/lib/python3.12/site-packages/airflow/example_dags/example_nested_branch_dag.py
[2024-08-23T22:15:48.358+0000] {processor.py:925} INFO - DAG(s) 'example_nested_branch_dag' retrieved from /home/airflow/.local/lib/python3.12/site-packages/airflow/example_dags/example_nested_branch_dag.py
[2024-08-23T22:15:48.381+0000] {logging_mixin.py:190} INFO - [2024-08-23T22:15:48.381+0000] {dag.py:3211} INFO - Sync 1 DAGs
[2024-08-23T22:15:48.404+0000] {logging_mixin.py:190} INFO - [2024-08-23T22:15:48.404+0000] {dag.py:4138} INFO - Setting next_dagrun for example_nested_branch_dag to 2024-08-22 00:00:00+00:00, run_after=2024-08-23 00:00:00+00:00
[2024-08-23T22:15:48.426+0000] {processor.py:208} INFO - Processing /home/airflow/.local/lib/python3.12/site-packages/airflow/example_dags/example_nested_branch_dag.py took 0.114 seconds
[2024-08-23T22:16:18.705+0000] {processor.py:186} INFO - Started process (PID=164) to work on /home/airflow/.local/lib/python3.12/site-packages/airflow/example_dags/example_nested_branch_dag.py
[2024-08-23T22:16:18.740+0000] {processor.py:914} INFO - Processing file /home/airflow/.local/lib/python3.12/site-packages/airflow/example_dags/example_nested_branch_dag.py for tasks to queue
[2024-08-23T22:16:18.754+0000] {logging_mixin.py:190} INFO - [2024-08-23T22:16:18.748+0000] {dagbag.py:587} INFO - Filling up the DagBag from /home/airflow/.local/lib/python3.12/site-packages/airflow/example_dags/example_nested_branch_dag.py
[2024-08-23T22:16:18.777+0000] {processor.py:925} INFO - DAG(s) 'example_nested_branch_dag' retrieved from /home/airflow/.local/lib/python3.12/site-packages/airflow/example_dags/example_nested_branch_dag.py
[2024-08-23T22:16:18.830+0000] {logging_mixin.py:190} INFO - [2024-08-23T22:16:18.830+0000] {dag.py:3211} INFO - Sync 1 DAGs
[2024-08-23T22:16:18.879+0000] {logging_mixin.py:190} INFO - [2024-08-23T22:16:18.879+0000] {dag.py:4138} INFO - Setting next_dagrun for example_nested_branch_dag to 2024-08-22 00:00:00+00:00, run_after=2024-08-23 00:00:00+00:00
[2024-08-23T22:16:18.908+0000] {processor.py:208} INFO - Processing /home/airflow/.local/lib/python3.12/site-packages/airflow/example_dags/example_nested_branch_dag.py took 0.223 seconds
[2024-08-23T22:16:49.836+0000] {processor.py:186} INFO - Started process (PID=226) to work on /home/airflow/.local/lib/python3.12/site-packages/airflow/example_dags/example_nested_branch_dag.py
[2024-08-23T22:16:49.848+0000] {processor.py:914} INFO - Processing file /home/airflow/.local/lib/python3.12/site-packages/airflow/example_dags/example_nested_branch_dag.py for tasks to queue
[2024-08-23T22:16:49.851+0000] {logging_mixin.py:190} INFO - [2024-08-23T22:16:49.851+0000] {dagbag.py:587} INFO - Filling up the DagBag from /home/airflow/.local/lib/python3.12/site-packages/airflow/example_dags/example_nested_branch_dag.py
[2024-08-23T22:16:49.860+0000] {processor.py:925} INFO - DAG(s) 'example_nested_branch_dag' retrieved from /home/airflow/.local/lib/python3.12/site-packages/airflow/example_dags/example_nested_branch_dag.py
[2024-08-23T22:16:49.881+0000] {logging_mixin.py:190} INFO - [2024-08-23T22:16:49.881+0000] {dag.py:3211} INFO - Sync 1 DAGs
[2024-08-23T22:16:49.901+0000] {logging_mixin.py:190} INFO - [2024-08-23T22:16:49.901+0000] {dag.py:4138} INFO - Setting next_dagrun for example_nested_branch_dag to 2024-08-22 00:00:00+00:00, run_after=2024-08-23 00:00:00+00:00
[2024-08-23T22:16:49.918+0000] {processor.py:208} INFO - Processing /home/airflow/.local/lib/python3.12/site-packages/airflow/example_dags/example_nested_branch_dag.py took 0.087 seconds
