[2024-08-23T22:11:53.391+0000] {processor.py:186} INFO - Started process (PID=69) to work on /home/airflow/.local/lib/python3.12/site-packages/airflow/example_dags/example_local_kubernetes_executor.py
[2024-08-23T22:11:53.392+0000] {processor.py:914} INFO - Processing file /home/airflow/.local/lib/python3.12/site-packages/airflow/example_dags/example_local_kubernetes_executor.py for tasks to queue
[2024-08-23T22:11:53.394+0000] {logging_mixin.py:190} INFO - [2024-08-23T22:11:53.394+0000] {dagbag.py:587} INFO - Filling up the DagBag from /home/airflow/.local/lib/python3.12/site-packages/airflow/example_dags/example_local_kubernetes_executor.py
[2024-08-23T22:11:53.405+0000] {processor.py:925} INFO - DAG(s) 'example_local_kubernetes_executor' retrieved from /home/airflow/.local/lib/python3.12/site-packages/airflow/example_dags/example_local_kubernetes_executor.py
[2024-08-23T22:11:53.525+0000] {logging_mixin.py:190} INFO - [2024-08-23T22:11:53.525+0000] {override.py:1858} INFO - Created Permission View: can delete on DAG:example_local_kubernetes_executor
[2024-08-23T22:11:53.538+0000] {logging_mixin.py:190} INFO - [2024-08-23T22:11:53.537+0000] {override.py:1858} INFO - Created Permission View: can edit on DAG:example_local_kubernetes_executor
[2024-08-23T22:11:53.544+0000] {logging_mixin.py:190} INFO - [2024-08-23T22:11:53.544+0000] {override.py:1858} INFO - Created Permission View: can read on DAG:example_local_kubernetes_executor
[2024-08-23T22:11:53.545+0000] {logging_mixin.py:190} INFO - [2024-08-23T22:11:53.545+0000] {dag.py:3211} INFO - Sync 1 DAGs
[2024-08-23T22:11:53.558+0000] {logging_mixin.py:190} INFO - [2024-08-23T22:11:53.558+0000] {dag.py:3234} INFO - Creating ORM DAG for example_local_kubernetes_executor
[2024-08-23T22:11:53.559+0000] {logging_mixin.py:190} INFO - [2024-08-23T22:11:53.559+0000] {dag.py:4138} INFO - Setting next_dagrun for example_local_kubernetes_executor to None, run_after=None
[2024-08-23T22:11:53.575+0000] {processor.py:208} INFO - Processing /home/airflow/.local/lib/python3.12/site-packages/airflow/example_dags/example_local_kubernetes_executor.py took 0.189 seconds
[2024-08-23T22:12:24.434+0000] {processor.py:186} INFO - Started process (PID=131) to work on /home/airflow/.local/lib/python3.12/site-packages/airflow/example_dags/example_local_kubernetes_executor.py
[2024-08-23T22:12:24.435+0000] {processor.py:914} INFO - Processing file /home/airflow/.local/lib/python3.12/site-packages/airflow/example_dags/example_local_kubernetes_executor.py for tasks to queue
[2024-08-23T22:12:24.438+0000] {logging_mixin.py:190} INFO - [2024-08-23T22:12:24.437+0000] {dagbag.py:587} INFO - Filling up the DagBag from /home/airflow/.local/lib/python3.12/site-packages/airflow/example_dags/example_local_kubernetes_executor.py
[2024-08-23T22:12:24.446+0000] {processor.py:925} INFO - DAG(s) 'example_local_kubernetes_executor' retrieved from /home/airflow/.local/lib/python3.12/site-packages/airflow/example_dags/example_local_kubernetes_executor.py
[2024-08-23T22:12:24.478+0000] {logging_mixin.py:190} INFO - [2024-08-23T22:12:24.478+0000] {dag.py:3211} INFO - Sync 1 DAGs
[2024-08-23T22:12:24.490+0000] {logging_mixin.py:190} INFO - [2024-08-23T22:12:24.490+0000] {dag.py:4138} INFO - Setting next_dagrun for example_local_kubernetes_executor to None, run_after=None
[2024-08-23T22:12:24.506+0000] {processor.py:208} INFO - Processing /home/airflow/.local/lib/python3.12/site-packages/airflow/example_dags/example_local_kubernetes_executor.py took 0.078 seconds
[2024-08-23T22:12:55.085+0000] {processor.py:186} INFO - Started process (PID=193) to work on /home/airflow/.local/lib/python3.12/site-packages/airflow/example_dags/example_local_kubernetes_executor.py
[2024-08-23T22:12:55.086+0000] {processor.py:914} INFO - Processing file /home/airflow/.local/lib/python3.12/site-packages/airflow/example_dags/example_local_kubernetes_executor.py for tasks to queue
[2024-08-23T22:12:55.088+0000] {logging_mixin.py:190} INFO - [2024-08-23T22:12:55.087+0000] {dagbag.py:587} INFO - Filling up the DagBag from /home/airflow/.local/lib/python3.12/site-packages/airflow/example_dags/example_local_kubernetes_executor.py
[2024-08-23T22:12:55.096+0000] {processor.py:925} INFO - DAG(s) 'example_local_kubernetes_executor' retrieved from /home/airflow/.local/lib/python3.12/site-packages/airflow/example_dags/example_local_kubernetes_executor.py
[2024-08-23T22:12:55.122+0000] {logging_mixin.py:190} INFO - [2024-08-23T22:12:55.122+0000] {dag.py:3211} INFO - Sync 1 DAGs
[2024-08-23T22:12:55.135+0000] {logging_mixin.py:190} INFO - [2024-08-23T22:12:55.134+0000] {dag.py:4138} INFO - Setting next_dagrun for example_local_kubernetes_executor to None, run_after=None
[2024-08-23T22:12:55.149+0000] {processor.py:208} INFO - Processing /home/airflow/.local/lib/python3.12/site-packages/airflow/example_dags/example_local_kubernetes_executor.py took 0.070 seconds
[2024-08-23T22:13:25.880+0000] {processor.py:186} INFO - Started process (PID=255) to work on /home/airflow/.local/lib/python3.12/site-packages/airflow/example_dags/example_local_kubernetes_executor.py
[2024-08-23T22:13:25.881+0000] {processor.py:914} INFO - Processing file /home/airflow/.local/lib/python3.12/site-packages/airflow/example_dags/example_local_kubernetes_executor.py for tasks to queue
[2024-08-23T22:13:25.883+0000] {logging_mixin.py:190} INFO - [2024-08-23T22:13:25.882+0000] {dagbag.py:587} INFO - Filling up the DagBag from /home/airflow/.local/lib/python3.12/site-packages/airflow/example_dags/example_local_kubernetes_executor.py
[2024-08-23T22:13:25.890+0000] {processor.py:925} INFO - DAG(s) 'example_local_kubernetes_executor' retrieved from /home/airflow/.local/lib/python3.12/site-packages/airflow/example_dags/example_local_kubernetes_executor.py
[2024-08-23T22:13:25.916+0000] {logging_mixin.py:190} INFO - [2024-08-23T22:13:25.915+0000] {dag.py:3211} INFO - Sync 1 DAGs
[2024-08-23T22:13:25.927+0000] {logging_mixin.py:190} INFO - [2024-08-23T22:13:25.926+0000] {dag.py:4138} INFO - Setting next_dagrun for example_local_kubernetes_executor to None, run_after=None
[2024-08-23T22:13:25.940+0000] {processor.py:208} INFO - Processing /home/airflow/.local/lib/python3.12/site-packages/airflow/example_dags/example_local_kubernetes_executor.py took 0.065 seconds
[2024-08-23T22:13:56.063+0000] {processor.py:186} INFO - Started process (PID=317) to work on /home/airflow/.local/lib/python3.12/site-packages/airflow/example_dags/example_local_kubernetes_executor.py
[2024-08-23T22:13:56.064+0000] {processor.py:914} INFO - Processing file /home/airflow/.local/lib/python3.12/site-packages/airflow/example_dags/example_local_kubernetes_executor.py for tasks to queue
[2024-08-23T22:13:56.066+0000] {logging_mixin.py:190} INFO - [2024-08-23T22:13:56.066+0000] {dagbag.py:587} INFO - Filling up the DagBag from /home/airflow/.local/lib/python3.12/site-packages/airflow/example_dags/example_local_kubernetes_executor.py
[2024-08-23T22:13:56.074+0000] {processor.py:925} INFO - DAG(s) 'example_local_kubernetes_executor' retrieved from /home/airflow/.local/lib/python3.12/site-packages/airflow/example_dags/example_local_kubernetes_executor.py
[2024-08-23T22:13:56.099+0000] {logging_mixin.py:190} INFO - [2024-08-23T22:13:56.098+0000] {dag.py:3211} INFO - Sync 1 DAGs
[2024-08-23T22:13:56.109+0000] {logging_mixin.py:190} INFO - [2024-08-23T22:13:56.109+0000] {dag.py:4138} INFO - Setting next_dagrun for example_local_kubernetes_executor to None, run_after=None
[2024-08-23T22:13:56.126+0000] {processor.py:208} INFO - Processing /home/airflow/.local/lib/python3.12/site-packages/airflow/example_dags/example_local_kubernetes_executor.py took 0.068 seconds
[2024-08-23T22:15:22.149+0000] {processor.py:186} INFO - Started process (PID=69) to work on /home/airflow/.local/lib/python3.12/site-packages/airflow/example_dags/example_local_kubernetes_executor.py
[2024-08-23T22:15:22.175+0000] {processor.py:914} INFO - Processing file /home/airflow/.local/lib/python3.12/site-packages/airflow/example_dags/example_local_kubernetes_executor.py for tasks to queue
[2024-08-23T22:15:22.177+0000] {logging_mixin.py:190} INFO - [2024-08-23T22:15:22.177+0000] {dagbag.py:587} INFO - Filling up the DagBag from /home/airflow/.local/lib/python3.12/site-packages/airflow/example_dags/example_local_kubernetes_executor.py
[2024-08-23T22:15:22.186+0000] {processor.py:925} INFO - DAG(s) 'example_local_kubernetes_executor' retrieved from /home/airflow/.local/lib/python3.12/site-packages/airflow/example_dags/example_local_kubernetes_executor.py
[2024-08-23T22:15:22.278+0000] {logging_mixin.py:190} INFO - [2024-08-23T22:15:22.278+0000] {override.py:1858} INFO - Created Permission View: can delete on DAG:example_local_kubernetes_executor
[2024-08-23T22:15:22.286+0000] {logging_mixin.py:190} INFO - [2024-08-23T22:15:22.286+0000] {override.py:1858} INFO - Created Permission View: can read on DAG:example_local_kubernetes_executor
[2024-08-23T22:15:22.291+0000] {logging_mixin.py:190} INFO - [2024-08-23T22:15:22.291+0000] {override.py:1858} INFO - Created Permission View: can edit on DAG:example_local_kubernetes_executor
[2024-08-23T22:15:22.292+0000] {logging_mixin.py:190} INFO - [2024-08-23T22:15:22.292+0000] {dag.py:3211} INFO - Sync 1 DAGs
[2024-08-23T22:15:22.301+0000] {logging_mixin.py:190} INFO - [2024-08-23T22:15:22.301+0000] {dag.py:3234} INFO - Creating ORM DAG for example_local_kubernetes_executor
[2024-08-23T22:15:22.302+0000] {logging_mixin.py:190} INFO - [2024-08-23T22:15:22.302+0000] {dag.py:4138} INFO - Setting next_dagrun for example_local_kubernetes_executor to None, run_after=None
[2024-08-23T22:15:22.315+0000] {processor.py:208} INFO - Processing /home/airflow/.local/lib/python3.12/site-packages/airflow/example_dags/example_local_kubernetes_executor.py took 0.171 seconds
[2024-08-23T22:15:52.726+0000] {processor.py:186} INFO - Started process (PID=131) to work on /home/airflow/.local/lib/python3.12/site-packages/airflow/example_dags/example_local_kubernetes_executor.py
[2024-08-23T22:15:52.739+0000] {processor.py:914} INFO - Processing file /home/airflow/.local/lib/python3.12/site-packages/airflow/example_dags/example_local_kubernetes_executor.py for tasks to queue
[2024-08-23T22:15:52.743+0000] {logging_mixin.py:190} INFO - [2024-08-23T22:15:52.742+0000] {dagbag.py:587} INFO - Filling up the DagBag from /home/airflow/.local/lib/python3.12/site-packages/airflow/example_dags/example_local_kubernetes_executor.py
[2024-08-23T22:15:52.758+0000] {processor.py:925} INFO - DAG(s) 'example_local_kubernetes_executor' retrieved from /home/airflow/.local/lib/python3.12/site-packages/airflow/example_dags/example_local_kubernetes_executor.py
[2024-08-23T22:15:52.818+0000] {logging_mixin.py:190} INFO - [2024-08-23T22:15:52.817+0000] {dag.py:3211} INFO - Sync 1 DAGs
[2024-08-23T22:15:52.839+0000] {logging_mixin.py:190} INFO - [2024-08-23T22:15:52.839+0000] {dag.py:4138} INFO - Setting next_dagrun for example_local_kubernetes_executor to None, run_after=None
[2024-08-23T22:15:52.883+0000] {processor.py:208} INFO - Processing /home/airflow/.local/lib/python3.12/site-packages/airflow/example_dags/example_local_kubernetes_executor.py took 0.162 seconds
[2024-08-23T22:16:22.934+0000] {processor.py:186} INFO - Started process (PID=194) to work on /home/airflow/.local/lib/python3.12/site-packages/airflow/example_dags/example_local_kubernetes_executor.py
[2024-08-23T22:16:22.965+0000] {processor.py:914} INFO - Processing file /home/airflow/.local/lib/python3.12/site-packages/airflow/example_dags/example_local_kubernetes_executor.py for tasks to queue
[2024-08-23T22:16:22.968+0000] {logging_mixin.py:190} INFO - [2024-08-23T22:16:22.967+0000] {dagbag.py:587} INFO - Filling up the DagBag from /home/airflow/.local/lib/python3.12/site-packages/airflow/example_dags/example_local_kubernetes_executor.py
[2024-08-23T22:16:22.975+0000] {processor.py:925} INFO - DAG(s) 'example_local_kubernetes_executor' retrieved from /home/airflow/.local/lib/python3.12/site-packages/airflow/example_dags/example_local_kubernetes_executor.py
[2024-08-23T22:16:23.000+0000] {logging_mixin.py:190} INFO - [2024-08-23T22:16:23.000+0000] {dag.py:3211} INFO - Sync 1 DAGs
[2024-08-23T22:16:23.013+0000] {logging_mixin.py:190} INFO - [2024-08-23T22:16:23.012+0000] {dag.py:4138} INFO - Setting next_dagrun for example_local_kubernetes_executor to None, run_after=None
[2024-08-23T22:16:23.029+0000] {processor.py:208} INFO - Processing /home/airflow/.local/lib/python3.12/site-packages/airflow/example_dags/example_local_kubernetes_executor.py took 0.099 seconds
[2024-08-23T22:16:53.521+0000] {processor.py:186} INFO - Started process (PID=256) to work on /home/airflow/.local/lib/python3.12/site-packages/airflow/example_dags/example_local_kubernetes_executor.py
[2024-08-23T22:16:53.558+0000] {processor.py:914} INFO - Processing file /home/airflow/.local/lib/python3.12/site-packages/airflow/example_dags/example_local_kubernetes_executor.py for tasks to queue
[2024-08-23T22:16:53.560+0000] {logging_mixin.py:190} INFO - [2024-08-23T22:16:53.560+0000] {dagbag.py:587} INFO - Filling up the DagBag from /home/airflow/.local/lib/python3.12/site-packages/airflow/example_dags/example_local_kubernetes_executor.py
[2024-08-23T22:16:53.569+0000] {processor.py:925} INFO - DAG(s) 'example_local_kubernetes_executor' retrieved from /home/airflow/.local/lib/python3.12/site-packages/airflow/example_dags/example_local_kubernetes_executor.py
[2024-08-23T22:16:53.599+0000] {logging_mixin.py:190} INFO - [2024-08-23T22:16:53.598+0000] {dag.py:3211} INFO - Sync 1 DAGs
[2024-08-23T22:16:53.611+0000] {logging_mixin.py:190} INFO - [2024-08-23T22:16:53.611+0000] {dag.py:4138} INFO - Setting next_dagrun for example_local_kubernetes_executor to None, run_after=None
[2024-08-23T22:16:53.627+0000] {processor.py:208} INFO - Processing /home/airflow/.local/lib/python3.12/site-packages/airflow/example_dags/example_local_kubernetes_executor.py took 0.111 seconds
