[2024-08-23T22:11:53.216+0000] {processor.py:186} INFO - Started process (PID=67) to work on /home/airflow/.local/lib/python3.12/site-packages/airflow/example_dags/example_time_delta_sensor_async.py
[2024-08-23T22:11:53.217+0000] {processor.py:914} INFO - Processing file /home/airflow/.local/lib/python3.12/site-packages/airflow/example_dags/example_time_delta_sensor_async.py for tasks to queue
[2024-08-23T22:11:53.219+0000] {logging_mixin.py:190} INFO - [2024-08-23T22:11:53.219+0000] {dagbag.py:587} INFO - Filling up the DagBag from /home/airflow/.local/lib/python3.12/site-packages/airflow/example_dags/example_time_delta_sensor_async.py
[2024-08-23T22:11:53.228+0000] {processor.py:925} INFO - DAG(s) 'example_time_delta_sensor_async' retrieved from /home/airflow/.local/lib/python3.12/site-packages/airflow/example_dags/example_time_delta_sensor_async.py
[2024-08-23T22:11:53.311+0000] {logging_mixin.py:190} INFO - [2024-08-23T22:11:53.310+0000] {override.py:1858} INFO - Created Permission View: can delete on DAG:example_time_delta_sensor_async
[2024-08-23T22:11:53.322+0000] {logging_mixin.py:190} INFO - [2024-08-23T22:11:53.321+0000] {override.py:1858} INFO - Created Permission View: can edit on DAG:example_time_delta_sensor_async
[2024-08-23T22:11:53.329+0000] {logging_mixin.py:190} INFO - [2024-08-23T22:11:53.329+0000] {override.py:1858} INFO - Created Permission View: can read on DAG:example_time_delta_sensor_async
[2024-08-23T22:11:53.330+0000] {logging_mixin.py:190} INFO - [2024-08-23T22:11:53.330+0000] {dag.py:3211} INFO - Sync 1 DAGs
[2024-08-23T22:11:53.342+0000] {logging_mixin.py:190} INFO - [2024-08-23T22:11:53.342+0000] {dag.py:3234} INFO - Creating ORM DAG for example_time_delta_sensor_async
[2024-08-23T22:11:53.343+0000] {logging_mixin.py:190} INFO - [2024-08-23T22:11:53.343+0000] {dag.py:4138} INFO - Setting next_dagrun for example_time_delta_sensor_async to None, run_after=None
[2024-08-23T22:11:53.361+0000] {processor.py:208} INFO - Processing /home/airflow/.local/lib/python3.12/site-packages/airflow/example_dags/example_time_delta_sensor_async.py took 0.150 seconds
[2024-08-23T22:12:24.352+0000] {processor.py:186} INFO - Started process (PID=129) to work on /home/airflow/.local/lib/python3.12/site-packages/airflow/example_dags/example_time_delta_sensor_async.py
[2024-08-23T22:12:24.353+0000] {processor.py:914} INFO - Processing file /home/airflow/.local/lib/python3.12/site-packages/airflow/example_dags/example_time_delta_sensor_async.py for tasks to queue
[2024-08-23T22:12:24.355+0000] {logging_mixin.py:190} INFO - [2024-08-23T22:12:24.355+0000] {dagbag.py:587} INFO - Filling up the DagBag from /home/airflow/.local/lib/python3.12/site-packages/airflow/example_dags/example_time_delta_sensor_async.py
[2024-08-23T22:12:24.361+0000] {processor.py:925} INFO - DAG(s) 'example_time_delta_sensor_async' retrieved from /home/airflow/.local/lib/python3.12/site-packages/airflow/example_dags/example_time_delta_sensor_async.py
[2024-08-23T22:12:24.376+0000] {logging_mixin.py:190} INFO - [2024-08-23T22:12:24.376+0000] {dag.py:3211} INFO - Sync 1 DAGs
[2024-08-23T22:12:24.387+0000] {logging_mixin.py:190} INFO - [2024-08-23T22:12:24.387+0000] {dag.py:4138} INFO - Setting next_dagrun for example_time_delta_sensor_async to None, run_after=None
[2024-08-23T22:12:24.403+0000] {processor.py:208} INFO - Processing /home/airflow/.local/lib/python3.12/site-packages/airflow/example_dags/example_time_delta_sensor_async.py took 0.056 seconds
[2024-08-23T22:12:55.003+0000] {processor.py:186} INFO - Started process (PID=191) to work on /home/airflow/.local/lib/python3.12/site-packages/airflow/example_dags/example_time_delta_sensor_async.py
[2024-08-23T22:12:55.003+0000] {processor.py:914} INFO - Processing file /home/airflow/.local/lib/python3.12/site-packages/airflow/example_dags/example_time_delta_sensor_async.py for tasks to queue
[2024-08-23T22:12:55.005+0000] {logging_mixin.py:190} INFO - [2024-08-23T22:12:55.005+0000] {dagbag.py:587} INFO - Filling up the DagBag from /home/airflow/.local/lib/python3.12/site-packages/airflow/example_dags/example_time_delta_sensor_async.py
[2024-08-23T22:12:55.011+0000] {processor.py:925} INFO - DAG(s) 'example_time_delta_sensor_async' retrieved from /home/airflow/.local/lib/python3.12/site-packages/airflow/example_dags/example_time_delta_sensor_async.py
[2024-08-23T22:12:55.026+0000] {logging_mixin.py:190} INFO - [2024-08-23T22:12:55.026+0000] {dag.py:3211} INFO - Sync 1 DAGs
[2024-08-23T22:12:55.037+0000] {logging_mixin.py:190} INFO - [2024-08-23T22:12:55.037+0000] {dag.py:4138} INFO - Setting next_dagrun for example_time_delta_sensor_async to None, run_after=None
[2024-08-23T22:12:55.052+0000] {processor.py:208} INFO - Processing /home/airflow/.local/lib/python3.12/site-packages/airflow/example_dags/example_time_delta_sensor_async.py took 0.054 seconds
[2024-08-23T22:13:25.794+0000] {processor.py:186} INFO - Started process (PID=253) to work on /home/airflow/.local/lib/python3.12/site-packages/airflow/example_dags/example_time_delta_sensor_async.py
[2024-08-23T22:13:25.795+0000] {processor.py:914} INFO - Processing file /home/airflow/.local/lib/python3.12/site-packages/airflow/example_dags/example_time_delta_sensor_async.py for tasks to queue
[2024-08-23T22:13:25.797+0000] {logging_mixin.py:190} INFO - [2024-08-23T22:13:25.797+0000] {dagbag.py:587} INFO - Filling up the DagBag from /home/airflow/.local/lib/python3.12/site-packages/airflow/example_dags/example_time_delta_sensor_async.py
[2024-08-23T22:13:25.803+0000] {processor.py:925} INFO - DAG(s) 'example_time_delta_sensor_async' retrieved from /home/airflow/.local/lib/python3.12/site-packages/airflow/example_dags/example_time_delta_sensor_async.py
[2024-08-23T22:13:25.819+0000] {logging_mixin.py:190} INFO - [2024-08-23T22:13:25.819+0000] {dag.py:3211} INFO - Sync 1 DAGs
[2024-08-23T22:13:25.831+0000] {logging_mixin.py:190} INFO - [2024-08-23T22:13:25.831+0000] {dag.py:4138} INFO - Setting next_dagrun for example_time_delta_sensor_async to None, run_after=None
[2024-08-23T22:13:25.848+0000] {processor.py:208} INFO - Processing /home/airflow/.local/lib/python3.12/site-packages/airflow/example_dags/example_time_delta_sensor_async.py took 0.059 seconds
[2024-08-23T22:13:55.972+0000] {processor.py:186} INFO - Started process (PID=315) to work on /home/airflow/.local/lib/python3.12/site-packages/airflow/example_dags/example_time_delta_sensor_async.py
[2024-08-23T22:13:55.973+0000] {processor.py:914} INFO - Processing file /home/airflow/.local/lib/python3.12/site-packages/airflow/example_dags/example_time_delta_sensor_async.py for tasks to queue
[2024-08-23T22:13:55.975+0000] {logging_mixin.py:190} INFO - [2024-08-23T22:13:55.975+0000] {dagbag.py:587} INFO - Filling up the DagBag from /home/airflow/.local/lib/python3.12/site-packages/airflow/example_dags/example_time_delta_sensor_async.py
[2024-08-23T22:13:55.982+0000] {processor.py:925} INFO - DAG(s) 'example_time_delta_sensor_async' retrieved from /home/airflow/.local/lib/python3.12/site-packages/airflow/example_dags/example_time_delta_sensor_async.py
[2024-08-23T22:13:55.999+0000] {logging_mixin.py:190} INFO - [2024-08-23T22:13:55.999+0000] {dag.py:3211} INFO - Sync 1 DAGs
[2024-08-23T22:13:56.013+0000] {logging_mixin.py:190} INFO - [2024-08-23T22:13:56.012+0000] {dag.py:4138} INFO - Setting next_dagrun for example_time_delta_sensor_async to None, run_after=None
[2024-08-23T22:13:56.032+0000] {processor.py:208} INFO - Processing /home/airflow/.local/lib/python3.12/site-packages/airflow/example_dags/example_time_delta_sensor_async.py took 0.065 seconds
[2024-08-23T22:15:21.949+0000] {processor.py:186} INFO - Started process (PID=67) to work on /home/airflow/.local/lib/python3.12/site-packages/airflow/example_dags/example_time_delta_sensor_async.py
[2024-08-23T22:15:21.990+0000] {processor.py:914} INFO - Processing file /home/airflow/.local/lib/python3.12/site-packages/airflow/example_dags/example_time_delta_sensor_async.py for tasks to queue
[2024-08-23T22:15:21.992+0000] {logging_mixin.py:190} INFO - [2024-08-23T22:15:21.992+0000] {dagbag.py:587} INFO - Filling up the DagBag from /home/airflow/.local/lib/python3.12/site-packages/airflow/example_dags/example_time_delta_sensor_async.py
[2024-08-23T22:15:21.999+0000] {processor.py:925} INFO - DAG(s) 'example_time_delta_sensor_async' retrieved from /home/airflow/.local/lib/python3.12/site-packages/airflow/example_dags/example_time_delta_sensor_async.py
[2024-08-23T22:15:22.081+0000] {logging_mixin.py:190} INFO - [2024-08-23T22:15:22.081+0000] {override.py:1858} INFO - Created Permission View: can delete on DAG:example_time_delta_sensor_async
[2024-08-23T22:15:22.089+0000] {logging_mixin.py:190} INFO - [2024-08-23T22:15:22.088+0000] {override.py:1858} INFO - Created Permission View: can read on DAG:example_time_delta_sensor_async
[2024-08-23T22:15:22.093+0000] {logging_mixin.py:190} INFO - [2024-08-23T22:15:22.093+0000] {override.py:1858} INFO - Created Permission View: can edit on DAG:example_time_delta_sensor_async
[2024-08-23T22:15:22.094+0000] {logging_mixin.py:190} INFO - [2024-08-23T22:15:22.094+0000] {dag.py:3211} INFO - Sync 1 DAGs
[2024-08-23T22:15:22.103+0000] {logging_mixin.py:190} INFO - [2024-08-23T22:15:22.103+0000] {dag.py:3234} INFO - Creating ORM DAG for example_time_delta_sensor_async
[2024-08-23T22:15:22.104+0000] {logging_mixin.py:190} INFO - [2024-08-23T22:15:22.104+0000] {dag.py:4138} INFO - Setting next_dagrun for example_time_delta_sensor_async to None, run_after=None
[2024-08-23T22:15:22.117+0000] {processor.py:208} INFO - Processing /home/airflow/.local/lib/python3.12/site-packages/airflow/example_dags/example_time_delta_sensor_async.py took 0.173 seconds
[2024-08-23T22:15:52.545+0000] {processor.py:186} INFO - Started process (PID=129) to work on /home/airflow/.local/lib/python3.12/site-packages/airflow/example_dags/example_time_delta_sensor_async.py
[2024-08-23T22:15:52.559+0000] {processor.py:914} INFO - Processing file /home/airflow/.local/lib/python3.12/site-packages/airflow/example_dags/example_time_delta_sensor_async.py for tasks to queue
[2024-08-23T22:15:52.561+0000] {logging_mixin.py:190} INFO - [2024-08-23T22:15:52.561+0000] {dagbag.py:587} INFO - Filling up the DagBag from /home/airflow/.local/lib/python3.12/site-packages/airflow/example_dags/example_time_delta_sensor_async.py
[2024-08-23T22:15:52.569+0000] {processor.py:925} INFO - DAG(s) 'example_time_delta_sensor_async' retrieved from /home/airflow/.local/lib/python3.12/site-packages/airflow/example_dags/example_time_delta_sensor_async.py
[2024-08-23T22:15:52.590+0000] {logging_mixin.py:190} INFO - [2024-08-23T22:15:52.590+0000] {dag.py:3211} INFO - Sync 1 DAGs
[2024-08-23T22:15:52.605+0000] {logging_mixin.py:190} INFO - [2024-08-23T22:15:52.605+0000] {dag.py:4138} INFO - Setting next_dagrun for example_time_delta_sensor_async to None, run_after=None
[2024-08-23T22:15:52.628+0000] {processor.py:208} INFO - Processing /home/airflow/.local/lib/python3.12/site-packages/airflow/example_dags/example_time_delta_sensor_async.py took 0.088 seconds
[2024-08-23T22:16:22.774+0000] {processor.py:186} INFO - Started process (PID=192) to work on /home/airflow/.local/lib/python3.12/site-packages/airflow/example_dags/example_time_delta_sensor_async.py
[2024-08-23T22:16:22.775+0000] {processor.py:914} INFO - Processing file /home/airflow/.local/lib/python3.12/site-packages/airflow/example_dags/example_time_delta_sensor_async.py for tasks to queue
[2024-08-23T22:16:22.777+0000] {logging_mixin.py:190} INFO - [2024-08-23T22:16:22.777+0000] {dagbag.py:587} INFO - Filling up the DagBag from /home/airflow/.local/lib/python3.12/site-packages/airflow/example_dags/example_time_delta_sensor_async.py
[2024-08-23T22:16:22.783+0000] {processor.py:925} INFO - DAG(s) 'example_time_delta_sensor_async' retrieved from /home/airflow/.local/lib/python3.12/site-packages/airflow/example_dags/example_time_delta_sensor_async.py
[2024-08-23T22:16:22.800+0000] {logging_mixin.py:190} INFO - [2024-08-23T22:16:22.800+0000] {dag.py:3211} INFO - Sync 1 DAGs
[2024-08-23T22:16:22.812+0000] {logging_mixin.py:190} INFO - [2024-08-23T22:16:22.811+0000] {dag.py:4138} INFO - Setting next_dagrun for example_time_delta_sensor_async to None, run_after=None
[2024-08-23T22:16:22.829+0000] {processor.py:208} INFO - Processing /home/airflow/.local/lib/python3.12/site-packages/airflow/example_dags/example_time_delta_sensor_async.py took 0.060 seconds
[2024-08-23T22:16:53.323+0000] {processor.py:186} INFO - Started process (PID=254) to work on /home/airflow/.local/lib/python3.12/site-packages/airflow/example_dags/example_time_delta_sensor_async.py
[2024-08-23T22:16:53.329+0000] {processor.py:914} INFO - Processing file /home/airflow/.local/lib/python3.12/site-packages/airflow/example_dags/example_time_delta_sensor_async.py for tasks to queue
[2024-08-23T22:16:53.332+0000] {logging_mixin.py:190} INFO - [2024-08-23T22:16:53.332+0000] {dagbag.py:587} INFO - Filling up the DagBag from /home/airflow/.local/lib/python3.12/site-packages/airflow/example_dags/example_time_delta_sensor_async.py
[2024-08-23T22:16:53.338+0000] {processor.py:925} INFO - DAG(s) 'example_time_delta_sensor_async' retrieved from /home/airflow/.local/lib/python3.12/site-packages/airflow/example_dags/example_time_delta_sensor_async.py
[2024-08-23T22:16:53.355+0000] {logging_mixin.py:190} INFO - [2024-08-23T22:16:53.355+0000] {dag.py:3211} INFO - Sync 1 DAGs
[2024-08-23T22:16:53.368+0000] {logging_mixin.py:190} INFO - [2024-08-23T22:16:53.367+0000] {dag.py:4138} INFO - Setting next_dagrun for example_time_delta_sensor_async to None, run_after=None
[2024-08-23T22:16:53.384+0000] {processor.py:208} INFO - Processing /home/airflow/.local/lib/python3.12/site-packages/airflow/example_dags/example_time_delta_sensor_async.py took 0.066 seconds
