[2024-08-23T22:11:54.485+0000] {processor.py:186} INFO - Started process (PID=79) to work on /home/airflow/.local/lib/python3.12/site-packages/airflow/example_dags/example_inlet_event_extra.py
[2024-08-23T22:11:54.486+0000] {processor.py:914} INFO - Processing file /home/airflow/.local/lib/python3.12/site-packages/airflow/example_dags/example_inlet_event_extra.py for tasks to queue
[2024-08-23T22:11:54.488+0000] {logging_mixin.py:190} INFO - [2024-08-23T22:11:54.488+0000] {dagbag.py:587} INFO - Filling up the DagBag from /home/airflow/.local/lib/python3.12/site-packages/airflow/example_dags/example_inlet_event_extra.py
[2024-08-23T22:11:54.611+0000] {processor.py:925} INFO - DAG(s) 'read_dataset_event', 'read_dataset_event_from_classic' retrieved from /home/airflow/.local/lib/python3.12/site-packages/airflow/example_dags/example_inlet_event_extra.py
[2024-08-23T22:11:54.736+0000] {logging_mixin.py:190} INFO - [2024-08-23T22:11:54.735+0000] {override.py:1858} INFO - Created Permission View: can delete on DAG:read_dataset_event
[2024-08-23T22:11:54.747+0000] {logging_mixin.py:190} INFO - [2024-08-23T22:11:54.746+0000] {override.py:1858} INFO - Created Permission View: can edit on DAG:read_dataset_event
[2024-08-23T22:11:54.760+0000] {logging_mixin.py:190} INFO - [2024-08-23T22:11:54.759+0000] {override.py:1858} INFO - Created Permission View: can read on DAG:read_dataset_event
[2024-08-23T22:11:54.774+0000] {logging_mixin.py:190} INFO - [2024-08-23T22:11:54.774+0000] {override.py:1858} INFO - Created Permission View: can delete on DAG:read_dataset_event_from_classic
[2024-08-23T22:11:54.782+0000] {logging_mixin.py:190} INFO - [2024-08-23T22:11:54.781+0000] {override.py:1858} INFO - Created Permission View: can edit on DAG:read_dataset_event_from_classic
[2024-08-23T22:11:54.790+0000] {logging_mixin.py:190} INFO - [2024-08-23T22:11:54.790+0000] {override.py:1858} INFO - Created Permission View: can read on DAG:read_dataset_event_from_classic
[2024-08-23T22:11:54.791+0000] {logging_mixin.py:190} INFO - [2024-08-23T22:11:54.791+0000] {dag.py:3211} INFO - Sync 2 DAGs
[2024-08-23T22:11:54.802+0000] {logging_mixin.py:190} INFO - [2024-08-23T22:11:54.802+0000] {dag.py:3234} INFO - Creating ORM DAG for read_dataset_event_from_classic
[2024-08-23T22:11:54.803+0000] {logging_mixin.py:190} INFO - [2024-08-23T22:11:54.803+0000] {dag.py:3234} INFO - Creating ORM DAG for read_dataset_event
[2024-08-23T22:11:54.811+0000] {logging_mixin.py:190} INFO - [2024-08-23T22:11:54.811+0000] {dag.py:4138} INFO - Setting next_dagrun for read_dataset_event to 2024-08-22 00:00:00+00:00, run_after=2024-08-23 00:00:00+00:00
[2024-08-23T22:11:54.813+0000] {logging_mixin.py:190} INFO - [2024-08-23T22:11:54.813+0000] {dag.py:4138} INFO - Setting next_dagrun for read_dataset_event_from_classic to 2024-08-22 00:00:00+00:00, run_after=2024-08-23 00:00:00+00:00
[2024-08-23T22:11:54.833+0000] {processor.py:208} INFO - Processing /home/airflow/.local/lib/python3.12/site-packages/airflow/example_dags/example_inlet_event_extra.py took 0.354 seconds
[2024-08-23T22:12:25.059+0000] {processor.py:186} INFO - Started process (PID=141) to work on /home/airflow/.local/lib/python3.12/site-packages/airflow/example_dags/example_inlet_event_extra.py
[2024-08-23T22:12:25.060+0000] {processor.py:914} INFO - Processing file /home/airflow/.local/lib/python3.12/site-packages/airflow/example_dags/example_inlet_event_extra.py for tasks to queue
[2024-08-23T22:12:25.062+0000] {logging_mixin.py:190} INFO - [2024-08-23T22:12:25.062+0000] {dagbag.py:587} INFO - Filling up the DagBag from /home/airflow/.local/lib/python3.12/site-packages/airflow/example_dags/example_inlet_event_extra.py
[2024-08-23T22:12:25.183+0000] {processor.py:925} INFO - DAG(s) 'read_dataset_event', 'read_dataset_event_from_classic' retrieved from /home/airflow/.local/lib/python3.12/site-packages/airflow/example_dags/example_inlet_event_extra.py
[2024-08-23T22:12:25.202+0000] {logging_mixin.py:190} INFO - [2024-08-23T22:12:25.201+0000] {dag.py:3211} INFO - Sync 2 DAGs
[2024-08-23T22:12:25.222+0000] {logging_mixin.py:190} INFO - [2024-08-23T22:12:25.222+0000] {dag.py:4138} INFO - Setting next_dagrun for read_dataset_event to 2024-08-22 00:00:00+00:00, run_after=2024-08-23 00:00:00+00:00
[2024-08-23T22:12:25.226+0000] {logging_mixin.py:190} INFO - [2024-08-23T22:12:25.226+0000] {dag.py:4138} INFO - Setting next_dagrun for read_dataset_event_from_classic to 2024-08-22 00:00:00+00:00, run_after=2024-08-23 00:00:00+00:00
[2024-08-23T22:12:25.239+0000] {processor.py:208} INFO - Processing /home/airflow/.local/lib/python3.12/site-packages/airflow/example_dags/example_inlet_event_extra.py took 0.185 seconds
[2024-08-23T22:12:55.652+0000] {processor.py:186} INFO - Started process (PID=203) to work on /home/airflow/.local/lib/python3.12/site-packages/airflow/example_dags/example_inlet_event_extra.py
[2024-08-23T22:12:55.653+0000] {processor.py:914} INFO - Processing file /home/airflow/.local/lib/python3.12/site-packages/airflow/example_dags/example_inlet_event_extra.py for tasks to queue
[2024-08-23T22:12:55.655+0000] {logging_mixin.py:190} INFO - [2024-08-23T22:12:55.654+0000] {dagbag.py:587} INFO - Filling up the DagBag from /home/airflow/.local/lib/python3.12/site-packages/airflow/example_dags/example_inlet_event_extra.py
[2024-08-23T22:12:55.774+0000] {processor.py:925} INFO - DAG(s) 'read_dataset_event_from_classic', 'read_dataset_event' retrieved from /home/airflow/.local/lib/python3.12/site-packages/airflow/example_dags/example_inlet_event_extra.py
[2024-08-23T22:12:55.790+0000] {logging_mixin.py:190} INFO - [2024-08-23T22:12:55.790+0000] {dag.py:3211} INFO - Sync 2 DAGs
[2024-08-23T22:12:55.809+0000] {logging_mixin.py:190} INFO - [2024-08-23T22:12:55.808+0000] {dag.py:4138} INFO - Setting next_dagrun for read_dataset_event to 2024-08-22 00:00:00+00:00, run_after=2024-08-23 00:00:00+00:00
[2024-08-23T22:12:55.812+0000] {logging_mixin.py:190} INFO - [2024-08-23T22:12:55.812+0000] {dag.py:4138} INFO - Setting next_dagrun for read_dataset_event_from_classic to 2024-08-22 00:00:00+00:00, run_after=2024-08-23 00:00:00+00:00
[2024-08-23T22:12:55.832+0000] {processor.py:208} INFO - Processing /home/airflow/.local/lib/python3.12/site-packages/airflow/example_dags/example_inlet_event_extra.py took 0.185 seconds
[2024-08-23T22:13:26.381+0000] {processor.py:186} INFO - Started process (PID=265) to work on /home/airflow/.local/lib/python3.12/site-packages/airflow/example_dags/example_inlet_event_extra.py
[2024-08-23T22:13:26.382+0000] {processor.py:914} INFO - Processing file /home/airflow/.local/lib/python3.12/site-packages/airflow/example_dags/example_inlet_event_extra.py for tasks to queue
[2024-08-23T22:13:26.385+0000] {logging_mixin.py:190} INFO - [2024-08-23T22:13:26.384+0000] {dagbag.py:587} INFO - Filling up the DagBag from /home/airflow/.local/lib/python3.12/site-packages/airflow/example_dags/example_inlet_event_extra.py
[2024-08-23T22:13:26.489+0000] {processor.py:925} INFO - DAG(s) 'read_dataset_event_from_classic', 'read_dataset_event' retrieved from /home/airflow/.local/lib/python3.12/site-packages/airflow/example_dags/example_inlet_event_extra.py
[2024-08-23T22:13:26.507+0000] {logging_mixin.py:190} INFO - [2024-08-23T22:13:26.507+0000] {dag.py:3211} INFO - Sync 2 DAGs
[2024-08-23T22:13:26.526+0000] {logging_mixin.py:190} INFO - [2024-08-23T22:13:26.525+0000] {dag.py:4138} INFO - Setting next_dagrun for read_dataset_event to 2024-08-22 00:00:00+00:00, run_after=2024-08-23 00:00:00+00:00
[2024-08-23T22:13:26.530+0000] {logging_mixin.py:190} INFO - [2024-08-23T22:13:26.530+0000] {dag.py:4138} INFO - Setting next_dagrun for read_dataset_event_from_classic to 2024-08-22 00:00:00+00:00, run_after=2024-08-23 00:00:00+00:00
[2024-08-23T22:13:26.542+0000] {processor.py:208} INFO - Processing /home/airflow/.local/lib/python3.12/site-packages/airflow/example_dags/example_inlet_event_extra.py took 0.165 seconds
[2024-08-23T22:13:56.754+0000] {processor.py:186} INFO - Started process (PID=327) to work on /home/airflow/.local/lib/python3.12/site-packages/airflow/example_dags/example_inlet_event_extra.py
[2024-08-23T22:13:56.755+0000] {processor.py:914} INFO - Processing file /home/airflow/.local/lib/python3.12/site-packages/airflow/example_dags/example_inlet_event_extra.py for tasks to queue
[2024-08-23T22:13:56.757+0000] {logging_mixin.py:190} INFO - [2024-08-23T22:13:56.756+0000] {dagbag.py:587} INFO - Filling up the DagBag from /home/airflow/.local/lib/python3.12/site-packages/airflow/example_dags/example_inlet_event_extra.py
[2024-08-23T22:13:56.863+0000] {processor.py:925} INFO - DAG(s) 'read_dataset_event', 'read_dataset_event_from_classic' retrieved from /home/airflow/.local/lib/python3.12/site-packages/airflow/example_dags/example_inlet_event_extra.py
[2024-08-23T22:13:56.881+0000] {logging_mixin.py:190} INFO - [2024-08-23T22:13:56.881+0000] {dag.py:3211} INFO - Sync 2 DAGs
[2024-08-23T22:13:56.898+0000] {logging_mixin.py:190} INFO - [2024-08-23T22:13:56.898+0000] {dag.py:4138} INFO - Setting next_dagrun for read_dataset_event to 2024-08-22 00:00:00+00:00, run_after=2024-08-23 00:00:00+00:00
[2024-08-23T22:13:56.906+0000] {logging_mixin.py:190} INFO - [2024-08-23T22:13:56.905+0000] {dag.py:4138} INFO - Setting next_dagrun for read_dataset_event_from_classic to 2024-08-22 00:00:00+00:00, run_after=2024-08-23 00:00:00+00:00
[2024-08-23T22:13:56.924+0000] {processor.py:208} INFO - Processing /home/airflow/.local/lib/python3.12/site-packages/airflow/example_dags/example_inlet_event_extra.py took 0.175 seconds
[2024-08-23T22:15:23.315+0000] {processor.py:186} INFO - Started process (PID=79) to work on /home/airflow/.local/lib/python3.12/site-packages/airflow/example_dags/example_inlet_event_extra.py
[2024-08-23T22:15:23.331+0000] {processor.py:914} INFO - Processing file /home/airflow/.local/lib/python3.12/site-packages/airflow/example_dags/example_inlet_event_extra.py for tasks to queue
[2024-08-23T22:15:23.333+0000] {logging_mixin.py:190} INFO - [2024-08-23T22:15:23.333+0000] {dagbag.py:587} INFO - Filling up the DagBag from /home/airflow/.local/lib/python3.12/site-packages/airflow/example_dags/example_inlet_event_extra.py
[2024-08-23T22:15:23.447+0000] {processor.py:925} INFO - DAG(s) 'read_dataset_event_from_classic', 'read_dataset_event' retrieved from /home/airflow/.local/lib/python3.12/site-packages/airflow/example_dags/example_inlet_event_extra.py
[2024-08-23T22:15:23.534+0000] {logging_mixin.py:190} INFO - [2024-08-23T22:15:23.533+0000] {override.py:1858} INFO - Created Permission View: can delete on DAG:read_dataset_event_from_classic
[2024-08-23T22:15:23.541+0000] {logging_mixin.py:190} INFO - [2024-08-23T22:15:23.541+0000] {override.py:1858} INFO - Created Permission View: can read on DAG:read_dataset_event_from_classic
[2024-08-23T22:15:23.547+0000] {logging_mixin.py:190} INFO - [2024-08-23T22:15:23.547+0000] {override.py:1858} INFO - Created Permission View: can edit on DAG:read_dataset_event_from_classic
[2024-08-23T22:15:23.558+0000] {logging_mixin.py:190} INFO - [2024-08-23T22:15:23.558+0000] {override.py:1858} INFO - Created Permission View: can delete on DAG:read_dataset_event
[2024-08-23T22:15:23.564+0000] {logging_mixin.py:190} INFO - [2024-08-23T22:15:23.564+0000] {override.py:1858} INFO - Created Permission View: can read on DAG:read_dataset_event
[2024-08-23T22:15:23.570+0000] {logging_mixin.py:190} INFO - [2024-08-23T22:15:23.570+0000] {override.py:1858} INFO - Created Permission View: can edit on DAG:read_dataset_event
[2024-08-23T22:15:23.570+0000] {logging_mixin.py:190} INFO - [2024-08-23T22:15:23.570+0000] {dag.py:3211} INFO - Sync 2 DAGs
[2024-08-23T22:15:23.580+0000] {logging_mixin.py:190} INFO - [2024-08-23T22:15:23.580+0000] {dag.py:3234} INFO - Creating ORM DAG for read_dataset_event
[2024-08-23T22:15:23.581+0000] {logging_mixin.py:190} INFO - [2024-08-23T22:15:23.580+0000] {dag.py:3234} INFO - Creating ORM DAG for read_dataset_event_from_classic
[2024-08-23T22:15:23.588+0000] {logging_mixin.py:190} INFO - [2024-08-23T22:15:23.588+0000] {dag.py:4138} INFO - Setting next_dagrun for read_dataset_event to 2024-08-22 00:00:00+00:00, run_after=2024-08-23 00:00:00+00:00
[2024-08-23T22:15:23.590+0000] {logging_mixin.py:190} INFO - [2024-08-23T22:15:23.590+0000] {dag.py:4138} INFO - Setting next_dagrun for read_dataset_event_from_classic to 2024-08-22 00:00:00+00:00, run_after=2024-08-23 00:00:00+00:00
[2024-08-23T22:15:23.603+0000] {processor.py:208} INFO - Processing /home/airflow/.local/lib/python3.12/site-packages/airflow/example_dags/example_inlet_event_extra.py took 0.293 seconds
[2024-08-23T22:15:53.722+0000] {processor.py:186} INFO - Started process (PID=142) to work on /home/airflow/.local/lib/python3.12/site-packages/airflow/example_dags/example_inlet_event_extra.py
[2024-08-23T22:15:53.736+0000] {processor.py:914} INFO - Processing file /home/airflow/.local/lib/python3.12/site-packages/airflow/example_dags/example_inlet_event_extra.py for tasks to queue
[2024-08-23T22:15:53.738+0000] {logging_mixin.py:190} INFO - [2024-08-23T22:15:53.738+0000] {dagbag.py:587} INFO - Filling up the DagBag from /home/airflow/.local/lib/python3.12/site-packages/airflow/example_dags/example_inlet_event_extra.py
[2024-08-23T22:15:53.848+0000] {processor.py:925} INFO - DAG(s) 'read_dataset_event_from_classic', 'read_dataset_event' retrieved from /home/airflow/.local/lib/python3.12/site-packages/airflow/example_dags/example_inlet_event_extra.py
[2024-08-23T22:15:53.867+0000] {logging_mixin.py:190} INFO - [2024-08-23T22:15:53.866+0000] {dag.py:3211} INFO - Sync 2 DAGs
[2024-08-23T22:15:53.885+0000] {logging_mixin.py:190} INFO - [2024-08-23T22:15:53.885+0000] {dag.py:4138} INFO - Setting next_dagrun for read_dataset_event to 2024-08-22 00:00:00+00:00, run_after=2024-08-23 00:00:00+00:00
[2024-08-23T22:15:53.890+0000] {logging_mixin.py:190} INFO - [2024-08-23T22:15:53.890+0000] {dag.py:4138} INFO - Setting next_dagrun for read_dataset_event_from_classic to 2024-08-22 00:00:00+00:00, run_after=2024-08-23 00:00:00+00:00
[2024-08-23T22:15:53.908+0000] {processor.py:208} INFO - Processing /home/airflow/.local/lib/python3.12/site-packages/airflow/example_dags/example_inlet_event_extra.py took 0.192 seconds
[2024-08-23T22:16:23.953+0000] {processor.py:186} INFO - Started process (PID=205) to work on /home/airflow/.local/lib/python3.12/site-packages/airflow/example_dags/example_inlet_event_extra.py
[2024-08-23T22:16:23.979+0000] {processor.py:914} INFO - Processing file /home/airflow/.local/lib/python3.12/site-packages/airflow/example_dags/example_inlet_event_extra.py for tasks to queue
[2024-08-23T22:16:23.981+0000] {logging_mixin.py:190} INFO - [2024-08-23T22:16:23.981+0000] {dagbag.py:587} INFO - Filling up the DagBag from /home/airflow/.local/lib/python3.12/site-packages/airflow/example_dags/example_inlet_event_extra.py
[2024-08-23T22:16:24.085+0000] {processor.py:925} INFO - DAG(s) 'read_dataset_event', 'read_dataset_event_from_classic' retrieved from /home/airflow/.local/lib/python3.12/site-packages/airflow/example_dags/example_inlet_event_extra.py
[2024-08-23T22:16:24.104+0000] {logging_mixin.py:190} INFO - [2024-08-23T22:16:24.104+0000] {dag.py:3211} INFO - Sync 2 DAGs
[2024-08-23T22:16:24.122+0000] {logging_mixin.py:190} INFO - [2024-08-23T22:16:24.122+0000] {dag.py:4138} INFO - Setting next_dagrun for read_dataset_event to 2024-08-22 00:00:00+00:00, run_after=2024-08-23 00:00:00+00:00
[2024-08-23T22:16:24.126+0000] {logging_mixin.py:190} INFO - [2024-08-23T22:16:24.126+0000] {dag.py:4138} INFO - Setting next_dagrun for read_dataset_event_from_classic to 2024-08-22 00:00:00+00:00, run_after=2024-08-23 00:00:00+00:00
[2024-08-23T22:16:24.139+0000] {processor.py:208} INFO - Processing /home/airflow/.local/lib/python3.12/site-packages/airflow/example_dags/example_inlet_event_extra.py took 0.191 seconds
[2024-08-23T22:16:54.604+0000] {processor.py:186} INFO - Started process (PID=267) to work on /home/airflow/.local/lib/python3.12/site-packages/airflow/example_dags/example_inlet_event_extra.py
[2024-08-23T22:16:54.665+0000] {processor.py:914} INFO - Processing file /home/airflow/.local/lib/python3.12/site-packages/airflow/example_dags/example_inlet_event_extra.py for tasks to queue
[2024-08-23T22:16:54.667+0000] {logging_mixin.py:190} INFO - [2024-08-23T22:16:54.667+0000] {dagbag.py:587} INFO - Filling up the DagBag from /home/airflow/.local/lib/python3.12/site-packages/airflow/example_dags/example_inlet_event_extra.py
[2024-08-23T22:16:54.773+0000] {processor.py:925} INFO - DAG(s) 'read_dataset_event_from_classic', 'read_dataset_event' retrieved from /home/airflow/.local/lib/python3.12/site-packages/airflow/example_dags/example_inlet_event_extra.py
[2024-08-23T22:16:54.791+0000] {logging_mixin.py:190} INFO - [2024-08-23T22:16:54.791+0000] {dag.py:3211} INFO - Sync 2 DAGs
[2024-08-23T22:16:54.808+0000] {logging_mixin.py:190} INFO - [2024-08-23T22:16:54.808+0000] {dag.py:4138} INFO - Setting next_dagrun for read_dataset_event to 2024-08-22 00:00:00+00:00, run_after=2024-08-23 00:00:00+00:00
[2024-08-23T22:16:54.812+0000] {logging_mixin.py:190} INFO - [2024-08-23T22:16:54.811+0000] {dag.py:4138} INFO - Setting next_dagrun for read_dataset_event_from_classic to 2024-08-22 00:00:00+00:00, run_after=2024-08-23 00:00:00+00:00
[2024-08-23T22:16:54.824+0000] {processor.py:208} INFO - Processing /home/airflow/.local/lib/python3.12/site-packages/airflow/example_dags/example_inlet_event_extra.py took 0.226 seconds
