[2024-08-23T22:11:53.476+0000] {processor.py:186} INFO - Started process (PID=70) to work on /home/airflow/.local/lib/python3.12/site-packages/airflow/example_dags/example_params_ui_tutorial.py
[2024-08-23T22:11:53.477+0000] {processor.py:914} INFO - Processing file /home/airflow/.local/lib/python3.12/site-packages/airflow/example_dags/example_params_ui_tutorial.py for tasks to queue
[2024-08-23T22:11:53.479+0000] {logging_mixin.py:190} INFO - [2024-08-23T22:11:53.478+0000] {dagbag.py:587} INFO - Filling up the DagBag from /home/airflow/.local/lib/python3.12/site-packages/airflow/example_dags/example_params_ui_tutorial.py
[2024-08-23T22:11:53.489+0000] {processor.py:925} INFO - DAG(s) 'example_params_ui_tutorial' retrieved from /home/airflow/.local/lib/python3.12/site-packages/airflow/example_dags/example_params_ui_tutorial.py
[2024-08-23T22:11:53.620+0000] {logging_mixin.py:190} INFO - [2024-08-23T22:11:53.619+0000] {override.py:1858} INFO - Created Permission View: can delete on DAG:example_params_ui_tutorial
[2024-08-23T22:11:53.631+0000] {logging_mixin.py:190} INFO - [2024-08-23T22:11:53.631+0000] {override.py:1858} INFO - Created Permission View: can edit on DAG:example_params_ui_tutorial
[2024-08-23T22:11:53.637+0000] {logging_mixin.py:190} INFO - [2024-08-23T22:11:53.637+0000] {override.py:1858} INFO - Created Permission View: can read on DAG:example_params_ui_tutorial
[2024-08-23T22:11:53.638+0000] {logging_mixin.py:190} INFO - [2024-08-23T22:11:53.638+0000] {dag.py:3211} INFO - Sync 1 DAGs
[2024-08-23T22:11:53.650+0000] {logging_mixin.py:190} INFO - [2024-08-23T22:11:53.650+0000] {dag.py:3234} INFO - Creating ORM DAG for example_params_ui_tutorial
[2024-08-23T22:11:53.651+0000] {logging_mixin.py:190} INFO - [2024-08-23T22:11:53.650+0000] {dag.py:4138} INFO - Setting next_dagrun for example_params_ui_tutorial to None, run_after=None
[2024-08-23T22:11:53.666+0000] {processor.py:208} INFO - Processing /home/airflow/.local/lib/python3.12/site-packages/airflow/example_dags/example_params_ui_tutorial.py took 0.196 seconds
[2024-08-23T22:12:24.541+0000] {processor.py:186} INFO - Started process (PID=132) to work on /home/airflow/.local/lib/python3.12/site-packages/airflow/example_dags/example_params_ui_tutorial.py
[2024-08-23T22:12:24.542+0000] {processor.py:914} INFO - Processing file /home/airflow/.local/lib/python3.12/site-packages/airflow/example_dags/example_params_ui_tutorial.py for tasks to queue
[2024-08-23T22:12:24.544+0000] {logging_mixin.py:190} INFO - [2024-08-23T22:12:24.544+0000] {dagbag.py:587} INFO - Filling up the DagBag from /home/airflow/.local/lib/python3.12/site-packages/airflow/example_dags/example_params_ui_tutorial.py
[2024-08-23T22:12:24.551+0000] {processor.py:925} INFO - DAG(s) 'example_params_ui_tutorial' retrieved from /home/airflow/.local/lib/python3.12/site-packages/airflow/example_dags/example_params_ui_tutorial.py
[2024-08-23T22:12:24.582+0000] {logging_mixin.py:190} INFO - [2024-08-23T22:12:24.581+0000] {dag.py:3211} INFO - Sync 1 DAGs
[2024-08-23T22:12:24.593+0000] {logging_mixin.py:190} INFO - [2024-08-23T22:12:24.593+0000] {dag.py:4138} INFO - Setting next_dagrun for example_params_ui_tutorial to None, run_after=None
[2024-08-23T22:12:24.607+0000] {processor.py:208} INFO - Processing /home/airflow/.local/lib/python3.12/site-packages/airflow/example_dags/example_params_ui_tutorial.py took 0.070 seconds
[2024-08-23T22:12:55.184+0000] {processor.py:186} INFO - Started process (PID=194) to work on /home/airflow/.local/lib/python3.12/site-packages/airflow/example_dags/example_params_ui_tutorial.py
[2024-08-23T22:12:55.185+0000] {processor.py:914} INFO - Processing file /home/airflow/.local/lib/python3.12/site-packages/airflow/example_dags/example_params_ui_tutorial.py for tasks to queue
[2024-08-23T22:12:55.187+0000] {logging_mixin.py:190} INFO - [2024-08-23T22:12:55.186+0000] {dagbag.py:587} INFO - Filling up the DagBag from /home/airflow/.local/lib/python3.12/site-packages/airflow/example_dags/example_params_ui_tutorial.py
[2024-08-23T22:12:55.193+0000] {processor.py:925} INFO - DAG(s) 'example_params_ui_tutorial' retrieved from /home/airflow/.local/lib/python3.12/site-packages/airflow/example_dags/example_params_ui_tutorial.py
[2024-08-23T22:12:55.226+0000] {logging_mixin.py:190} INFO - [2024-08-23T22:12:55.226+0000] {dag.py:3211} INFO - Sync 1 DAGs
[2024-08-23T22:12:55.236+0000] {logging_mixin.py:190} INFO - [2024-08-23T22:12:55.236+0000] {dag.py:4138} INFO - Setting next_dagrun for example_params_ui_tutorial to None, run_after=None
[2024-08-23T22:12:55.252+0000] {processor.py:208} INFO - Processing /home/airflow/.local/lib/python3.12/site-packages/airflow/example_dags/example_params_ui_tutorial.py took 0.073 seconds
[2024-08-23T22:13:25.984+0000] {processor.py:186} INFO - Started process (PID=256) to work on /home/airflow/.local/lib/python3.12/site-packages/airflow/example_dags/example_params_ui_tutorial.py
[2024-08-23T22:13:25.985+0000] {processor.py:914} INFO - Processing file /home/airflow/.local/lib/python3.12/site-packages/airflow/example_dags/example_params_ui_tutorial.py for tasks to queue
[2024-08-23T22:13:25.987+0000] {logging_mixin.py:190} INFO - [2024-08-23T22:13:25.987+0000] {dagbag.py:587} INFO - Filling up the DagBag from /home/airflow/.local/lib/python3.12/site-packages/airflow/example_dags/example_params_ui_tutorial.py
[2024-08-23T22:13:25.995+0000] {processor.py:925} INFO - DAG(s) 'example_params_ui_tutorial' retrieved from /home/airflow/.local/lib/python3.12/site-packages/airflow/example_dags/example_params_ui_tutorial.py
[2024-08-23T22:13:26.027+0000] {logging_mixin.py:190} INFO - [2024-08-23T22:13:26.027+0000] {dag.py:3211} INFO - Sync 1 DAGs
[2024-08-23T22:13:26.038+0000] {logging_mixin.py:190} INFO - [2024-08-23T22:13:26.037+0000] {dag.py:4138} INFO - Setting next_dagrun for example_params_ui_tutorial to None, run_after=None
[2024-08-23T22:13:26.053+0000] {processor.py:208} INFO - Processing /home/airflow/.local/lib/python3.12/site-packages/airflow/example_dags/example_params_ui_tutorial.py took 0.073 seconds
[2024-08-23T22:13:56.163+0000] {processor.py:186} INFO - Started process (PID=318) to work on /home/airflow/.local/lib/python3.12/site-packages/airflow/example_dags/example_params_ui_tutorial.py
[2024-08-23T22:13:56.164+0000] {processor.py:914} INFO - Processing file /home/airflow/.local/lib/python3.12/site-packages/airflow/example_dags/example_params_ui_tutorial.py for tasks to queue
[2024-08-23T22:13:56.166+0000] {logging_mixin.py:190} INFO - [2024-08-23T22:13:56.166+0000] {dagbag.py:587} INFO - Filling up the DagBag from /home/airflow/.local/lib/python3.12/site-packages/airflow/example_dags/example_params_ui_tutorial.py
[2024-08-23T22:13:56.174+0000] {processor.py:925} INFO - DAG(s) 'example_params_ui_tutorial' retrieved from /home/airflow/.local/lib/python3.12/site-packages/airflow/example_dags/example_params_ui_tutorial.py
[2024-08-23T22:13:56.210+0000] {logging_mixin.py:190} INFO - [2024-08-23T22:13:56.210+0000] {dag.py:3211} INFO - Sync 1 DAGs
[2024-08-23T22:13:56.223+0000] {logging_mixin.py:190} INFO - [2024-08-23T22:13:56.223+0000] {dag.py:4138} INFO - Setting next_dagrun for example_params_ui_tutorial to None, run_after=None
[2024-08-23T22:13:56.241+0000] {processor.py:208} INFO - Processing /home/airflow/.local/lib/python3.12/site-packages/airflow/example_dags/example_params_ui_tutorial.py took 0.082 seconds
[2024-08-23T22:15:22.363+0000] {processor.py:186} INFO - Started process (PID=70) to work on /home/airflow/.local/lib/python3.12/site-packages/airflow/example_dags/example_params_ui_tutorial.py
[2024-08-23T22:15:22.395+0000] {processor.py:914} INFO - Processing file /home/airflow/.local/lib/python3.12/site-packages/airflow/example_dags/example_params_ui_tutorial.py for tasks to queue
[2024-08-23T22:15:22.397+0000] {logging_mixin.py:190} INFO - [2024-08-23T22:15:22.397+0000] {dagbag.py:587} INFO - Filling up the DagBag from /home/airflow/.local/lib/python3.12/site-packages/airflow/example_dags/example_params_ui_tutorial.py
[2024-08-23T22:15:22.405+0000] {processor.py:925} INFO - DAG(s) 'example_params_ui_tutorial' retrieved from /home/airflow/.local/lib/python3.12/site-packages/airflow/example_dags/example_params_ui_tutorial.py
[2024-08-23T22:15:22.508+0000] {logging_mixin.py:190} INFO - [2024-08-23T22:15:22.507+0000] {override.py:1858} INFO - Created Permission View: can delete on DAG:example_params_ui_tutorial
[2024-08-23T22:15:22.517+0000] {logging_mixin.py:190} INFO - [2024-08-23T22:15:22.517+0000] {override.py:1858} INFO - Created Permission View: can read on DAG:example_params_ui_tutorial
[2024-08-23T22:15:22.524+0000] {logging_mixin.py:190} INFO - [2024-08-23T22:15:22.524+0000] {override.py:1858} INFO - Created Permission View: can edit on DAG:example_params_ui_tutorial
[2024-08-23T22:15:22.525+0000] {logging_mixin.py:190} INFO - [2024-08-23T22:15:22.525+0000] {dag.py:3211} INFO - Sync 1 DAGs
[2024-08-23T22:15:22.536+0000] {logging_mixin.py:190} INFO - [2024-08-23T22:15:22.535+0000] {dag.py:3234} INFO - Creating ORM DAG for example_params_ui_tutorial
[2024-08-23T22:15:22.536+0000] {logging_mixin.py:190} INFO - [2024-08-23T22:15:22.536+0000] {dag.py:4138} INFO - Setting next_dagrun for example_params_ui_tutorial to None, run_after=None
[2024-08-23T22:15:22.554+0000] {processor.py:208} INFO - Processing /home/airflow/.local/lib/python3.12/site-packages/airflow/example_dags/example_params_ui_tutorial.py took 0.196 seconds
[2024-08-23T22:15:52.928+0000] {processor.py:186} INFO - Started process (PID=132) to work on /home/airflow/.local/lib/python3.12/site-packages/airflow/example_dags/example_params_ui_tutorial.py
[2024-08-23T22:15:52.933+0000] {processor.py:914} INFO - Processing file /home/airflow/.local/lib/python3.12/site-packages/airflow/example_dags/example_params_ui_tutorial.py for tasks to queue
[2024-08-23T22:15:52.936+0000] {logging_mixin.py:190} INFO - [2024-08-23T22:15:52.935+0000] {dagbag.py:587} INFO - Filling up the DagBag from /home/airflow/.local/lib/python3.12/site-packages/airflow/example_dags/example_params_ui_tutorial.py
[2024-08-23T22:15:52.944+0000] {processor.py:925} INFO - DAG(s) 'example_params_ui_tutorial' retrieved from /home/airflow/.local/lib/python3.12/site-packages/airflow/example_dags/example_params_ui_tutorial.py
[2024-08-23T22:15:52.984+0000] {logging_mixin.py:190} INFO - [2024-08-23T22:15:52.984+0000] {dag.py:3211} INFO - Sync 1 DAGs
[2024-08-23T22:15:53.003+0000] {logging_mixin.py:190} INFO - [2024-08-23T22:15:53.003+0000] {dag.py:4138} INFO - Setting next_dagrun for example_params_ui_tutorial to None, run_after=None
[2024-08-23T22:15:53.028+0000] {processor.py:208} INFO - Processing /home/airflow/.local/lib/python3.12/site-packages/airflow/example_dags/example_params_ui_tutorial.py took 0.105 seconds
[2024-08-23T22:16:23.100+0000] {processor.py:186} INFO - Started process (PID=195) to work on /home/airflow/.local/lib/python3.12/site-packages/airflow/example_dags/example_params_ui_tutorial.py
[2024-08-23T22:16:23.136+0000] {processor.py:914} INFO - Processing file /home/airflow/.local/lib/python3.12/site-packages/airflow/example_dags/example_params_ui_tutorial.py for tasks to queue
[2024-08-23T22:16:23.141+0000] {logging_mixin.py:190} INFO - [2024-08-23T22:16:23.141+0000] {dagbag.py:587} INFO - Filling up the DagBag from /home/airflow/.local/lib/python3.12/site-packages/airflow/example_dags/example_params_ui_tutorial.py
[2024-08-23T22:16:23.149+0000] {processor.py:925} INFO - DAG(s) 'example_params_ui_tutorial' retrieved from /home/airflow/.local/lib/python3.12/site-packages/airflow/example_dags/example_params_ui_tutorial.py
[2024-08-23T22:16:23.185+0000] {logging_mixin.py:190} INFO - [2024-08-23T22:16:23.184+0000] {dag.py:3211} INFO - Sync 1 DAGs
[2024-08-23T22:16:23.195+0000] {logging_mixin.py:190} INFO - [2024-08-23T22:16:23.195+0000] {dag.py:4138} INFO - Setting next_dagrun for example_params_ui_tutorial to None, run_after=None
[2024-08-23T22:16:23.210+0000] {processor.py:208} INFO - Processing /home/airflow/.local/lib/python3.12/site-packages/airflow/example_dags/example_params_ui_tutorial.py took 0.116 seconds
[2024-08-23T22:16:53.521+0000] {processor.py:186} INFO - Started process (PID=257) to work on /home/airflow/.local/lib/python3.12/site-packages/airflow/example_dags/example_params_ui_tutorial.py
[2024-08-23T22:16:53.569+0000] {processor.py:914} INFO - Processing file /home/airflow/.local/lib/python3.12/site-packages/airflow/example_dags/example_params_ui_tutorial.py for tasks to queue
[2024-08-23T22:16:53.571+0000] {logging_mixin.py:190} INFO - [2024-08-23T22:16:53.571+0000] {dagbag.py:587} INFO - Filling up the DagBag from /home/airflow/.local/lib/python3.12/site-packages/airflow/example_dags/example_params_ui_tutorial.py
[2024-08-23T22:16:53.579+0000] {processor.py:925} INFO - DAG(s) 'example_params_ui_tutorial' retrieved from /home/airflow/.local/lib/python3.12/site-packages/airflow/example_dags/example_params_ui_tutorial.py
[2024-08-23T22:16:53.618+0000] {logging_mixin.py:190} INFO - [2024-08-23T22:16:53.618+0000] {dag.py:3211} INFO - Sync 1 DAGs
[2024-08-23T22:16:53.630+0000] {logging_mixin.py:190} INFO - [2024-08-23T22:16:53.630+0000] {dag.py:4138} INFO - Setting next_dagrun for example_params_ui_tutorial to None, run_after=None
[2024-08-23T22:16:53.646+0000] {processor.py:208} INFO - Processing /home/airflow/.local/lib/python3.12/site-packages/airflow/example_dags/example_params_ui_tutorial.py took 0.130 seconds
