[2024-08-23T22:11:52.793+0000] {processor.py:186} INFO - Started process (PID=63) to work on /home/airflow/.local/lib/python3.12/site-packages/airflow/example_dags/example_display_name.py
[2024-08-23T22:11:52.795+0000] {processor.py:914} INFO - Processing file /home/airflow/.local/lib/python3.12/site-packages/airflow/example_dags/example_display_name.py for tasks to queue
[2024-08-23T22:11:52.797+0000] {logging_mixin.py:190} INFO - [2024-08-23T22:11:52.797+0000] {dagbag.py:587} INFO - Filling up the DagBag from /home/airflow/.local/lib/python3.12/site-packages/airflow/example_dags/example_display_name.py
[2024-08-23T22:11:52.810+0000] {processor.py:925} INFO - DAG(s) 'example_display_name' retrieved from /home/airflow/.local/lib/python3.12/site-packages/airflow/example_dags/example_display_name.py
[2024-08-23T22:11:52.934+0000] {logging_mixin.py:190} INFO - [2024-08-23T22:11:52.933+0000] {override.py:1858} INFO - Created Permission View: can delete on DAG:example_display_name
[2024-08-23T22:11:52.945+0000] {logging_mixin.py:190} INFO - [2024-08-23T22:11:52.944+0000] {override.py:1858} INFO - Created Permission View: can edit on DAG:example_display_name
[2024-08-23T22:11:52.954+0000] {logging_mixin.py:190} INFO - [2024-08-23T22:11:52.954+0000] {override.py:1858} INFO - Created Permission View: can read on DAG:example_display_name
[2024-08-23T22:11:52.955+0000] {logging_mixin.py:190} INFO - [2024-08-23T22:11:52.955+0000] {dag.py:3211} INFO - Sync 1 DAGs
[2024-08-23T22:11:52.969+0000] {logging_mixin.py:190} INFO - [2024-08-23T22:11:52.969+0000] {dag.py:3234} INFO - Creating ORM DAG for example_display_name
[2024-08-23T22:11:52.970+0000] {logging_mixin.py:190} INFO - [2024-08-23T22:11:52.970+0000] {dag.py:4138} INFO - Setting next_dagrun for example_display_name to None, run_after=None
[2024-08-23T22:11:52.986+0000] {processor.py:208} INFO - Processing /home/airflow/.local/lib/python3.12/site-packages/airflow/example_dags/example_display_name.py took 0.198 seconds
[2024-08-23T22:12:23.163+0000] {processor.py:186} INFO - Started process (PID=125) to work on /home/airflow/.local/lib/python3.12/site-packages/airflow/example_dags/example_display_name.py
[2024-08-23T22:12:23.164+0000] {processor.py:914} INFO - Processing file /home/airflow/.local/lib/python3.12/site-packages/airflow/example_dags/example_display_name.py for tasks to queue
[2024-08-23T22:12:23.166+0000] {logging_mixin.py:190} INFO - [2024-08-23T22:12:23.166+0000] {dagbag.py:587} INFO - Filling up the DagBag from /home/airflow/.local/lib/python3.12/site-packages/airflow/example_dags/example_display_name.py
[2024-08-23T22:12:23.172+0000] {processor.py:925} INFO - DAG(s) 'example_display_name' retrieved from /home/airflow/.local/lib/python3.12/site-packages/airflow/example_dags/example_display_name.py
[2024-08-23T22:12:23.187+0000] {logging_mixin.py:190} INFO - [2024-08-23T22:12:23.187+0000] {dag.py:3211} INFO - Sync 1 DAGs
[2024-08-23T22:12:23.198+0000] {logging_mixin.py:190} INFO - [2024-08-23T22:12:23.198+0000] {dag.py:4138} INFO - Setting next_dagrun for example_display_name to None, run_after=None
[2024-08-23T22:12:23.213+0000] {processor.py:208} INFO - Processing /home/airflow/.local/lib/python3.12/site-packages/airflow/example_dags/example_display_name.py took 0.054 seconds
[2024-08-23T22:12:53.817+0000] {processor.py:186} INFO - Started process (PID=187) to work on /home/airflow/.local/lib/python3.12/site-packages/airflow/example_dags/example_display_name.py
[2024-08-23T22:12:53.818+0000] {processor.py:914} INFO - Processing file /home/airflow/.local/lib/python3.12/site-packages/airflow/example_dags/example_display_name.py for tasks to queue
[2024-08-23T22:12:53.820+0000] {logging_mixin.py:190} INFO - [2024-08-23T22:12:53.820+0000] {dagbag.py:587} INFO - Filling up the DagBag from /home/airflow/.local/lib/python3.12/site-packages/airflow/example_dags/example_display_name.py
[2024-08-23T22:12:53.826+0000] {processor.py:925} INFO - DAG(s) 'example_display_name' retrieved from /home/airflow/.local/lib/python3.12/site-packages/airflow/example_dags/example_display_name.py
[2024-08-23T22:12:53.842+0000] {logging_mixin.py:190} INFO - [2024-08-23T22:12:53.842+0000] {dag.py:3211} INFO - Sync 1 DAGs
[2024-08-23T22:12:53.853+0000] {logging_mixin.py:190} INFO - [2024-08-23T22:12:53.853+0000] {dag.py:4138} INFO - Setting next_dagrun for example_display_name to None, run_after=None
[2024-08-23T22:12:53.867+0000] {processor.py:208} INFO - Processing /home/airflow/.local/lib/python3.12/site-packages/airflow/example_dags/example_display_name.py took 0.055 seconds
[2024-08-23T22:13:24.614+0000] {processor.py:186} INFO - Started process (PID=249) to work on /home/airflow/.local/lib/python3.12/site-packages/airflow/example_dags/example_display_name.py
[2024-08-23T22:13:24.615+0000] {processor.py:914} INFO - Processing file /home/airflow/.local/lib/python3.12/site-packages/airflow/example_dags/example_display_name.py for tasks to queue
[2024-08-23T22:13:24.617+0000] {logging_mixin.py:190} INFO - [2024-08-23T22:13:24.617+0000] {dagbag.py:587} INFO - Filling up the DagBag from /home/airflow/.local/lib/python3.12/site-packages/airflow/example_dags/example_display_name.py
[2024-08-23T22:13:24.623+0000] {processor.py:925} INFO - DAG(s) 'example_display_name' retrieved from /home/airflow/.local/lib/python3.12/site-packages/airflow/example_dags/example_display_name.py
[2024-08-23T22:13:24.638+0000] {logging_mixin.py:190} INFO - [2024-08-23T22:13:24.638+0000] {dag.py:3211} INFO - Sync 1 DAGs
[2024-08-23T22:13:24.649+0000] {logging_mixin.py:190} INFO - [2024-08-23T22:13:24.648+0000] {dag.py:4138} INFO - Setting next_dagrun for example_display_name to None, run_after=None
[2024-08-23T22:13:24.662+0000] {processor.py:208} INFO - Processing /home/airflow/.local/lib/python3.12/site-packages/airflow/example_dags/example_display_name.py took 0.053 seconds
[2024-08-23T22:13:54.801+0000] {processor.py:186} INFO - Started process (PID=311) to work on /home/airflow/.local/lib/python3.12/site-packages/airflow/example_dags/example_display_name.py
[2024-08-23T22:13:54.802+0000] {processor.py:914} INFO - Processing file /home/airflow/.local/lib/python3.12/site-packages/airflow/example_dags/example_display_name.py for tasks to queue
[2024-08-23T22:13:54.804+0000] {logging_mixin.py:190} INFO - [2024-08-23T22:13:54.804+0000] {dagbag.py:587} INFO - Filling up the DagBag from /home/airflow/.local/lib/python3.12/site-packages/airflow/example_dags/example_display_name.py
[2024-08-23T22:13:54.810+0000] {processor.py:925} INFO - DAG(s) 'example_display_name' retrieved from /home/airflow/.local/lib/python3.12/site-packages/airflow/example_dags/example_display_name.py
[2024-08-23T22:13:54.825+0000] {logging_mixin.py:190} INFO - [2024-08-23T22:13:54.825+0000] {dag.py:3211} INFO - Sync 1 DAGs
[2024-08-23T22:13:54.836+0000] {logging_mixin.py:190} INFO - [2024-08-23T22:13:54.835+0000] {dag.py:4138} INFO - Setting next_dagrun for example_display_name to None, run_after=None
[2024-08-23T22:13:54.850+0000] {processor.py:208} INFO - Processing /home/airflow/.local/lib/python3.12/site-packages/airflow/example_dags/example_display_name.py took 0.054 seconds
[2024-08-23T22:15:21.307+0000] {processor.py:186} INFO - Started process (PID=63) to work on /home/airflow/.local/lib/python3.12/site-packages/airflow/example_dags/example_display_name.py
[2024-08-23T22:15:21.319+0000] {processor.py:914} INFO - Processing file /home/airflow/.local/lib/python3.12/site-packages/airflow/example_dags/example_display_name.py for tasks to queue
[2024-08-23T22:15:21.322+0000] {logging_mixin.py:190} INFO - [2024-08-23T22:15:21.321+0000] {dagbag.py:587} INFO - Filling up the DagBag from /home/airflow/.local/lib/python3.12/site-packages/airflow/example_dags/example_display_name.py
[2024-08-23T22:15:21.329+0000] {processor.py:925} INFO - DAG(s) 'example_display_name' retrieved from /home/airflow/.local/lib/python3.12/site-packages/airflow/example_dags/example_display_name.py
[2024-08-23T22:15:21.421+0000] {logging_mixin.py:190} INFO - [2024-08-23T22:15:21.420+0000] {override.py:1858} INFO - Created Permission View: can delete on DAG:example_display_name
[2024-08-23T22:15:21.432+0000] {logging_mixin.py:190} INFO - [2024-08-23T22:15:21.431+0000] {override.py:1858} INFO - Created Permission View: can read on DAG:example_display_name
[2024-08-23T22:15:21.438+0000] {logging_mixin.py:190} INFO - [2024-08-23T22:15:21.438+0000] {override.py:1858} INFO - Created Permission View: can edit on DAG:example_display_name
[2024-08-23T22:15:21.439+0000] {logging_mixin.py:190} INFO - [2024-08-23T22:15:21.439+0000] {dag.py:3211} INFO - Sync 1 DAGs
[2024-08-23T22:15:21.449+0000] {logging_mixin.py:190} INFO - [2024-08-23T22:15:21.448+0000] {dag.py:3234} INFO - Creating ORM DAG for example_display_name
[2024-08-23T22:15:21.449+0000] {logging_mixin.py:190} INFO - [2024-08-23T22:15:21.449+0000] {dag.py:4138} INFO - Setting next_dagrun for example_display_name to None, run_after=None
[2024-08-23T22:15:21.462+0000] {processor.py:208} INFO - Processing /home/airflow/.local/lib/python3.12/site-packages/airflow/example_dags/example_display_name.py took 0.160 seconds
[2024-08-23T22:15:52.253+0000] {processor.py:186} INFO - Started process (PID=125) to work on /home/airflow/.local/lib/python3.12/site-packages/airflow/example_dags/example_display_name.py
[2024-08-23T22:15:52.293+0000] {processor.py:914} INFO - Processing file /home/airflow/.local/lib/python3.12/site-packages/airflow/example_dags/example_display_name.py for tasks to queue
[2024-08-23T22:15:52.297+0000] {logging_mixin.py:190} INFO - [2024-08-23T22:15:52.296+0000] {dagbag.py:587} INFO - Filling up the DagBag from /home/airflow/.local/lib/python3.12/site-packages/airflow/example_dags/example_display_name.py
[2024-08-23T22:15:52.304+0000] {processor.py:925} INFO - DAG(s) 'example_display_name' retrieved from /home/airflow/.local/lib/python3.12/site-packages/airflow/example_dags/example_display_name.py
[2024-08-23T22:15:52.322+0000] {logging_mixin.py:190} INFO - [2024-08-23T22:15:52.322+0000] {dag.py:3211} INFO - Sync 1 DAGs
[2024-08-23T22:15:52.336+0000] {logging_mixin.py:190} INFO - [2024-08-23T22:15:52.336+0000] {dag.py:4138} INFO - Setting next_dagrun for example_display_name to None, run_after=None
[2024-08-23T22:15:52.357+0000] {processor.py:208} INFO - Processing /home/airflow/.local/lib/python3.12/site-packages/airflow/example_dags/example_display_name.py took 0.111 seconds
[2024-08-23T22:16:22.508+0000] {processor.py:186} INFO - Started process (PID=188) to work on /home/airflow/.local/lib/python3.12/site-packages/airflow/example_dags/example_display_name.py
[2024-08-23T22:16:22.509+0000] {processor.py:914} INFO - Processing file /home/airflow/.local/lib/python3.12/site-packages/airflow/example_dags/example_display_name.py for tasks to queue
[2024-08-23T22:16:22.512+0000] {logging_mixin.py:190} INFO - [2024-08-23T22:16:22.512+0000] {dagbag.py:587} INFO - Filling up the DagBag from /home/airflow/.local/lib/python3.12/site-packages/airflow/example_dags/example_display_name.py
[2024-08-23T22:16:22.524+0000] {processor.py:925} INFO - DAG(s) 'example_display_name' retrieved from /home/airflow/.local/lib/python3.12/site-packages/airflow/example_dags/example_display_name.py
[2024-08-23T22:16:22.543+0000] {logging_mixin.py:190} INFO - [2024-08-23T22:16:22.543+0000] {dag.py:3211} INFO - Sync 1 DAGs
[2024-08-23T22:16:22.558+0000] {logging_mixin.py:190} INFO - [2024-08-23T22:16:22.557+0000] {dag.py:4138} INFO - Setting next_dagrun for example_display_name to None, run_after=None
[2024-08-23T22:16:22.574+0000] {processor.py:208} INFO - Processing /home/airflow/.local/lib/python3.12/site-packages/airflow/example_dags/example_display_name.py took 0.071 seconds
[2024-08-23T22:16:52.922+0000] {processor.py:186} INFO - Started process (PID=250) to work on /home/airflow/.local/lib/python3.12/site-packages/airflow/example_dags/example_display_name.py
[2024-08-23T22:16:52.952+0000] {processor.py:914} INFO - Processing file /home/airflow/.local/lib/python3.12/site-packages/airflow/example_dags/example_display_name.py for tasks to queue
[2024-08-23T22:16:52.955+0000] {logging_mixin.py:190} INFO - [2024-08-23T22:16:52.955+0000] {dagbag.py:587} INFO - Filling up the DagBag from /home/airflow/.local/lib/python3.12/site-packages/airflow/example_dags/example_display_name.py
[2024-08-23T22:16:52.962+0000] {processor.py:925} INFO - DAG(s) 'example_display_name' retrieved from /home/airflow/.local/lib/python3.12/site-packages/airflow/example_dags/example_display_name.py
[2024-08-23T22:16:52.980+0000] {logging_mixin.py:190} INFO - [2024-08-23T22:16:52.979+0000] {dag.py:3211} INFO - Sync 1 DAGs
[2024-08-23T22:16:52.991+0000] {logging_mixin.py:190} INFO - [2024-08-23T22:16:52.991+0000] {dag.py:4138} INFO - Setting next_dagrun for example_display_name to None, run_after=None
[2024-08-23T22:16:53.009+0000] {processor.py:208} INFO - Processing /home/airflow/.local/lib/python3.12/site-packages/airflow/example_dags/example_display_name.py took 0.091 seconds
