[2024-08-23T22:11:53.647+0000] {processor.py:186} INFO - Started process (PID=71) to work on /home/airflow/.local/lib/python3.12/site-packages/airflow/example_dags/example_subdag_operator.py
[2024-08-23T22:11:53.648+0000] {processor.py:914} INFO - Processing file /home/airflow/.local/lib/python3.12/site-packages/airflow/example_dags/example_subdag_operator.py for tasks to queue
[2024-08-23T22:11:53.651+0000] {logging_mixin.py:190} INFO - [2024-08-23T22:11:53.650+0000] {dagbag.py:587} INFO - Filling up the DagBag from /home/airflow/.local/lib/python3.12/site-packages/airflow/example_dags/example_subdag_operator.py
[2024-08-23T22:11:53.675+0000] {processor.py:925} INFO - DAG(s) 'example_subdag_operator.section-1', 'example_subdag_operator.section-2', 'example_subdag_operator' retrieved from /home/airflow/.local/lib/python3.12/site-packages/airflow/example_dags/example_subdag_operator.py
[2024-08-23T22:11:53.758+0000] {logging_mixin.py:190} INFO - [2024-08-23T22:11:53.757+0000] {override.py:1858} INFO - Created Permission View: can delete on DAG:example_subdag_operator
[2024-08-23T22:11:53.767+0000] {logging_mixin.py:190} INFO - [2024-08-23T22:11:53.766+0000] {override.py:1858} INFO - Created Permission View: can edit on DAG:example_subdag_operator
[2024-08-23T22:11:53.772+0000] {logging_mixin.py:190} INFO - [2024-08-23T22:11:53.772+0000] {override.py:1858} INFO - Created Permission View: can read on DAG:example_subdag_operator
[2024-08-23T22:11:53.773+0000] {logging_mixin.py:190} INFO - [2024-08-23T22:11:53.773+0000] {dag.py:3211} INFO - Sync 3 DAGs
[2024-08-23T22:11:53.785+0000] {logging_mixin.py:190} INFO - [2024-08-23T22:11:53.785+0000] {dag.py:3234} INFO - Creating ORM DAG for example_subdag_operator
[2024-08-23T22:11:53.786+0000] {logging_mixin.py:190} INFO - [2024-08-23T22:11:53.786+0000] {dag.py:3234} INFO - Creating ORM DAG for example_subdag_operator.section-2
[2024-08-23T22:11:53.787+0000] {logging_mixin.py:190} INFO - [2024-08-23T22:11:53.786+0000] {dag.py:3234} INFO - Creating ORM DAG for example_subdag_operator.section-1
[2024-08-23T22:11:53.795+0000] {logging_mixin.py:190} INFO - [2024-08-23T22:11:53.795+0000] {dag.py:4138} INFO - Setting next_dagrun for example_subdag_operator to 2022-01-01 00:00:00+00:00, run_after=2022-01-01 00:00:00+00:00
[2024-08-23T22:11:53.796+0000] {logging_mixin.py:190} INFO - [2024-08-23T22:11:53.796+0000] {dag.py:4138} INFO - Setting next_dagrun for example_subdag_operator.section-1 to None, run_after=None
[2024-08-23T22:11:53.796+0000] {logging_mixin.py:190} INFO - [2024-08-23T22:11:53.796+0000] {dag.py:4138} INFO - Setting next_dagrun for example_subdag_operator.section-2 to None, run_after=None
[2024-08-23T22:11:53.804+0000] {logging_mixin.py:190} INFO - [2024-08-23T22:11:53.804+0000] {dag.py:3211} INFO - Sync 2 DAGs
[2024-08-23T22:11:53.810+0000] {logging_mixin.py:190} INFO - [2024-08-23T22:11:53.809+0000] {dag.py:4138} INFO - Setting next_dagrun for example_subdag_operator.section-1 to None, run_after=None
[2024-08-23T22:11:53.813+0000] {logging_mixin.py:190} INFO - [2024-08-23T22:11:53.812+0000] {dag.py:4138} INFO - Setting next_dagrun for example_subdag_operator.section-2 to None, run_after=None
[2024-08-23T22:11:53.827+0000] {processor.py:208} INFO - Processing /home/airflow/.local/lib/python3.12/site-packages/airflow/example_dags/example_subdag_operator.py took 0.185 seconds
[2024-08-23T22:12:24.541+0000] {processor.py:186} INFO - Started process (PID=133) to work on /home/airflow/.local/lib/python3.12/site-packages/airflow/example_dags/example_subdag_operator.py
[2024-08-23T22:12:24.542+0000] {processor.py:914} INFO - Processing file /home/airflow/.local/lib/python3.12/site-packages/airflow/example_dags/example_subdag_operator.py for tasks to queue
[2024-08-23T22:12:24.544+0000] {logging_mixin.py:190} INFO - [2024-08-23T22:12:24.544+0000] {dagbag.py:587} INFO - Filling up the DagBag from /home/airflow/.local/lib/python3.12/site-packages/airflow/example_dags/example_subdag_operator.py
[2024-08-23T22:12:24.563+0000] {processor.py:925} INFO - DAG(s) 'example_subdag_operator.section-1', 'example_subdag_operator.section-2', 'example_subdag_operator' retrieved from /home/airflow/.local/lib/python3.12/site-packages/airflow/example_dags/example_subdag_operator.py
[2024-08-23T22:12:24.575+0000] {logging_mixin.py:190} INFO - [2024-08-23T22:12:24.575+0000] {dag.py:3211} INFO - Sync 3 DAGs
[2024-08-23T22:12:24.593+0000] {logging_mixin.py:190} INFO - [2024-08-23T22:12:24.593+0000] {dag.py:4138} INFO - Setting next_dagrun for example_subdag_operator to 2022-01-01 00:00:00+00:00, run_after=2022-01-01 00:00:00+00:00
[2024-08-23T22:12:24.595+0000] {logging_mixin.py:190} INFO - [2024-08-23T22:12:24.595+0000] {dag.py:4138} INFO - Setting next_dagrun for example_subdag_operator.section-1 to None, run_after=None
[2024-08-23T22:12:24.597+0000] {logging_mixin.py:190} INFO - [2024-08-23T22:12:24.597+0000] {dag.py:4138} INFO - Setting next_dagrun for example_subdag_operator.section-2 to None, run_after=None
[2024-08-23T22:12:24.602+0000] {logging_mixin.py:190} INFO - [2024-08-23T22:12:24.602+0000] {dag.py:3211} INFO - Sync 2 DAGs
[2024-08-23T22:12:24.606+0000] {logging_mixin.py:190} INFO - [2024-08-23T22:12:24.606+0000] {dag.py:4138} INFO - Setting next_dagrun for example_subdag_operator.section-1 to None, run_after=None
[2024-08-23T22:12:24.607+0000] {logging_mixin.py:190} INFO - [2024-08-23T22:12:24.607+0000] {dag.py:4138} INFO - Setting next_dagrun for example_subdag_operator.section-2 to None, run_after=None
[2024-08-23T22:12:24.616+0000] {processor.py:208} INFO - Processing /home/airflow/.local/lib/python3.12/site-packages/airflow/example_dags/example_subdag_operator.py took 0.080 seconds
[2024-08-23T22:12:55.186+0000] {processor.py:186} INFO - Started process (PID=195) to work on /home/airflow/.local/lib/python3.12/site-packages/airflow/example_dags/example_subdag_operator.py
[2024-08-23T22:12:55.186+0000] {processor.py:914} INFO - Processing file /home/airflow/.local/lib/python3.12/site-packages/airflow/example_dags/example_subdag_operator.py for tasks to queue
[2024-08-23T22:12:55.189+0000] {logging_mixin.py:190} INFO - [2024-08-23T22:12:55.189+0000] {dagbag.py:587} INFO - Filling up the DagBag from /home/airflow/.local/lib/python3.12/site-packages/airflow/example_dags/example_subdag_operator.py
[2024-08-23T22:12:55.209+0000] {processor.py:925} INFO - DAG(s) 'example_subdag_operator.section-1', 'example_subdag_operator.section-2', 'example_subdag_operator' retrieved from /home/airflow/.local/lib/python3.12/site-packages/airflow/example_dags/example_subdag_operator.py
[2024-08-23T22:12:55.221+0000] {logging_mixin.py:190} INFO - [2024-08-23T22:12:55.221+0000] {dag.py:3211} INFO - Sync 3 DAGs
[2024-08-23T22:12:55.237+0000] {logging_mixin.py:190} INFO - [2024-08-23T22:12:55.237+0000] {dag.py:4138} INFO - Setting next_dagrun for example_subdag_operator to 2022-01-01 00:00:00+00:00, run_after=2022-01-01 00:00:00+00:00
[2024-08-23T22:12:55.240+0000] {logging_mixin.py:190} INFO - [2024-08-23T22:12:55.240+0000] {dag.py:4138} INFO - Setting next_dagrun for example_subdag_operator.section-1 to None, run_after=None
[2024-08-23T22:12:55.241+0000] {logging_mixin.py:190} INFO - [2024-08-23T22:12:55.241+0000] {dag.py:4138} INFO - Setting next_dagrun for example_subdag_operator.section-2 to None, run_after=None
[2024-08-23T22:12:55.248+0000] {logging_mixin.py:190} INFO - [2024-08-23T22:12:55.247+0000] {dag.py:3211} INFO - Sync 2 DAGs
[2024-08-23T22:12:55.252+0000] {logging_mixin.py:190} INFO - [2024-08-23T22:12:55.252+0000] {dag.py:4138} INFO - Setting next_dagrun for example_subdag_operator.section-1 to None, run_after=None
[2024-08-23T22:12:55.253+0000] {logging_mixin.py:190} INFO - [2024-08-23T22:12:55.252+0000] {dag.py:4138} INFO - Setting next_dagrun for example_subdag_operator.section-2 to None, run_after=None
[2024-08-23T22:12:55.262+0000] {processor.py:208} INFO - Processing /home/airflow/.local/lib/python3.12/site-packages/airflow/example_dags/example_subdag_operator.py took 0.083 seconds
[2024-08-23T22:13:25.985+0000] {processor.py:186} INFO - Started process (PID=257) to work on /home/airflow/.local/lib/python3.12/site-packages/airflow/example_dags/example_subdag_operator.py
[2024-08-23T22:13:25.986+0000] {processor.py:914} INFO - Processing file /home/airflow/.local/lib/python3.12/site-packages/airflow/example_dags/example_subdag_operator.py for tasks to queue
[2024-08-23T22:13:25.988+0000] {logging_mixin.py:190} INFO - [2024-08-23T22:13:25.988+0000] {dagbag.py:587} INFO - Filling up the DagBag from /home/airflow/.local/lib/python3.12/site-packages/airflow/example_dags/example_subdag_operator.py
[2024-08-23T22:13:26.009+0000] {processor.py:925} INFO - DAG(s) 'example_subdag_operator.section-1', 'example_subdag_operator.section-2', 'example_subdag_operator' retrieved from /home/airflow/.local/lib/python3.12/site-packages/airflow/example_dags/example_subdag_operator.py
[2024-08-23T22:13:26.021+0000] {logging_mixin.py:190} INFO - [2024-08-23T22:13:26.021+0000] {dag.py:3211} INFO - Sync 3 DAGs
[2024-08-23T22:13:26.038+0000] {logging_mixin.py:190} INFO - [2024-08-23T22:13:26.037+0000] {dag.py:4138} INFO - Setting next_dagrun for example_subdag_operator to 2022-01-01 00:00:00+00:00, run_after=2022-01-01 00:00:00+00:00
[2024-08-23T22:13:26.041+0000] {logging_mixin.py:190} INFO - [2024-08-23T22:13:26.041+0000] {dag.py:4138} INFO - Setting next_dagrun for example_subdag_operator.section-1 to None, run_after=None
[2024-08-23T22:13:26.042+0000] {logging_mixin.py:190} INFO - [2024-08-23T22:13:26.042+0000] {dag.py:4138} INFO - Setting next_dagrun for example_subdag_operator.section-2 to None, run_after=None
[2024-08-23T22:13:26.051+0000] {logging_mixin.py:190} INFO - [2024-08-23T22:13:26.051+0000] {dag.py:3211} INFO - Sync 2 DAGs
[2024-08-23T22:13:26.057+0000] {logging_mixin.py:190} INFO - [2024-08-23T22:13:26.057+0000] {dag.py:4138} INFO - Setting next_dagrun for example_subdag_operator.section-1 to None, run_after=None
[2024-08-23T22:13:26.058+0000] {logging_mixin.py:190} INFO - [2024-08-23T22:13:26.058+0000] {dag.py:4138} INFO - Setting next_dagrun for example_subdag_operator.section-2 to None, run_after=None
[2024-08-23T22:13:26.070+0000] {processor.py:208} INFO - Processing /home/airflow/.local/lib/python3.12/site-packages/airflow/example_dags/example_subdag_operator.py took 0.089 seconds
[2024-08-23T22:13:56.163+0000] {processor.py:186} INFO - Started process (PID=319) to work on /home/airflow/.local/lib/python3.12/site-packages/airflow/example_dags/example_subdag_operator.py
[2024-08-23T22:13:56.164+0000] {processor.py:914} INFO - Processing file /home/airflow/.local/lib/python3.12/site-packages/airflow/example_dags/example_subdag_operator.py for tasks to queue
[2024-08-23T22:13:56.166+0000] {logging_mixin.py:190} INFO - [2024-08-23T22:13:56.166+0000] {dagbag.py:587} INFO - Filling up the DagBag from /home/airflow/.local/lib/python3.12/site-packages/airflow/example_dags/example_subdag_operator.py
[2024-08-23T22:13:56.188+0000] {processor.py:925} INFO - DAG(s) 'example_subdag_operator.section-1', 'example_subdag_operator.section-2', 'example_subdag_operator' retrieved from /home/airflow/.local/lib/python3.12/site-packages/airflow/example_dags/example_subdag_operator.py
[2024-08-23T22:13:56.201+0000] {logging_mixin.py:190} INFO - [2024-08-23T22:13:56.201+0000] {dag.py:3211} INFO - Sync 3 DAGs
[2024-08-23T22:13:56.222+0000] {logging_mixin.py:190} INFO - [2024-08-23T22:13:56.222+0000] {dag.py:4138} INFO - Setting next_dagrun for example_subdag_operator to 2022-01-01 00:00:00+00:00, run_after=2022-01-01 00:00:00+00:00
[2024-08-23T22:13:56.225+0000] {logging_mixin.py:190} INFO - [2024-08-23T22:13:56.225+0000] {dag.py:4138} INFO - Setting next_dagrun for example_subdag_operator.section-1 to None, run_after=None
[2024-08-23T22:13:56.227+0000] {logging_mixin.py:190} INFO - [2024-08-23T22:13:56.227+0000] {dag.py:4138} INFO - Setting next_dagrun for example_subdag_operator.section-2 to None, run_after=None
[2024-08-23T22:13:56.233+0000] {logging_mixin.py:190} INFO - [2024-08-23T22:13:56.232+0000] {dag.py:3211} INFO - Sync 2 DAGs
[2024-08-23T22:13:56.239+0000] {logging_mixin.py:190} INFO - [2024-08-23T22:13:56.238+0000] {dag.py:4138} INFO - Setting next_dagrun for example_subdag_operator.section-1 to None, run_after=None
[2024-08-23T22:13:56.239+0000] {logging_mixin.py:190} INFO - [2024-08-23T22:13:56.239+0000] {dag.py:4138} INFO - Setting next_dagrun for example_subdag_operator.section-2 to None, run_after=None
[2024-08-23T22:13:56.254+0000] {processor.py:208} INFO - Processing /home/airflow/.local/lib/python3.12/site-packages/airflow/example_dags/example_subdag_operator.py took 0.096 seconds
[2024-08-23T22:15:22.363+0000] {processor.py:186} INFO - Started process (PID=71) to work on /home/airflow/.local/lib/python3.12/site-packages/airflow/example_dags/example_subdag_operator.py
[2024-08-23T22:15:22.406+0000] {processor.py:914} INFO - Processing file /home/airflow/.local/lib/python3.12/site-packages/airflow/example_dags/example_subdag_operator.py for tasks to queue
[2024-08-23T22:15:22.408+0000] {logging_mixin.py:190} INFO - [2024-08-23T22:15:22.408+0000] {dagbag.py:587} INFO - Filling up the DagBag from /home/airflow/.local/lib/python3.12/site-packages/airflow/example_dags/example_subdag_operator.py
[2024-08-23T22:15:22.430+0000] {processor.py:925} INFO - DAG(s) 'example_subdag_operator.section-1', 'example_subdag_operator.section-2', 'example_subdag_operator' retrieved from /home/airflow/.local/lib/python3.12/site-packages/airflow/example_dags/example_subdag_operator.py
[2024-08-23T22:15:22.520+0000] {logging_mixin.py:190} INFO - [2024-08-23T22:15:22.519+0000] {override.py:1858} INFO - Created Permission View: can delete on DAG:example_subdag_operator
[2024-08-23T22:15:22.529+0000] {logging_mixin.py:190} INFO - [2024-08-23T22:15:22.529+0000] {override.py:1858} INFO - Created Permission View: can read on DAG:example_subdag_operator
[2024-08-23T22:15:22.536+0000] {logging_mixin.py:190} INFO - [2024-08-23T22:15:22.535+0000] {override.py:1858} INFO - Created Permission View: can edit on DAG:example_subdag_operator
[2024-08-23T22:15:22.536+0000] {logging_mixin.py:190} INFO - [2024-08-23T22:15:22.536+0000] {dag.py:3211} INFO - Sync 3 DAGs
[2024-08-23T22:15:22.547+0000] {logging_mixin.py:190} INFO - [2024-08-23T22:15:22.547+0000] {dag.py:3234} INFO - Creating ORM DAG for example_subdag_operator.section-1
[2024-08-23T22:15:22.548+0000] {logging_mixin.py:190} INFO - [2024-08-23T22:15:22.548+0000] {dag.py:3234} INFO - Creating ORM DAG for example_subdag_operator
[2024-08-23T22:15:22.549+0000] {logging_mixin.py:190} INFO - [2024-08-23T22:15:22.549+0000] {dag.py:3234} INFO - Creating ORM DAG for example_subdag_operator.section-2
[2024-08-23T22:15:22.558+0000] {logging_mixin.py:190} INFO - [2024-08-23T22:15:22.558+0000] {dag.py:4138} INFO - Setting next_dagrun for example_subdag_operator to 2022-01-01 00:00:00+00:00, run_after=2022-01-01 00:00:00+00:00
[2024-08-23T22:15:22.559+0000] {logging_mixin.py:190} INFO - [2024-08-23T22:15:22.559+0000] {dag.py:4138} INFO - Setting next_dagrun for example_subdag_operator.section-1 to None, run_after=None
[2024-08-23T22:15:22.559+0000] {logging_mixin.py:190} INFO - [2024-08-23T22:15:22.559+0000] {dag.py:4138} INFO - Setting next_dagrun for example_subdag_operator.section-2 to None, run_after=None
[2024-08-23T22:15:22.568+0000] {logging_mixin.py:190} INFO - [2024-08-23T22:15:22.567+0000] {dag.py:3211} INFO - Sync 2 DAGs
[2024-08-23T22:15:22.573+0000] {logging_mixin.py:190} INFO - [2024-08-23T22:15:22.573+0000] {dag.py:4138} INFO - Setting next_dagrun for example_subdag_operator.section-1 to None, run_after=None
[2024-08-23T22:15:22.576+0000] {logging_mixin.py:190} INFO - [2024-08-23T22:15:22.575+0000] {dag.py:4138} INFO - Setting next_dagrun for example_subdag_operator.section-2 to None, run_after=None
[2024-08-23T22:15:22.587+0000] {processor.py:208} INFO - Processing /home/airflow/.local/lib/python3.12/site-packages/airflow/example_dags/example_subdag_operator.py took 0.228 seconds
[2024-08-23T22:15:52.930+0000] {processor.py:186} INFO - Started process (PID=133) to work on /home/airflow/.local/lib/python3.12/site-packages/airflow/example_dags/example_subdag_operator.py
[2024-08-23T22:15:52.944+0000] {processor.py:914} INFO - Processing file /home/airflow/.local/lib/python3.12/site-packages/airflow/example_dags/example_subdag_operator.py for tasks to queue
[2024-08-23T22:15:52.947+0000] {logging_mixin.py:190} INFO - [2024-08-23T22:15:52.946+0000] {dagbag.py:587} INFO - Filling up the DagBag from /home/airflow/.local/lib/python3.12/site-packages/airflow/example_dags/example_subdag_operator.py
[2024-08-23T22:15:52.970+0000] {processor.py:925} INFO - DAG(s) 'example_subdag_operator.section-1', 'example_subdag_operator.section-2', 'example_subdag_operator' retrieved from /home/airflow/.local/lib/python3.12/site-packages/airflow/example_dags/example_subdag_operator.py
[2024-08-23T22:15:52.984+0000] {logging_mixin.py:190} INFO - [2024-08-23T22:15:52.984+0000] {dag.py:3211} INFO - Sync 3 DAGs
[2024-08-23T22:15:53.012+0000] {logging_mixin.py:190} INFO - [2024-08-23T22:15:53.011+0000] {dag.py:4138} INFO - Setting next_dagrun for example_subdag_operator to 2022-01-01 00:00:00+00:00, run_after=2022-01-01 00:00:00+00:00
[2024-08-23T22:15:53.017+0000] {logging_mixin.py:190} INFO - [2024-08-23T22:15:53.017+0000] {dag.py:4138} INFO - Setting next_dagrun for example_subdag_operator.section-1 to None, run_after=None
[2024-08-23T22:15:53.020+0000] {logging_mixin.py:190} INFO - [2024-08-23T22:15:53.020+0000] {dag.py:4138} INFO - Setting next_dagrun for example_subdag_operator.section-2 to None, run_after=None
[2024-08-23T22:15:53.031+0000] {logging_mixin.py:190} INFO - [2024-08-23T22:15:53.031+0000] {dag.py:3211} INFO - Sync 2 DAGs
[2024-08-23T22:15:53.039+0000] {logging_mixin.py:190} INFO - [2024-08-23T22:15:53.038+0000] {dag.py:4138} INFO - Setting next_dagrun for example_subdag_operator.section-1 to None, run_after=None
[2024-08-23T22:15:53.039+0000] {logging_mixin.py:190} INFO - [2024-08-23T22:15:53.039+0000] {dag.py:4138} INFO - Setting next_dagrun for example_subdag_operator.section-2 to None, run_after=None
[2024-08-23T22:15:53.052+0000] {processor.py:208} INFO - Processing /home/airflow/.local/lib/python3.12/site-packages/airflow/example_dags/example_subdag_operator.py took 0.127 seconds
[2024-08-23T22:16:23.100+0000] {processor.py:186} INFO - Started process (PID=196) to work on /home/airflow/.local/lib/python3.12/site-packages/airflow/example_dags/example_subdag_operator.py
[2024-08-23T22:16:23.150+0000] {processor.py:914} INFO - Processing file /home/airflow/.local/lib/python3.12/site-packages/airflow/example_dags/example_subdag_operator.py for tasks to queue
[2024-08-23T22:16:23.153+0000] {logging_mixin.py:190} INFO - [2024-08-23T22:16:23.152+0000] {dagbag.py:587} INFO - Filling up the DagBag from /home/airflow/.local/lib/python3.12/site-packages/airflow/example_dags/example_subdag_operator.py
[2024-08-23T22:16:23.173+0000] {processor.py:925} INFO - DAG(s) 'example_subdag_operator.section-1', 'example_subdag_operator.section-2', 'example_subdag_operator' retrieved from /home/airflow/.local/lib/python3.12/site-packages/airflow/example_dags/example_subdag_operator.py
[2024-08-23T22:16:23.185+0000] {logging_mixin.py:190} INFO - [2024-08-23T22:16:23.184+0000] {dag.py:3211} INFO - Sync 3 DAGs
[2024-08-23T22:16:23.201+0000] {logging_mixin.py:190} INFO - [2024-08-23T22:16:23.201+0000] {dag.py:4138} INFO - Setting next_dagrun for example_subdag_operator to 2022-01-01 00:00:00+00:00, run_after=2022-01-01 00:00:00+00:00
[2024-08-23T22:16:23.204+0000] {logging_mixin.py:190} INFO - [2024-08-23T22:16:23.204+0000] {dag.py:4138} INFO - Setting next_dagrun for example_subdag_operator.section-1 to None, run_after=None
[2024-08-23T22:16:23.205+0000] {logging_mixin.py:190} INFO - [2024-08-23T22:16:23.205+0000] {dag.py:4138} INFO - Setting next_dagrun for example_subdag_operator.section-2 to None, run_after=None
[2024-08-23T22:16:23.211+0000] {logging_mixin.py:190} INFO - [2024-08-23T22:16:23.211+0000] {dag.py:3211} INFO - Sync 2 DAGs
[2024-08-23T22:16:23.215+0000] {logging_mixin.py:190} INFO - [2024-08-23T22:16:23.215+0000] {dag.py:4138} INFO - Setting next_dagrun for example_subdag_operator.section-1 to None, run_after=None
[2024-08-23T22:16:23.216+0000] {logging_mixin.py:190} INFO - [2024-08-23T22:16:23.216+0000] {dag.py:4138} INFO - Setting next_dagrun for example_subdag_operator.section-2 to None, run_after=None
[2024-08-23T22:16:23.225+0000] {processor.py:208} INFO - Processing /home/airflow/.local/lib/python3.12/site-packages/airflow/example_dags/example_subdag_operator.py took 0.130 seconds
[2024-08-23T22:16:53.717+0000] {processor.py:186} INFO - Started process (PID=258) to work on /home/airflow/.local/lib/python3.12/site-packages/airflow/example_dags/example_subdag_operator.py
[2024-08-23T22:16:53.738+0000] {processor.py:914} INFO - Processing file /home/airflow/.local/lib/python3.12/site-packages/airflow/example_dags/example_subdag_operator.py for tasks to queue
[2024-08-23T22:16:53.740+0000] {logging_mixin.py:190} INFO - [2024-08-23T22:16:53.740+0000] {dagbag.py:587} INFO - Filling up the DagBag from /home/airflow/.local/lib/python3.12/site-packages/airflow/example_dags/example_subdag_operator.py
[2024-08-23T22:16:53.762+0000] {processor.py:925} INFO - DAG(s) 'example_subdag_operator.section-1', 'example_subdag_operator.section-2', 'example_subdag_operator' retrieved from /home/airflow/.local/lib/python3.12/site-packages/airflow/example_dags/example_subdag_operator.py
[2024-08-23T22:16:53.775+0000] {logging_mixin.py:190} INFO - [2024-08-23T22:16:53.775+0000] {dag.py:3211} INFO - Sync 3 DAGs
[2024-08-23T22:16:53.794+0000] {logging_mixin.py:190} INFO - [2024-08-23T22:16:53.794+0000] {dag.py:4138} INFO - Setting next_dagrun for example_subdag_operator to 2022-01-01 00:00:00+00:00, run_after=2022-01-01 00:00:00+00:00
[2024-08-23T22:16:53.798+0000] {logging_mixin.py:190} INFO - [2024-08-23T22:16:53.798+0000] {dag.py:4138} INFO - Setting next_dagrun for example_subdag_operator.section-1 to None, run_after=None
[2024-08-23T22:16:53.800+0000] {logging_mixin.py:190} INFO - [2024-08-23T22:16:53.800+0000] {dag.py:4138} INFO - Setting next_dagrun for example_subdag_operator.section-2 to None, run_after=None
[2024-08-23T22:16:53.805+0000] {logging_mixin.py:190} INFO - [2024-08-23T22:16:53.805+0000] {dag.py:3211} INFO - Sync 2 DAGs
[2024-08-23T22:16:53.810+0000] {logging_mixin.py:190} INFO - [2024-08-23T22:16:53.810+0000] {dag.py:4138} INFO - Setting next_dagrun for example_subdag_operator.section-1 to None, run_after=None
[2024-08-23T22:16:53.810+0000] {logging_mixin.py:190} INFO - [2024-08-23T22:16:53.810+0000] {dag.py:4138} INFO - Setting next_dagrun for example_subdag_operator.section-2 to None, run_after=None
[2024-08-23T22:16:53.819+0000] {processor.py:208} INFO - Processing /home/airflow/.local/lib/python3.12/site-packages/airflow/example_dags/example_subdag_operator.py took 0.108 seconds
