[2024-08-23T22:11:55.945+0000] {processor.py:186} INFO - Started process (PID=88) to work on /home/airflow/.local/lib/python3.12/site-packages/airflow/example_dags/example_branch_datetime_operator.py
[2024-08-23T22:11:55.947+0000] {processor.py:914} INFO - Processing file /home/airflow/.local/lib/python3.12/site-packages/airflow/example_dags/example_branch_datetime_operator.py for tasks to queue
[2024-08-23T22:11:55.949+0000] {logging_mixin.py:190} INFO - [2024-08-23T22:11:55.949+0000] {dagbag.py:587} INFO - Filling up the DagBag from /home/airflow/.local/lib/python3.12/site-packages/airflow/example_dags/example_branch_datetime_operator.py
[2024-08-23T22:11:55.959+0000] {processor.py:925} INFO - DAG(s) 'example_branch_datetime_operator_2', 'example_branch_datetime_operator', 'example_branch_datetime_operator_3' retrieved from /home/airflow/.local/lib/python3.12/site-packages/airflow/example_dags/example_branch_datetime_operator.py
[2024-08-23T22:11:56.045+0000] {logging_mixin.py:190} INFO - [2024-08-23T22:11:56.045+0000] {override.py:1858} INFO - Created Permission View: can delete on DAG:example_branch_datetime_operator_2
[2024-08-23T22:11:56.054+0000] {logging_mixin.py:190} INFO - [2024-08-23T22:11:56.054+0000] {override.py:1858} INFO - Created Permission View: can edit on DAG:example_branch_datetime_operator_2
[2024-08-23T22:11:56.059+0000] {logging_mixin.py:190} INFO - [2024-08-23T22:11:56.059+0000] {override.py:1858} INFO - Created Permission View: can read on DAG:example_branch_datetime_operator_2
[2024-08-23T22:11:56.071+0000] {logging_mixin.py:190} INFO - [2024-08-23T22:11:56.071+0000] {override.py:1858} INFO - Created Permission View: can delete on DAG:example_branch_datetime_operator
[2024-08-23T22:11:56.077+0000] {logging_mixin.py:190} INFO - [2024-08-23T22:11:56.077+0000] {override.py:1858} INFO - Created Permission View: can edit on DAG:example_branch_datetime_operator
[2024-08-23T22:11:56.083+0000] {logging_mixin.py:190} INFO - [2024-08-23T22:11:56.082+0000] {override.py:1858} INFO - Created Permission View: can read on DAG:example_branch_datetime_operator
[2024-08-23T22:11:56.094+0000] {logging_mixin.py:190} INFO - [2024-08-23T22:11:56.094+0000] {override.py:1858} INFO - Created Permission View: can delete on DAG:example_branch_datetime_operator_3
[2024-08-23T22:11:56.099+0000] {logging_mixin.py:190} INFO - [2024-08-23T22:11:56.099+0000] {override.py:1858} INFO - Created Permission View: can edit on DAG:example_branch_datetime_operator_3
[2024-08-23T22:11:56.105+0000] {logging_mixin.py:190} INFO - [2024-08-23T22:11:56.104+0000] {override.py:1858} INFO - Created Permission View: can read on DAG:example_branch_datetime_operator_3
[2024-08-23T22:11:56.105+0000] {logging_mixin.py:190} INFO - [2024-08-23T22:11:56.105+0000] {dag.py:3211} INFO - Sync 3 DAGs
[2024-08-23T22:11:56.117+0000] {logging_mixin.py:190} INFO - [2024-08-23T22:11:56.116+0000] {dag.py:3234} INFO - Creating ORM DAG for example_branch_datetime_operator_2
[2024-08-23T22:11:56.129+0000] {logging_mixin.py:190} INFO - [2024-08-23T22:11:56.129+0000] {dag.py:3234} INFO - Creating ORM DAG for example_branch_datetime_operator
[2024-08-23T22:11:56.130+0000] {logging_mixin.py:190} INFO - [2024-08-23T22:11:56.130+0000] {dag.py:3234} INFO - Creating ORM DAG for example_branch_datetime_operator_3
[2024-08-23T22:11:56.155+0000] {logging_mixin.py:190} INFO - [2024-08-23T22:11:56.154+0000] {dag.py:4138} INFO - Setting next_dagrun for example_branch_datetime_operator to 2024-08-22 00:00:00+00:00, run_after=2024-08-23 00:00:00+00:00
[2024-08-23T22:11:56.156+0000] {logging_mixin.py:190} INFO - [2024-08-23T22:11:56.156+0000] {dag.py:4138} INFO - Setting next_dagrun for example_branch_datetime_operator_2 to 2024-08-22 00:00:00+00:00, run_after=2024-08-23 00:00:00+00:00
[2024-08-23T22:11:56.158+0000] {logging_mixin.py:190} INFO - [2024-08-23T22:11:56.158+0000] {dag.py:4138} INFO - Setting next_dagrun for example_branch_datetime_operator_3 to 2024-08-22 00:00:00+00:00, run_after=2024-08-23 00:00:00+00:00
[2024-08-23T22:11:56.176+0000] {processor.py:208} INFO - Processing /home/airflow/.local/lib/python3.12/site-packages/airflow/example_dags/example_branch_datetime_operator.py took 0.236 seconds
[2024-08-23T22:12:26.826+0000] {processor.py:186} INFO - Started process (PID=150) to work on /home/airflow/.local/lib/python3.12/site-packages/airflow/example_dags/example_branch_datetime_operator.py
[2024-08-23T22:12:26.827+0000] {processor.py:914} INFO - Processing file /home/airflow/.local/lib/python3.12/site-packages/airflow/example_dags/example_branch_datetime_operator.py for tasks to queue
[2024-08-23T22:12:26.830+0000] {logging_mixin.py:190} INFO - [2024-08-23T22:12:26.829+0000] {dagbag.py:587} INFO - Filling up the DagBag from /home/airflow/.local/lib/python3.12/site-packages/airflow/example_dags/example_branch_datetime_operator.py
[2024-08-23T22:12:26.841+0000] {processor.py:925} INFO - DAG(s) 'example_branch_datetime_operator', 'example_branch_datetime_operator_2', 'example_branch_datetime_operator_3' retrieved from /home/airflow/.local/lib/python3.12/site-packages/airflow/example_dags/example_branch_datetime_operator.py
[2024-08-23T22:12:26.871+0000] {logging_mixin.py:190} INFO - [2024-08-23T22:12:26.869+0000] {dag.py:3211} INFO - Sync 3 DAGs
[2024-08-23T22:12:26.892+0000] {logging_mixin.py:190} INFO - [2024-08-23T22:12:26.892+0000] {dag.py:4138} INFO - Setting next_dagrun for example_branch_datetime_operator to 2024-08-22 00:00:00+00:00, run_after=2024-08-23 00:00:00+00:00
[2024-08-23T22:12:26.896+0000] {logging_mixin.py:190} INFO - [2024-08-23T22:12:26.896+0000] {dag.py:4138} INFO - Setting next_dagrun for example_branch_datetime_operator_2 to 2024-08-22 00:00:00+00:00, run_after=2024-08-23 00:00:00+00:00
[2024-08-23T22:12:26.898+0000] {logging_mixin.py:190} INFO - [2024-08-23T22:12:26.898+0000] {dag.py:4138} INFO - Setting next_dagrun for example_branch_datetime_operator_3 to 2024-08-22 00:00:00+00:00, run_after=2024-08-23 00:00:00+00:00
[2024-08-23T22:12:26.925+0000] {processor.py:208} INFO - Processing /home/airflow/.local/lib/python3.12/site-packages/airflow/example_dags/example_branch_datetime_operator.py took 0.103 seconds
[2024-08-23T22:12:57.311+0000] {processor.py:186} INFO - Started process (PID=212) to work on /home/airflow/.local/lib/python3.12/site-packages/airflow/example_dags/example_branch_datetime_operator.py
[2024-08-23T22:12:57.312+0000] {processor.py:914} INFO - Processing file /home/airflow/.local/lib/python3.12/site-packages/airflow/example_dags/example_branch_datetime_operator.py for tasks to queue
[2024-08-23T22:12:57.314+0000] {logging_mixin.py:190} INFO - [2024-08-23T22:12:57.314+0000] {dagbag.py:587} INFO - Filling up the DagBag from /home/airflow/.local/lib/python3.12/site-packages/airflow/example_dags/example_branch_datetime_operator.py
[2024-08-23T22:12:57.323+0000] {processor.py:925} INFO - DAG(s) 'example_branch_datetime_operator_2', 'example_branch_datetime_operator_3', 'example_branch_datetime_operator' retrieved from /home/airflow/.local/lib/python3.12/site-packages/airflow/example_dags/example_branch_datetime_operator.py
[2024-08-23T22:12:57.351+0000] {logging_mixin.py:190} INFO - [2024-08-23T22:12:57.351+0000] {dag.py:3211} INFO - Sync 3 DAGs
[2024-08-23T22:12:57.371+0000] {logging_mixin.py:190} INFO - [2024-08-23T22:12:57.371+0000] {dag.py:4138} INFO - Setting next_dagrun for example_branch_datetime_operator to 2024-08-22 00:00:00+00:00, run_after=2024-08-23 00:00:00+00:00
[2024-08-23T22:12:57.374+0000] {logging_mixin.py:190} INFO - [2024-08-23T22:12:57.374+0000] {dag.py:4138} INFO - Setting next_dagrun for example_branch_datetime_operator_2 to 2024-08-22 00:00:00+00:00, run_after=2024-08-23 00:00:00+00:00
[2024-08-23T22:12:57.377+0000] {logging_mixin.py:190} INFO - [2024-08-23T22:12:57.377+0000] {dag.py:4138} INFO - Setting next_dagrun for example_branch_datetime_operator_3 to 2024-08-22 00:00:00+00:00, run_after=2024-08-23 00:00:00+00:00
[2024-08-23T22:12:57.388+0000] {processor.py:208} INFO - Processing /home/airflow/.local/lib/python3.12/site-packages/airflow/example_dags/example_branch_datetime_operator.py took 0.082 seconds
[2024-08-23T22:13:27.935+0000] {processor.py:186} INFO - Started process (PID=280) to work on /home/airflow/.local/lib/python3.12/site-packages/airflow/example_dags/example_branch_datetime_operator.py
[2024-08-23T22:13:27.936+0000] {processor.py:914} INFO - Processing file /home/airflow/.local/lib/python3.12/site-packages/airflow/example_dags/example_branch_datetime_operator.py for tasks to queue
[2024-08-23T22:13:27.937+0000] {logging_mixin.py:190} INFO - [2024-08-23T22:13:27.937+0000] {dagbag.py:587} INFO - Filling up the DagBag from /home/airflow/.local/lib/python3.12/site-packages/airflow/example_dags/example_branch_datetime_operator.py
[2024-08-23T22:13:27.947+0000] {processor.py:925} INFO - DAG(s) 'example_branch_datetime_operator_3', 'example_branch_datetime_operator', 'example_branch_datetime_operator_2' retrieved from /home/airflow/.local/lib/python3.12/site-packages/airflow/example_dags/example_branch_datetime_operator.py
[2024-08-23T22:13:27.969+0000] {logging_mixin.py:190} INFO - [2024-08-23T22:13:27.969+0000] {dag.py:3211} INFO - Sync 3 DAGs
[2024-08-23T22:13:27.988+0000] {logging_mixin.py:190} INFO - [2024-08-23T22:13:27.987+0000] {dag.py:4138} INFO - Setting next_dagrun for example_branch_datetime_operator to 2024-08-22 00:00:00+00:00, run_after=2024-08-23 00:00:00+00:00
[2024-08-23T22:13:27.992+0000] {logging_mixin.py:190} INFO - [2024-08-23T22:13:27.991+0000] {dag.py:4138} INFO - Setting next_dagrun for example_branch_datetime_operator_2 to 2024-08-22 00:00:00+00:00, run_after=2024-08-23 00:00:00+00:00
[2024-08-23T22:13:27.994+0000] {logging_mixin.py:190} INFO - [2024-08-23T22:13:27.994+0000] {dag.py:4138} INFO - Setting next_dagrun for example_branch_datetime_operator_3 to 2024-08-22 00:00:00+00:00, run_after=2024-08-23 00:00:00+00:00
[2024-08-23T22:13:28.009+0000] {processor.py:208} INFO - Processing /home/airflow/.local/lib/python3.12/site-packages/airflow/example_dags/example_branch_datetime_operator.py took 0.079 seconds
[2024-08-23T22:13:58.277+0000] {processor.py:186} INFO - Started process (PID=341) to work on /home/airflow/.local/lib/python3.12/site-packages/airflow/example_dags/example_branch_datetime_operator.py
[2024-08-23T22:13:58.278+0000] {processor.py:914} INFO - Processing file /home/airflow/.local/lib/python3.12/site-packages/airflow/example_dags/example_branch_datetime_operator.py for tasks to queue
[2024-08-23T22:13:58.281+0000] {logging_mixin.py:190} INFO - [2024-08-23T22:13:58.281+0000] {dagbag.py:587} INFO - Filling up the DagBag from /home/airflow/.local/lib/python3.12/site-packages/airflow/example_dags/example_branch_datetime_operator.py
[2024-08-23T22:13:58.295+0000] {processor.py:925} INFO - DAG(s) 'example_branch_datetime_operator', 'example_branch_datetime_operator_2', 'example_branch_datetime_operator_3' retrieved from /home/airflow/.local/lib/python3.12/site-packages/airflow/example_dags/example_branch_datetime_operator.py
[2024-08-23T22:13:58.326+0000] {logging_mixin.py:190} INFO - [2024-08-23T22:13:58.325+0000] {dag.py:3211} INFO - Sync 3 DAGs
[2024-08-23T22:13:58.348+0000] {logging_mixin.py:190} INFO - [2024-08-23T22:13:58.348+0000] {dag.py:4138} INFO - Setting next_dagrun for example_branch_datetime_operator to 2024-08-22 00:00:00+00:00, run_after=2024-08-23 00:00:00+00:00
[2024-08-23T22:13:58.353+0000] {logging_mixin.py:190} INFO - [2024-08-23T22:13:58.353+0000] {dag.py:4138} INFO - Setting next_dagrun for example_branch_datetime_operator_2 to 2024-08-22 00:00:00+00:00, run_after=2024-08-23 00:00:00+00:00
[2024-08-23T22:13:58.356+0000] {logging_mixin.py:190} INFO - [2024-08-23T22:13:58.356+0000] {dag.py:4138} INFO - Setting next_dagrun for example_branch_datetime_operator_3 to 2024-08-22 00:00:00+00:00, run_after=2024-08-23 00:00:00+00:00
[2024-08-23T22:13:58.374+0000] {processor.py:208} INFO - Processing /home/airflow/.local/lib/python3.12/site-packages/airflow/example_dags/example_branch_datetime_operator.py took 0.103 seconds
[2024-08-23T22:15:24.493+0000] {processor.py:186} INFO - Started process (PID=88) to work on /home/airflow/.local/lib/python3.12/site-packages/airflow/example_dags/example_branch_datetime_operator.py
[2024-08-23T22:15:24.572+0000] {processor.py:914} INFO - Processing file /home/airflow/.local/lib/python3.12/site-packages/airflow/example_dags/example_branch_datetime_operator.py for tasks to queue
[2024-08-23T22:15:24.575+0000] {logging_mixin.py:190} INFO - [2024-08-23T22:15:24.574+0000] {dagbag.py:587} INFO - Filling up the DagBag from /home/airflow/.local/lib/python3.12/site-packages/airflow/example_dags/example_branch_datetime_operator.py
[2024-08-23T22:15:24.584+0000] {processor.py:925} INFO - DAG(s) 'example_branch_datetime_operator_3', 'example_branch_datetime_operator', 'example_branch_datetime_operator_2' retrieved from /home/airflow/.local/lib/python3.12/site-packages/airflow/example_dags/example_branch_datetime_operator.py
[2024-08-23T22:15:24.662+0000] {logging_mixin.py:190} INFO - [2024-08-23T22:15:24.662+0000] {override.py:1858} INFO - Created Permission View: can delete on DAG:example_branch_datetime_operator_3
[2024-08-23T22:15:24.675+0000] {logging_mixin.py:190} INFO - [2024-08-23T22:15:24.675+0000] {override.py:1858} INFO - Created Permission View: can read on DAG:example_branch_datetime_operator_3
[2024-08-23T22:15:24.682+0000] {logging_mixin.py:190} INFO - [2024-08-23T22:15:24.681+0000] {override.py:1858} INFO - Created Permission View: can edit on DAG:example_branch_datetime_operator_3
[2024-08-23T22:15:24.706+0000] {logging_mixin.py:190} INFO - [2024-08-23T22:15:24.705+0000] {override.py:1858} INFO - Created Permission View: can delete on DAG:example_branch_datetime_operator
[2024-08-23T22:15:24.715+0000] {logging_mixin.py:190} INFO - [2024-08-23T22:15:24.715+0000] {override.py:1858} INFO - Created Permission View: can read on DAG:example_branch_datetime_operator
[2024-08-23T22:15:24.729+0000] {logging_mixin.py:190} INFO - [2024-08-23T22:15:24.728+0000] {override.py:1858} INFO - Created Permission View: can edit on DAG:example_branch_datetime_operator
[2024-08-23T22:15:24.756+0000] {logging_mixin.py:190} INFO - [2024-08-23T22:15:24.755+0000] {override.py:1858} INFO - Created Permission View: can delete on DAG:example_branch_datetime_operator_2
[2024-08-23T22:15:24.767+0000] {logging_mixin.py:190} INFO - [2024-08-23T22:15:24.767+0000] {override.py:1858} INFO - Created Permission View: can read on DAG:example_branch_datetime_operator_2
[2024-08-23T22:15:24.778+0000] {logging_mixin.py:190} INFO - [2024-08-23T22:15:24.778+0000] {override.py:1858} INFO - Created Permission View: can edit on DAG:example_branch_datetime_operator_2
[2024-08-23T22:15:24.779+0000] {logging_mixin.py:190} INFO - [2024-08-23T22:15:24.779+0000] {dag.py:3211} INFO - Sync 3 DAGs
[2024-08-23T22:15:24.793+0000] {logging_mixin.py:190} INFO - [2024-08-23T22:15:24.792+0000] {dag.py:3234} INFO - Creating ORM DAG for example_branch_datetime_operator
[2024-08-23T22:15:24.794+0000] {logging_mixin.py:190} INFO - [2024-08-23T22:15:24.794+0000] {dag.py:3234} INFO - Creating ORM DAG for example_branch_datetime_operator_2
[2024-08-23T22:15:24.795+0000] {logging_mixin.py:190} INFO - [2024-08-23T22:15:24.795+0000] {dag.py:3234} INFO - Creating ORM DAG for example_branch_datetime_operator_3
[2024-08-23T22:15:24.805+0000] {logging_mixin.py:190} INFO - [2024-08-23T22:15:24.805+0000] {dag.py:4138} INFO - Setting next_dagrun for example_branch_datetime_operator to 2024-08-22 00:00:00+00:00, run_after=2024-08-23 00:00:00+00:00
[2024-08-23T22:15:24.807+0000] {logging_mixin.py:190} INFO - [2024-08-23T22:15:24.807+0000] {dag.py:4138} INFO - Setting next_dagrun for example_branch_datetime_operator_2 to 2024-08-22 00:00:00+00:00, run_after=2024-08-23 00:00:00+00:00
[2024-08-23T22:15:24.809+0000] {logging_mixin.py:190} INFO - [2024-08-23T22:15:24.809+0000] {dag.py:4138} INFO - Setting next_dagrun for example_branch_datetime_operator_3 to 2024-08-22 00:00:00+00:00, run_after=2024-08-23 00:00:00+00:00
[2024-08-23T22:15:24.826+0000] {processor.py:208} INFO - Processing /home/airflow/.local/lib/python3.12/site-packages/airflow/example_dags/example_branch_datetime_operator.py took 0.337 seconds
[2024-08-23T22:15:54.948+0000] {processor.py:186} INFO - Started process (PID=150) to work on /home/airflow/.local/lib/python3.12/site-packages/airflow/example_dags/example_branch_datetime_operator.py
[2024-08-23T22:15:55.026+0000] {processor.py:914} INFO - Processing file /home/airflow/.local/lib/python3.12/site-packages/airflow/example_dags/example_branch_datetime_operator.py for tasks to queue
[2024-08-23T22:15:55.028+0000] {logging_mixin.py:190} INFO - [2024-08-23T22:15:55.028+0000] {dagbag.py:587} INFO - Filling up the DagBag from /home/airflow/.local/lib/python3.12/site-packages/airflow/example_dags/example_branch_datetime_operator.py
[2024-08-23T22:15:55.038+0000] {processor.py:925} INFO - DAG(s) 'example_branch_datetime_operator', 'example_branch_datetime_operator_3', 'example_branch_datetime_operator_2' retrieved from /home/airflow/.local/lib/python3.12/site-packages/airflow/example_dags/example_branch_datetime_operator.py
[2024-08-23T22:15:55.060+0000] {logging_mixin.py:190} INFO - [2024-08-23T22:15:55.060+0000] {dag.py:3211} INFO - Sync 3 DAGs
[2024-08-23T22:15:55.080+0000] {logging_mixin.py:190} INFO - [2024-08-23T22:15:55.080+0000] {dag.py:4138} INFO - Setting next_dagrun for example_branch_datetime_operator to 2024-08-22 00:00:00+00:00, run_after=2024-08-23 00:00:00+00:00
[2024-08-23T22:15:55.084+0000] {logging_mixin.py:190} INFO - [2024-08-23T22:15:55.084+0000] {dag.py:4138} INFO - Setting next_dagrun for example_branch_datetime_operator_2 to 2024-08-22 00:00:00+00:00, run_after=2024-08-23 00:00:00+00:00
[2024-08-23T22:15:55.087+0000] {logging_mixin.py:190} INFO - [2024-08-23T22:15:55.087+0000] {dag.py:4138} INFO - Setting next_dagrun for example_branch_datetime_operator_3 to 2024-08-22 00:00:00+00:00, run_after=2024-08-23 00:00:00+00:00
[2024-08-23T22:15:55.111+0000] {processor.py:208} INFO - Processing /home/airflow/.local/lib/python3.12/site-packages/airflow/example_dags/example_branch_datetime_operator.py took 0.168 seconds
[2024-08-23T22:16:26.280+0000] {processor.py:186} INFO - Started process (PID=213) to work on /home/airflow/.local/lib/python3.12/site-packages/airflow/example_dags/example_branch_datetime_operator.py
[2024-08-23T22:16:26.302+0000] {processor.py:914} INFO - Processing file /home/airflow/.local/lib/python3.12/site-packages/airflow/example_dags/example_branch_datetime_operator.py for tasks to queue
[2024-08-23T22:16:26.304+0000] {logging_mixin.py:190} INFO - [2024-08-23T22:16:26.304+0000] {dagbag.py:587} INFO - Filling up the DagBag from /home/airflow/.local/lib/python3.12/site-packages/airflow/example_dags/example_branch_datetime_operator.py
[2024-08-23T22:16:26.314+0000] {processor.py:925} INFO - DAG(s) 'example_branch_datetime_operator_3', 'example_branch_datetime_operator_2', 'example_branch_datetime_operator' retrieved from /home/airflow/.local/lib/python3.12/site-packages/airflow/example_dags/example_branch_datetime_operator.py
[2024-08-23T22:16:26.335+0000] {logging_mixin.py:190} INFO - [2024-08-23T22:16:26.335+0000] {dag.py:3211} INFO - Sync 3 DAGs
[2024-08-23T22:16:26.354+0000] {logging_mixin.py:190} INFO - [2024-08-23T22:16:26.354+0000] {dag.py:4138} INFO - Setting next_dagrun for example_branch_datetime_operator to 2024-08-22 00:00:00+00:00, run_after=2024-08-23 00:00:00+00:00
[2024-08-23T22:16:26.358+0000] {logging_mixin.py:190} INFO - [2024-08-23T22:16:26.358+0000] {dag.py:4138} INFO - Setting next_dagrun for example_branch_datetime_operator_2 to 2024-08-22 00:00:00+00:00, run_after=2024-08-23 00:00:00+00:00
[2024-08-23T22:16:26.360+0000] {logging_mixin.py:190} INFO - [2024-08-23T22:16:26.360+0000] {dag.py:4138} INFO - Setting next_dagrun for example_branch_datetime_operator_3 to 2024-08-22 00:00:00+00:00, run_after=2024-08-23 00:00:00+00:00
[2024-08-23T22:16:26.373+0000] {processor.py:208} INFO - Processing /home/airflow/.local/lib/python3.12/site-packages/airflow/example_dags/example_branch_datetime_operator.py took 0.098 seconds
[2024-08-23T22:16:56.442+0000] {processor.py:186} INFO - Started process (PID=275) to work on /home/airflow/.local/lib/python3.12/site-packages/airflow/example_dags/example_branch_datetime_operator.py
[2024-08-23T22:16:56.459+0000] {processor.py:914} INFO - Processing file /home/airflow/.local/lib/python3.12/site-packages/airflow/example_dags/example_branch_datetime_operator.py for tasks to queue
[2024-08-23T22:16:56.461+0000] {logging_mixin.py:190} INFO - [2024-08-23T22:16:56.461+0000] {dagbag.py:587} INFO - Filling up the DagBag from /home/airflow/.local/lib/python3.12/site-packages/airflow/example_dags/example_branch_datetime_operator.py
[2024-08-23T22:16:56.474+0000] {processor.py:925} INFO - DAG(s) 'example_branch_datetime_operator_2', 'example_branch_datetime_operator_3', 'example_branch_datetime_operator' retrieved from /home/airflow/.local/lib/python3.12/site-packages/airflow/example_dags/example_branch_datetime_operator.py
[2024-08-23T22:16:56.497+0000] {logging_mixin.py:190} INFO - [2024-08-23T22:16:56.497+0000] {dag.py:3211} INFO - Sync 3 DAGs
[2024-08-23T22:16:56.539+0000] {logging_mixin.py:190} INFO - [2024-08-23T22:16:56.539+0000] {dag.py:4138} INFO - Setting next_dagrun for example_branch_datetime_operator to 2024-08-22 00:00:00+00:00, run_after=2024-08-23 00:00:00+00:00
[2024-08-23T22:16:56.543+0000] {logging_mixin.py:190} INFO - [2024-08-23T22:16:56.543+0000] {dag.py:4138} INFO - Setting next_dagrun for example_branch_datetime_operator_2 to 2024-08-22 00:00:00+00:00, run_after=2024-08-23 00:00:00+00:00
[2024-08-23T22:16:56.545+0000] {logging_mixin.py:190} INFO - [2024-08-23T22:16:56.545+0000] {dag.py:4138} INFO - Setting next_dagrun for example_branch_datetime_operator_3 to 2024-08-22 00:00:00+00:00, run_after=2024-08-23 00:00:00+00:00
[2024-08-23T22:16:56.557+0000] {processor.py:208} INFO - Processing /home/airflow/.local/lib/python3.12/site-packages/airflow/example_dags/example_branch_datetime_operator.py took 0.121 seconds
