[2024-08-23T22:11:50.063+0000] {processor.py:186} INFO - Started process (PID=51) to work on /home/airflow/.local/lib/python3.12/site-packages/airflow/example_dags/example_sensor_decorator.py
[2024-08-23T22:11:50.065+0000] {processor.py:914} INFO - Processing file /home/airflow/.local/lib/python3.12/site-packages/airflow/example_dags/example_sensor_decorator.py for tasks to queue
[2024-08-23T22:11:50.069+0000] {logging_mixin.py:190} INFO - [2024-08-23T22:11:50.069+0000] {dagbag.py:587} INFO - Filling up the DagBag from /home/airflow/.local/lib/python3.12/site-packages/airflow/example_dags/example_sensor_decorator.py
[2024-08-23T22:11:50.083+0000] {processor.py:925} INFO - DAG(s) 'example_sensor_decorator' retrieved from /home/airflow/.local/lib/python3.12/site-packages/airflow/example_dags/example_sensor_decorator.py
[2024-08-23T22:11:50.424+0000] {logging_mixin.py:190} INFO - [2024-08-23T22:11:50.423+0000] {override.py:1858} INFO - Created Permission View: can delete on DAG:example_sensor_decorator
[2024-08-23T22:11:50.439+0000] {logging_mixin.py:190} INFO - [2024-08-23T22:11:50.439+0000] {override.py:1858} INFO - Created Permission View: can edit on DAG:example_sensor_decorator
[2024-08-23T22:11:50.447+0000] {logging_mixin.py:190} INFO - [2024-08-23T22:11:50.446+0000] {override.py:1858} INFO - Created Permission View: can read on DAG:example_sensor_decorator
[2024-08-23T22:11:50.448+0000] {logging_mixin.py:190} INFO - [2024-08-23T22:11:50.447+0000] {dag.py:3211} INFO - Sync 1 DAGs
[2024-08-23T22:11:50.472+0000] {logging_mixin.py:190} INFO - [2024-08-23T22:11:50.472+0000] {dag.py:3234} INFO - Creating ORM DAG for example_sensor_decorator
[2024-08-23T22:11:50.473+0000] {logging_mixin.py:190} INFO - [2024-08-23T22:11:50.473+0000] {dag.py:4138} INFO - Setting next_dagrun for example_sensor_decorator to None, run_after=None
[2024-08-23T22:11:50.507+0000] {processor.py:208} INFO - Processing /home/airflow/.local/lib/python3.12/site-packages/airflow/example_dags/example_sensor_decorator.py took 0.450 seconds
[2024-08-23T22:12:21.345+0000] {processor.py:186} INFO - Started process (PID=113) to work on /home/airflow/.local/lib/python3.12/site-packages/airflow/example_dags/example_sensor_decorator.py
[2024-08-23T22:12:21.346+0000] {processor.py:914} INFO - Processing file /home/airflow/.local/lib/python3.12/site-packages/airflow/example_dags/example_sensor_decorator.py for tasks to queue
[2024-08-23T22:12:21.348+0000] {logging_mixin.py:190} INFO - [2024-08-23T22:12:21.347+0000] {dagbag.py:587} INFO - Filling up the DagBag from /home/airflow/.local/lib/python3.12/site-packages/airflow/example_dags/example_sensor_decorator.py
[2024-08-23T22:12:21.356+0000] {processor.py:925} INFO - DAG(s) 'example_sensor_decorator' retrieved from /home/airflow/.local/lib/python3.12/site-packages/airflow/example_dags/example_sensor_decorator.py
[2024-08-23T22:12:21.373+0000] {logging_mixin.py:190} INFO - [2024-08-23T22:12:21.373+0000] {dag.py:3211} INFO - Sync 1 DAGs
[2024-08-23T22:12:21.390+0000] {logging_mixin.py:190} INFO - [2024-08-23T22:12:21.389+0000] {dag.py:4138} INFO - Setting next_dagrun for example_sensor_decorator to None, run_after=None
[2024-08-23T22:12:21.406+0000] {processor.py:208} INFO - Processing /home/airflow/.local/lib/python3.12/site-packages/airflow/example_dags/example_sensor_decorator.py took 0.066 seconds
[2024-08-23T22:12:51.870+0000] {processor.py:186} INFO - Started process (PID=175) to work on /home/airflow/.local/lib/python3.12/site-packages/airflow/example_dags/example_sensor_decorator.py
[2024-08-23T22:12:51.871+0000] {processor.py:914} INFO - Processing file /home/airflow/.local/lib/python3.12/site-packages/airflow/example_dags/example_sensor_decorator.py for tasks to queue
[2024-08-23T22:12:51.873+0000] {logging_mixin.py:190} INFO - [2024-08-23T22:12:51.873+0000] {dagbag.py:587} INFO - Filling up the DagBag from /home/airflow/.local/lib/python3.12/site-packages/airflow/example_dags/example_sensor_decorator.py
[2024-08-23T22:12:51.879+0000] {processor.py:925} INFO - DAG(s) 'example_sensor_decorator' retrieved from /home/airflow/.local/lib/python3.12/site-packages/airflow/example_dags/example_sensor_decorator.py
[2024-08-23T22:12:51.895+0000] {logging_mixin.py:190} INFO - [2024-08-23T22:12:51.894+0000] {dag.py:3211} INFO - Sync 1 DAGs
[2024-08-23T22:12:51.905+0000] {logging_mixin.py:190} INFO - [2024-08-23T22:12:51.905+0000] {dag.py:4138} INFO - Setting next_dagrun for example_sensor_decorator to None, run_after=None
[2024-08-23T22:12:51.922+0000] {processor.py:208} INFO - Processing /home/airflow/.local/lib/python3.12/site-packages/airflow/example_dags/example_sensor_decorator.py took 0.056 seconds
[2024-08-23T22:13:21.963+0000] {processor.py:186} INFO - Started process (PID=237) to work on /home/airflow/.local/lib/python3.12/site-packages/airflow/example_dags/example_sensor_decorator.py
[2024-08-23T22:13:21.964+0000] {processor.py:914} INFO - Processing file /home/airflow/.local/lib/python3.12/site-packages/airflow/example_dags/example_sensor_decorator.py for tasks to queue
[2024-08-23T22:13:21.966+0000] {logging_mixin.py:190} INFO - [2024-08-23T22:13:21.966+0000] {dagbag.py:587} INFO - Filling up the DagBag from /home/airflow/.local/lib/python3.12/site-packages/airflow/example_dags/example_sensor_decorator.py
[2024-08-23T22:13:21.972+0000] {processor.py:925} INFO - DAG(s) 'example_sensor_decorator' retrieved from /home/airflow/.local/lib/python3.12/site-packages/airflow/example_dags/example_sensor_decorator.py
[2024-08-23T22:13:21.988+0000] {logging_mixin.py:190} INFO - [2024-08-23T22:13:21.987+0000] {dag.py:3211} INFO - Sync 1 DAGs
[2024-08-23T22:13:21.998+0000] {logging_mixin.py:190} INFO - [2024-08-23T22:13:21.998+0000] {dag.py:4138} INFO - Setting next_dagrun for example_sensor_decorator to None, run_after=None
[2024-08-23T22:13:22.014+0000] {processor.py:208} INFO - Processing /home/airflow/.local/lib/python3.12/site-packages/airflow/example_dags/example_sensor_decorator.py took 0.055 seconds
[2024-08-23T22:13:52.048+0000] {processor.py:186} INFO - Started process (PID=298) to work on /home/airflow/.local/lib/python3.12/site-packages/airflow/example_dags/example_sensor_decorator.py
[2024-08-23T22:13:52.049+0000] {processor.py:914} INFO - Processing file /home/airflow/.local/lib/python3.12/site-packages/airflow/example_dags/example_sensor_decorator.py for tasks to queue
[2024-08-23T22:13:52.051+0000] {logging_mixin.py:190} INFO - [2024-08-23T22:13:52.050+0000] {dagbag.py:587} INFO - Filling up the DagBag from /home/airflow/.local/lib/python3.12/site-packages/airflow/example_dags/example_sensor_decorator.py
[2024-08-23T22:13:52.057+0000] {processor.py:925} INFO - DAG(s) 'example_sensor_decorator' retrieved from /home/airflow/.local/lib/python3.12/site-packages/airflow/example_dags/example_sensor_decorator.py
[2024-08-23T22:13:52.075+0000] {logging_mixin.py:190} INFO - [2024-08-23T22:13:52.075+0000] {dag.py:3211} INFO - Sync 1 DAGs
[2024-08-23T22:13:52.086+0000] {logging_mixin.py:190} INFO - [2024-08-23T22:13:52.086+0000] {dag.py:4138} INFO - Setting next_dagrun for example_sensor_decorator to None, run_after=None
[2024-08-23T22:13:52.102+0000] {processor.py:208} INFO - Processing /home/airflow/.local/lib/python3.12/site-packages/airflow/example_dags/example_sensor_decorator.py took 0.059 seconds
[2024-08-23T22:15:19.430+0000] {processor.py:186} INFO - Started process (PID=51) to work on /home/airflow/.local/lib/python3.12/site-packages/airflow/example_dags/example_sensor_decorator.py
[2024-08-23T22:15:19.437+0000] {processor.py:914} INFO - Processing file /home/airflow/.local/lib/python3.12/site-packages/airflow/example_dags/example_sensor_decorator.py for tasks to queue
[2024-08-23T22:15:19.439+0000] {logging_mixin.py:190} INFO - [2024-08-23T22:15:19.439+0000] {dagbag.py:587} INFO - Filling up the DagBag from /home/airflow/.local/lib/python3.12/site-packages/airflow/example_dags/example_sensor_decorator.py
[2024-08-23T22:15:19.450+0000] {processor.py:925} INFO - DAG(s) 'example_sensor_decorator' retrieved from /home/airflow/.local/lib/python3.12/site-packages/airflow/example_dags/example_sensor_decorator.py
[2024-08-23T22:15:19.556+0000] {logging_mixin.py:190} INFO - [2024-08-23T22:15:19.556+0000] {override.py:1858} INFO - Created Permission View: can delete on DAG:example_sensor_decorator
[2024-08-23T22:15:19.572+0000] {logging_mixin.py:190} INFO - [2024-08-23T22:15:19.572+0000] {override.py:1858} INFO - Created Permission View: can read on DAG:example_sensor_decorator
[2024-08-23T22:15:19.587+0000] {logging_mixin.py:190} INFO - [2024-08-23T22:15:19.587+0000] {override.py:1858} INFO - Created Permission View: can edit on DAG:example_sensor_decorator
[2024-08-23T22:15:19.588+0000] {logging_mixin.py:190} INFO - [2024-08-23T22:15:19.588+0000] {dag.py:3211} INFO - Sync 1 DAGs
[2024-08-23T22:15:19.601+0000] {logging_mixin.py:190} INFO - [2024-08-23T22:15:19.600+0000] {dag.py:3234} INFO - Creating ORM DAG for example_sensor_decorator
[2024-08-23T22:15:19.602+0000] {logging_mixin.py:190} INFO - [2024-08-23T22:15:19.602+0000] {dag.py:4138} INFO - Setting next_dagrun for example_sensor_decorator to None, run_after=None
[2024-08-23T22:15:19.620+0000] {processor.py:208} INFO - Processing /home/airflow/.local/lib/python3.12/site-packages/airflow/example_dags/example_sensor_decorator.py took 0.195 seconds
[2024-08-23T22:15:50.286+0000] {processor.py:186} INFO - Started process (PID=113) to work on /home/airflow/.local/lib/python3.12/site-packages/airflow/example_dags/example_sensor_decorator.py
[2024-08-23T22:15:50.302+0000] {processor.py:914} INFO - Processing file /home/airflow/.local/lib/python3.12/site-packages/airflow/example_dags/example_sensor_decorator.py for tasks to queue
[2024-08-23T22:15:50.304+0000] {logging_mixin.py:190} INFO - [2024-08-23T22:15:50.304+0000] {dagbag.py:587} INFO - Filling up the DagBag from /home/airflow/.local/lib/python3.12/site-packages/airflow/example_dags/example_sensor_decorator.py
[2024-08-23T22:15:50.310+0000] {processor.py:925} INFO - DAG(s) 'example_sensor_decorator' retrieved from /home/airflow/.local/lib/python3.12/site-packages/airflow/example_dags/example_sensor_decorator.py
[2024-08-23T22:15:50.326+0000] {logging_mixin.py:190} INFO - [2024-08-23T22:15:50.326+0000] {dag.py:3211} INFO - Sync 1 DAGs
[2024-08-23T22:15:50.336+0000] {logging_mixin.py:190} INFO - [2024-08-23T22:15:50.336+0000] {dag.py:4138} INFO - Setting next_dagrun for example_sensor_decorator to None, run_after=None
[2024-08-23T22:15:50.349+0000] {processor.py:208} INFO - Processing /home/airflow/.local/lib/python3.12/site-packages/airflow/example_dags/example_sensor_decorator.py took 0.067 seconds
[2024-08-23T22:16:20.598+0000] {processor.py:186} INFO - Started process (PID=176) to work on /home/airflow/.local/lib/python3.12/site-packages/airflow/example_dags/example_sensor_decorator.py
[2024-08-23T22:16:20.616+0000] {processor.py:914} INFO - Processing file /home/airflow/.local/lib/python3.12/site-packages/airflow/example_dags/example_sensor_decorator.py for tasks to queue
[2024-08-23T22:16:20.619+0000] {logging_mixin.py:190} INFO - [2024-08-23T22:16:20.619+0000] {dagbag.py:587} INFO - Filling up the DagBag from /home/airflow/.local/lib/python3.12/site-packages/airflow/example_dags/example_sensor_decorator.py
[2024-08-23T22:16:20.627+0000] {processor.py:925} INFO - DAG(s) 'example_sensor_decorator' retrieved from /home/airflow/.local/lib/python3.12/site-packages/airflow/example_dags/example_sensor_decorator.py
[2024-08-23T22:16:20.650+0000] {logging_mixin.py:190} INFO - [2024-08-23T22:16:20.650+0000] {dag.py:3211} INFO - Sync 1 DAGs
[2024-08-23T22:16:20.664+0000] {logging_mixin.py:190} INFO - [2024-08-23T22:16:20.664+0000] {dag.py:4138} INFO - Setting next_dagrun for example_sensor_decorator to None, run_after=None
[2024-08-23T22:16:20.686+0000] {processor.py:208} INFO - Processing /home/airflow/.local/lib/python3.12/site-packages/airflow/example_dags/example_sensor_decorator.py took 0.094 seconds
[2024-08-23T22:16:50.992+0000] {processor.py:186} INFO - Started process (PID=238) to work on /home/airflow/.local/lib/python3.12/site-packages/airflow/example_dags/example_sensor_decorator.py
[2024-08-23T22:16:51.021+0000] {processor.py:914} INFO - Processing file /home/airflow/.local/lib/python3.12/site-packages/airflow/example_dags/example_sensor_decorator.py for tasks to queue
[2024-08-23T22:16:51.024+0000] {logging_mixin.py:190} INFO - [2024-08-23T22:16:51.024+0000] {dagbag.py:587} INFO - Filling up the DagBag from /home/airflow/.local/lib/python3.12/site-packages/airflow/example_dags/example_sensor_decorator.py
[2024-08-23T22:16:51.034+0000] {processor.py:925} INFO - DAG(s) 'example_sensor_decorator' retrieved from /home/airflow/.local/lib/python3.12/site-packages/airflow/example_dags/example_sensor_decorator.py
[2024-08-23T22:16:51.055+0000] {logging_mixin.py:190} INFO - [2024-08-23T22:16:51.055+0000] {dag.py:3211} INFO - Sync 1 DAGs
[2024-08-23T22:16:51.069+0000] {logging_mixin.py:190} INFO - [2024-08-23T22:16:51.068+0000] {dag.py:4138} INFO - Setting next_dagrun for example_sensor_decorator to None, run_after=None
[2024-08-23T22:16:51.092+0000] {processor.py:208} INFO - Processing /home/airflow/.local/lib/python3.12/site-packages/airflow/example_dags/example_sensor_decorator.py took 0.105 seconds
