[2024-08-23T22:11:53.862+0000] {processor.py:186} INFO - Started process (PID=73) to work on /home/airflow/.local/lib/python3.12/site-packages/airflow/example_dags/example_branch_labels.py
[2024-08-23T22:11:53.862+0000] {processor.py:914} INFO - Processing file /home/airflow/.local/lib/python3.12/site-packages/airflow/example_dags/example_branch_labels.py for tasks to queue
[2024-08-23T22:11:53.865+0000] {logging_mixin.py:190} INFO - [2024-08-23T22:11:53.864+0000] {dagbag.py:587} INFO - Filling up the DagBag from /home/airflow/.local/lib/python3.12/site-packages/airflow/example_dags/example_branch_labels.py
[2024-08-23T22:11:53.874+0000] {processor.py:925} INFO - DAG(s) 'example_branch_labels' retrieved from /home/airflow/.local/lib/python3.12/site-packages/airflow/example_dags/example_branch_labels.py
[2024-08-23T22:11:53.977+0000] {logging_mixin.py:190} INFO - [2024-08-23T22:11:53.976+0000] {override.py:1858} INFO - Created Permission View: can delete on DAG:example_branch_labels
[2024-08-23T22:11:53.991+0000] {logging_mixin.py:190} INFO - [2024-08-23T22:11:53.991+0000] {override.py:1858} INFO - Created Permission View: can edit on DAG:example_branch_labels
[2024-08-23T22:11:53.999+0000] {logging_mixin.py:190} INFO - [2024-08-23T22:11:53.999+0000] {override.py:1858} INFO - Created Permission View: can read on DAG:example_branch_labels
[2024-08-23T22:11:54.000+0000] {logging_mixin.py:190} INFO - [2024-08-23T22:11:54.000+0000] {dag.py:3211} INFO - Sync 1 DAGs
[2024-08-23T22:11:54.017+0000] {logging_mixin.py:190} INFO - [2024-08-23T22:11:54.017+0000] {dag.py:3234} INFO - Creating ORM DAG for example_branch_labels
[2024-08-23T22:11:54.032+0000] {logging_mixin.py:190} INFO - [2024-08-23T22:11:54.031+0000] {dag.py:4138} INFO - Setting next_dagrun for example_branch_labels to 2024-08-22 00:00:00+00:00, run_after=2024-08-23 00:00:00+00:00
[2024-08-23T22:11:54.048+0000] {processor.py:208} INFO - Processing /home/airflow/.local/lib/python3.12/site-packages/airflow/example_dags/example_branch_labels.py took 0.193 seconds
[2024-08-23T22:12:24.644+0000] {processor.py:186} INFO - Started process (PID=135) to work on /home/airflow/.local/lib/python3.12/site-packages/airflow/example_dags/example_branch_labels.py
[2024-08-23T22:12:24.644+0000] {processor.py:914} INFO - Processing file /home/airflow/.local/lib/python3.12/site-packages/airflow/example_dags/example_branch_labels.py for tasks to queue
[2024-08-23T22:12:24.646+0000] {logging_mixin.py:190} INFO - [2024-08-23T22:12:24.646+0000] {dagbag.py:587} INFO - Filling up the DagBag from /home/airflow/.local/lib/python3.12/site-packages/airflow/example_dags/example_branch_labels.py
[2024-08-23T22:12:24.654+0000] {processor.py:925} INFO - DAG(s) 'example_branch_labels' retrieved from /home/airflow/.local/lib/python3.12/site-packages/airflow/example_dags/example_branch_labels.py
[2024-08-23T22:12:24.671+0000] {logging_mixin.py:190} INFO - [2024-08-23T22:12:24.670+0000] {dag.py:3211} INFO - Sync 1 DAGs
[2024-08-23T22:12:24.688+0000] {logging_mixin.py:190} INFO - [2024-08-23T22:12:24.688+0000] {dag.py:4138} INFO - Setting next_dagrun for example_branch_labels to 2024-08-22 00:00:00+00:00, run_after=2024-08-23 00:00:00+00:00
[2024-08-23T22:12:24.703+0000] {processor.py:208} INFO - Processing /home/airflow/.local/lib/python3.12/site-packages/airflow/example_dags/example_branch_labels.py took 0.064 seconds
[2024-08-23T22:12:55.374+0000] {processor.py:186} INFO - Started process (PID=197) to work on /home/airflow/.local/lib/python3.12/site-packages/airflow/example_dags/example_branch_labels.py
[2024-08-23T22:12:55.375+0000] {processor.py:914} INFO - Processing file /home/airflow/.local/lib/python3.12/site-packages/airflow/example_dags/example_branch_labels.py for tasks to queue
[2024-08-23T22:12:55.377+0000] {logging_mixin.py:190} INFO - [2024-08-23T22:12:55.376+0000] {dagbag.py:587} INFO - Filling up the DagBag from /home/airflow/.local/lib/python3.12/site-packages/airflow/example_dags/example_branch_labels.py
[2024-08-23T22:12:55.384+0000] {processor.py:925} INFO - DAG(s) 'example_branch_labels' retrieved from /home/airflow/.local/lib/python3.12/site-packages/airflow/example_dags/example_branch_labels.py
[2024-08-23T22:12:55.400+0000] {logging_mixin.py:190} INFO - [2024-08-23T22:12:55.400+0000] {dag.py:3211} INFO - Sync 1 DAGs
[2024-08-23T22:12:55.418+0000] {logging_mixin.py:190} INFO - [2024-08-23T22:12:55.418+0000] {dag.py:4138} INFO - Setting next_dagrun for example_branch_labels to 2024-08-22 00:00:00+00:00, run_after=2024-08-23 00:00:00+00:00
[2024-08-23T22:12:55.432+0000] {processor.py:208} INFO - Processing /home/airflow/.local/lib/python3.12/site-packages/airflow/example_dags/example_branch_labels.py took 0.063 seconds
[2024-08-23T22:13:26.102+0000] {processor.py:186} INFO - Started process (PID=259) to work on /home/airflow/.local/lib/python3.12/site-packages/airflow/example_dags/example_branch_labels.py
[2024-08-23T22:13:26.103+0000] {processor.py:914} INFO - Processing file /home/airflow/.local/lib/python3.12/site-packages/airflow/example_dags/example_branch_labels.py for tasks to queue
[2024-08-23T22:13:26.105+0000] {logging_mixin.py:190} INFO - [2024-08-23T22:13:26.105+0000] {dagbag.py:587} INFO - Filling up the DagBag from /home/airflow/.local/lib/python3.12/site-packages/airflow/example_dags/example_branch_labels.py
[2024-08-23T22:13:26.113+0000] {processor.py:925} INFO - DAG(s) 'example_branch_labels' retrieved from /home/airflow/.local/lib/python3.12/site-packages/airflow/example_dags/example_branch_labels.py
[2024-08-23T22:13:26.133+0000] {logging_mixin.py:190} INFO - [2024-08-23T22:13:26.132+0000] {dag.py:3211} INFO - Sync 1 DAGs
[2024-08-23T22:13:26.153+0000] {logging_mixin.py:190} INFO - [2024-08-23T22:13:26.153+0000] {dag.py:4138} INFO - Setting next_dagrun for example_branch_labels to 2024-08-22 00:00:00+00:00, run_after=2024-08-23 00:00:00+00:00
[2024-08-23T22:13:26.168+0000] {processor.py:208} INFO - Processing /home/airflow/.local/lib/python3.12/site-packages/airflow/example_dags/example_branch_labels.py took 0.072 seconds
[2024-08-23T22:13:56.280+0000] {processor.py:186} INFO - Started process (PID=321) to work on /home/airflow/.local/lib/python3.12/site-packages/airflow/example_dags/example_branch_labels.py
[2024-08-23T22:13:56.281+0000] {processor.py:914} INFO - Processing file /home/airflow/.local/lib/python3.12/site-packages/airflow/example_dags/example_branch_labels.py for tasks to queue
[2024-08-23T22:13:56.283+0000] {logging_mixin.py:190} INFO - [2024-08-23T22:13:56.283+0000] {dagbag.py:587} INFO - Filling up the DagBag from /home/airflow/.local/lib/python3.12/site-packages/airflow/example_dags/example_branch_labels.py
[2024-08-23T22:13:56.290+0000] {processor.py:925} INFO - DAG(s) 'example_branch_labels' retrieved from /home/airflow/.local/lib/python3.12/site-packages/airflow/example_dags/example_branch_labels.py
[2024-08-23T22:13:56.307+0000] {logging_mixin.py:190} INFO - [2024-08-23T22:13:56.307+0000] {dag.py:3211} INFO - Sync 1 DAGs
[2024-08-23T22:13:56.325+0000] {logging_mixin.py:190} INFO - [2024-08-23T22:13:56.325+0000] {dag.py:4138} INFO - Setting next_dagrun for example_branch_labels to 2024-08-22 00:00:00+00:00, run_after=2024-08-23 00:00:00+00:00
[2024-08-23T22:13:56.338+0000] {processor.py:208} INFO - Processing /home/airflow/.local/lib/python3.12/site-packages/airflow/example_dags/example_branch_labels.py took 0.062 seconds
[2024-08-23T22:15:22.686+0000] {processor.py:186} INFO - Started process (PID=73) to work on /home/airflow/.local/lib/python3.12/site-packages/airflow/example_dags/example_branch_labels.py
[2024-08-23T22:15:22.688+0000] {processor.py:914} INFO - Processing file /home/airflow/.local/lib/python3.12/site-packages/airflow/example_dags/example_branch_labels.py for tasks to queue
[2024-08-23T22:15:22.691+0000] {logging_mixin.py:190} INFO - [2024-08-23T22:15:22.691+0000] {dagbag.py:587} INFO - Filling up the DagBag from /home/airflow/.local/lib/python3.12/site-packages/airflow/example_dags/example_branch_labels.py
[2024-08-23T22:15:22.699+0000] {processor.py:925} INFO - DAG(s) 'example_branch_labels' retrieved from /home/airflow/.local/lib/python3.12/site-packages/airflow/example_dags/example_branch_labels.py
[2024-08-23T22:15:22.776+0000] {logging_mixin.py:190} INFO - [2024-08-23T22:15:22.775+0000] {override.py:1858} INFO - Created Permission View: can delete on DAG:example_branch_labels
[2024-08-23T22:15:22.783+0000] {logging_mixin.py:190} INFO - [2024-08-23T22:15:22.783+0000] {override.py:1858} INFO - Created Permission View: can read on DAG:example_branch_labels
[2024-08-23T22:15:22.794+0000] {logging_mixin.py:190} INFO - [2024-08-23T22:15:22.794+0000] {override.py:1858} INFO - Created Permission View: can edit on DAG:example_branch_labels
[2024-08-23T22:15:22.796+0000] {logging_mixin.py:190} INFO - [2024-08-23T22:15:22.796+0000] {dag.py:3211} INFO - Sync 1 DAGs
[2024-08-23T22:15:22.806+0000] {logging_mixin.py:190} INFO - [2024-08-23T22:15:22.806+0000] {dag.py:3234} INFO - Creating ORM DAG for example_branch_labels
[2024-08-23T22:15:22.814+0000] {logging_mixin.py:190} INFO - [2024-08-23T22:15:22.814+0000] {dag.py:4138} INFO - Setting next_dagrun for example_branch_labels to 2024-08-22 00:00:00+00:00, run_after=2024-08-23 00:00:00+00:00
[2024-08-23T22:15:22.826+0000] {processor.py:208} INFO - Processing /home/airflow/.local/lib/python3.12/site-packages/airflow/example_dags/example_branch_labels.py took 0.145 seconds
[2024-08-23T22:15:53.124+0000] {processor.py:186} INFO - Started process (PID=135) to work on /home/airflow/.local/lib/python3.12/site-packages/airflow/example_dags/example_branch_labels.py
[2024-08-23T22:15:53.144+0000] {processor.py:914} INFO - Processing file /home/airflow/.local/lib/python3.12/site-packages/airflow/example_dags/example_branch_labels.py for tasks to queue
[2024-08-23T22:15:53.147+0000] {logging_mixin.py:190} INFO - [2024-08-23T22:15:53.147+0000] {dagbag.py:587} INFO - Filling up the DagBag from /home/airflow/.local/lib/python3.12/site-packages/airflow/example_dags/example_branch_labels.py
[2024-08-23T22:15:53.156+0000] {processor.py:925} INFO - DAG(s) 'example_branch_labels' retrieved from /home/airflow/.local/lib/python3.12/site-packages/airflow/example_dags/example_branch_labels.py
[2024-08-23T22:15:53.176+0000] {logging_mixin.py:190} INFO - [2024-08-23T22:15:53.176+0000] {dag.py:3211} INFO - Sync 1 DAGs
[2024-08-23T22:15:53.198+0000] {logging_mixin.py:190} INFO - [2024-08-23T22:15:53.198+0000] {dag.py:4138} INFO - Setting next_dagrun for example_branch_labels to 2024-08-22 00:00:00+00:00, run_after=2024-08-23 00:00:00+00:00
[2024-08-23T22:15:53.217+0000] {processor.py:208} INFO - Processing /home/airflow/.local/lib/python3.12/site-packages/airflow/example_dags/example_branch_labels.py took 0.098 seconds
[2024-08-23T22:16:23.343+0000] {processor.py:186} INFO - Started process (PID=198) to work on /home/airflow/.local/lib/python3.12/site-packages/airflow/example_dags/example_branch_labels.py
[2024-08-23T22:16:23.344+0000] {processor.py:914} INFO - Processing file /home/airflow/.local/lib/python3.12/site-packages/airflow/example_dags/example_branch_labels.py for tasks to queue
[2024-08-23T22:16:23.346+0000] {logging_mixin.py:190} INFO - [2024-08-23T22:16:23.346+0000] {dagbag.py:587} INFO - Filling up the DagBag from /home/airflow/.local/lib/python3.12/site-packages/airflow/example_dags/example_branch_labels.py
[2024-08-23T22:16:23.354+0000] {processor.py:925} INFO - DAG(s) 'example_branch_labels' retrieved from /home/airflow/.local/lib/python3.12/site-packages/airflow/example_dags/example_branch_labels.py
[2024-08-23T22:16:23.373+0000] {logging_mixin.py:190} INFO - [2024-08-23T22:16:23.373+0000] {dag.py:3211} INFO - Sync 1 DAGs
[2024-08-23T22:16:23.393+0000] {logging_mixin.py:190} INFO - [2024-08-23T22:16:23.393+0000] {dag.py:4138} INFO - Setting next_dagrun for example_branch_labels to 2024-08-22 00:00:00+00:00, run_after=2024-08-23 00:00:00+00:00
[2024-08-23T22:16:23.406+0000] {processor.py:208} INFO - Processing /home/airflow/.local/lib/python3.12/site-packages/airflow/example_dags/example_branch_labels.py took 0.068 seconds
[2024-08-23T22:16:53.850+0000] {processor.py:186} INFO - Started process (PID=260) to work on /home/airflow/.local/lib/python3.12/site-packages/airflow/example_dags/example_branch_labels.py
[2024-08-23T22:16:53.933+0000] {processor.py:914} INFO - Processing file /home/airflow/.local/lib/python3.12/site-packages/airflow/example_dags/example_branch_labels.py for tasks to queue
[2024-08-23T22:16:53.935+0000] {logging_mixin.py:190} INFO - [2024-08-23T22:16:53.935+0000] {dagbag.py:587} INFO - Filling up the DagBag from /home/airflow/.local/lib/python3.12/site-packages/airflow/example_dags/example_branch_labels.py
[2024-08-23T22:16:53.944+0000] {processor.py:925} INFO - DAG(s) 'example_branch_labels' retrieved from /home/airflow/.local/lib/python3.12/site-packages/airflow/example_dags/example_branch_labels.py
[2024-08-23T22:16:53.962+0000] {logging_mixin.py:190} INFO - [2024-08-23T22:16:53.962+0000] {dag.py:3211} INFO - Sync 1 DAGs
[2024-08-23T22:16:53.980+0000] {logging_mixin.py:190} INFO - [2024-08-23T22:16:53.979+0000] {dag.py:4138} INFO - Setting next_dagrun for example_branch_labels to 2024-08-22 00:00:00+00:00, run_after=2024-08-23 00:00:00+00:00
[2024-08-23T22:16:53.993+0000] {processor.py:208} INFO - Processing /home/airflow/.local/lib/python3.12/site-packages/airflow/example_dags/example_branch_labels.py took 0.147 seconds
