[2024-08-23T22:11:49.481+0000] {processor.py:186} INFO - Started process (PID=49) to work on /home/airflow/.local/lib/python3.12/site-packages/airflow/example_dags/example_python_decorator.py
[2024-08-23T22:11:49.482+0000] {processor.py:914} INFO - Processing file /home/airflow/.local/lib/python3.12/site-packages/airflow/example_dags/example_python_decorator.py for tasks to queue
[2024-08-23T22:11:49.484+0000] {logging_mixin.py:190} INFO - [2024-08-23T22:11:49.484+0000] {dagbag.py:587} INFO - Filling up the DagBag from /home/airflow/.local/lib/python3.12/site-packages/airflow/example_dags/example_python_decorator.py
[2024-08-23T22:11:49.540+0000] {processor.py:925} INFO - DAG(s) 'example_python_decorator' retrieved from /home/airflow/.local/lib/python3.12/site-packages/airflow/example_dags/example_python_decorator.py
[2024-08-23T22:11:49.924+0000] {logging_mixin.py:190} INFO - [2024-08-23T22:11:49.922+0000] {override.py:1858} INFO - Created Permission View: can delete on DAG:example_python_decorator
[2024-08-23T22:11:49.943+0000] {logging_mixin.py:190} INFO - [2024-08-23T22:11:49.943+0000] {override.py:1858} INFO - Created Permission View: can edit on DAG:example_python_decorator
[2024-08-23T22:11:49.950+0000] {logging_mixin.py:190} INFO - [2024-08-23T22:11:49.950+0000] {override.py:1858} INFO - Created Permission View: can read on DAG:example_python_decorator
[2024-08-23T22:11:49.952+0000] {logging_mixin.py:190} INFO - [2024-08-23T22:11:49.951+0000] {dag.py:3211} INFO - Sync 1 DAGs
[2024-08-23T22:11:49.987+0000] {logging_mixin.py:190} INFO - [2024-08-23T22:11:49.987+0000] {dag.py:3234} INFO - Creating ORM DAG for example_python_decorator
[2024-08-23T22:11:49.990+0000] {logging_mixin.py:190} INFO - [2024-08-23T22:11:49.990+0000] {dag.py:4138} INFO - Setting next_dagrun for example_python_decorator to None, run_after=None
[2024-08-23T22:11:50.015+0000] {processor.py:208} INFO - Processing /home/airflow/.local/lib/python3.12/site-packages/airflow/example_dags/example_python_decorator.py took 0.539 seconds
[2024-08-23T22:12:20.245+0000] {processor.py:186} INFO - Started process (PID=111) to work on /home/airflow/.local/lib/python3.12/site-packages/airflow/example_dags/example_python_decorator.py
[2024-08-23T22:12:20.246+0000] {processor.py:914} INFO - Processing file /home/airflow/.local/lib/python3.12/site-packages/airflow/example_dags/example_python_decorator.py for tasks to queue
[2024-08-23T22:12:20.248+0000] {logging_mixin.py:190} INFO - [2024-08-23T22:12:20.247+0000] {dagbag.py:587} INFO - Filling up the DagBag from /home/airflow/.local/lib/python3.12/site-packages/airflow/example_dags/example_python_decorator.py
[2024-08-23T22:12:20.259+0000] {processor.py:925} INFO - DAG(s) 'example_python_decorator' retrieved from /home/airflow/.local/lib/python3.12/site-packages/airflow/example_dags/example_python_decorator.py
[2024-08-23T22:12:20.277+0000] {logging_mixin.py:190} INFO - [2024-08-23T22:12:20.277+0000] {dag.py:3211} INFO - Sync 1 DAGs
[2024-08-23T22:12:20.288+0000] {logging_mixin.py:190} INFO - [2024-08-23T22:12:20.288+0000] {dag.py:4138} INFO - Setting next_dagrun for example_python_decorator to None, run_after=None
[2024-08-23T22:12:20.302+0000] {processor.py:208} INFO - Processing /home/airflow/.local/lib/python3.12/site-packages/airflow/example_dags/example_python_decorator.py took 0.062 seconds
[2024-08-23T22:12:50.862+0000] {processor.py:186} INFO - Started process (PID=173) to work on /home/airflow/.local/lib/python3.12/site-packages/airflow/example_dags/example_python_decorator.py
[2024-08-23T22:12:50.863+0000] {processor.py:914} INFO - Processing file /home/airflow/.local/lib/python3.12/site-packages/airflow/example_dags/example_python_decorator.py for tasks to queue
[2024-08-23T22:12:50.865+0000] {logging_mixin.py:190} INFO - [2024-08-23T22:12:50.864+0000] {dagbag.py:587} INFO - Filling up the DagBag from /home/airflow/.local/lib/python3.12/site-packages/airflow/example_dags/example_python_decorator.py
[2024-08-23T22:12:50.876+0000] {processor.py:925} INFO - DAG(s) 'example_python_decorator' retrieved from /home/airflow/.local/lib/python3.12/site-packages/airflow/example_dags/example_python_decorator.py
[2024-08-23T22:12:50.893+0000] {logging_mixin.py:190} INFO - [2024-08-23T22:12:50.893+0000] {dag.py:3211} INFO - Sync 1 DAGs
[2024-08-23T22:12:50.903+0000] {logging_mixin.py:190} INFO - [2024-08-23T22:12:50.903+0000] {dag.py:4138} INFO - Setting next_dagrun for example_python_decorator to None, run_after=None
[2024-08-23T22:12:50.916+0000] {processor.py:208} INFO - Processing /home/airflow/.local/lib/python3.12/site-packages/airflow/example_dags/example_python_decorator.py took 0.059 seconds
[2024-08-23T22:13:21.859+0000] {processor.py:186} INFO - Started process (PID=235) to work on /home/airflow/.local/lib/python3.12/site-packages/airflow/example_dags/example_python_decorator.py
[2024-08-23T22:13:21.860+0000] {processor.py:914} INFO - Processing file /home/airflow/.local/lib/python3.12/site-packages/airflow/example_dags/example_python_decorator.py for tasks to queue
[2024-08-23T22:13:21.862+0000] {logging_mixin.py:190} INFO - [2024-08-23T22:13:21.862+0000] {dagbag.py:587} INFO - Filling up the DagBag from /home/airflow/.local/lib/python3.12/site-packages/airflow/example_dags/example_python_decorator.py
[2024-08-23T22:13:21.875+0000] {processor.py:925} INFO - DAG(s) 'example_python_decorator' retrieved from /home/airflow/.local/lib/python3.12/site-packages/airflow/example_dags/example_python_decorator.py
[2024-08-23T22:13:21.893+0000] {logging_mixin.py:190} INFO - [2024-08-23T22:13:21.893+0000] {dag.py:3211} INFO - Sync 1 DAGs
[2024-08-23T22:13:21.904+0000] {logging_mixin.py:190} INFO - [2024-08-23T22:13:21.904+0000] {dag.py:4138} INFO - Setting next_dagrun for example_python_decorator to None, run_after=None
[2024-08-23T22:13:21.920+0000] {processor.py:208} INFO - Processing /home/airflow/.local/lib/python3.12/site-packages/airflow/example_dags/example_python_decorator.py took 0.067 seconds
[2024-08-23T22:13:52.047+0000] {processor.py:186} INFO - Started process (PID=297) to work on /home/airflow/.local/lib/python3.12/site-packages/airflow/example_dags/example_python_decorator.py
[2024-08-23T22:13:52.048+0000] {processor.py:914} INFO - Processing file /home/airflow/.local/lib/python3.12/site-packages/airflow/example_dags/example_python_decorator.py for tasks to queue
[2024-08-23T22:13:52.050+0000] {logging_mixin.py:190} INFO - [2024-08-23T22:13:52.050+0000] {dagbag.py:587} INFO - Filling up the DagBag from /home/airflow/.local/lib/python3.12/site-packages/airflow/example_dags/example_python_decorator.py
[2024-08-23T22:13:52.062+0000] {processor.py:925} INFO - DAG(s) 'example_python_decorator' retrieved from /home/airflow/.local/lib/python3.12/site-packages/airflow/example_dags/example_python_decorator.py
[2024-08-23T22:13:52.081+0000] {logging_mixin.py:190} INFO - [2024-08-23T22:13:52.081+0000] {dag.py:3211} INFO - Sync 1 DAGs
[2024-08-23T22:13:52.092+0000] {logging_mixin.py:190} INFO - [2024-08-23T22:13:52.092+0000] {dag.py:4138} INFO - Setting next_dagrun for example_python_decorator to None, run_after=None
[2024-08-23T22:13:52.109+0000] {processor.py:208} INFO - Processing /home/airflow/.local/lib/python3.12/site-packages/airflow/example_dags/example_python_decorator.py took 0.066 seconds
[2024-08-23T22:15:19.072+0000] {processor.py:186} INFO - Started process (PID=49) to work on /home/airflow/.local/lib/python3.12/site-packages/airflow/example_dags/example_python_decorator.py
[2024-08-23T22:15:19.073+0000] {processor.py:914} INFO - Processing file /home/airflow/.local/lib/python3.12/site-packages/airflow/example_dags/example_python_decorator.py for tasks to queue
[2024-08-23T22:15:19.075+0000] {logging_mixin.py:190} INFO - [2024-08-23T22:15:19.075+0000] {dagbag.py:587} INFO - Filling up the DagBag from /home/airflow/.local/lib/python3.12/site-packages/airflow/example_dags/example_python_decorator.py
[2024-08-23T22:15:19.089+0000] {processor.py:925} INFO - DAG(s) 'example_python_decorator' retrieved from /home/airflow/.local/lib/python3.12/site-packages/airflow/example_dags/example_python_decorator.py
[2024-08-23T22:15:19.174+0000] {logging_mixin.py:190} INFO - [2024-08-23T22:15:19.173+0000] {override.py:1858} INFO - Created Permission View: can delete on DAG:example_python_decorator
[2024-08-23T22:15:19.182+0000] {logging_mixin.py:190} INFO - [2024-08-23T22:15:19.182+0000] {override.py:1858} INFO - Created Permission View: can read on DAG:example_python_decorator
[2024-08-23T22:15:19.188+0000] {logging_mixin.py:190} INFO - [2024-08-23T22:15:19.187+0000] {override.py:1858} INFO - Created Permission View: can edit on DAG:example_python_decorator
[2024-08-23T22:15:19.188+0000] {logging_mixin.py:190} INFO - [2024-08-23T22:15:19.188+0000] {dag.py:3211} INFO - Sync 1 DAGs
[2024-08-23T22:15:19.197+0000] {logging_mixin.py:190} INFO - [2024-08-23T22:15:19.197+0000] {dag.py:3234} INFO - Creating ORM DAG for example_python_decorator
[2024-08-23T22:15:19.198+0000] {logging_mixin.py:190} INFO - [2024-08-23T22:15:19.198+0000] {dag.py:4138} INFO - Setting next_dagrun for example_python_decorator to None, run_after=None
[2024-08-23T22:15:19.209+0000] {processor.py:208} INFO - Processing /home/airflow/.local/lib/python3.12/site-packages/airflow/example_dags/example_python_decorator.py took 0.142 seconds
[2024-08-23T22:15:50.096+0000] {processor.py:186} INFO - Started process (PID=111) to work on /home/airflow/.local/lib/python3.12/site-packages/airflow/example_dags/example_python_decorator.py
[2024-08-23T22:15:50.103+0000] {processor.py:914} INFO - Processing file /home/airflow/.local/lib/python3.12/site-packages/airflow/example_dags/example_python_decorator.py for tasks to queue
[2024-08-23T22:15:50.105+0000] {logging_mixin.py:190} INFO - [2024-08-23T22:15:50.105+0000] {dagbag.py:587} INFO - Filling up the DagBag from /home/airflow/.local/lib/python3.12/site-packages/airflow/example_dags/example_python_decorator.py
[2024-08-23T22:15:50.116+0000] {processor.py:925} INFO - DAG(s) 'example_python_decorator' retrieved from /home/airflow/.local/lib/python3.12/site-packages/airflow/example_dags/example_python_decorator.py
[2024-08-23T22:15:50.134+0000] {logging_mixin.py:190} INFO - [2024-08-23T22:15:50.133+0000] {dag.py:3211} INFO - Sync 1 DAGs
[2024-08-23T22:15:50.144+0000] {logging_mixin.py:190} INFO - [2024-08-23T22:15:50.144+0000] {dag.py:4138} INFO - Setting next_dagrun for example_python_decorator to None, run_after=None
[2024-08-23T22:15:50.160+0000] {processor.py:208} INFO - Processing /home/airflow/.local/lib/python3.12/site-packages/airflow/example_dags/example_python_decorator.py took 0.068 seconds
[2024-08-23T22:16:20.355+0000] {processor.py:186} INFO - Started process (PID=173) to work on /home/airflow/.local/lib/python3.12/site-packages/airflow/example_dags/example_python_decorator.py
[2024-08-23T22:16:20.390+0000] {processor.py:914} INFO - Processing file /home/airflow/.local/lib/python3.12/site-packages/airflow/example_dags/example_python_decorator.py for tasks to queue
[2024-08-23T22:16:20.393+0000] {logging_mixin.py:190} INFO - [2024-08-23T22:16:20.393+0000] {dagbag.py:587} INFO - Filling up the DagBag from /home/airflow/.local/lib/python3.12/site-packages/airflow/example_dags/example_python_decorator.py
[2024-08-23T22:16:20.414+0000] {processor.py:925} INFO - DAG(s) 'example_python_decorator' retrieved from /home/airflow/.local/lib/python3.12/site-packages/airflow/example_dags/example_python_decorator.py
[2024-08-23T22:16:20.472+0000] {logging_mixin.py:190} INFO - [2024-08-23T22:16:20.471+0000] {dag.py:3211} INFO - Sync 1 DAGs
[2024-08-23T22:16:20.486+0000] {logging_mixin.py:190} INFO - [2024-08-23T22:16:20.485+0000] {dag.py:4138} INFO - Setting next_dagrun for example_python_decorator to None, run_after=None
[2024-08-23T22:16:20.504+0000] {processor.py:208} INFO - Processing /home/airflow/.local/lib/python3.12/site-packages/airflow/example_dags/example_python_decorator.py took 0.155 seconds
[2024-08-23T22:16:50.675+0000] {processor.py:186} INFO - Started process (PID=236) to work on /home/airflow/.local/lib/python3.12/site-packages/airflow/example_dags/example_python_decorator.py
[2024-08-23T22:16:50.698+0000] {processor.py:914} INFO - Processing file /home/airflow/.local/lib/python3.12/site-packages/airflow/example_dags/example_python_decorator.py for tasks to queue
[2024-08-23T22:16:50.701+0000] {logging_mixin.py:190} INFO - [2024-08-23T22:16:50.700+0000] {dagbag.py:587} INFO - Filling up the DagBag from /home/airflow/.local/lib/python3.12/site-packages/airflow/example_dags/example_python_decorator.py
[2024-08-23T22:16:50.715+0000] {processor.py:925} INFO - DAG(s) 'example_python_decorator' retrieved from /home/airflow/.local/lib/python3.12/site-packages/airflow/example_dags/example_python_decorator.py
[2024-08-23T22:16:50.736+0000] {logging_mixin.py:190} INFO - [2024-08-23T22:16:50.736+0000] {dag.py:3211} INFO - Sync 1 DAGs
[2024-08-23T22:16:50.750+0000] {logging_mixin.py:190} INFO - [2024-08-23T22:16:50.750+0000] {dag.py:4138} INFO - Setting next_dagrun for example_python_decorator to None, run_after=None
[2024-08-23T22:16:50.766+0000] {processor.py:208} INFO - Processing /home/airflow/.local/lib/python3.12/site-packages/airflow/example_dags/example_python_decorator.py took 0.096 seconds
