[2024-08-23T22:11:54.864+0000] {processor.py:186} INFO - Started process (PID=82) to work on /home/airflow/.local/lib/python3.12/site-packages/airflow/example_dags/example_bash_operator.py
[2024-08-23T22:11:54.865+0000] {processor.py:914} INFO - Processing file /home/airflow/.local/lib/python3.12/site-packages/airflow/example_dags/example_bash_operator.py for tasks to queue
[2024-08-23T22:11:54.868+0000] {logging_mixin.py:190} INFO - [2024-08-23T22:11:54.867+0000] {dagbag.py:587} INFO - Filling up the DagBag from /home/airflow/.local/lib/python3.12/site-packages/airflow/example_dags/example_bash_operator.py
[2024-08-23T22:11:54.880+0000] {processor.py:925} INFO - DAG(s) 'example_bash_operator' retrieved from /home/airflow/.local/lib/python3.12/site-packages/airflow/example_dags/example_bash_operator.py
[2024-08-23T22:11:54.968+0000] {logging_mixin.py:190} INFO - [2024-08-23T22:11:54.967+0000] {override.py:1858} INFO - Created Permission View: can delete on DAG:example_bash_operator
[2024-08-23T22:11:54.976+0000] {logging_mixin.py:190} INFO - [2024-08-23T22:11:54.976+0000] {override.py:1858} INFO - Created Permission View: can edit on DAG:example_bash_operator
[2024-08-23T22:11:54.981+0000] {logging_mixin.py:190} INFO - [2024-08-23T22:11:54.981+0000] {override.py:1858} INFO - Created Permission View: can read on DAG:example_bash_operator
[2024-08-23T22:11:54.982+0000] {logging_mixin.py:190} INFO - [2024-08-23T22:11:54.982+0000] {dag.py:3211} INFO - Sync 1 DAGs
[2024-08-23T22:11:54.994+0000] {logging_mixin.py:190} INFO - [2024-08-23T22:11:54.993+0000] {dag.py:3234} INFO - Creating ORM DAG for example_bash_operator
[2024-08-23T22:11:55.006+0000] {logging_mixin.py:190} INFO - [2024-08-23T22:11:55.005+0000] {dag.py:4138} INFO - Setting next_dagrun for example_bash_operator to 2024-08-22 00:00:00+00:00, run_after=2024-08-23 00:00:00+00:00
[2024-08-23T22:11:55.021+0000] {processor.py:208} INFO - Processing /home/airflow/.local/lib/python3.12/site-packages/airflow/example_dags/example_bash_operator.py took 0.162 seconds
[2024-08-23T22:12:25.453+0000] {processor.py:186} INFO - Started process (PID=144) to work on /home/airflow/.local/lib/python3.12/site-packages/airflow/example_dags/example_bash_operator.py
[2024-08-23T22:12:25.454+0000] {processor.py:914} INFO - Processing file /home/airflow/.local/lib/python3.12/site-packages/airflow/example_dags/example_bash_operator.py for tasks to queue
[2024-08-23T22:12:25.455+0000] {logging_mixin.py:190} INFO - [2024-08-23T22:12:25.455+0000] {dagbag.py:587} INFO - Filling up the DagBag from /home/airflow/.local/lib/python3.12/site-packages/airflow/example_dags/example_bash_operator.py
[2024-08-23T22:12:25.466+0000] {processor.py:925} INFO - DAG(s) 'example_bash_operator' retrieved from /home/airflow/.local/lib/python3.12/site-packages/airflow/example_dags/example_bash_operator.py
[2024-08-23T22:12:25.487+0000] {logging_mixin.py:190} INFO - [2024-08-23T22:12:25.487+0000] {dag.py:3211} INFO - Sync 1 DAGs
[2024-08-23T22:12:25.506+0000] {logging_mixin.py:190} INFO - [2024-08-23T22:12:25.506+0000] {dag.py:4138} INFO - Setting next_dagrun for example_bash_operator to 2024-08-22 00:00:00+00:00, run_after=2024-08-23 00:00:00+00:00
[2024-08-23T22:12:25.520+0000] {processor.py:208} INFO - Processing /home/airflow/.local/lib/python3.12/site-packages/airflow/example_dags/example_bash_operator.py took 0.072 seconds
[2024-08-23T22:12:55.867+0000] {processor.py:186} INFO - Started process (PID=206) to work on /home/airflow/.local/lib/python3.12/site-packages/airflow/example_dags/example_bash_operator.py
[2024-08-23T22:12:55.868+0000] {processor.py:914} INFO - Processing file /home/airflow/.local/lib/python3.12/site-packages/airflow/example_dags/example_bash_operator.py for tasks to queue
[2024-08-23T22:12:55.870+0000] {logging_mixin.py:190} INFO - [2024-08-23T22:12:55.870+0000] {dagbag.py:587} INFO - Filling up the DagBag from /home/airflow/.local/lib/python3.12/site-packages/airflow/example_dags/example_bash_operator.py
[2024-08-23T22:12:55.881+0000] {processor.py:925} INFO - DAG(s) 'example_bash_operator' retrieved from /home/airflow/.local/lib/python3.12/site-packages/airflow/example_dags/example_bash_operator.py
[2024-08-23T22:12:55.901+0000] {logging_mixin.py:190} INFO - [2024-08-23T22:12:55.901+0000] {dag.py:3211} INFO - Sync 1 DAGs
[2024-08-23T22:12:55.919+0000] {logging_mixin.py:190} INFO - [2024-08-23T22:12:55.919+0000] {dag.py:4138} INFO - Setting next_dagrun for example_bash_operator to 2024-08-22 00:00:00+00:00, run_after=2024-08-23 00:00:00+00:00
[2024-08-23T22:12:55.939+0000] {processor.py:208} INFO - Processing /home/airflow/.local/lib/python3.12/site-packages/airflow/example_dags/example_bash_operator.py took 0.076 seconds
[2024-08-23T22:13:26.573+0000] {processor.py:186} INFO - Started process (PID=268) to work on /home/airflow/.local/lib/python3.12/site-packages/airflow/example_dags/example_bash_operator.py
[2024-08-23T22:13:26.574+0000] {processor.py:914} INFO - Processing file /home/airflow/.local/lib/python3.12/site-packages/airflow/example_dags/example_bash_operator.py for tasks to queue
[2024-08-23T22:13:26.576+0000] {logging_mixin.py:190} INFO - [2024-08-23T22:13:26.576+0000] {dagbag.py:587} INFO - Filling up the DagBag from /home/airflow/.local/lib/python3.12/site-packages/airflow/example_dags/example_bash_operator.py
[2024-08-23T22:13:26.586+0000] {processor.py:925} INFO - DAG(s) 'example_bash_operator' retrieved from /home/airflow/.local/lib/python3.12/site-packages/airflow/example_dags/example_bash_operator.py
[2024-08-23T22:13:26.605+0000] {logging_mixin.py:190} INFO - [2024-08-23T22:13:26.605+0000] {dag.py:3211} INFO - Sync 1 DAGs
[2024-08-23T22:13:26.624+0000] {logging_mixin.py:190} INFO - [2024-08-23T22:13:26.624+0000] {dag.py:4138} INFO - Setting next_dagrun for example_bash_operator to 2024-08-22 00:00:00+00:00, run_after=2024-08-23 00:00:00+00:00
[2024-08-23T22:13:26.644+0000] {processor.py:208} INFO - Processing /home/airflow/.local/lib/python3.12/site-packages/airflow/example_dags/example_bash_operator.py took 0.076 seconds
[2024-08-23T22:13:56.939+0000] {processor.py:186} INFO - Started process (PID=336) to work on /home/airflow/.local/lib/python3.12/site-packages/airflow/example_dags/example_bash_operator.py
[2024-08-23T22:13:56.940+0000] {processor.py:914} INFO - Processing file /home/airflow/.local/lib/python3.12/site-packages/airflow/example_dags/example_bash_operator.py for tasks to queue
[2024-08-23T22:13:56.942+0000] {logging_mixin.py:190} INFO - [2024-08-23T22:13:56.942+0000] {dagbag.py:587} INFO - Filling up the DagBag from /home/airflow/.local/lib/python3.12/site-packages/airflow/example_dags/example_bash_operator.py
[2024-08-23T22:13:56.954+0000] {processor.py:925} INFO - DAG(s) 'example_bash_operator' retrieved from /home/airflow/.local/lib/python3.12/site-packages/airflow/example_dags/example_bash_operator.py
[2024-08-23T22:13:56.975+0000] {logging_mixin.py:190} INFO - [2024-08-23T22:13:56.975+0000] {dag.py:3211} INFO - Sync 1 DAGs
[2024-08-23T22:13:56.995+0000] {logging_mixin.py:190} INFO - [2024-08-23T22:13:56.994+0000] {dag.py:4138} INFO - Setting next_dagrun for example_bash_operator to 2024-08-22 00:00:00+00:00, run_after=2024-08-23 00:00:00+00:00
[2024-08-23T22:13:57.009+0000] {processor.py:208} INFO - Processing /home/airflow/.local/lib/python3.12/site-packages/airflow/example_dags/example_bash_operator.py took 0.075 seconds
[2024-08-23T22:15:23.652+0000] {processor.py:186} INFO - Started process (PID=82) to work on /home/airflow/.local/lib/python3.12/site-packages/airflow/example_dags/example_bash_operator.py
[2024-08-23T22:15:23.664+0000] {processor.py:914} INFO - Processing file /home/airflow/.local/lib/python3.12/site-packages/airflow/example_dags/example_bash_operator.py for tasks to queue
[2024-08-23T22:15:23.666+0000] {logging_mixin.py:190} INFO - [2024-08-23T22:15:23.666+0000] {dagbag.py:587} INFO - Filling up the DagBag from /home/airflow/.local/lib/python3.12/site-packages/airflow/example_dags/example_bash_operator.py
[2024-08-23T22:15:23.676+0000] {processor.py:925} INFO - DAG(s) 'example_bash_operator' retrieved from /home/airflow/.local/lib/python3.12/site-packages/airflow/example_dags/example_bash_operator.py
[2024-08-23T22:15:23.763+0000] {logging_mixin.py:190} INFO - [2024-08-23T22:15:23.763+0000] {override.py:1858} INFO - Created Permission View: can delete on DAG:example_bash_operator
[2024-08-23T22:15:23.771+0000] {logging_mixin.py:190} INFO - [2024-08-23T22:15:23.770+0000] {override.py:1858} INFO - Created Permission View: can read on DAG:example_bash_operator
[2024-08-23T22:15:23.776+0000] {logging_mixin.py:190} INFO - [2024-08-23T22:15:23.776+0000] {override.py:1858} INFO - Created Permission View: can edit on DAG:example_bash_operator
[2024-08-23T22:15:23.777+0000] {logging_mixin.py:190} INFO - [2024-08-23T22:15:23.776+0000] {dag.py:3211} INFO - Sync 1 DAGs
[2024-08-23T22:15:23.786+0000] {logging_mixin.py:190} INFO - [2024-08-23T22:15:23.786+0000] {dag.py:3234} INFO - Creating ORM DAG for example_bash_operator
[2024-08-23T22:15:23.794+0000] {logging_mixin.py:190} INFO - [2024-08-23T22:15:23.794+0000] {dag.py:4138} INFO - Setting next_dagrun for example_bash_operator to 2024-08-22 00:00:00+00:00, run_after=2024-08-23 00:00:00+00:00
[2024-08-23T22:15:23.808+0000] {processor.py:208} INFO - Processing /home/airflow/.local/lib/python3.12/site-packages/airflow/example_dags/example_bash_operator.py took 0.160 seconds
[2024-08-23T22:15:53.995+0000] {processor.py:186} INFO - Started process (PID=144) to work on /home/airflow/.local/lib/python3.12/site-packages/airflow/example_dags/example_bash_operator.py
[2024-08-23T22:15:54.026+0000] {processor.py:914} INFO - Processing file /home/airflow/.local/lib/python3.12/site-packages/airflow/example_dags/example_bash_operator.py for tasks to queue
[2024-08-23T22:15:54.028+0000] {logging_mixin.py:190} INFO - [2024-08-23T22:15:54.028+0000] {dagbag.py:587} INFO - Filling up the DagBag from /home/airflow/.local/lib/python3.12/site-packages/airflow/example_dags/example_bash_operator.py
[2024-08-23T22:15:54.038+0000] {processor.py:925} INFO - DAG(s) 'example_bash_operator' retrieved from /home/airflow/.local/lib/python3.12/site-packages/airflow/example_dags/example_bash_operator.py
[2024-08-23T22:15:54.057+0000] {logging_mixin.py:190} INFO - [2024-08-23T22:15:54.057+0000] {dag.py:3211} INFO - Sync 1 DAGs
[2024-08-23T22:15:54.077+0000] {logging_mixin.py:190} INFO - [2024-08-23T22:15:54.077+0000] {dag.py:4138} INFO - Setting next_dagrun for example_bash_operator to 2024-08-22 00:00:00+00:00, run_after=2024-08-23 00:00:00+00:00
[2024-08-23T22:15:54.102+0000] {processor.py:208} INFO - Processing /home/airflow/.local/lib/python3.12/site-packages/airflow/example_dags/example_bash_operator.py took 0.112 seconds
[2024-08-23T22:16:24.237+0000] {processor.py:186} INFO - Started process (PID=207) to work on /home/airflow/.local/lib/python3.12/site-packages/airflow/example_dags/example_bash_operator.py
[2024-08-23T22:16:24.270+0000] {processor.py:914} INFO - Processing file /home/airflow/.local/lib/python3.12/site-packages/airflow/example_dags/example_bash_operator.py for tasks to queue
[2024-08-23T22:16:24.272+0000] {logging_mixin.py:190} INFO - [2024-08-23T22:16:24.272+0000] {dagbag.py:587} INFO - Filling up the DagBag from /home/airflow/.local/lib/python3.12/site-packages/airflow/example_dags/example_bash_operator.py
[2024-08-23T22:16:24.283+0000] {processor.py:925} INFO - DAG(s) 'example_bash_operator' retrieved from /home/airflow/.local/lib/python3.12/site-packages/airflow/example_dags/example_bash_operator.py
[2024-08-23T22:16:24.306+0000] {logging_mixin.py:190} INFO - [2024-08-23T22:16:24.305+0000] {dag.py:3211} INFO - Sync 1 DAGs
[2024-08-23T22:16:24.323+0000] {logging_mixin.py:190} INFO - [2024-08-23T22:16:24.323+0000] {dag.py:4138} INFO - Setting next_dagrun for example_bash_operator to 2024-08-22 00:00:00+00:00, run_after=2024-08-23 00:00:00+00:00
[2024-08-23T22:16:24.338+0000] {processor.py:208} INFO - Processing /home/airflow/.local/lib/python3.12/site-packages/airflow/example_dags/example_bash_operator.py took 0.105 seconds
[2024-08-23T22:16:54.784+0000] {processor.py:186} INFO - Started process (PID=269) to work on /home/airflow/.local/lib/python3.12/site-packages/airflow/example_dags/example_bash_operator.py
[2024-08-23T22:16:54.821+0000] {processor.py:914} INFO - Processing file /home/airflow/.local/lib/python3.12/site-packages/airflow/example_dags/example_bash_operator.py for tasks to queue
[2024-08-23T22:16:54.823+0000] {logging_mixin.py:190} INFO - [2024-08-23T22:16:54.823+0000] {dagbag.py:587} INFO - Filling up the DagBag from /home/airflow/.local/lib/python3.12/site-packages/airflow/example_dags/example_bash_operator.py
[2024-08-23T22:16:54.836+0000] {processor.py:925} INFO - DAG(s) 'example_bash_operator' retrieved from /home/airflow/.local/lib/python3.12/site-packages/airflow/example_dags/example_bash_operator.py
[2024-08-23T22:16:54.863+0000] {logging_mixin.py:190} INFO - [2024-08-23T22:16:54.863+0000] {dag.py:3211} INFO - Sync 1 DAGs
[2024-08-23T22:16:54.886+0000] {logging_mixin.py:190} INFO - [2024-08-23T22:16:54.886+0000] {dag.py:4138} INFO - Setting next_dagrun for example_bash_operator to 2024-08-22 00:00:00+00:00, run_after=2024-08-23 00:00:00+00:00
[2024-08-23T22:16:54.906+0000] {processor.py:208} INFO - Processing /home/airflow/.local/lib/python3.12/site-packages/airflow/example_dags/example_bash_operator.py took 0.126 seconds
