[2024-08-23T22:11:47.903+0000] {processor.py:186} INFO - Started process (PID=44) to work on /home/airflow/.local/lib/python3.12/site-packages/airflow/example_dags/example_branch_operator_decorator.py
[2024-08-23T22:11:47.911+0000] {processor.py:914} INFO - Processing file /home/airflow/.local/lib/python3.12/site-packages/airflow/example_dags/example_branch_operator_decorator.py for tasks to queue
[2024-08-23T22:11:47.931+0000] {logging_mixin.py:190} INFO - [2024-08-23T22:11:47.931+0000] {dagbag.py:587} INFO - Filling up the DagBag from /home/airflow/.local/lib/python3.12/site-packages/airflow/example_dags/example_branch_operator_decorator.py
[2024-08-23T22:11:48.024+0000] {processor.py:925} INFO - DAG(s) 'example_branch_python_operator_decorator' retrieved from /home/airflow/.local/lib/python3.12/site-packages/airflow/example_dags/example_branch_operator_decorator.py
[2024-08-23T22:11:48.369+0000] {logging_mixin.py:190} INFO - [2024-08-23T22:11:48.368+0000] {override.py:1858} INFO - Created Permission View: can delete on DAG:example_branch_python_operator_decorator
[2024-08-23T22:11:48.395+0000] {logging_mixin.py:190} INFO - [2024-08-23T22:11:48.394+0000] {override.py:1858} INFO - Created Permission View: can edit on DAG:example_branch_python_operator_decorator
[2024-08-23T22:11:48.403+0000] {logging_mixin.py:190} INFO - [2024-08-23T22:11:48.402+0000] {override.py:1858} INFO - Created Permission View: can read on DAG:example_branch_python_operator_decorator
[2024-08-23T22:11:48.403+0000] {logging_mixin.py:190} INFO - [2024-08-23T22:11:48.403+0000] {dag.py:3211} INFO - Sync 1 DAGs
[2024-08-23T22:11:48.444+0000] {logging_mixin.py:190} INFO - [2024-08-23T22:11:48.444+0000] {dag.py:3234} INFO - Creating ORM DAG for example_branch_python_operator_decorator
[2024-08-23T22:11:48.471+0000] {logging_mixin.py:190} INFO - [2024-08-23T22:11:48.471+0000] {dag.py:4138} INFO - Setting next_dagrun for example_branch_python_operator_decorator to 2024-08-22 00:00:00+00:00, run_after=2024-08-23 00:00:00+00:00
[2024-08-23T22:11:48.505+0000] {processor.py:208} INFO - Processing /home/airflow/.local/lib/python3.12/site-packages/airflow/example_dags/example_branch_operator_decorator.py took 0.659 seconds
[2024-08-23T22:12:18.954+0000] {processor.py:186} INFO - Started process (PID=106) to work on /home/airflow/.local/lib/python3.12/site-packages/airflow/example_dags/example_branch_operator_decorator.py
[2024-08-23T22:12:19.032+0000] {processor.py:914} INFO - Processing file /home/airflow/.local/lib/python3.12/site-packages/airflow/example_dags/example_branch_operator_decorator.py for tasks to queue
[2024-08-23T22:12:19.034+0000] {logging_mixin.py:190} INFO - [2024-08-23T22:12:19.034+0000] {dagbag.py:587} INFO - Filling up the DagBag from /home/airflow/.local/lib/python3.12/site-packages/airflow/example_dags/example_branch_operator_decorator.py
[2024-08-23T22:12:19.051+0000] {processor.py:925} INFO - DAG(s) 'example_branch_python_operator_decorator' retrieved from /home/airflow/.local/lib/python3.12/site-packages/airflow/example_dags/example_branch_operator_decorator.py
[2024-08-23T22:12:19.074+0000] {logging_mixin.py:190} INFO - [2024-08-23T22:12:19.074+0000] {dag.py:3211} INFO - Sync 1 DAGs
[2024-08-23T22:12:19.092+0000] {logging_mixin.py:190} INFO - [2024-08-23T22:12:19.092+0000] {dag.py:4138} INFO - Setting next_dagrun for example_branch_python_operator_decorator to 2024-08-22 00:00:00+00:00, run_after=2024-08-23 00:00:00+00:00
[2024-08-23T22:12:19.109+0000] {processor.py:208} INFO - Processing /home/airflow/.local/lib/python3.12/site-packages/airflow/example_dags/example_branch_operator_decorator.py took 0.160 seconds
[2024-08-23T22:12:49.529+0000] {processor.py:186} INFO - Started process (PID=168) to work on /home/airflow/.local/lib/python3.12/site-packages/airflow/example_dags/example_branch_operator_decorator.py
[2024-08-23T22:12:49.530+0000] {processor.py:914} INFO - Processing file /home/airflow/.local/lib/python3.12/site-packages/airflow/example_dags/example_branch_operator_decorator.py for tasks to queue
[2024-08-23T22:12:49.532+0000] {logging_mixin.py:190} INFO - [2024-08-23T22:12:49.531+0000] {dagbag.py:587} INFO - Filling up the DagBag from /home/airflow/.local/lib/python3.12/site-packages/airflow/example_dags/example_branch_operator_decorator.py
[2024-08-23T22:12:49.548+0000] {processor.py:925} INFO - DAG(s) 'example_branch_python_operator_decorator' retrieved from /home/airflow/.local/lib/python3.12/site-packages/airflow/example_dags/example_branch_operator_decorator.py
[2024-08-23T22:12:49.569+0000] {logging_mixin.py:190} INFO - [2024-08-23T22:12:49.569+0000] {dag.py:3211} INFO - Sync 1 DAGs
[2024-08-23T22:12:49.587+0000] {logging_mixin.py:190} INFO - [2024-08-23T22:12:49.586+0000] {dag.py:4138} INFO - Setting next_dagrun for example_branch_python_operator_decorator to 2024-08-22 00:00:00+00:00, run_after=2024-08-23 00:00:00+00:00
[2024-08-23T22:12:49.602+0000] {processor.py:208} INFO - Processing /home/airflow/.local/lib/python3.12/site-packages/airflow/example_dags/example_branch_operator_decorator.py took 0.077 seconds
[2024-08-23T22:13:20.497+0000] {processor.py:186} INFO - Started process (PID=230) to work on /home/airflow/.local/lib/python3.12/site-packages/airflow/example_dags/example_branch_operator_decorator.py
[2024-08-23T22:13:20.497+0000] {processor.py:914} INFO - Processing file /home/airflow/.local/lib/python3.12/site-packages/airflow/example_dags/example_branch_operator_decorator.py for tasks to queue
[2024-08-23T22:13:20.499+0000] {logging_mixin.py:190} INFO - [2024-08-23T22:13:20.499+0000] {dagbag.py:587} INFO - Filling up the DagBag from /home/airflow/.local/lib/python3.12/site-packages/airflow/example_dags/example_branch_operator_decorator.py
[2024-08-23T22:13:20.519+0000] {processor.py:925} INFO - DAG(s) 'example_branch_python_operator_decorator' retrieved from /home/airflow/.local/lib/python3.12/site-packages/airflow/example_dags/example_branch_operator_decorator.py
[2024-08-23T22:13:20.544+0000] {logging_mixin.py:190} INFO - [2024-08-23T22:13:20.543+0000] {dag.py:3211} INFO - Sync 1 DAGs
[2024-08-23T22:13:20.562+0000] {logging_mixin.py:190} INFO - [2024-08-23T22:13:20.561+0000] {dag.py:4138} INFO - Setting next_dagrun for example_branch_python_operator_decorator to 2024-08-22 00:00:00+00:00, run_after=2024-08-23 00:00:00+00:00
[2024-08-23T22:13:20.591+0000] {processor.py:208} INFO - Processing /home/airflow/.local/lib/python3.12/site-packages/airflow/example_dags/example_branch_operator_decorator.py took 0.099 seconds
[2024-08-23T22:13:50.713+0000] {processor.py:186} INFO - Started process (PID=292) to work on /home/airflow/.local/lib/python3.12/site-packages/airflow/example_dags/example_branch_operator_decorator.py
[2024-08-23T22:13:50.714+0000] {processor.py:914} INFO - Processing file /home/airflow/.local/lib/python3.12/site-packages/airflow/example_dags/example_branch_operator_decorator.py for tasks to queue
[2024-08-23T22:13:50.716+0000] {logging_mixin.py:190} INFO - [2024-08-23T22:13:50.715+0000] {dagbag.py:587} INFO - Filling up the DagBag from /home/airflow/.local/lib/python3.12/site-packages/airflow/example_dags/example_branch_operator_decorator.py
[2024-08-23T22:13:50.735+0000] {processor.py:925} INFO - DAG(s) 'example_branch_python_operator_decorator' retrieved from /home/airflow/.local/lib/python3.12/site-packages/airflow/example_dags/example_branch_operator_decorator.py
[2024-08-23T22:13:50.762+0000] {logging_mixin.py:190} INFO - [2024-08-23T22:13:50.762+0000] {dag.py:3211} INFO - Sync 1 DAGs
[2024-08-23T22:13:50.782+0000] {logging_mixin.py:190} INFO - [2024-08-23T22:13:50.782+0000] {dag.py:4138} INFO - Setting next_dagrun for example_branch_python_operator_decorator to 2024-08-22 00:00:00+00:00, run_after=2024-08-23 00:00:00+00:00
[2024-08-23T22:13:50.799+0000] {processor.py:208} INFO - Processing /home/airflow/.local/lib/python3.12/site-packages/airflow/example_dags/example_branch_operator_decorator.py took 0.092 seconds
[2024-08-23T22:15:18.356+0000] {processor.py:186} INFO - Started process (PID=44) to work on /home/airflow/.local/lib/python3.12/site-packages/airflow/example_dags/example_branch_operator_decorator.py
[2024-08-23T22:15:18.377+0000] {processor.py:914} INFO - Processing file /home/airflow/.local/lib/python3.12/site-packages/airflow/example_dags/example_branch_operator_decorator.py for tasks to queue
[2024-08-23T22:15:18.379+0000] {logging_mixin.py:190} INFO - [2024-08-23T22:15:18.379+0000] {dagbag.py:587} INFO - Filling up the DagBag from /home/airflow/.local/lib/python3.12/site-packages/airflow/example_dags/example_branch_operator_decorator.py
[2024-08-23T22:15:18.406+0000] {processor.py:925} INFO - DAG(s) 'example_branch_python_operator_decorator' retrieved from /home/airflow/.local/lib/python3.12/site-packages/airflow/example_dags/example_branch_operator_decorator.py
[2024-08-23T22:15:18.508+0000] {logging_mixin.py:190} INFO - [2024-08-23T22:15:18.507+0000] {override.py:1858} INFO - Created Permission View: can delete on DAG:example_branch_python_operator_decorator
[2024-08-23T22:15:18.518+0000] {logging_mixin.py:190} INFO - [2024-08-23T22:15:18.518+0000] {override.py:1858} INFO - Created Permission View: can read on DAG:example_branch_python_operator_decorator
[2024-08-23T22:15:18.526+0000] {logging_mixin.py:190} INFO - [2024-08-23T22:15:18.526+0000] {override.py:1858} INFO - Created Permission View: can edit on DAG:example_branch_python_operator_decorator
[2024-08-23T22:15:18.527+0000] {logging_mixin.py:190} INFO - [2024-08-23T22:15:18.527+0000] {dag.py:3211} INFO - Sync 1 DAGs
[2024-08-23T22:15:18.539+0000] {logging_mixin.py:190} INFO - [2024-08-23T22:15:18.538+0000] {dag.py:3234} INFO - Creating ORM DAG for example_branch_python_operator_decorator
[2024-08-23T22:15:18.549+0000] {logging_mixin.py:190} INFO - [2024-08-23T22:15:18.549+0000] {dag.py:4138} INFO - Setting next_dagrun for example_branch_python_operator_decorator to 2024-08-22 00:00:00+00:00, run_after=2024-08-23 00:00:00+00:00
[2024-08-23T22:15:18.570+0000] {processor.py:208} INFO - Processing /home/airflow/.local/lib/python3.12/site-packages/airflow/example_dags/example_branch_operator_decorator.py took 0.219 seconds
[2024-08-23T22:15:48.757+0000] {processor.py:186} INFO - Started process (PID=106) to work on /home/airflow/.local/lib/python3.12/site-packages/airflow/example_dags/example_branch_operator_decorator.py
[2024-08-23T22:15:48.777+0000] {processor.py:914} INFO - Processing file /home/airflow/.local/lib/python3.12/site-packages/airflow/example_dags/example_branch_operator_decorator.py for tasks to queue
[2024-08-23T22:15:48.780+0000] {logging_mixin.py:190} INFO - [2024-08-23T22:15:48.779+0000] {dagbag.py:587} INFO - Filling up the DagBag from /home/airflow/.local/lib/python3.12/site-packages/airflow/example_dags/example_branch_operator_decorator.py
[2024-08-23T22:15:48.796+0000] {processor.py:925} INFO - DAG(s) 'example_branch_python_operator_decorator' retrieved from /home/airflow/.local/lib/python3.12/site-packages/airflow/example_dags/example_branch_operator_decorator.py
[2024-08-23T22:15:48.819+0000] {logging_mixin.py:190} INFO - [2024-08-23T22:15:48.819+0000] {dag.py:3211} INFO - Sync 1 DAGs
[2024-08-23T22:15:48.837+0000] {logging_mixin.py:190} INFO - [2024-08-23T22:15:48.837+0000] {dag.py:4138} INFO - Setting next_dagrun for example_branch_python_operator_decorator to 2024-08-22 00:00:00+00:00, run_after=2024-08-23 00:00:00+00:00
[2024-08-23T22:15:48.852+0000] {processor.py:208} INFO - Processing /home/airflow/.local/lib/python3.12/site-packages/airflow/example_dags/example_branch_operator_decorator.py took 0.099 seconds
[2024-08-23T22:16:19.661+0000] {processor.py:186} INFO - Started process (PID=169) to work on /home/airflow/.local/lib/python3.12/site-packages/airflow/example_dags/example_branch_operator_decorator.py
[2024-08-23T22:16:19.696+0000] {processor.py:914} INFO - Processing file /home/airflow/.local/lib/python3.12/site-packages/airflow/example_dags/example_branch_operator_decorator.py for tasks to queue
[2024-08-23T22:16:19.699+0000] {logging_mixin.py:190} INFO - [2024-08-23T22:16:19.698+0000] {dagbag.py:587} INFO - Filling up the DagBag from /home/airflow/.local/lib/python3.12/site-packages/airflow/example_dags/example_branch_operator_decorator.py
[2024-08-23T22:16:19.815+0000] {processor.py:925} INFO - DAG(s) 'example_branch_python_operator_decorator' retrieved from /home/airflow/.local/lib/python3.12/site-packages/airflow/example_dags/example_branch_operator_decorator.py
[2024-08-23T22:16:19.920+0000] {logging_mixin.py:190} INFO - [2024-08-23T22:16:19.919+0000] {dag.py:3211} INFO - Sync 1 DAGs
[2024-08-23T22:16:20.003+0000] {logging_mixin.py:190} INFO - [2024-08-23T22:16:20.001+0000] {dag.py:4138} INFO - Setting next_dagrun for example_branch_python_operator_decorator to 2024-08-22 00:00:00+00:00, run_after=2024-08-23 00:00:00+00:00
[2024-08-23T22:16:20.064+0000] {processor.py:208} INFO - Processing /home/airflow/.local/lib/python3.12/site-packages/airflow/example_dags/example_branch_operator_decorator.py took 0.423 seconds
[2024-08-23T22:16:50.302+0000] {processor.py:186} INFO - Started process (PID=231) to work on /home/airflow/.local/lib/python3.12/site-packages/airflow/example_dags/example_branch_operator_decorator.py
[2024-08-23T22:16:50.328+0000] {processor.py:914} INFO - Processing file /home/airflow/.local/lib/python3.12/site-packages/airflow/example_dags/example_branch_operator_decorator.py for tasks to queue
[2024-08-23T22:16:50.331+0000] {logging_mixin.py:190} INFO - [2024-08-23T22:16:50.330+0000] {dagbag.py:587} INFO - Filling up the DagBag from /home/airflow/.local/lib/python3.12/site-packages/airflow/example_dags/example_branch_operator_decorator.py
[2024-08-23T22:16:50.350+0000] {processor.py:925} INFO - DAG(s) 'example_branch_python_operator_decorator' retrieved from /home/airflow/.local/lib/python3.12/site-packages/airflow/example_dags/example_branch_operator_decorator.py
[2024-08-23T22:16:50.376+0000] {logging_mixin.py:190} INFO - [2024-08-23T22:16:50.375+0000] {dag.py:3211} INFO - Sync 1 DAGs
[2024-08-23T22:16:50.396+0000] {logging_mixin.py:190} INFO - [2024-08-23T22:16:50.396+0000] {dag.py:4138} INFO - Setting next_dagrun for example_branch_python_operator_decorator to 2024-08-22 00:00:00+00:00, run_after=2024-08-23 00:00:00+00:00
[2024-08-23T22:16:50.413+0000] {processor.py:208} INFO - Processing /home/airflow/.local/lib/python3.12/site-packages/airflow/example_dags/example_branch_operator_decorator.py took 0.116 seconds
