[2024-08-23T22:11:55.329+0000] {processor.py:186} INFO - Started process (PID=86) to work on /home/airflow/.local/lib/python3.12/site-packages/airflow/example_dags/example_outlet_event_extra.py
[2024-08-23T22:11:55.334+0000] {processor.py:914} INFO - Processing file /home/airflow/.local/lib/python3.12/site-packages/airflow/example_dags/example_outlet_event_extra.py for tasks to queue
[2024-08-23T22:11:55.338+0000] {logging_mixin.py:190} INFO - [2024-08-23T22:11:55.338+0000] {dagbag.py:587} INFO - Filling up the DagBag from /home/airflow/.local/lib/python3.12/site-packages/airflow/example_dags/example_outlet_event_extra.py
[2024-08-23T22:11:55.555+0000] {processor.py:925} INFO - DAG(s) 'dataset_with_extra_from_classic_operator', 'dataset_with_extra_by_yield', 'dataset_with_extra_by_context' retrieved from /home/airflow/.local/lib/python3.12/site-packages/airflow/example_dags/example_outlet_event_extra.py
[2024-08-23T22:11:55.735+0000] {logging_mixin.py:190} INFO - [2024-08-23T22:11:55.734+0000] {override.py:1858} INFO - Created Permission View: can delete on DAG:dataset_with_extra_from_classic_operator
[2024-08-23T22:11:55.745+0000] {logging_mixin.py:190} INFO - [2024-08-23T22:11:55.744+0000] {override.py:1858} INFO - Created Permission View: can edit on DAG:dataset_with_extra_from_classic_operator
[2024-08-23T22:11:55.751+0000] {logging_mixin.py:190} INFO - [2024-08-23T22:11:55.751+0000] {override.py:1858} INFO - Created Permission View: can read on DAG:dataset_with_extra_from_classic_operator
[2024-08-23T22:11:55.761+0000] {logging_mixin.py:190} INFO - [2024-08-23T22:11:55.761+0000] {override.py:1858} INFO - Created Permission View: can delete on DAG:dataset_with_extra_by_yield
[2024-08-23T22:11:55.768+0000] {logging_mixin.py:190} INFO - [2024-08-23T22:11:55.768+0000] {override.py:1858} INFO - Created Permission View: can edit on DAG:dataset_with_extra_by_yield
[2024-08-23T22:11:55.774+0000] {logging_mixin.py:190} INFO - [2024-08-23T22:11:55.773+0000] {override.py:1858} INFO - Created Permission View: can read on DAG:dataset_with_extra_by_yield
[2024-08-23T22:11:55.784+0000] {logging_mixin.py:190} INFO - [2024-08-23T22:11:55.783+0000] {override.py:1858} INFO - Created Permission View: can delete on DAG:dataset_with_extra_by_context
[2024-08-23T22:11:55.790+0000] {logging_mixin.py:190} INFO - [2024-08-23T22:11:55.790+0000] {override.py:1858} INFO - Created Permission View: can edit on DAG:dataset_with_extra_by_context
[2024-08-23T22:11:55.797+0000] {logging_mixin.py:190} INFO - [2024-08-23T22:11:55.796+0000] {override.py:1858} INFO - Created Permission View: can read on DAG:dataset_with_extra_by_context
[2024-08-23T22:11:55.798+0000] {logging_mixin.py:190} INFO - [2024-08-23T22:11:55.797+0000] {dag.py:3211} INFO - Sync 3 DAGs
[2024-08-23T22:11:55.824+0000] {logging_mixin.py:190} INFO - [2024-08-23T22:11:55.824+0000] {dag.py:3234} INFO - Creating ORM DAG for dataset_with_extra_by_context
[2024-08-23T22:11:55.825+0000] {logging_mixin.py:190} INFO - [2024-08-23T22:11:55.825+0000] {dag.py:3234} INFO - Creating ORM DAG for dataset_with_extra_from_classic_operator
[2024-08-23T22:11:55.825+0000] {logging_mixin.py:190} INFO - [2024-08-23T22:11:55.825+0000] {dag.py:3234} INFO - Creating ORM DAG for dataset_with_extra_by_yield
[2024-08-23T22:11:55.840+0000] {logging_mixin.py:190} INFO - [2024-08-23T22:11:55.840+0000] {dag.py:4138} INFO - Setting next_dagrun for dataset_with_extra_by_context to 2024-08-22 00:00:00+00:00, run_after=2024-08-23 00:00:00+00:00
[2024-08-23T22:11:55.843+0000] {logging_mixin.py:190} INFO - [2024-08-23T22:11:55.843+0000] {dag.py:4138} INFO - Setting next_dagrun for dataset_with_extra_by_yield to 2024-08-22 00:00:00+00:00, run_after=2024-08-23 00:00:00+00:00
[2024-08-23T22:11:55.845+0000] {logging_mixin.py:190} INFO - [2024-08-23T22:11:55.844+0000] {dag.py:4138} INFO - Setting next_dagrun for dataset_with_extra_from_classic_operator to 2024-08-22 00:00:00+00:00, run_after=2024-08-23 00:00:00+00:00
[2024-08-23T22:11:55.871+0000] {processor.py:208} INFO - Processing /home/airflow/.local/lib/python3.12/site-packages/airflow/example_dags/example_outlet_event_extra.py took 0.551 seconds
[2024-08-23T22:12:26.571+0000] {processor.py:186} INFO - Started process (PID=148) to work on /home/airflow/.local/lib/python3.12/site-packages/airflow/example_dags/example_outlet_event_extra.py
[2024-08-23T22:12:26.572+0000] {processor.py:914} INFO - Processing file /home/airflow/.local/lib/python3.12/site-packages/airflow/example_dags/example_outlet_event_extra.py for tasks to queue
[2024-08-23T22:12:26.574+0000] {logging_mixin.py:190} INFO - [2024-08-23T22:12:26.573+0000] {dagbag.py:587} INFO - Filling up the DagBag from /home/airflow/.local/lib/python3.12/site-packages/airflow/example_dags/example_outlet_event_extra.py
[2024-08-23T22:12:26.680+0000] {processor.py:925} INFO - DAG(s) 'dataset_with_extra_by_context', 'dataset_with_extra_from_classic_operator', 'dataset_with_extra_by_yield' retrieved from /home/airflow/.local/lib/python3.12/site-packages/airflow/example_dags/example_outlet_event_extra.py
[2024-08-23T22:12:26.699+0000] {logging_mixin.py:190} INFO - [2024-08-23T22:12:26.699+0000] {dag.py:3211} INFO - Sync 3 DAGs
[2024-08-23T22:12:26.722+0000] {logging_mixin.py:190} INFO - [2024-08-23T22:12:26.722+0000] {dag.py:4138} INFO - Setting next_dagrun for dataset_with_extra_by_context to 2024-08-22 00:00:00+00:00, run_after=2024-08-23 00:00:00+00:00
[2024-08-23T22:12:26.726+0000] {logging_mixin.py:190} INFO - [2024-08-23T22:12:26.726+0000] {dag.py:4138} INFO - Setting next_dagrun for dataset_with_extra_by_yield to 2024-08-22 00:00:00+00:00, run_after=2024-08-23 00:00:00+00:00
[2024-08-23T22:12:26.730+0000] {logging_mixin.py:190} INFO - [2024-08-23T22:12:26.729+0000] {dag.py:4138} INFO - Setting next_dagrun for dataset_with_extra_from_classic_operator to 2024-08-22 00:00:00+00:00, run_after=2024-08-23 00:00:00+00:00
[2024-08-23T22:12:26.754+0000] {processor.py:208} INFO - Processing /home/airflow/.local/lib/python3.12/site-packages/airflow/example_dags/example_outlet_event_extra.py took 0.188 seconds
[2024-08-23T22:12:57.056+0000] {processor.py:186} INFO - Started process (PID=210) to work on /home/airflow/.local/lib/python3.12/site-packages/airflow/example_dags/example_outlet_event_extra.py
[2024-08-23T22:12:57.057+0000] {processor.py:914} INFO - Processing file /home/airflow/.local/lib/python3.12/site-packages/airflow/example_dags/example_outlet_event_extra.py for tasks to queue
[2024-08-23T22:12:57.058+0000] {logging_mixin.py:190} INFO - [2024-08-23T22:12:57.058+0000] {dagbag.py:587} INFO - Filling up the DagBag from /home/airflow/.local/lib/python3.12/site-packages/airflow/example_dags/example_outlet_event_extra.py
[2024-08-23T22:12:57.162+0000] {processor.py:925} INFO - DAG(s) 'dataset_with_extra_from_classic_operator', 'dataset_with_extra_by_yield', 'dataset_with_extra_by_context' retrieved from /home/airflow/.local/lib/python3.12/site-packages/airflow/example_dags/example_outlet_event_extra.py
[2024-08-23T22:12:57.186+0000] {logging_mixin.py:190} INFO - [2024-08-23T22:12:57.186+0000] {dag.py:3211} INFO - Sync 3 DAGs
[2024-08-23T22:12:57.209+0000] {logging_mixin.py:190} INFO - [2024-08-23T22:12:57.209+0000] {dag.py:4138} INFO - Setting next_dagrun for dataset_with_extra_by_context to 2024-08-22 00:00:00+00:00, run_after=2024-08-23 00:00:00+00:00
[2024-08-23T22:12:57.213+0000] {logging_mixin.py:190} INFO - [2024-08-23T22:12:57.213+0000] {dag.py:4138} INFO - Setting next_dagrun for dataset_with_extra_by_yield to 2024-08-22 00:00:00+00:00, run_after=2024-08-23 00:00:00+00:00
[2024-08-23T22:12:57.215+0000] {logging_mixin.py:190} INFO - [2024-08-23T22:12:57.215+0000] {dag.py:4138} INFO - Setting next_dagrun for dataset_with_extra_from_classic_operator to 2024-08-22 00:00:00+00:00, run_after=2024-08-23 00:00:00+00:00
[2024-08-23T22:12:57.231+0000] {processor.py:208} INFO - Processing /home/airflow/.local/lib/python3.12/site-packages/airflow/example_dags/example_outlet_event_extra.py took 0.181 seconds
[2024-08-23T22:13:27.706+0000] {processor.py:186} INFO - Started process (PID=278) to work on /home/airflow/.local/lib/python3.12/site-packages/airflow/example_dags/example_outlet_event_extra.py
[2024-08-23T22:13:27.707+0000] {processor.py:914} INFO - Processing file /home/airflow/.local/lib/python3.12/site-packages/airflow/example_dags/example_outlet_event_extra.py for tasks to queue
[2024-08-23T22:13:27.709+0000] {logging_mixin.py:190} INFO - [2024-08-23T22:13:27.709+0000] {dagbag.py:587} INFO - Filling up the DagBag from /home/airflow/.local/lib/python3.12/site-packages/airflow/example_dags/example_outlet_event_extra.py
[2024-08-23T22:13:27.812+0000] {processor.py:925} INFO - DAG(s) 'dataset_with_extra_by_yield', 'dataset_with_extra_from_classic_operator', 'dataset_with_extra_by_context' retrieved from /home/airflow/.local/lib/python3.12/site-packages/airflow/example_dags/example_outlet_event_extra.py
[2024-08-23T22:13:27.831+0000] {logging_mixin.py:190} INFO - [2024-08-23T22:13:27.831+0000] {dag.py:3211} INFO - Sync 3 DAGs
[2024-08-23T22:13:27.851+0000] {logging_mixin.py:190} INFO - [2024-08-23T22:13:27.851+0000] {dag.py:4138} INFO - Setting next_dagrun for dataset_with_extra_by_context to 2024-08-22 00:00:00+00:00, run_after=2024-08-23 00:00:00+00:00
[2024-08-23T22:13:27.855+0000] {logging_mixin.py:190} INFO - [2024-08-23T22:13:27.855+0000] {dag.py:4138} INFO - Setting next_dagrun for dataset_with_extra_by_yield to 2024-08-22 00:00:00+00:00, run_after=2024-08-23 00:00:00+00:00
[2024-08-23T22:13:27.857+0000] {logging_mixin.py:190} INFO - [2024-08-23T22:13:27.856+0000] {dag.py:4138} INFO - Setting next_dagrun for dataset_with_extra_from_classic_operator to 2024-08-22 00:00:00+00:00, run_after=2024-08-23 00:00:00+00:00
[2024-08-23T22:13:27.873+0000] {processor.py:208} INFO - Processing /home/airflow/.local/lib/python3.12/site-packages/airflow/example_dags/example_outlet_event_extra.py took 0.172 seconds
[2024-08-23T22:13:58.065+0000] {processor.py:186} INFO - Started process (PID=340) to work on /home/airflow/.local/lib/python3.12/site-packages/airflow/example_dags/example_outlet_event_extra.py
[2024-08-23T22:13:58.066+0000] {processor.py:914} INFO - Processing file /home/airflow/.local/lib/python3.12/site-packages/airflow/example_dags/example_outlet_event_extra.py for tasks to queue
[2024-08-23T22:13:58.068+0000] {logging_mixin.py:190} INFO - [2024-08-23T22:13:58.067+0000] {dagbag.py:587} INFO - Filling up the DagBag from /home/airflow/.local/lib/python3.12/site-packages/airflow/example_dags/example_outlet_event_extra.py
[2024-08-23T22:13:58.170+0000] {processor.py:925} INFO - DAG(s) 'dataset_with_extra_by_context', 'dataset_with_extra_from_classic_operator', 'dataset_with_extra_by_yield' retrieved from /home/airflow/.local/lib/python3.12/site-packages/airflow/example_dags/example_outlet_event_extra.py
[2024-08-23T22:13:58.198+0000] {logging_mixin.py:190} INFO - [2024-08-23T22:13:58.198+0000] {dag.py:3211} INFO - Sync 3 DAGs
[2024-08-23T22:13:58.219+0000] {logging_mixin.py:190} INFO - [2024-08-23T22:13:58.219+0000] {dag.py:4138} INFO - Setting next_dagrun for dataset_with_extra_by_context to 2024-08-22 00:00:00+00:00, run_after=2024-08-23 00:00:00+00:00
[2024-08-23T22:13:58.224+0000] {logging_mixin.py:190} INFO - [2024-08-23T22:13:58.223+0000] {dag.py:4138} INFO - Setting next_dagrun for dataset_with_extra_by_yield to 2024-08-22 00:00:00+00:00, run_after=2024-08-23 00:00:00+00:00
[2024-08-23T22:13:58.226+0000] {logging_mixin.py:190} INFO - [2024-08-23T22:13:58.226+0000] {dag.py:4138} INFO - Setting next_dagrun for dataset_with_extra_from_classic_operator to 2024-08-22 00:00:00+00:00, run_after=2024-08-23 00:00:00+00:00
[2024-08-23T22:13:58.248+0000] {processor.py:208} INFO - Processing /home/airflow/.local/lib/python3.12/site-packages/airflow/example_dags/example_outlet_event_extra.py took 0.188 seconds
[2024-08-23T22:15:24.038+0000] {processor.py:186} INFO - Started process (PID=86) to work on /home/airflow/.local/lib/python3.12/site-packages/airflow/example_dags/example_outlet_event_extra.py
[2024-08-23T22:15:24.067+0000] {processor.py:914} INFO - Processing file /home/airflow/.local/lib/python3.12/site-packages/airflow/example_dags/example_outlet_event_extra.py for tasks to queue
[2024-08-23T22:15:24.069+0000] {logging_mixin.py:190} INFO - [2024-08-23T22:15:24.069+0000] {dagbag.py:587} INFO - Filling up the DagBag from /home/airflow/.local/lib/python3.12/site-packages/airflow/example_dags/example_outlet_event_extra.py
[2024-08-23T22:15:24.176+0000] {processor.py:925} INFO - DAG(s) 'dataset_with_extra_by_context', 'dataset_with_extra_from_classic_operator', 'dataset_with_extra_by_yield' retrieved from /home/airflow/.local/lib/python3.12/site-packages/airflow/example_dags/example_outlet_event_extra.py
[2024-08-23T22:15:24.251+0000] {logging_mixin.py:190} INFO - [2024-08-23T22:15:24.251+0000] {override.py:1858} INFO - Created Permission View: can delete on DAG:dataset_with_extra_by_context
[2024-08-23T22:15:24.259+0000] {logging_mixin.py:190} INFO - [2024-08-23T22:15:24.259+0000] {override.py:1858} INFO - Created Permission View: can read on DAG:dataset_with_extra_by_context
[2024-08-23T22:15:24.264+0000] {logging_mixin.py:190} INFO - [2024-08-23T22:15:24.264+0000] {override.py:1858} INFO - Created Permission View: can edit on DAG:dataset_with_extra_by_context
[2024-08-23T22:15:24.275+0000] {logging_mixin.py:190} INFO - [2024-08-23T22:15:24.275+0000] {override.py:1858} INFO - Created Permission View: can delete on DAG:dataset_with_extra_from_classic_operator
[2024-08-23T22:15:24.280+0000] {logging_mixin.py:190} INFO - [2024-08-23T22:15:24.280+0000] {override.py:1858} INFO - Created Permission View: can read on DAG:dataset_with_extra_from_classic_operator
[2024-08-23T22:15:24.285+0000] {logging_mixin.py:190} INFO - [2024-08-23T22:15:24.285+0000] {override.py:1858} INFO - Created Permission View: can edit on DAG:dataset_with_extra_from_classic_operator
[2024-08-23T22:15:24.298+0000] {logging_mixin.py:190} INFO - [2024-08-23T22:15:24.298+0000] {override.py:1858} INFO - Created Permission View: can delete on DAG:dataset_with_extra_by_yield
[2024-08-23T22:15:24.303+0000] {logging_mixin.py:190} INFO - [2024-08-23T22:15:24.302+0000] {override.py:1858} INFO - Created Permission View: can read on DAG:dataset_with_extra_by_yield
[2024-08-23T22:15:24.307+0000] {logging_mixin.py:190} INFO - [2024-08-23T22:15:24.307+0000] {override.py:1858} INFO - Created Permission View: can edit on DAG:dataset_with_extra_by_yield
[2024-08-23T22:15:24.307+0000] {logging_mixin.py:190} INFO - [2024-08-23T22:15:24.307+0000] {dag.py:3211} INFO - Sync 3 DAGs
[2024-08-23T22:15:24.317+0000] {logging_mixin.py:190} INFO - [2024-08-23T22:15:24.316+0000] {dag.py:3234} INFO - Creating ORM DAG for dataset_with_extra_by_yield
[2024-08-23T22:15:24.317+0000] {logging_mixin.py:190} INFO - [2024-08-23T22:15:24.317+0000] {dag.py:3234} INFO - Creating ORM DAG for dataset_with_extra_by_context
[2024-08-23T22:15:24.318+0000] {logging_mixin.py:190} INFO - [2024-08-23T22:15:24.318+0000] {dag.py:3234} INFO - Creating ORM DAG for dataset_with_extra_from_classic_operator
[2024-08-23T22:15:24.327+0000] {logging_mixin.py:190} INFO - [2024-08-23T22:15:24.326+0000] {dag.py:4138} INFO - Setting next_dagrun for dataset_with_extra_by_context to 2024-08-22 00:00:00+00:00, run_after=2024-08-23 00:00:00+00:00
[2024-08-23T22:15:24.328+0000] {logging_mixin.py:190} INFO - [2024-08-23T22:15:24.328+0000] {dag.py:4138} INFO - Setting next_dagrun for dataset_with_extra_by_yield to 2024-08-22 00:00:00+00:00, run_after=2024-08-23 00:00:00+00:00
[2024-08-23T22:15:24.329+0000] {logging_mixin.py:190} INFO - [2024-08-23T22:15:24.329+0000] {dag.py:4138} INFO - Setting next_dagrun for dataset_with_extra_from_classic_operator to 2024-08-22 00:00:00+00:00, run_after=2024-08-23 00:00:00+00:00
[2024-08-23T22:15:24.348+0000] {processor.py:208} INFO - Processing /home/airflow/.local/lib/python3.12/site-packages/airflow/example_dags/example_outlet_event_extra.py took 0.314 seconds
[2024-08-23T22:15:54.396+0000] {processor.py:186} INFO - Started process (PID=147) to work on /home/airflow/.local/lib/python3.12/site-packages/airflow/example_dags/example_outlet_event_extra.py
[2024-08-23T22:15:54.405+0000] {processor.py:914} INFO - Processing file /home/airflow/.local/lib/python3.12/site-packages/airflow/example_dags/example_outlet_event_extra.py for tasks to queue
[2024-08-23T22:15:54.407+0000] {logging_mixin.py:190} INFO - [2024-08-23T22:15:54.407+0000] {dagbag.py:587} INFO - Filling up the DagBag from /home/airflow/.local/lib/python3.12/site-packages/airflow/example_dags/example_outlet_event_extra.py
[2024-08-23T22:15:54.511+0000] {processor.py:925} INFO - DAG(s) 'dataset_with_extra_by_yield', 'dataset_with_extra_from_classic_operator', 'dataset_with_extra_by_context' retrieved from /home/airflow/.local/lib/python3.12/site-packages/airflow/example_dags/example_outlet_event_extra.py
[2024-08-23T22:15:54.532+0000] {logging_mixin.py:190} INFO - [2024-08-23T22:15:54.531+0000] {dag.py:3211} INFO - Sync 3 DAGs
[2024-08-23T22:15:54.549+0000] {logging_mixin.py:190} INFO - [2024-08-23T22:15:54.549+0000] {dag.py:4138} INFO - Setting next_dagrun for dataset_with_extra_by_context to 2024-08-22 00:00:00+00:00, run_after=2024-08-23 00:00:00+00:00
[2024-08-23T22:15:54.553+0000] {logging_mixin.py:190} INFO - [2024-08-23T22:15:54.553+0000] {dag.py:4138} INFO - Setting next_dagrun for dataset_with_extra_by_yield to 2024-08-22 00:00:00+00:00, run_after=2024-08-23 00:00:00+00:00
[2024-08-23T22:15:54.555+0000] {logging_mixin.py:190} INFO - [2024-08-23T22:15:54.555+0000] {dag.py:4138} INFO - Setting next_dagrun for dataset_with_extra_from_classic_operator to 2024-08-22 00:00:00+00:00, run_after=2024-08-23 00:00:00+00:00
[2024-08-23T22:15:54.570+0000] {processor.py:208} INFO - Processing /home/airflow/.local/lib/python3.12/site-packages/airflow/example_dags/example_outlet_event_extra.py took 0.179 seconds
[2024-08-23T22:16:25.490+0000] {processor.py:186} INFO - Started process (PID=211) to work on /home/airflow/.local/lib/python3.12/site-packages/airflow/example_dags/example_outlet_event_extra.py
[2024-08-23T22:16:25.506+0000] {processor.py:914} INFO - Processing file /home/airflow/.local/lib/python3.12/site-packages/airflow/example_dags/example_outlet_event_extra.py for tasks to queue
[2024-08-23T22:16:25.508+0000] {logging_mixin.py:190} INFO - [2024-08-23T22:16:25.508+0000] {dagbag.py:587} INFO - Filling up the DagBag from /home/airflow/.local/lib/python3.12/site-packages/airflow/example_dags/example_outlet_event_extra.py
[2024-08-23T22:16:25.615+0000] {processor.py:925} INFO - DAG(s) 'dataset_with_extra_from_classic_operator', 'dataset_with_extra_by_context', 'dataset_with_extra_by_yield' retrieved from /home/airflow/.local/lib/python3.12/site-packages/airflow/example_dags/example_outlet_event_extra.py
[2024-08-23T22:16:25.638+0000] {logging_mixin.py:190} INFO - [2024-08-23T22:16:25.638+0000] {dag.py:3211} INFO - Sync 3 DAGs
[2024-08-23T22:16:25.685+0000] {logging_mixin.py:190} INFO - [2024-08-23T22:16:25.685+0000] {dag.py:4138} INFO - Setting next_dagrun for dataset_with_extra_by_context to 2024-08-22 00:00:00+00:00, run_after=2024-08-23 00:00:00+00:00
[2024-08-23T22:16:25.704+0000] {logging_mixin.py:190} INFO - [2024-08-23T22:16:25.704+0000] {dag.py:4138} INFO - Setting next_dagrun for dataset_with_extra_by_yield to 2024-08-22 00:00:00+00:00, run_after=2024-08-23 00:00:00+00:00
[2024-08-23T22:16:25.706+0000] {logging_mixin.py:190} INFO - [2024-08-23T22:16:25.706+0000] {dag.py:4138} INFO - Setting next_dagrun for dataset_with_extra_from_classic_operator to 2024-08-22 00:00:00+00:00, run_after=2024-08-23 00:00:00+00:00
[2024-08-23T22:16:25.738+0000] {processor.py:208} INFO - Processing /home/airflow/.local/lib/python3.12/site-packages/airflow/example_dags/example_outlet_event_extra.py took 0.253 seconds
[2024-08-23T22:16:56.018+0000] {processor.py:186} INFO - Started process (PID=273) to work on /home/airflow/.local/lib/python3.12/site-packages/airflow/example_dags/example_outlet_event_extra.py
[2024-08-23T22:16:56.034+0000] {processor.py:914} INFO - Processing file /home/airflow/.local/lib/python3.12/site-packages/airflow/example_dags/example_outlet_event_extra.py for tasks to queue
[2024-08-23T22:16:56.036+0000] {logging_mixin.py:190} INFO - [2024-08-23T22:16:56.036+0000] {dagbag.py:587} INFO - Filling up the DagBag from /home/airflow/.local/lib/python3.12/site-packages/airflow/example_dags/example_outlet_event_extra.py
[2024-08-23T22:16:56.144+0000] {processor.py:925} INFO - DAG(s) 'dataset_with_extra_from_classic_operator', 'dataset_with_extra_by_context', 'dataset_with_extra_by_yield' retrieved from /home/airflow/.local/lib/python3.12/site-packages/airflow/example_dags/example_outlet_event_extra.py
[2024-08-23T22:16:56.172+0000] {logging_mixin.py:190} INFO - [2024-08-23T22:16:56.171+0000] {dag.py:3211} INFO - Sync 3 DAGs
[2024-08-23T22:16:56.196+0000] {logging_mixin.py:190} INFO - [2024-08-23T22:16:56.196+0000] {dag.py:4138} INFO - Setting next_dagrun for dataset_with_extra_by_context to 2024-08-22 00:00:00+00:00, run_after=2024-08-23 00:00:00+00:00
[2024-08-23T22:16:56.200+0000] {logging_mixin.py:190} INFO - [2024-08-23T22:16:56.200+0000] {dag.py:4138} INFO - Setting next_dagrun for dataset_with_extra_by_yield to 2024-08-22 00:00:00+00:00, run_after=2024-08-23 00:00:00+00:00
[2024-08-23T22:16:56.203+0000] {logging_mixin.py:190} INFO - [2024-08-23T22:16:56.203+0000] {dag.py:4138} INFO - Setting next_dagrun for dataset_with_extra_from_classic_operator to 2024-08-22 00:00:00+00:00, run_after=2024-08-23 00:00:00+00:00
[2024-08-23T22:16:56.222+0000] {processor.py:208} INFO - Processing /home/airflow/.local/lib/python3.12/site-packages/airflow/example_dags/example_outlet_event_extra.py took 0.209 seconds
