[2024-08-23T22:11:51.612+0000] {processor.py:186} INFO - Started process (PID=57) to work on /home/airflow/.local/lib/python3.12/site-packages/airflow/example_dags/example_trigger_target_dag.py
[2024-08-23T22:11:51.613+0000] {processor.py:914} INFO - Processing file /home/airflow/.local/lib/python3.12/site-packages/airflow/example_dags/example_trigger_target_dag.py for tasks to queue
[2024-08-23T22:11:51.616+0000] {logging_mixin.py:190} INFO - [2024-08-23T22:11:51.615+0000] {dagbag.py:587} INFO - Filling up the DagBag from /home/airflow/.local/lib/python3.12/site-packages/airflow/example_dags/example_trigger_target_dag.py
[2024-08-23T22:11:51.628+0000] {processor.py:925} INFO - DAG(s) 'example_trigger_target_dag' retrieved from /home/airflow/.local/lib/python3.12/site-packages/airflow/example_dags/example_trigger_target_dag.py
[2024-08-23T22:11:51.810+0000] {logging_mixin.py:190} INFO - [2024-08-23T22:11:51.808+0000] {override.py:1858} INFO - Created Permission View: can delete on DAG:example_trigger_target_dag
[2024-08-23T22:11:51.826+0000] {logging_mixin.py:190} INFO - [2024-08-23T22:11:51.825+0000] {override.py:1858} INFO - Created Permission View: can edit on DAG:example_trigger_target_dag
[2024-08-23T22:11:51.837+0000] {logging_mixin.py:190} INFO - [2024-08-23T22:11:51.836+0000] {override.py:1858} INFO - Created Permission View: can read on DAG:example_trigger_target_dag
[2024-08-23T22:11:51.838+0000] {logging_mixin.py:190} INFO - [2024-08-23T22:11:51.837+0000] {dag.py:3211} INFO - Sync 1 DAGs
[2024-08-23T22:11:51.857+0000] {logging_mixin.py:190} INFO - [2024-08-23T22:11:51.856+0000] {dag.py:3234} INFO - Creating ORM DAG for example_trigger_target_dag
[2024-08-23T22:11:51.859+0000] {logging_mixin.py:190} INFO - [2024-08-23T22:11:51.859+0000] {dag.py:4138} INFO - Setting next_dagrun for example_trigger_target_dag to None, run_after=None
[2024-08-23T22:11:51.888+0000] {processor.py:208} INFO - Processing /home/airflow/.local/lib/python3.12/site-packages/airflow/example_dags/example_trigger_target_dag.py took 0.282 seconds
[2024-08-23T22:12:22.718+0000] {processor.py:186} INFO - Started process (PID=119) to work on /home/airflow/.local/lib/python3.12/site-packages/airflow/example_dags/example_trigger_target_dag.py
[2024-08-23T22:12:22.718+0000] {processor.py:914} INFO - Processing file /home/airflow/.local/lib/python3.12/site-packages/airflow/example_dags/example_trigger_target_dag.py for tasks to queue
[2024-08-23T22:12:22.720+0000] {logging_mixin.py:190} INFO - [2024-08-23T22:12:22.720+0000] {dagbag.py:587} INFO - Filling up the DagBag from /home/airflow/.local/lib/python3.12/site-packages/airflow/example_dags/example_trigger_target_dag.py
[2024-08-23T22:12:22.727+0000] {processor.py:925} INFO - DAG(s) 'example_trigger_target_dag' retrieved from /home/airflow/.local/lib/python3.12/site-packages/airflow/example_dags/example_trigger_target_dag.py
[2024-08-23T22:12:22.745+0000] {logging_mixin.py:190} INFO - [2024-08-23T22:12:22.745+0000] {dag.py:3211} INFO - Sync 1 DAGs
[2024-08-23T22:12:22.757+0000] {logging_mixin.py:190} INFO - [2024-08-23T22:12:22.757+0000] {dag.py:4138} INFO - Setting next_dagrun for example_trigger_target_dag to None, run_after=None
[2024-08-23T22:12:22.777+0000] {processor.py:208} INFO - Processing /home/airflow/.local/lib/python3.12/site-packages/airflow/example_dags/example_trigger_target_dag.py took 0.064 seconds
[2024-08-23T22:12:53.183+0000] {processor.py:186} INFO - Started process (PID=181) to work on /home/airflow/.local/lib/python3.12/site-packages/airflow/example_dags/example_trigger_target_dag.py
[2024-08-23T22:12:53.183+0000] {processor.py:914} INFO - Processing file /home/airflow/.local/lib/python3.12/site-packages/airflow/example_dags/example_trigger_target_dag.py for tasks to queue
[2024-08-23T22:12:53.185+0000] {logging_mixin.py:190} INFO - [2024-08-23T22:12:53.185+0000] {dagbag.py:587} INFO - Filling up the DagBag from /home/airflow/.local/lib/python3.12/site-packages/airflow/example_dags/example_trigger_target_dag.py
[2024-08-23T22:12:53.192+0000] {processor.py:925} INFO - DAG(s) 'example_trigger_target_dag' retrieved from /home/airflow/.local/lib/python3.12/site-packages/airflow/example_dags/example_trigger_target_dag.py
[2024-08-23T22:12:53.209+0000] {logging_mixin.py:190} INFO - [2024-08-23T22:12:53.209+0000] {dag.py:3211} INFO - Sync 1 DAGs
[2024-08-23T22:12:53.225+0000] {logging_mixin.py:190} INFO - [2024-08-23T22:12:53.225+0000] {dag.py:4138} INFO - Setting next_dagrun for example_trigger_target_dag to None, run_after=None
[2024-08-23T22:12:53.242+0000] {processor.py:208} INFO - Processing /home/airflow/.local/lib/python3.12/site-packages/airflow/example_dags/example_trigger_target_dag.py took 0.064 seconds
[2024-08-23T22:13:24.179+0000] {processor.py:186} INFO - Started process (PID=243) to work on /home/airflow/.local/lib/python3.12/site-packages/airflow/example_dags/example_trigger_target_dag.py
[2024-08-23T22:13:24.180+0000] {processor.py:914} INFO - Processing file /home/airflow/.local/lib/python3.12/site-packages/airflow/example_dags/example_trigger_target_dag.py for tasks to queue
[2024-08-23T22:13:24.182+0000] {logging_mixin.py:190} INFO - [2024-08-23T22:13:24.182+0000] {dagbag.py:587} INFO - Filling up the DagBag from /home/airflow/.local/lib/python3.12/site-packages/airflow/example_dags/example_trigger_target_dag.py
[2024-08-23T22:13:24.188+0000] {processor.py:925} INFO - DAG(s) 'example_trigger_target_dag' retrieved from /home/airflow/.local/lib/python3.12/site-packages/airflow/example_dags/example_trigger_target_dag.py
[2024-08-23T22:13:24.205+0000] {logging_mixin.py:190} INFO - [2024-08-23T22:13:24.204+0000] {dag.py:3211} INFO - Sync 1 DAGs
[2024-08-23T22:13:24.215+0000] {logging_mixin.py:190} INFO - [2024-08-23T22:13:24.215+0000] {dag.py:4138} INFO - Setting next_dagrun for example_trigger_target_dag to None, run_after=None
[2024-08-23T22:13:24.230+0000] {processor.py:208} INFO - Processing /home/airflow/.local/lib/python3.12/site-packages/airflow/example_dags/example_trigger_target_dag.py took 0.055 seconds
[2024-08-23T22:13:54.400+0000] {processor.py:186} INFO - Started process (PID=305) to work on /home/airflow/.local/lib/python3.12/site-packages/airflow/example_dags/example_trigger_target_dag.py
[2024-08-23T22:13:54.402+0000] {processor.py:914} INFO - Processing file /home/airflow/.local/lib/python3.12/site-packages/airflow/example_dags/example_trigger_target_dag.py for tasks to queue
[2024-08-23T22:13:54.404+0000] {logging_mixin.py:190} INFO - [2024-08-23T22:13:54.403+0000] {dagbag.py:587} INFO - Filling up the DagBag from /home/airflow/.local/lib/python3.12/site-packages/airflow/example_dags/example_trigger_target_dag.py
[2024-08-23T22:13:54.410+0000] {processor.py:925} INFO - DAG(s) 'example_trigger_target_dag' retrieved from /home/airflow/.local/lib/python3.12/site-packages/airflow/example_dags/example_trigger_target_dag.py
[2024-08-23T22:13:54.425+0000] {logging_mixin.py:190} INFO - [2024-08-23T22:13:54.425+0000] {dag.py:3211} INFO - Sync 1 DAGs
[2024-08-23T22:13:54.435+0000] {logging_mixin.py:190} INFO - [2024-08-23T22:13:54.435+0000] {dag.py:4138} INFO - Setting next_dagrun for example_trigger_target_dag to None, run_after=None
[2024-08-23T22:13:54.451+0000] {processor.py:208} INFO - Processing /home/airflow/.local/lib/python3.12/site-packages/airflow/example_dags/example_trigger_target_dag.py took 0.055 seconds
[2024-08-23T22:15:20.262+0000] {processor.py:186} INFO - Started process (PID=57) to work on /home/airflow/.local/lib/python3.12/site-packages/airflow/example_dags/example_trigger_target_dag.py
[2024-08-23T22:15:20.300+0000] {processor.py:914} INFO - Processing file /home/airflow/.local/lib/python3.12/site-packages/airflow/example_dags/example_trigger_target_dag.py for tasks to queue
[2024-08-23T22:15:20.303+0000] {logging_mixin.py:190} INFO - [2024-08-23T22:15:20.303+0000] {dagbag.py:587} INFO - Filling up the DagBag from /home/airflow/.local/lib/python3.12/site-packages/airflow/example_dags/example_trigger_target_dag.py
[2024-08-23T22:15:20.315+0000] {processor.py:925} INFO - DAG(s) 'example_trigger_target_dag' retrieved from /home/airflow/.local/lib/python3.12/site-packages/airflow/example_dags/example_trigger_target_dag.py
[2024-08-23T22:15:20.442+0000] {logging_mixin.py:190} INFO - [2024-08-23T22:15:20.441+0000] {override.py:1858} INFO - Created Permission View: can delete on DAG:example_trigger_target_dag
[2024-08-23T22:15:20.451+0000] {logging_mixin.py:190} INFO - [2024-08-23T22:15:20.451+0000] {override.py:1858} INFO - Created Permission View: can read on DAG:example_trigger_target_dag
[2024-08-23T22:15:20.457+0000] {logging_mixin.py:190} INFO - [2024-08-23T22:15:20.457+0000] {override.py:1858} INFO - Created Permission View: can edit on DAG:example_trigger_target_dag
[2024-08-23T22:15:20.458+0000] {logging_mixin.py:190} INFO - [2024-08-23T22:15:20.458+0000] {dag.py:3211} INFO - Sync 1 DAGs
[2024-08-23T22:15:20.469+0000] {logging_mixin.py:190} INFO - [2024-08-23T22:15:20.469+0000] {dag.py:3234} INFO - Creating ORM DAG for example_trigger_target_dag
[2024-08-23T22:15:20.470+0000] {logging_mixin.py:190} INFO - [2024-08-23T22:15:20.469+0000] {dag.py:4138} INFO - Setting next_dagrun for example_trigger_target_dag to None, run_after=None
[2024-08-23T22:15:20.482+0000] {processor.py:208} INFO - Processing /home/airflow/.local/lib/python3.12/site-packages/airflow/example_dags/example_trigger_target_dag.py took 0.227 seconds
[2024-08-23T22:15:50.636+0000] {processor.py:186} INFO - Started process (PID=119) to work on /home/airflow/.local/lib/python3.12/site-packages/airflow/example_dags/example_trigger_target_dag.py
[2024-08-23T22:15:50.653+0000] {processor.py:914} INFO - Processing file /home/airflow/.local/lib/python3.12/site-packages/airflow/example_dags/example_trigger_target_dag.py for tasks to queue
[2024-08-23T22:15:50.656+0000] {logging_mixin.py:190} INFO - [2024-08-23T22:15:50.655+0000] {dagbag.py:587} INFO - Filling up the DagBag from /home/airflow/.local/lib/python3.12/site-packages/airflow/example_dags/example_trigger_target_dag.py
[2024-08-23T22:15:50.662+0000] {processor.py:925} INFO - DAG(s) 'example_trigger_target_dag' retrieved from /home/airflow/.local/lib/python3.12/site-packages/airflow/example_dags/example_trigger_target_dag.py
[2024-08-23T22:15:50.683+0000] {logging_mixin.py:190} INFO - [2024-08-23T22:15:50.683+0000] {dag.py:3211} INFO - Sync 1 DAGs
[2024-08-23T22:15:50.695+0000] {logging_mixin.py:190} INFO - [2024-08-23T22:15:50.695+0000] {dag.py:4138} INFO - Setting next_dagrun for example_trigger_target_dag to None, run_after=None
[2024-08-23T22:15:50.713+0000] {processor.py:208} INFO - Processing /home/airflow/.local/lib/python3.12/site-packages/airflow/example_dags/example_trigger_target_dag.py took 0.081 seconds
[2024-08-23T22:16:21.026+0000] {processor.py:186} INFO - Started process (PID=182) to work on /home/airflow/.local/lib/python3.12/site-packages/airflow/example_dags/example_trigger_target_dag.py
[2024-08-23T22:16:21.050+0000] {processor.py:914} INFO - Processing file /home/airflow/.local/lib/python3.12/site-packages/airflow/example_dags/example_trigger_target_dag.py for tasks to queue
[2024-08-23T22:16:21.052+0000] {logging_mixin.py:190} INFO - [2024-08-23T22:16:21.052+0000] {dagbag.py:587} INFO - Filling up the DagBag from /home/airflow/.local/lib/python3.12/site-packages/airflow/example_dags/example_trigger_target_dag.py
[2024-08-23T22:16:21.058+0000] {processor.py:925} INFO - DAG(s) 'example_trigger_target_dag' retrieved from /home/airflow/.local/lib/python3.12/site-packages/airflow/example_dags/example_trigger_target_dag.py
[2024-08-23T22:16:21.076+0000] {logging_mixin.py:190} INFO - [2024-08-23T22:16:21.076+0000] {dag.py:3211} INFO - Sync 1 DAGs
[2024-08-23T22:16:21.131+0000] {logging_mixin.py:190} INFO - [2024-08-23T22:16:21.131+0000] {dag.py:4138} INFO - Setting next_dagrun for example_trigger_target_dag to None, run_after=None
[2024-08-23T22:16:21.169+0000] {processor.py:208} INFO - Processing /home/airflow/.local/lib/python3.12/site-packages/airflow/example_dags/example_trigger_target_dag.py took 0.150 seconds
[2024-08-23T22:16:51.617+0000] {processor.py:186} INFO - Started process (PID=244) to work on /home/airflow/.local/lib/python3.12/site-packages/airflow/example_dags/example_trigger_target_dag.py
[2024-08-23T22:16:51.680+0000] {processor.py:914} INFO - Processing file /home/airflow/.local/lib/python3.12/site-packages/airflow/example_dags/example_trigger_target_dag.py for tasks to queue
[2024-08-23T22:16:51.682+0000] {logging_mixin.py:190} INFO - [2024-08-23T22:16:51.682+0000] {dagbag.py:587} INFO - Filling up the DagBag from /home/airflow/.local/lib/python3.12/site-packages/airflow/example_dags/example_trigger_target_dag.py
[2024-08-23T22:16:51.689+0000] {processor.py:925} INFO - DAG(s) 'example_trigger_target_dag' retrieved from /home/airflow/.local/lib/python3.12/site-packages/airflow/example_dags/example_trigger_target_dag.py
[2024-08-23T22:16:51.705+0000] {logging_mixin.py:190} INFO - [2024-08-23T22:16:51.704+0000] {dag.py:3211} INFO - Sync 1 DAGs
[2024-08-23T22:16:51.716+0000] {logging_mixin.py:190} INFO - [2024-08-23T22:16:51.715+0000] {dag.py:4138} INFO - Setting next_dagrun for example_trigger_target_dag to None, run_after=None
[2024-08-23T22:16:51.733+0000] {processor.py:208} INFO - Processing /home/airflow/.local/lib/python3.12/site-packages/airflow/example_dags/example_trigger_target_dag.py took 0.121 seconds
