[2024-08-23T22:11:56.205+0000] {processor.py:186} INFO - Started process (PID=89) to work on /home/airflow/.local/lib/python3.12/site-packages/airflow/example_dags/example_external_task_marker_dag.py
[2024-08-23T22:11:56.206+0000] {processor.py:914} INFO - Processing file /home/airflow/.local/lib/python3.12/site-packages/airflow/example_dags/example_external_task_marker_dag.py for tasks to queue
[2024-08-23T22:11:56.209+0000] {logging_mixin.py:190} INFO - [2024-08-23T22:11:56.209+0000] {dagbag.py:587} INFO - Filling up the DagBag from /home/airflow/.local/lib/python3.12/site-packages/airflow/example_dags/example_external_task_marker_dag.py
[2024-08-23T22:11:56.231+0000] {processor.py:925} INFO - DAG(s) 'example_external_task_marker_child', 'example_external_task_marker_parent' retrieved from /home/airflow/.local/lib/python3.12/site-packages/airflow/example_dags/example_external_task_marker_dag.py
[2024-08-23T22:11:56.348+0000] {logging_mixin.py:190} INFO - [2024-08-23T22:11:56.348+0000] {override.py:1858} INFO - Created Permission View: can delete on DAG:example_external_task_marker_child
[2024-08-23T22:11:56.358+0000] {logging_mixin.py:190} INFO - [2024-08-23T22:11:56.358+0000] {override.py:1858} INFO - Created Permission View: can edit on DAG:example_external_task_marker_child
[2024-08-23T22:11:56.365+0000] {logging_mixin.py:190} INFO - [2024-08-23T22:11:56.364+0000] {override.py:1858} INFO - Created Permission View: can read on DAG:example_external_task_marker_child
[2024-08-23T22:11:56.377+0000] {logging_mixin.py:190} INFO - [2024-08-23T22:11:56.376+0000] {override.py:1858} INFO - Created Permission View: can delete on DAG:example_external_task_marker_parent
[2024-08-23T22:11:56.384+0000] {logging_mixin.py:190} INFO - [2024-08-23T22:11:56.383+0000] {override.py:1858} INFO - Created Permission View: can edit on DAG:example_external_task_marker_parent
[2024-08-23T22:11:56.391+0000] {logging_mixin.py:190} INFO - [2024-08-23T22:11:56.391+0000] {override.py:1858} INFO - Created Permission View: can read on DAG:example_external_task_marker_parent
[2024-08-23T22:11:56.392+0000] {logging_mixin.py:190} INFO - [2024-08-23T22:11:56.392+0000] {dag.py:3211} INFO - Sync 2 DAGs
[2024-08-23T22:11:56.413+0000] {logging_mixin.py:190} INFO - [2024-08-23T22:11:56.413+0000] {dag.py:3234} INFO - Creating ORM DAG for example_external_task_marker_child
[2024-08-23T22:11:56.414+0000] {logging_mixin.py:190} INFO - [2024-08-23T22:11:56.414+0000] {dag.py:3234} INFO - Creating ORM DAG for example_external_task_marker_parent
[2024-08-23T22:11:56.415+0000] {logging_mixin.py:190} INFO - [2024-08-23T22:11:56.415+0000] {dag.py:4138} INFO - Setting next_dagrun for example_external_task_marker_child to None, run_after=None
[2024-08-23T22:11:56.416+0000] {logging_mixin.py:190} INFO - [2024-08-23T22:11:56.416+0000] {dag.py:4138} INFO - Setting next_dagrun for example_external_task_marker_parent to None, run_after=None
[2024-08-23T22:11:56.434+0000] {processor.py:208} INFO - Processing /home/airflow/.local/lib/python3.12/site-packages/airflow/example_dags/example_external_task_marker_dag.py took 0.233 seconds
[2024-08-23T22:12:26.950+0000] {processor.py:186} INFO - Started process (PID=151) to work on /home/airflow/.local/lib/python3.12/site-packages/airflow/example_dags/example_external_task_marker_dag.py
[2024-08-23T22:12:26.951+0000] {processor.py:914} INFO - Processing file /home/airflow/.local/lib/python3.12/site-packages/airflow/example_dags/example_external_task_marker_dag.py for tasks to queue
[2024-08-23T22:12:26.953+0000] {logging_mixin.py:190} INFO - [2024-08-23T22:12:26.953+0000] {dagbag.py:587} INFO - Filling up the DagBag from /home/airflow/.local/lib/python3.12/site-packages/airflow/example_dags/example_external_task_marker_dag.py
[2024-08-23T22:12:26.962+0000] {processor.py:925} INFO - DAG(s) 'example_external_task_marker_child', 'example_external_task_marker_parent' retrieved from /home/airflow/.local/lib/python3.12/site-packages/airflow/example_dags/example_external_task_marker_dag.py
[2024-08-23T22:12:26.980+0000] {logging_mixin.py:190} INFO - [2024-08-23T22:12:26.980+0000] {dag.py:3211} INFO - Sync 2 DAGs
[2024-08-23T22:12:26.993+0000] {logging_mixin.py:190} INFO - [2024-08-23T22:12:26.993+0000] {dag.py:4138} INFO - Setting next_dagrun for example_external_task_marker_child to None, run_after=None
[2024-08-23T22:12:26.997+0000] {logging_mixin.py:190} INFO - [2024-08-23T22:12:26.997+0000] {dag.py:4138} INFO - Setting next_dagrun for example_external_task_marker_parent to None, run_after=None
[2024-08-23T22:12:27.024+0000] {processor.py:208} INFO - Processing /home/airflow/.local/lib/python3.12/site-packages/airflow/example_dags/example_external_task_marker_dag.py took 0.079 seconds
[2024-08-23T22:12:57.415+0000] {processor.py:186} INFO - Started process (PID=213) to work on /home/airflow/.local/lib/python3.12/site-packages/airflow/example_dags/example_external_task_marker_dag.py
[2024-08-23T22:12:57.416+0000] {processor.py:914} INFO - Processing file /home/airflow/.local/lib/python3.12/site-packages/airflow/example_dags/example_external_task_marker_dag.py for tasks to queue
[2024-08-23T22:12:57.418+0000] {logging_mixin.py:190} INFO - [2024-08-23T22:12:57.418+0000] {dagbag.py:587} INFO - Filling up the DagBag from /home/airflow/.local/lib/python3.12/site-packages/airflow/example_dags/example_external_task_marker_dag.py
[2024-08-23T22:12:57.424+0000] {processor.py:925} INFO - DAG(s) 'example_external_task_marker_parent', 'example_external_task_marker_child' retrieved from /home/airflow/.local/lib/python3.12/site-packages/airflow/example_dags/example_external_task_marker_dag.py
[2024-08-23T22:12:57.446+0000] {logging_mixin.py:190} INFO - [2024-08-23T22:12:57.446+0000] {dag.py:3211} INFO - Sync 2 DAGs
[2024-08-23T22:12:57.459+0000] {logging_mixin.py:190} INFO - [2024-08-23T22:12:57.458+0000] {dag.py:4138} INFO - Setting next_dagrun for example_external_task_marker_child to None, run_after=None
[2024-08-23T22:12:57.463+0000] {logging_mixin.py:190} INFO - [2024-08-23T22:12:57.463+0000] {dag.py:4138} INFO - Setting next_dagrun for example_external_task_marker_parent to None, run_after=None
[2024-08-23T22:12:57.477+0000] {processor.py:208} INFO - Processing /home/airflow/.local/lib/python3.12/site-packages/airflow/example_dags/example_external_task_marker_dag.py took 0.066 seconds
[2024-08-23T22:13:28.034+0000] {processor.py:186} INFO - Started process (PID=281) to work on /home/airflow/.local/lib/python3.12/site-packages/airflow/example_dags/example_external_task_marker_dag.py
[2024-08-23T22:13:28.035+0000] {processor.py:914} INFO - Processing file /home/airflow/.local/lib/python3.12/site-packages/airflow/example_dags/example_external_task_marker_dag.py for tasks to queue
[2024-08-23T22:13:28.037+0000] {logging_mixin.py:190} INFO - [2024-08-23T22:13:28.037+0000] {dagbag.py:587} INFO - Filling up the DagBag from /home/airflow/.local/lib/python3.12/site-packages/airflow/example_dags/example_external_task_marker_dag.py
[2024-08-23T22:13:28.044+0000] {processor.py:925} INFO - DAG(s) 'example_external_task_marker_parent', 'example_external_task_marker_child' retrieved from /home/airflow/.local/lib/python3.12/site-packages/airflow/example_dags/example_external_task_marker_dag.py
[2024-08-23T22:13:28.062+0000] {logging_mixin.py:190} INFO - [2024-08-23T22:13:28.062+0000] {dag.py:3211} INFO - Sync 2 DAGs
[2024-08-23T22:13:28.073+0000] {logging_mixin.py:190} INFO - [2024-08-23T22:13:28.073+0000] {dag.py:4138} INFO - Setting next_dagrun for example_external_task_marker_child to None, run_after=None
[2024-08-23T22:13:28.077+0000] {logging_mixin.py:190} INFO - [2024-08-23T22:13:28.076+0000] {dag.py:4138} INFO - Setting next_dagrun for example_external_task_marker_parent to None, run_after=None
[2024-08-23T22:13:28.089+0000] {processor.py:208} INFO - Processing /home/airflow/.local/lib/python3.12/site-packages/airflow/example_dags/example_external_task_marker_dag.py took 0.059 seconds
[2024-08-23T22:13:58.416+0000] {processor.py:186} INFO - Started process (PID=343) to work on /home/airflow/.local/lib/python3.12/site-packages/airflow/example_dags/example_external_task_marker_dag.py
[2024-08-23T22:13:58.417+0000] {processor.py:914} INFO - Processing file /home/airflow/.local/lib/python3.12/site-packages/airflow/example_dags/example_external_task_marker_dag.py for tasks to queue
[2024-08-23T22:13:58.419+0000] {logging_mixin.py:190} INFO - [2024-08-23T22:13:58.419+0000] {dagbag.py:587} INFO - Filling up the DagBag from /home/airflow/.local/lib/python3.12/site-packages/airflow/example_dags/example_external_task_marker_dag.py
[2024-08-23T22:13:58.425+0000] {processor.py:925} INFO - DAG(s) 'example_external_task_marker_parent', 'example_external_task_marker_child' retrieved from /home/airflow/.local/lib/python3.12/site-packages/airflow/example_dags/example_external_task_marker_dag.py
[2024-08-23T22:13:58.444+0000] {logging_mixin.py:190} INFO - [2024-08-23T22:13:58.443+0000] {dag.py:3211} INFO - Sync 2 DAGs
[2024-08-23T22:13:58.456+0000] {logging_mixin.py:190} INFO - [2024-08-23T22:13:58.456+0000] {dag.py:4138} INFO - Setting next_dagrun for example_external_task_marker_child to None, run_after=None
[2024-08-23T22:13:58.460+0000] {logging_mixin.py:190} INFO - [2024-08-23T22:13:58.459+0000] {dag.py:4138} INFO - Setting next_dagrun for example_external_task_marker_parent to None, run_after=None
[2024-08-23T22:13:58.474+0000] {processor.py:208} INFO - Processing /home/airflow/.local/lib/python3.12/site-packages/airflow/example_dags/example_external_task_marker_dag.py took 0.063 seconds
[2024-08-23T22:15:24.852+0000] {processor.py:186} INFO - Started process (PID=89) to work on /home/airflow/.local/lib/python3.12/site-packages/airflow/example_dags/example_external_task_marker_dag.py
[2024-08-23T22:15:24.861+0000] {processor.py:914} INFO - Processing file /home/airflow/.local/lib/python3.12/site-packages/airflow/example_dags/example_external_task_marker_dag.py for tasks to queue
[2024-08-23T22:15:24.864+0000] {logging_mixin.py:190} INFO - [2024-08-23T22:15:24.864+0000] {dagbag.py:587} INFO - Filling up the DagBag from /home/airflow/.local/lib/python3.12/site-packages/airflow/example_dags/example_external_task_marker_dag.py
[2024-08-23T22:15:24.871+0000] {processor.py:925} INFO - DAG(s) 'example_external_task_marker_parent', 'example_external_task_marker_child' retrieved from /home/airflow/.local/lib/python3.12/site-packages/airflow/example_dags/example_external_task_marker_dag.py
[2024-08-23T22:15:24.944+0000] {logging_mixin.py:190} INFO - [2024-08-23T22:15:24.944+0000] {override.py:1858} INFO - Created Permission View: can delete on DAG:example_external_task_marker_parent
[2024-08-23T22:15:24.953+0000] {logging_mixin.py:190} INFO - [2024-08-23T22:15:24.952+0000] {override.py:1858} INFO - Created Permission View: can read on DAG:example_external_task_marker_parent
[2024-08-23T22:15:24.958+0000] {logging_mixin.py:190} INFO - [2024-08-23T22:15:24.958+0000] {override.py:1858} INFO - Created Permission View: can edit on DAG:example_external_task_marker_parent
[2024-08-23T22:15:24.970+0000] {logging_mixin.py:190} INFO - [2024-08-23T22:15:24.969+0000] {override.py:1858} INFO - Created Permission View: can delete on DAG:example_external_task_marker_child
[2024-08-23T22:15:24.977+0000] {logging_mixin.py:190} INFO - [2024-08-23T22:15:24.976+0000] {override.py:1858} INFO - Created Permission View: can read on DAG:example_external_task_marker_child
[2024-08-23T22:15:24.982+0000] {logging_mixin.py:190} INFO - [2024-08-23T22:15:24.982+0000] {override.py:1858} INFO - Created Permission View: can edit on DAG:example_external_task_marker_child
[2024-08-23T22:15:24.983+0000] {logging_mixin.py:190} INFO - [2024-08-23T22:15:24.983+0000] {dag.py:3211} INFO - Sync 2 DAGs
[2024-08-23T22:15:24.992+0000] {logging_mixin.py:190} INFO - [2024-08-23T22:15:24.992+0000] {dag.py:3234} INFO - Creating ORM DAG for example_external_task_marker_child
[2024-08-23T22:15:24.993+0000] {logging_mixin.py:190} INFO - [2024-08-23T22:15:24.993+0000] {dag.py:3234} INFO - Creating ORM DAG for example_external_task_marker_parent
[2024-08-23T22:15:24.994+0000] {logging_mixin.py:190} INFO - [2024-08-23T22:15:24.994+0000] {dag.py:4138} INFO - Setting next_dagrun for example_external_task_marker_child to None, run_after=None
[2024-08-23T22:15:24.995+0000] {logging_mixin.py:190} INFO - [2024-08-23T22:15:24.995+0000] {dag.py:4138} INFO - Setting next_dagrun for example_external_task_marker_parent to None, run_after=None
[2024-08-23T22:15:25.009+0000] {processor.py:208} INFO - Processing /home/airflow/.local/lib/python3.12/site-packages/airflow/example_dags/example_external_task_marker_dag.py took 0.162 seconds
[2024-08-23T22:15:55.149+0000] {processor.py:186} INFO - Started process (PID=151) to work on /home/airflow/.local/lib/python3.12/site-packages/airflow/example_dags/example_external_task_marker_dag.py
[2024-08-23T22:15:55.175+0000] {processor.py:914} INFO - Processing file /home/airflow/.local/lib/python3.12/site-packages/airflow/example_dags/example_external_task_marker_dag.py for tasks to queue
[2024-08-23T22:15:55.177+0000] {logging_mixin.py:190} INFO - [2024-08-23T22:15:55.177+0000] {dagbag.py:587} INFO - Filling up the DagBag from /home/airflow/.local/lib/python3.12/site-packages/airflow/example_dags/example_external_task_marker_dag.py
[2024-08-23T22:15:55.185+0000] {processor.py:925} INFO - DAG(s) 'example_external_task_marker_child', 'example_external_task_marker_parent' retrieved from /home/airflow/.local/lib/python3.12/site-packages/airflow/example_dags/example_external_task_marker_dag.py
[2024-08-23T22:15:55.204+0000] {logging_mixin.py:190} INFO - [2024-08-23T22:15:55.204+0000] {dag.py:3211} INFO - Sync 2 DAGs
[2024-08-23T22:15:55.225+0000] {logging_mixin.py:190} INFO - [2024-08-23T22:15:55.225+0000] {dag.py:4138} INFO - Setting next_dagrun for example_external_task_marker_child to None, run_after=None
[2024-08-23T22:15:55.229+0000] {logging_mixin.py:190} INFO - [2024-08-23T22:15:55.229+0000] {dag.py:4138} INFO - Setting next_dagrun for example_external_task_marker_parent to None, run_after=None
[2024-08-23T22:15:55.245+0000] {processor.py:208} INFO - Processing /home/airflow/.local/lib/python3.12/site-packages/airflow/example_dags/example_external_task_marker_dag.py took 0.101 seconds
[2024-08-23T22:16:26.281+0000] {processor.py:186} INFO - Started process (PID=214) to work on /home/airflow/.local/lib/python3.12/site-packages/airflow/example_dags/example_external_task_marker_dag.py
[2024-08-23T22:16:26.330+0000] {processor.py:914} INFO - Processing file /home/airflow/.local/lib/python3.12/site-packages/airflow/example_dags/example_external_task_marker_dag.py for tasks to queue
[2024-08-23T22:16:26.332+0000] {logging_mixin.py:190} INFO - [2024-08-23T22:16:26.332+0000] {dagbag.py:587} INFO - Filling up the DagBag from /home/airflow/.local/lib/python3.12/site-packages/airflow/example_dags/example_external_task_marker_dag.py
[2024-08-23T22:16:26.339+0000] {processor.py:925} INFO - DAG(s) 'example_external_task_marker_child', 'example_external_task_marker_parent' retrieved from /home/airflow/.local/lib/python3.12/site-packages/airflow/example_dags/example_external_task_marker_dag.py
[2024-08-23T22:16:26.358+0000] {logging_mixin.py:190} INFO - [2024-08-23T22:16:26.358+0000] {dag.py:3211} INFO - Sync 2 DAGs
[2024-08-23T22:16:26.370+0000] {logging_mixin.py:190} INFO - [2024-08-23T22:16:26.369+0000] {dag.py:4138} INFO - Setting next_dagrun for example_external_task_marker_child to None, run_after=None
[2024-08-23T22:16:26.373+0000] {logging_mixin.py:190} INFO - [2024-08-23T22:16:26.372+0000] {dag.py:4138} INFO - Setting next_dagrun for example_external_task_marker_parent to None, run_after=None
[2024-08-23T22:16:26.386+0000] {processor.py:208} INFO - Processing /home/airflow/.local/lib/python3.12/site-packages/airflow/example_dags/example_external_task_marker_dag.py took 0.109 seconds
[2024-08-23T22:16:56.584+0000] {processor.py:186} INFO - Started process (PID=276) to work on /home/airflow/.local/lib/python3.12/site-packages/airflow/example_dags/example_external_task_marker_dag.py
[2024-08-23T22:16:56.645+0000] {processor.py:914} INFO - Processing file /home/airflow/.local/lib/python3.12/site-packages/airflow/example_dags/example_external_task_marker_dag.py for tasks to queue
[2024-08-23T22:16:56.696+0000] {logging_mixin.py:190} INFO - [2024-08-23T22:16:56.696+0000] {dagbag.py:587} INFO - Filling up the DagBag from /home/airflow/.local/lib/python3.12/site-packages/airflow/example_dags/example_external_task_marker_dag.py
[2024-08-23T22:16:56.704+0000] {processor.py:925} INFO - DAG(s) 'example_external_task_marker_child', 'example_external_task_marker_parent' retrieved from /home/airflow/.local/lib/python3.12/site-packages/airflow/example_dags/example_external_task_marker_dag.py
[2024-08-23T22:16:56.737+0000] {logging_mixin.py:190} INFO - [2024-08-23T22:16:56.737+0000] {dag.py:3211} INFO - Sync 2 DAGs
[2024-08-23T22:16:56.749+0000] {logging_mixin.py:190} INFO - [2024-08-23T22:16:56.748+0000] {dag.py:4138} INFO - Setting next_dagrun for example_external_task_marker_child to None, run_after=None
[2024-08-23T22:16:56.752+0000] {logging_mixin.py:190} INFO - [2024-08-23T22:16:56.752+0000] {dag.py:4138} INFO - Setting next_dagrun for example_external_task_marker_parent to None, run_after=None
[2024-08-23T22:16:56.768+0000] {processor.py:208} INFO - Processing /home/airflow/.local/lib/python3.12/site-packages/airflow/example_dags/example_external_task_marker_dag.py took 0.190 seconds
