[2024-08-23T22:11:55.213+0000] {processor.py:186} INFO - Started process (PID=85) to work on /home/airflow/.local/lib/python3.12/site-packages/airflow/example_dags/example_datasets.py
[2024-08-23T22:11:55.215+0000] {processor.py:914} INFO - Processing file /home/airflow/.local/lib/python3.12/site-packages/airflow/example_dags/example_datasets.py for tasks to queue
[2024-08-23T22:11:55.218+0000] {logging_mixin.py:190} INFO - [2024-08-23T22:11:55.218+0000] {dagbag.py:587} INFO - Filling up the DagBag from /home/airflow/.local/lib/python3.12/site-packages/airflow/example_dags/example_datasets.py
[2024-08-23T22:11:55.419+0000] {processor.py:925} INFO - DAG(s) 'dataset_produces_1', 'consume_1_and_2_with_dataset_expressions', 'consume_1_or_2_with_dataset_expressions', 'consume_1_or_both_2_and_3_with_dataset_expressions', 'dataset_consumes_1', 'dataset_produces_2', 'conditional_dataset_and_time_based_timetable', 'dataset_consumes_unknown_never_scheduled', 'dataset_consumes_1_never_scheduled', 'dataset_consumes_1_and_2' retrieved from /home/airflow/.local/lib/python3.12/site-packages/airflow/example_dags/example_datasets.py
[2024-08-23T22:11:55.588+0000] {logging_mixin.py:190} INFO - [2024-08-23T22:11:55.587+0000] {override.py:1858} INFO - Created Permission View: can delete on DAG:dataset_produces_1
[2024-08-23T22:11:55.599+0000] {logging_mixin.py:190} INFO - [2024-08-23T22:11:55.599+0000] {override.py:1858} INFO - Created Permission View: can edit on DAG:dataset_produces_1
[2024-08-23T22:11:55.606+0000] {logging_mixin.py:190} INFO - [2024-08-23T22:11:55.605+0000] {override.py:1858} INFO - Created Permission View: can read on DAG:dataset_produces_1
[2024-08-23T22:11:55.621+0000] {logging_mixin.py:190} INFO - [2024-08-23T22:11:55.621+0000] {override.py:1858} INFO - Created Permission View: can delete on DAG:consume_1_and_2_with_dataset_expressions
[2024-08-23T22:11:55.628+0000] {logging_mixin.py:190} INFO - [2024-08-23T22:11:55.628+0000] {override.py:1858} INFO - Created Permission View: can edit on DAG:consume_1_and_2_with_dataset_expressions
[2024-08-23T22:11:55.634+0000] {logging_mixin.py:190} INFO - [2024-08-23T22:11:55.634+0000] {override.py:1858} INFO - Created Permission View: can read on DAG:consume_1_and_2_with_dataset_expressions
[2024-08-23T22:11:55.645+0000] {logging_mixin.py:190} INFO - [2024-08-23T22:11:55.645+0000] {override.py:1858} INFO - Created Permission View: can delete on DAG:consume_1_or_2_with_dataset_expressions
[2024-08-23T22:11:55.652+0000] {logging_mixin.py:190} INFO - [2024-08-23T22:11:55.652+0000] {override.py:1858} INFO - Created Permission View: can edit on DAG:consume_1_or_2_with_dataset_expressions
[2024-08-23T22:11:55.659+0000] {logging_mixin.py:190} INFO - [2024-08-23T22:11:55.659+0000] {override.py:1858} INFO - Created Permission View: can read on DAG:consume_1_or_2_with_dataset_expressions
[2024-08-23T22:11:55.670+0000] {logging_mixin.py:190} INFO - [2024-08-23T22:11:55.670+0000] {override.py:1858} INFO - Created Permission View: can delete on DAG:consume_1_or_both_2_and_3_with_dataset_expressions
[2024-08-23T22:11:55.678+0000] {logging_mixin.py:190} INFO - [2024-08-23T22:11:55.678+0000] {override.py:1858} INFO - Created Permission View: can edit on DAG:consume_1_or_both_2_and_3_with_dataset_expressions
[2024-08-23T22:11:55.686+0000] {logging_mixin.py:190} INFO - [2024-08-23T22:11:55.686+0000] {override.py:1858} INFO - Created Permission View: can read on DAG:consume_1_or_both_2_and_3_with_dataset_expressions
[2024-08-23T22:11:55.698+0000] {logging_mixin.py:190} INFO - [2024-08-23T22:11:55.698+0000] {override.py:1858} INFO - Created Permission View: can delete on DAG:dataset_consumes_1
[2024-08-23T22:11:55.705+0000] {logging_mixin.py:190} INFO - [2024-08-23T22:11:55.705+0000] {override.py:1858} INFO - Created Permission View: can edit on DAG:dataset_consumes_1
[2024-08-23T22:11:55.712+0000] {logging_mixin.py:190} INFO - [2024-08-23T22:11:55.711+0000] {override.py:1858} INFO - Created Permission View: can read on DAG:dataset_consumes_1
[2024-08-23T22:11:55.722+0000] {logging_mixin.py:190} INFO - [2024-08-23T22:11:55.722+0000] {override.py:1858} INFO - Created Permission View: can delete on DAG:dataset_produces_2
[2024-08-23T22:11:55.729+0000] {logging_mixin.py:190} INFO - [2024-08-23T22:11:55.729+0000] {override.py:1858} INFO - Created Permission View: can edit on DAG:dataset_produces_2
[2024-08-23T22:11:55.735+0000] {logging_mixin.py:190} INFO - [2024-08-23T22:11:55.735+0000] {override.py:1858} INFO - Created Permission View: can read on DAG:dataset_produces_2
[2024-08-23T22:11:55.746+0000] {logging_mixin.py:190} INFO - [2024-08-23T22:11:55.745+0000] {override.py:1858} INFO - Created Permission View: can delete on DAG:conditional_dataset_and_time_based_timetable
[2024-08-23T22:11:55.751+0000] {logging_mixin.py:190} INFO - [2024-08-23T22:11:55.751+0000] {override.py:1858} INFO - Created Permission View: can edit on DAG:conditional_dataset_and_time_based_timetable
[2024-08-23T22:11:55.757+0000] {logging_mixin.py:190} INFO - [2024-08-23T22:11:55.757+0000] {override.py:1858} INFO - Created Permission View: can read on DAG:conditional_dataset_and_time_based_timetable
[2024-08-23T22:11:55.769+0000] {logging_mixin.py:190} INFO - [2024-08-23T22:11:55.769+0000] {override.py:1858} INFO - Created Permission View: can delete on DAG:dataset_consumes_unknown_never_scheduled
[2024-08-23T22:11:55.775+0000] {logging_mixin.py:190} INFO - [2024-08-23T22:11:55.774+0000] {override.py:1858} INFO - Created Permission View: can edit on DAG:dataset_consumes_unknown_never_scheduled
[2024-08-23T22:11:55.780+0000] {logging_mixin.py:190} INFO - [2024-08-23T22:11:55.780+0000] {override.py:1858} INFO - Created Permission View: can read on DAG:dataset_consumes_unknown_never_scheduled
[2024-08-23T22:11:55.792+0000] {logging_mixin.py:190} INFO - [2024-08-23T22:11:55.792+0000] {override.py:1858} INFO - Created Permission View: can delete on DAG:dataset_consumes_1_never_scheduled
[2024-08-23T22:11:55.798+0000] {logging_mixin.py:190} INFO - [2024-08-23T22:11:55.798+0000] {override.py:1858} INFO - Created Permission View: can edit on DAG:dataset_consumes_1_never_scheduled
[2024-08-23T22:11:55.803+0000] {logging_mixin.py:190} INFO - [2024-08-23T22:11:55.803+0000] {override.py:1858} INFO - Created Permission View: can read on DAG:dataset_consumes_1_never_scheduled
[2024-08-23T22:11:55.813+0000] {logging_mixin.py:190} INFO - [2024-08-23T22:11:55.813+0000] {override.py:1858} INFO - Created Permission View: can delete on DAG:dataset_consumes_1_and_2
[2024-08-23T22:11:55.819+0000] {logging_mixin.py:190} INFO - [2024-08-23T22:11:55.818+0000] {override.py:1858} INFO - Created Permission View: can edit on DAG:dataset_consumes_1_and_2
[2024-08-23T22:11:55.824+0000] {logging_mixin.py:190} INFO - [2024-08-23T22:11:55.824+0000] {override.py:1858} INFO - Created Permission View: can read on DAG:dataset_consumes_1_and_2
[2024-08-23T22:11:55.825+0000] {logging_mixin.py:190} INFO - [2024-08-23T22:11:55.824+0000] {dag.py:3211} INFO - Sync 10 DAGs
[2024-08-23T22:11:55.844+0000] {logging_mixin.py:190} INFO - [2024-08-23T22:11:55.844+0000] {dag.py:3234} INFO - Creating ORM DAG for dataset_consumes_1
[2024-08-23T22:11:55.845+0000] {logging_mixin.py:190} INFO - [2024-08-23T22:11:55.845+0000] {dag.py:3234} INFO - Creating ORM DAG for dataset_produces_2
[2024-08-23T22:11:55.847+0000] {logging_mixin.py:190} INFO - [2024-08-23T22:11:55.847+0000] {dag.py:3234} INFO - Creating ORM DAG for dataset_produces_1
[2024-08-23T22:11:55.848+0000] {logging_mixin.py:190} INFO - [2024-08-23T22:11:55.848+0000] {dag.py:3234} INFO - Creating ORM DAG for consume_1_or_2_with_dataset_expressions
[2024-08-23T22:11:55.849+0000] {logging_mixin.py:190} INFO - [2024-08-23T22:11:55.849+0000] {dag.py:3234} INFO - Creating ORM DAG for dataset_consumes_1_never_scheduled
[2024-08-23T22:11:55.850+0000] {logging_mixin.py:190} INFO - [2024-08-23T22:11:55.850+0000] {dag.py:3234} INFO - Creating ORM DAG for consume_1_or_both_2_and_3_with_dataset_expressions
[2024-08-23T22:11:55.851+0000] {logging_mixin.py:190} INFO - [2024-08-23T22:11:55.850+0000] {dag.py:3234} INFO - Creating ORM DAG for dataset_consumes_unknown_never_scheduled
[2024-08-23T22:11:55.851+0000] {logging_mixin.py:190} INFO - [2024-08-23T22:11:55.851+0000] {dag.py:3234} INFO - Creating ORM DAG for dataset_consumes_1_and_2
[2024-08-23T22:11:55.852+0000] {logging_mixin.py:190} INFO - [2024-08-23T22:11:55.852+0000] {dag.py:3234} INFO - Creating ORM DAG for conditional_dataset_and_time_based_timetable
[2024-08-23T22:11:55.853+0000] {logging_mixin.py:190} INFO - [2024-08-23T22:11:55.853+0000] {dag.py:3234} INFO - Creating ORM DAG for consume_1_and_2_with_dataset_expressions
[2024-08-23T22:11:55.864+0000] {logging_mixin.py:190} INFO - [2024-08-23T22:11:55.864+0000] {dag.py:4138} INFO - Setting next_dagrun for conditional_dataset_and_time_based_timetable to 2024-08-21 01:00:00+00:00, run_after=2024-08-21 01:00:00+00:00
[2024-08-23T22:11:55.865+0000] {logging_mixin.py:190} INFO - [2024-08-23T22:11:55.865+0000] {dag.py:4138} INFO - Setting next_dagrun for consume_1_and_2_with_dataset_expressions to None, run_after=None
[2024-08-23T22:11:55.866+0000] {logging_mixin.py:190} INFO - [2024-08-23T22:11:55.866+0000] {dag.py:4138} INFO - Setting next_dagrun for consume_1_or_2_with_dataset_expressions to None, run_after=None
[2024-08-23T22:11:55.866+0000] {logging_mixin.py:190} INFO - [2024-08-23T22:11:55.866+0000] {dag.py:4138} INFO - Setting next_dagrun for consume_1_or_both_2_and_3_with_dataset_expressions to None, run_after=None
[2024-08-23T22:11:55.867+0000] {logging_mixin.py:190} INFO - [2024-08-23T22:11:55.867+0000] {dag.py:4138} INFO - Setting next_dagrun for dataset_consumes_1 to None, run_after=None
[2024-08-23T22:11:55.868+0000] {logging_mixin.py:190} INFO - [2024-08-23T22:11:55.868+0000] {dag.py:4138} INFO - Setting next_dagrun for dataset_consumes_1_and_2 to None, run_after=None
[2024-08-23T22:11:55.869+0000] {logging_mixin.py:190} INFO - [2024-08-23T22:11:55.869+0000] {dag.py:4138} INFO - Setting next_dagrun for dataset_consumes_1_never_scheduled to None, run_after=None
[2024-08-23T22:11:55.870+0000] {logging_mixin.py:190} INFO - [2024-08-23T22:11:55.870+0000] {dag.py:4138} INFO - Setting next_dagrun for dataset_consumes_unknown_never_scheduled to None, run_after=None
[2024-08-23T22:11:55.872+0000] {logging_mixin.py:190} INFO - [2024-08-23T22:11:55.872+0000] {dag.py:4138} INFO - Setting next_dagrun for dataset_produces_1 to 2024-08-22 00:00:00+00:00, run_after=2024-08-23 00:00:00+00:00
[2024-08-23T22:11:55.873+0000] {logging_mixin.py:190} INFO - [2024-08-23T22:11:55.873+0000] {dag.py:4138} INFO - Setting next_dagrun for dataset_produces_2 to None, run_after=None
[2024-08-23T22:11:55.911+0000] {processor.py:208} INFO - Processing /home/airflow/.local/lib/python3.12/site-packages/airflow/example_dags/example_datasets.py took 0.705 seconds
[2024-08-23T22:12:26.571+0000] {processor.py:186} INFO - Started process (PID=147) to work on /home/airflow/.local/lib/python3.12/site-packages/airflow/example_dags/example_datasets.py
[2024-08-23T22:12:26.572+0000] {processor.py:914} INFO - Processing file /home/airflow/.local/lib/python3.12/site-packages/airflow/example_dags/example_datasets.py for tasks to queue
[2024-08-23T22:12:26.574+0000] {logging_mixin.py:190} INFO - [2024-08-23T22:12:26.573+0000] {dagbag.py:587} INFO - Filling up the DagBag from /home/airflow/.local/lib/python3.12/site-packages/airflow/example_dags/example_datasets.py
[2024-08-23T22:12:26.684+0000] {processor.py:925} INFO - DAG(s) 'dataset_consumes_1_never_scheduled', 'dataset_produces_2', 'consume_1_and_2_with_dataset_expressions', 'consume_1_or_both_2_and_3_with_dataset_expressions', 'dataset_produces_1', 'conditional_dataset_and_time_based_timetable', 'dataset_consumes_1', 'consume_1_or_2_with_dataset_expressions', 'dataset_consumes_unknown_never_scheduled', 'dataset_consumes_1_and_2' retrieved from /home/airflow/.local/lib/python3.12/site-packages/airflow/example_dags/example_datasets.py
[2024-08-23T22:12:26.721+0000] {logging_mixin.py:190} INFO - [2024-08-23T22:12:26.721+0000] {dag.py:3211} INFO - Sync 10 DAGs
[2024-08-23T22:12:26.749+0000] {logging_mixin.py:190} INFO - [2024-08-23T22:12:26.748+0000] {dag.py:4138} INFO - Setting next_dagrun for conditional_dataset_and_time_based_timetable to 2024-08-21 01:00:00+00:00, run_after=2024-08-21 01:00:00+00:00
[2024-08-23T22:12:26.752+0000] {logging_mixin.py:190} INFO - [2024-08-23T22:12:26.752+0000] {dag.py:4138} INFO - Setting next_dagrun for consume_1_and_2_with_dataset_expressions to None, run_after=None
[2024-08-23T22:12:26.754+0000] {logging_mixin.py:190} INFO - [2024-08-23T22:12:26.754+0000] {dag.py:4138} INFO - Setting next_dagrun for consume_1_or_2_with_dataset_expressions to None, run_after=None
[2024-08-23T22:12:26.755+0000] {logging_mixin.py:190} INFO - [2024-08-23T22:12:26.755+0000] {dag.py:4138} INFO - Setting next_dagrun for consume_1_or_both_2_and_3_with_dataset_expressions to None, run_after=None
[2024-08-23T22:12:26.757+0000] {logging_mixin.py:190} INFO - [2024-08-23T22:12:26.756+0000] {dag.py:4138} INFO - Setting next_dagrun for dataset_consumes_1 to None, run_after=None
[2024-08-23T22:12:26.758+0000] {logging_mixin.py:190} INFO - [2024-08-23T22:12:26.758+0000] {dag.py:4138} INFO - Setting next_dagrun for dataset_consumes_1_and_2 to None, run_after=None
[2024-08-23T22:12:26.759+0000] {logging_mixin.py:190} INFO - [2024-08-23T22:12:26.759+0000] {dag.py:4138} INFO - Setting next_dagrun for dataset_consumes_1_never_scheduled to None, run_after=None
[2024-08-23T22:12:26.761+0000] {logging_mixin.py:190} INFO - [2024-08-23T22:12:26.760+0000] {dag.py:4138} INFO - Setting next_dagrun for dataset_consumes_unknown_never_scheduled to None, run_after=None
[2024-08-23T22:12:26.763+0000] {logging_mixin.py:190} INFO - [2024-08-23T22:12:26.763+0000] {dag.py:4138} INFO - Setting next_dagrun for dataset_produces_1 to 2024-08-22 00:00:00+00:00, run_after=2024-08-23 00:00:00+00:00
[2024-08-23T22:12:26.764+0000] {logging_mixin.py:190} INFO - [2024-08-23T22:12:26.764+0000] {dag.py:4138} INFO - Setting next_dagrun for dataset_produces_2 to None, run_after=None
[2024-08-23T22:12:26.794+0000] {processor.py:208} INFO - Processing /home/airflow/.local/lib/python3.12/site-packages/airflow/example_dags/example_datasets.py took 0.229 seconds
[2024-08-23T22:12:57.055+0000] {processor.py:186} INFO - Started process (PID=209) to work on /home/airflow/.local/lib/python3.12/site-packages/airflow/example_dags/example_datasets.py
[2024-08-23T22:12:57.056+0000] {processor.py:914} INFO - Processing file /home/airflow/.local/lib/python3.12/site-packages/airflow/example_dags/example_datasets.py for tasks to queue
[2024-08-23T22:12:57.058+0000] {logging_mixin.py:190} INFO - [2024-08-23T22:12:57.058+0000] {dagbag.py:587} INFO - Filling up the DagBag from /home/airflow/.local/lib/python3.12/site-packages/airflow/example_dags/example_datasets.py
[2024-08-23T22:12:57.179+0000] {processor.py:925} INFO - DAG(s) 'consume_1_and_2_with_dataset_expressions', 'consume_1_or_both_2_and_3_with_dataset_expressions', 'dataset_consumes_1', 'dataset_consumes_unknown_never_scheduled', 'consume_1_or_2_with_dataset_expressions', 'conditional_dataset_and_time_based_timetable', 'dataset_produces_2', 'dataset_produces_1', 'dataset_consumes_1_never_scheduled', 'dataset_consumes_1_and_2' retrieved from /home/airflow/.local/lib/python3.12/site-packages/airflow/example_dags/example_datasets.py
[2024-08-23T22:12:57.212+0000] {logging_mixin.py:190} INFO - [2024-08-23T22:12:57.212+0000] {dag.py:3211} INFO - Sync 10 DAGs
[2024-08-23T22:12:57.232+0000] {logging_mixin.py:190} INFO - [2024-08-23T22:12:57.232+0000] {dag.py:4138} INFO - Setting next_dagrun for conditional_dataset_and_time_based_timetable to 2024-08-21 01:00:00+00:00, run_after=2024-08-21 01:00:00+00:00
[2024-08-23T22:12:57.236+0000] {logging_mixin.py:190} INFO - [2024-08-23T22:12:57.235+0000] {dag.py:4138} INFO - Setting next_dagrun for consume_1_and_2_with_dataset_expressions to None, run_after=None
[2024-08-23T22:12:57.237+0000] {logging_mixin.py:190} INFO - [2024-08-23T22:12:57.237+0000] {dag.py:4138} INFO - Setting next_dagrun for consume_1_or_2_with_dataset_expressions to None, run_after=None
[2024-08-23T22:12:57.238+0000] {logging_mixin.py:190} INFO - [2024-08-23T22:12:57.238+0000] {dag.py:4138} INFO - Setting next_dagrun for consume_1_or_both_2_and_3_with_dataset_expressions to None, run_after=None
[2024-08-23T22:12:57.244+0000] {logging_mixin.py:190} INFO - [2024-08-23T22:12:57.244+0000] {dag.py:4138} INFO - Setting next_dagrun for dataset_consumes_1 to None, run_after=None
[2024-08-23T22:12:57.246+0000] {logging_mixin.py:190} INFO - [2024-08-23T22:12:57.246+0000] {dag.py:4138} INFO - Setting next_dagrun for dataset_consumes_1_and_2 to None, run_after=None
[2024-08-23T22:12:57.248+0000] {logging_mixin.py:190} INFO - [2024-08-23T22:12:57.248+0000] {dag.py:4138} INFO - Setting next_dagrun for dataset_consumes_1_never_scheduled to None, run_after=None
[2024-08-23T22:12:57.249+0000] {logging_mixin.py:190} INFO - [2024-08-23T22:12:57.248+0000] {dag.py:4138} INFO - Setting next_dagrun for dataset_consumes_unknown_never_scheduled to None, run_after=None
[2024-08-23T22:12:57.250+0000] {logging_mixin.py:190} INFO - [2024-08-23T22:12:57.250+0000] {dag.py:4138} INFO - Setting next_dagrun for dataset_produces_1 to 2024-08-22 00:00:00+00:00, run_after=2024-08-23 00:00:00+00:00
[2024-08-23T22:12:57.251+0000] {logging_mixin.py:190} INFO - [2024-08-23T22:12:57.251+0000] {dag.py:4138} INFO - Setting next_dagrun for dataset_produces_2 to None, run_after=None
[2024-08-23T22:12:57.279+0000] {processor.py:208} INFO - Processing /home/airflow/.local/lib/python3.12/site-packages/airflow/example_dags/example_datasets.py took 0.230 seconds
[2024-08-23T22:13:27.698+0000] {processor.py:186} INFO - Started process (PID=277) to work on /home/airflow/.local/lib/python3.12/site-packages/airflow/example_dags/example_datasets.py
[2024-08-23T22:13:27.699+0000] {processor.py:914} INFO - Processing file /home/airflow/.local/lib/python3.12/site-packages/airflow/example_dags/example_datasets.py for tasks to queue
[2024-08-23T22:13:27.701+0000] {logging_mixin.py:190} INFO - [2024-08-23T22:13:27.701+0000] {dagbag.py:587} INFO - Filling up the DagBag from /home/airflow/.local/lib/python3.12/site-packages/airflow/example_dags/example_datasets.py
[2024-08-23T22:13:27.810+0000] {processor.py:925} INFO - DAG(s) 'consume_1_and_2_with_dataset_expressions', 'dataset_consumes_1_and_2', 'consume_1_or_2_with_dataset_expressions', 'dataset_consumes_1_never_scheduled', 'dataset_consumes_unknown_never_scheduled', 'consume_1_or_both_2_and_3_with_dataset_expressions', 'dataset_produces_2', 'dataset_produces_1', 'conditional_dataset_and_time_based_timetable', 'dataset_consumes_1' retrieved from /home/airflow/.local/lib/python3.12/site-packages/airflow/example_dags/example_datasets.py
[2024-08-23T22:13:27.843+0000] {logging_mixin.py:190} INFO - [2024-08-23T22:13:27.843+0000] {dag.py:3211} INFO - Sync 10 DAGs
[2024-08-23T22:13:27.862+0000] {logging_mixin.py:190} INFO - [2024-08-23T22:13:27.862+0000] {dag.py:4138} INFO - Setting next_dagrun for conditional_dataset_and_time_based_timetable to 2024-08-21 01:00:00+00:00, run_after=2024-08-21 01:00:00+00:00
[2024-08-23T22:13:27.865+0000] {logging_mixin.py:190} INFO - [2024-08-23T22:13:27.865+0000] {dag.py:4138} INFO - Setting next_dagrun for consume_1_and_2_with_dataset_expressions to None, run_after=None
[2024-08-23T22:13:27.867+0000] {logging_mixin.py:190} INFO - [2024-08-23T22:13:27.867+0000] {dag.py:4138} INFO - Setting next_dagrun for consume_1_or_2_with_dataset_expressions to None, run_after=None
[2024-08-23T22:13:27.868+0000] {logging_mixin.py:190} INFO - [2024-08-23T22:13:27.868+0000] {dag.py:4138} INFO - Setting next_dagrun for consume_1_or_both_2_and_3_with_dataset_expressions to None, run_after=None
[2024-08-23T22:13:27.869+0000] {logging_mixin.py:190} INFO - [2024-08-23T22:13:27.868+0000] {dag.py:4138} INFO - Setting next_dagrun for dataset_consumes_1 to None, run_after=None
[2024-08-23T22:13:27.869+0000] {logging_mixin.py:190} INFO - [2024-08-23T22:13:27.869+0000] {dag.py:4138} INFO - Setting next_dagrun for dataset_consumes_1_and_2 to None, run_after=None
[2024-08-23T22:13:27.870+0000] {logging_mixin.py:190} INFO - [2024-08-23T22:13:27.870+0000] {dag.py:4138} INFO - Setting next_dagrun for dataset_consumes_1_never_scheduled to None, run_after=None
[2024-08-23T22:13:27.871+0000] {logging_mixin.py:190} INFO - [2024-08-23T22:13:27.871+0000] {dag.py:4138} INFO - Setting next_dagrun for dataset_consumes_unknown_never_scheduled to None, run_after=None
[2024-08-23T22:13:27.873+0000] {logging_mixin.py:190} INFO - [2024-08-23T22:13:27.873+0000] {dag.py:4138} INFO - Setting next_dagrun for dataset_produces_1 to 2024-08-22 00:00:00+00:00, run_after=2024-08-23 00:00:00+00:00
[2024-08-23T22:13:27.874+0000] {logging_mixin.py:190} INFO - [2024-08-23T22:13:27.874+0000] {dag.py:4138} INFO - Setting next_dagrun for dataset_produces_2 to None, run_after=None
[2024-08-23T22:13:27.900+0000] {processor.py:208} INFO - Processing /home/airflow/.local/lib/python3.12/site-packages/airflow/example_dags/example_datasets.py took 0.206 seconds
[2024-08-23T22:13:58.065+0000] {processor.py:186} INFO - Started process (PID=339) to work on /home/airflow/.local/lib/python3.12/site-packages/airflow/example_dags/example_datasets.py
[2024-08-23T22:13:58.066+0000] {processor.py:914} INFO - Processing file /home/airflow/.local/lib/python3.12/site-packages/airflow/example_dags/example_datasets.py for tasks to queue
[2024-08-23T22:13:58.068+0000] {logging_mixin.py:190} INFO - [2024-08-23T22:13:58.067+0000] {dagbag.py:587} INFO - Filling up the DagBag from /home/airflow/.local/lib/python3.12/site-packages/airflow/example_dags/example_datasets.py
[2024-08-23T22:13:58.177+0000] {processor.py:925} INFO - DAG(s) 'dataset_produces_1', 'consume_1_and_2_with_dataset_expressions', 'consume_1_or_both_2_and_3_with_dataset_expressions', 'conditional_dataset_and_time_based_timetable', 'dataset_consumes_1_never_scheduled', 'dataset_produces_2', 'dataset_consumes_1', 'dataset_consumes_unknown_never_scheduled', 'consume_1_or_2_with_dataset_expressions', 'dataset_consumes_1_and_2' retrieved from /home/airflow/.local/lib/python3.12/site-packages/airflow/example_dags/example_datasets.py
[2024-08-23T22:13:58.223+0000] {logging_mixin.py:190} INFO - [2024-08-23T22:13:58.222+0000] {dag.py:3211} INFO - Sync 10 DAGs
[2024-08-23T22:13:58.246+0000] {logging_mixin.py:190} INFO - [2024-08-23T22:13:58.245+0000] {dag.py:4138} INFO - Setting next_dagrun for conditional_dataset_and_time_based_timetable to 2024-08-21 01:00:00+00:00, run_after=2024-08-21 01:00:00+00:00
[2024-08-23T22:13:58.249+0000] {logging_mixin.py:190} INFO - [2024-08-23T22:13:58.249+0000] {dag.py:4138} INFO - Setting next_dagrun for consume_1_and_2_with_dataset_expressions to None, run_after=None
[2024-08-23T22:13:58.251+0000] {logging_mixin.py:190} INFO - [2024-08-23T22:13:58.251+0000] {dag.py:4138} INFO - Setting next_dagrun for consume_1_or_2_with_dataset_expressions to None, run_after=None
[2024-08-23T22:13:58.252+0000] {logging_mixin.py:190} INFO - [2024-08-23T22:13:58.252+0000] {dag.py:4138} INFO - Setting next_dagrun for consume_1_or_both_2_and_3_with_dataset_expressions to None, run_after=None
[2024-08-23T22:13:58.254+0000] {logging_mixin.py:190} INFO - [2024-08-23T22:13:58.254+0000] {dag.py:4138} INFO - Setting next_dagrun for dataset_consumes_1 to None, run_after=None
[2024-08-23T22:13:58.256+0000] {logging_mixin.py:190} INFO - [2024-08-23T22:13:58.256+0000] {dag.py:4138} INFO - Setting next_dagrun for dataset_consumes_1_and_2 to None, run_after=None
[2024-08-23T22:13:58.257+0000] {logging_mixin.py:190} INFO - [2024-08-23T22:13:58.257+0000] {dag.py:4138} INFO - Setting next_dagrun for dataset_consumes_1_never_scheduled to None, run_after=None
[2024-08-23T22:13:58.258+0000] {logging_mixin.py:190} INFO - [2024-08-23T22:13:58.258+0000] {dag.py:4138} INFO - Setting next_dagrun for dataset_consumes_unknown_never_scheduled to None, run_after=None
[2024-08-23T22:13:58.261+0000] {logging_mixin.py:190} INFO - [2024-08-23T22:13:58.260+0000] {dag.py:4138} INFO - Setting next_dagrun for dataset_produces_1 to 2024-08-22 00:00:00+00:00, run_after=2024-08-23 00:00:00+00:00
[2024-08-23T22:13:58.263+0000] {logging_mixin.py:190} INFO - [2024-08-23T22:13:58.263+0000] {dag.py:4138} INFO - Setting next_dagrun for dataset_produces_2 to None, run_after=None
[2024-08-23T22:13:58.300+0000] {processor.py:208} INFO - Processing /home/airflow/.local/lib/python3.12/site-packages/airflow/example_dags/example_datasets.py took 0.240 seconds
[2024-08-23T22:15:23.943+0000] {processor.py:186} INFO - Started process (PID=85) to work on /home/airflow/.local/lib/python3.12/site-packages/airflow/example_dags/example_datasets.py
[2024-08-23T22:15:23.972+0000] {processor.py:914} INFO - Processing file /home/airflow/.local/lib/python3.12/site-packages/airflow/example_dags/example_datasets.py for tasks to queue
[2024-08-23T22:15:23.974+0000] {logging_mixin.py:190} INFO - [2024-08-23T22:15:23.974+0000] {dagbag.py:587} INFO - Filling up the DagBag from /home/airflow/.local/lib/python3.12/site-packages/airflow/example_dags/example_datasets.py
[2024-08-23T22:15:24.088+0000] {processor.py:925} INFO - DAG(s) 'consume_1_or_2_with_dataset_expressions', 'consume_1_and_2_with_dataset_expressions', 'dataset_consumes_unknown_never_scheduled', 'dataset_consumes_1', 'consume_1_or_both_2_and_3_with_dataset_expressions', 'dataset_consumes_1_and_2', 'dataset_produces_2', 'dataset_consumes_1_never_scheduled', 'dataset_produces_1', 'conditional_dataset_and_time_based_timetable' retrieved from /home/airflow/.local/lib/python3.12/site-packages/airflow/example_dags/example_datasets.py
[2024-08-23T22:15:24.167+0000] {logging_mixin.py:190} INFO - [2024-08-23T22:15:24.166+0000] {override.py:1858} INFO - Created Permission View: can delete on DAG:consume_1_or_2_with_dataset_expressions
[2024-08-23T22:15:24.176+0000] {logging_mixin.py:190} INFO - [2024-08-23T22:15:24.175+0000] {override.py:1858} INFO - Created Permission View: can read on DAG:consume_1_or_2_with_dataset_expressions
[2024-08-23T22:15:24.182+0000] {logging_mixin.py:190} INFO - [2024-08-23T22:15:24.181+0000] {override.py:1858} INFO - Created Permission View: can edit on DAG:consume_1_or_2_with_dataset_expressions
[2024-08-23T22:15:24.192+0000] {logging_mixin.py:190} INFO - [2024-08-23T22:15:24.192+0000] {override.py:1858} INFO - Created Permission View: can delete on DAG:consume_1_and_2_with_dataset_expressions
[2024-08-23T22:15:24.198+0000] {logging_mixin.py:190} INFO - [2024-08-23T22:15:24.198+0000] {override.py:1858} INFO - Created Permission View: can read on DAG:consume_1_and_2_with_dataset_expressions
[2024-08-23T22:15:24.203+0000] {logging_mixin.py:190} INFO - [2024-08-23T22:15:24.203+0000] {override.py:1858} INFO - Created Permission View: can edit on DAG:consume_1_and_2_with_dataset_expressions
[2024-08-23T22:15:24.212+0000] {logging_mixin.py:190} INFO - [2024-08-23T22:15:24.212+0000] {override.py:1858} INFO - Created Permission View: can delete on DAG:dataset_consumes_unknown_never_scheduled
[2024-08-23T22:15:24.218+0000] {logging_mixin.py:190} INFO - [2024-08-23T22:15:24.217+0000] {override.py:1858} INFO - Created Permission View: can read on DAG:dataset_consumes_unknown_never_scheduled
[2024-08-23T22:15:24.222+0000] {logging_mixin.py:190} INFO - [2024-08-23T22:15:24.222+0000] {override.py:1858} INFO - Created Permission View: can edit on DAG:dataset_consumes_unknown_never_scheduled
[2024-08-23T22:15:24.231+0000] {logging_mixin.py:190} INFO - [2024-08-23T22:15:24.231+0000] {override.py:1858} INFO - Created Permission View: can delete on DAG:dataset_consumes_1
[2024-08-23T22:15:24.237+0000] {logging_mixin.py:190} INFO - [2024-08-23T22:15:24.236+0000] {override.py:1858} INFO - Created Permission View: can read on DAG:dataset_consumes_1
[2024-08-23T22:15:24.242+0000] {logging_mixin.py:190} INFO - [2024-08-23T22:15:24.242+0000] {override.py:1858} INFO - Created Permission View: can edit on DAG:dataset_consumes_1
[2024-08-23T22:15:24.250+0000] {logging_mixin.py:190} INFO - [2024-08-23T22:15:24.250+0000] {override.py:1858} INFO - Created Permission View: can delete on DAG:consume_1_or_both_2_and_3_with_dataset_expressions
[2024-08-23T22:15:24.256+0000] {logging_mixin.py:190} INFO - [2024-08-23T22:15:24.256+0000] {override.py:1858} INFO - Created Permission View: can read on DAG:consume_1_or_both_2_and_3_with_dataset_expressions
[2024-08-23T22:15:24.262+0000] {logging_mixin.py:190} INFO - [2024-08-23T22:15:24.262+0000] {override.py:1858} INFO - Created Permission View: can edit on DAG:consume_1_or_both_2_and_3_with_dataset_expressions
[2024-08-23T22:15:24.272+0000] {logging_mixin.py:190} INFO - [2024-08-23T22:15:24.271+0000] {override.py:1858} INFO - Created Permission View: can delete on DAG:dataset_consumes_1_and_2
[2024-08-23T22:15:24.277+0000] {logging_mixin.py:190} INFO - [2024-08-23T22:15:24.276+0000] {override.py:1858} INFO - Created Permission View: can read on DAG:dataset_consumes_1_and_2
[2024-08-23T22:15:24.281+0000] {logging_mixin.py:190} INFO - [2024-08-23T22:15:24.281+0000] {override.py:1858} INFO - Created Permission View: can edit on DAG:dataset_consumes_1_and_2
[2024-08-23T22:15:24.295+0000] {logging_mixin.py:190} INFO - [2024-08-23T22:15:24.295+0000] {override.py:1858} INFO - Created Permission View: can delete on DAG:dataset_produces_2
[2024-08-23T22:15:24.300+0000] {logging_mixin.py:190} INFO - [2024-08-23T22:15:24.300+0000] {override.py:1858} INFO - Created Permission View: can read on DAG:dataset_produces_2
[2024-08-23T22:15:24.305+0000] {logging_mixin.py:190} INFO - [2024-08-23T22:15:24.304+0000] {override.py:1858} INFO - Created Permission View: can edit on DAG:dataset_produces_2
[2024-08-23T22:15:24.313+0000] {logging_mixin.py:190} INFO - [2024-08-23T22:15:24.313+0000] {override.py:1858} INFO - Created Permission View: can delete on DAG:dataset_consumes_1_never_scheduled
[2024-08-23T22:15:24.317+0000] {logging_mixin.py:190} INFO - [2024-08-23T22:15:24.317+0000] {override.py:1858} INFO - Created Permission View: can read on DAG:dataset_consumes_1_never_scheduled
[2024-08-23T22:15:24.322+0000] {logging_mixin.py:190} INFO - [2024-08-23T22:15:24.322+0000] {override.py:1858} INFO - Created Permission View: can edit on DAG:dataset_consumes_1_never_scheduled
[2024-08-23T22:15:24.331+0000] {logging_mixin.py:190} INFO - [2024-08-23T22:15:24.330+0000] {override.py:1858} INFO - Created Permission View: can delete on DAG:dataset_produces_1
[2024-08-23T22:15:24.336+0000] {logging_mixin.py:190} INFO - [2024-08-23T22:15:24.336+0000] {override.py:1858} INFO - Created Permission View: can read on DAG:dataset_produces_1
[2024-08-23T22:15:24.341+0000] {logging_mixin.py:190} INFO - [2024-08-23T22:15:24.341+0000] {override.py:1858} INFO - Created Permission View: can edit on DAG:dataset_produces_1
[2024-08-23T22:15:24.351+0000] {logging_mixin.py:190} INFO - [2024-08-23T22:15:24.350+0000] {override.py:1858} INFO - Created Permission View: can delete on DAG:conditional_dataset_and_time_based_timetable
[2024-08-23T22:15:24.364+0000] {logging_mixin.py:190} INFO - [2024-08-23T22:15:24.364+0000] {override.py:1858} INFO - Created Permission View: can read on DAG:conditional_dataset_and_time_based_timetable
[2024-08-23T22:15:24.370+0000] {logging_mixin.py:190} INFO - [2024-08-23T22:15:24.369+0000] {override.py:1858} INFO - Created Permission View: can edit on DAG:conditional_dataset_and_time_based_timetable
[2024-08-23T22:15:24.371+0000] {logging_mixin.py:190} INFO - [2024-08-23T22:15:24.371+0000] {dag.py:3211} INFO - Sync 10 DAGs
[2024-08-23T22:15:24.383+0000] {logging_mixin.py:190} INFO - [2024-08-23T22:15:24.382+0000] {dag.py:3234} INFO - Creating ORM DAG for dataset_produces_1
[2024-08-23T22:15:24.384+0000] {logging_mixin.py:190} INFO - [2024-08-23T22:15:24.384+0000] {dag.py:3234} INFO - Creating ORM DAG for dataset_consumes_1
[2024-08-23T22:15:24.385+0000] {logging_mixin.py:190} INFO - [2024-08-23T22:15:24.384+0000] {dag.py:3234} INFO - Creating ORM DAG for dataset_consumes_1_and_2
[2024-08-23T22:15:24.385+0000] {logging_mixin.py:190} INFO - [2024-08-23T22:15:24.385+0000] {dag.py:3234} INFO - Creating ORM DAG for consume_1_and_2_with_dataset_expressions
[2024-08-23T22:15:24.386+0000] {logging_mixin.py:190} INFO - [2024-08-23T22:15:24.386+0000] {dag.py:3234} INFO - Creating ORM DAG for consume_1_or_both_2_and_3_with_dataset_expressions
[2024-08-23T22:15:24.387+0000] {logging_mixin.py:190} INFO - [2024-08-23T22:15:24.387+0000] {dag.py:3234} INFO - Creating ORM DAG for dataset_consumes_unknown_never_scheduled
[2024-08-23T22:15:24.388+0000] {logging_mixin.py:190} INFO - [2024-08-23T22:15:24.387+0000] {dag.py:3234} INFO - Creating ORM DAG for dataset_consumes_1_never_scheduled
[2024-08-23T22:15:24.388+0000] {logging_mixin.py:190} INFO - [2024-08-23T22:15:24.388+0000] {dag.py:3234} INFO - Creating ORM DAG for conditional_dataset_and_time_based_timetable
[2024-08-23T22:15:24.389+0000] {logging_mixin.py:190} INFO - [2024-08-23T22:15:24.389+0000] {dag.py:3234} INFO - Creating ORM DAG for consume_1_or_2_with_dataset_expressions
[2024-08-23T22:15:24.390+0000] {logging_mixin.py:190} INFO - [2024-08-23T22:15:24.389+0000] {dag.py:3234} INFO - Creating ORM DAG for dataset_produces_2
[2024-08-23T22:15:24.399+0000] {logging_mixin.py:190} INFO - [2024-08-23T22:15:24.398+0000] {dag.py:4138} INFO - Setting next_dagrun for conditional_dataset_and_time_based_timetable to 2024-08-21 01:00:00+00:00, run_after=2024-08-21 01:00:00+00:00
[2024-08-23T22:15:24.399+0000] {logging_mixin.py:190} INFO - [2024-08-23T22:15:24.399+0000] {dag.py:4138} INFO - Setting next_dagrun for consume_1_and_2_with_dataset_expressions to None, run_after=None
[2024-08-23T22:15:24.400+0000] {logging_mixin.py:190} INFO - [2024-08-23T22:15:24.400+0000] {dag.py:4138} INFO - Setting next_dagrun for consume_1_or_2_with_dataset_expressions to None, run_after=None
[2024-08-23T22:15:24.401+0000] {logging_mixin.py:190} INFO - [2024-08-23T22:15:24.401+0000] {dag.py:4138} INFO - Setting next_dagrun for consume_1_or_both_2_and_3_with_dataset_expressions to None, run_after=None
[2024-08-23T22:15:24.403+0000] {logging_mixin.py:190} INFO - [2024-08-23T22:15:24.403+0000] {dag.py:4138} INFO - Setting next_dagrun for dataset_consumes_1 to None, run_after=None
[2024-08-23T22:15:24.404+0000] {logging_mixin.py:190} INFO - [2024-08-23T22:15:24.404+0000] {dag.py:4138} INFO - Setting next_dagrun for dataset_consumes_1_and_2 to None, run_after=None
[2024-08-23T22:15:24.405+0000] {logging_mixin.py:190} INFO - [2024-08-23T22:15:24.405+0000] {dag.py:4138} INFO - Setting next_dagrun for dataset_consumes_1_never_scheduled to None, run_after=None
[2024-08-23T22:15:24.409+0000] {logging_mixin.py:190} INFO - [2024-08-23T22:15:24.409+0000] {dag.py:4138} INFO - Setting next_dagrun for dataset_consumes_unknown_never_scheduled to None, run_after=None
[2024-08-23T22:15:24.411+0000] {logging_mixin.py:190} INFO - [2024-08-23T22:15:24.411+0000] {dag.py:4138} INFO - Setting next_dagrun for dataset_produces_1 to 2024-08-22 00:00:00+00:00, run_after=2024-08-23 00:00:00+00:00
[2024-08-23T22:15:24.412+0000] {logging_mixin.py:190} INFO - [2024-08-23T22:15:24.412+0000] {dag.py:4138} INFO - Setting next_dagrun for dataset_produces_2 to None, run_after=None
[2024-08-23T22:15:24.442+0000] {processor.py:208} INFO - Processing /home/airflow/.local/lib/python3.12/site-packages/airflow/example_dags/example_datasets.py took 0.503 seconds
[2024-08-23T22:15:54.648+0000] {processor.py:186} INFO - Started process (PID=148) to work on /home/airflow/.local/lib/python3.12/site-packages/airflow/example_dags/example_datasets.py
[2024-08-23T22:15:54.696+0000] {processor.py:914} INFO - Processing file /home/airflow/.local/lib/python3.12/site-packages/airflow/example_dags/example_datasets.py for tasks to queue
[2024-08-23T22:15:54.699+0000] {logging_mixin.py:190} INFO - [2024-08-23T22:15:54.698+0000] {dagbag.py:587} INFO - Filling up the DagBag from /home/airflow/.local/lib/python3.12/site-packages/airflow/example_dags/example_datasets.py
[2024-08-23T22:15:54.805+0000] {processor.py:925} INFO - DAG(s) 'dataset_consumes_1_and_2', 'consume_1_and_2_with_dataset_expressions', 'dataset_consumes_1', 'consume_1_or_2_with_dataset_expressions', 'dataset_produces_1', 'conditional_dataset_and_time_based_timetable', 'dataset_produces_2', 'dataset_consumes_1_never_scheduled', 'consume_1_or_both_2_and_3_with_dataset_expressions', 'dataset_consumes_unknown_never_scheduled' retrieved from /home/airflow/.local/lib/python3.12/site-packages/airflow/example_dags/example_datasets.py
[2024-08-23T22:15:54.845+0000] {logging_mixin.py:190} INFO - [2024-08-23T22:15:54.845+0000] {dag.py:3211} INFO - Sync 10 DAGs
[2024-08-23T22:15:54.866+0000] {logging_mixin.py:190} INFO - [2024-08-23T22:15:54.866+0000] {dag.py:4138} INFO - Setting next_dagrun for conditional_dataset_and_time_based_timetable to 2024-08-21 01:00:00+00:00, run_after=2024-08-21 01:00:00+00:00
[2024-08-23T22:15:54.869+0000] {logging_mixin.py:190} INFO - [2024-08-23T22:15:54.869+0000] {dag.py:4138} INFO - Setting next_dagrun for consume_1_and_2_with_dataset_expressions to None, run_after=None
[2024-08-23T22:15:54.872+0000] {logging_mixin.py:190} INFO - [2024-08-23T22:15:54.872+0000] {dag.py:4138} INFO - Setting next_dagrun for consume_1_or_2_with_dataset_expressions to None, run_after=None
[2024-08-23T22:15:54.873+0000] {logging_mixin.py:190} INFO - [2024-08-23T22:15:54.873+0000] {dag.py:4138} INFO - Setting next_dagrun for consume_1_or_both_2_and_3_with_dataset_expressions to None, run_after=None
[2024-08-23T22:15:54.874+0000] {logging_mixin.py:190} INFO - [2024-08-23T22:15:54.874+0000] {dag.py:4138} INFO - Setting next_dagrun for dataset_consumes_1 to None, run_after=None
[2024-08-23T22:15:54.875+0000] {logging_mixin.py:190} INFO - [2024-08-23T22:15:54.875+0000] {dag.py:4138} INFO - Setting next_dagrun for dataset_consumes_1_and_2 to None, run_after=None
[2024-08-23T22:15:54.876+0000] {logging_mixin.py:190} INFO - [2024-08-23T22:15:54.876+0000] {dag.py:4138} INFO - Setting next_dagrun for dataset_consumes_1_never_scheduled to None, run_after=None
[2024-08-23T22:15:54.877+0000] {logging_mixin.py:190} INFO - [2024-08-23T22:15:54.877+0000] {dag.py:4138} INFO - Setting next_dagrun for dataset_consumes_unknown_never_scheduled to None, run_after=None
[2024-08-23T22:15:54.879+0000] {logging_mixin.py:190} INFO - [2024-08-23T22:15:54.879+0000] {dag.py:4138} INFO - Setting next_dagrun for dataset_produces_1 to 2024-08-22 00:00:00+00:00, run_after=2024-08-23 00:00:00+00:00
[2024-08-23T22:15:54.881+0000] {logging_mixin.py:190} INFO - [2024-08-23T22:15:54.880+0000] {dag.py:4138} INFO - Setting next_dagrun for dataset_produces_2 to None, run_after=None
[2024-08-23T22:15:54.903+0000] {processor.py:208} INFO - Processing /home/airflow/.local/lib/python3.12/site-packages/airflow/example_dags/example_datasets.py took 0.260 seconds
[2024-08-23T22:16:25.488+0000] {processor.py:186} INFO - Started process (PID=210) to work on /home/airflow/.local/lib/python3.12/site-packages/airflow/example_dags/example_datasets.py
[2024-08-23T22:16:25.501+0000] {processor.py:914} INFO - Processing file /home/airflow/.local/lib/python3.12/site-packages/airflow/example_dags/example_datasets.py for tasks to queue
[2024-08-23T22:16:25.503+0000] {logging_mixin.py:190} INFO - [2024-08-23T22:16:25.503+0000] {dagbag.py:587} INFO - Filling up the DagBag from /home/airflow/.local/lib/python3.12/site-packages/airflow/example_dags/example_datasets.py
[2024-08-23T22:16:25.618+0000] {processor.py:925} INFO - DAG(s) 'consume_1_or_2_with_dataset_expressions', 'consume_1_and_2_with_dataset_expressions', 'dataset_produces_1', 'dataset_consumes_1_never_scheduled', 'dataset_produces_2', 'consume_1_or_both_2_and_3_with_dataset_expressions', 'dataset_consumes_unknown_never_scheduled', 'dataset_consumes_1_and_2', 'conditional_dataset_and_time_based_timetable', 'dataset_consumes_1' retrieved from /home/airflow/.local/lib/python3.12/site-packages/airflow/example_dags/example_datasets.py
[2024-08-23T22:16:25.660+0000] {logging_mixin.py:190} INFO - [2024-08-23T22:16:25.660+0000] {dag.py:3211} INFO - Sync 10 DAGs
[2024-08-23T22:16:25.733+0000] {logging_mixin.py:190} INFO - [2024-08-23T22:16:25.732+0000] {dag.py:4138} INFO - Setting next_dagrun for conditional_dataset_and_time_based_timetable to 2024-08-21 01:00:00+00:00, run_after=2024-08-21 01:00:00+00:00
[2024-08-23T22:16:25.738+0000] {logging_mixin.py:190} INFO - [2024-08-23T22:16:25.738+0000] {dag.py:4138} INFO - Setting next_dagrun for consume_1_and_2_with_dataset_expressions to None, run_after=None
[2024-08-23T22:16:25.739+0000] {logging_mixin.py:190} INFO - [2024-08-23T22:16:25.739+0000] {dag.py:4138} INFO - Setting next_dagrun for consume_1_or_2_with_dataset_expressions to None, run_after=None
[2024-08-23T22:16:25.741+0000] {logging_mixin.py:190} INFO - [2024-08-23T22:16:25.740+0000] {dag.py:4138} INFO - Setting next_dagrun for consume_1_or_both_2_and_3_with_dataset_expressions to None, run_after=None
[2024-08-23T22:16:25.742+0000] {logging_mixin.py:190} INFO - [2024-08-23T22:16:25.742+0000] {dag.py:4138} INFO - Setting next_dagrun for dataset_consumes_1 to None, run_after=None
[2024-08-23T22:16:25.743+0000] {logging_mixin.py:190} INFO - [2024-08-23T22:16:25.743+0000] {dag.py:4138} INFO - Setting next_dagrun for dataset_consumes_1_and_2 to None, run_after=None
[2024-08-23T22:16:25.745+0000] {logging_mixin.py:190} INFO - [2024-08-23T22:16:25.745+0000] {dag.py:4138} INFO - Setting next_dagrun for dataset_consumes_1_never_scheduled to None, run_after=None
[2024-08-23T22:16:25.746+0000] {logging_mixin.py:190} INFO - [2024-08-23T22:16:25.746+0000] {dag.py:4138} INFO - Setting next_dagrun for dataset_consumes_unknown_never_scheduled to None, run_after=None
[2024-08-23T22:16:25.748+0000] {logging_mixin.py:190} INFO - [2024-08-23T22:16:25.748+0000] {dag.py:4138} INFO - Setting next_dagrun for dataset_produces_1 to 2024-08-22 00:00:00+00:00, run_after=2024-08-23 00:00:00+00:00
[2024-08-23T22:16:25.749+0000] {logging_mixin.py:190} INFO - [2024-08-23T22:16:25.749+0000] {dag.py:4138} INFO - Setting next_dagrun for dataset_produces_2 to None, run_after=None
[2024-08-23T22:16:25.775+0000] {processor.py:208} INFO - Processing /home/airflow/.local/lib/python3.12/site-packages/airflow/example_dags/example_datasets.py took 0.292 seconds
[2024-08-23T22:16:56.018+0000] {processor.py:186} INFO - Started process (PID=272) to work on /home/airflow/.local/lib/python3.12/site-packages/airflow/example_dags/example_datasets.py
[2024-08-23T22:16:56.038+0000] {processor.py:914} INFO - Processing file /home/airflow/.local/lib/python3.12/site-packages/airflow/example_dags/example_datasets.py for tasks to queue
[2024-08-23T22:16:56.041+0000] {logging_mixin.py:190} INFO - [2024-08-23T22:16:56.040+0000] {dagbag.py:587} INFO - Filling up the DagBag from /home/airflow/.local/lib/python3.12/site-packages/airflow/example_dags/example_datasets.py
[2024-08-23T22:16:56.155+0000] {processor.py:925} INFO - DAG(s) 'dataset_produces_1', 'dataset_consumes_1_and_2', 'dataset_consumes_1_never_scheduled', 'consume_1_or_2_with_dataset_expressions', 'consume_1_or_both_2_and_3_with_dataset_expressions', 'dataset_produces_2', 'consume_1_and_2_with_dataset_expressions', 'conditional_dataset_and_time_based_timetable', 'dataset_consumes_1', 'dataset_consumes_unknown_never_scheduled' retrieved from /home/airflow/.local/lib/python3.12/site-packages/airflow/example_dags/example_datasets.py
[2024-08-23T22:16:56.205+0000] {logging_mixin.py:190} INFO - [2024-08-23T22:16:56.205+0000] {dag.py:3211} INFO - Sync 10 DAGs
[2024-08-23T22:16:56.227+0000] {logging_mixin.py:190} INFO - [2024-08-23T22:16:56.226+0000] {dag.py:4138} INFO - Setting next_dagrun for conditional_dataset_and_time_based_timetable to 2024-08-21 01:00:00+00:00, run_after=2024-08-21 01:00:00+00:00
[2024-08-23T22:16:56.233+0000] {logging_mixin.py:190} INFO - [2024-08-23T22:16:56.233+0000] {dag.py:4138} INFO - Setting next_dagrun for consume_1_and_2_with_dataset_expressions to None, run_after=None
[2024-08-23T22:16:56.235+0000] {logging_mixin.py:190} INFO - [2024-08-23T22:16:56.235+0000] {dag.py:4138} INFO - Setting next_dagrun for consume_1_or_2_with_dataset_expressions to None, run_after=None
[2024-08-23T22:16:56.236+0000] {logging_mixin.py:190} INFO - [2024-08-23T22:16:56.236+0000] {dag.py:4138} INFO - Setting next_dagrun for consume_1_or_both_2_and_3_with_dataset_expressions to None, run_after=None
[2024-08-23T22:16:56.238+0000] {logging_mixin.py:190} INFO - [2024-08-23T22:16:56.238+0000] {dag.py:4138} INFO - Setting next_dagrun for dataset_consumes_1 to None, run_after=None
[2024-08-23T22:16:56.239+0000] {logging_mixin.py:190} INFO - [2024-08-23T22:16:56.239+0000] {dag.py:4138} INFO - Setting next_dagrun for dataset_consumes_1_and_2 to None, run_after=None
[2024-08-23T22:16:56.240+0000] {logging_mixin.py:190} INFO - [2024-08-23T22:16:56.240+0000] {dag.py:4138} INFO - Setting next_dagrun for dataset_consumes_1_never_scheduled to None, run_after=None
[2024-08-23T22:16:56.241+0000] {logging_mixin.py:190} INFO - [2024-08-23T22:16:56.241+0000] {dag.py:4138} INFO - Setting next_dagrun for dataset_consumes_unknown_never_scheduled to None, run_after=None
[2024-08-23T22:16:56.243+0000] {logging_mixin.py:190} INFO - [2024-08-23T22:16:56.243+0000] {dag.py:4138} INFO - Setting next_dagrun for dataset_produces_1 to 2024-08-22 00:00:00+00:00, run_after=2024-08-23 00:00:00+00:00
[2024-08-23T22:16:56.244+0000] {logging_mixin.py:190} INFO - [2024-08-23T22:16:56.244+0000] {dag.py:4138} INFO - Setting next_dagrun for dataset_produces_2 to None, run_after=None
[2024-08-23T22:16:56.271+0000] {processor.py:208} INFO - Processing /home/airflow/.local/lib/python3.12/site-packages/airflow/example_dags/example_datasets.py took 0.258 seconds
