[2024-08-23T22:11:55.902+0000] {processor.py:186} INFO - Started process (PID=87) to work on /home/airflow/.local/lib/python3.12/site-packages/airflow/example_dags/example_dataset_alias_with_no_taskflow.py
[2024-08-23T22:11:55.903+0000] {processor.py:914} INFO - Processing file /home/airflow/.local/lib/python3.12/site-packages/airflow/example_dags/example_dataset_alias_with_no_taskflow.py for tasks to queue
[2024-08-23T22:11:55.906+0000] {logging_mixin.py:190} INFO - [2024-08-23T22:11:55.905+0000] {dagbag.py:587} INFO - Filling up the DagBag from /home/airflow/.local/lib/python3.12/site-packages/airflow/example_dags/example_dataset_alias_with_no_taskflow.py
[2024-08-23T22:11:56.022+0000] {processor.py:925} INFO - DAG(s) 'dataset_s3_bucket_producer_with_no_taskflow', 'dataset_alias_example_alias_producer_with_no_taskflow', 'dataset_alias_example_alias_consumer_with_no_taskflow', 'dataset_s3_bucket_consumer_with_no_taskflow' retrieved from /home/airflow/.local/lib/python3.12/site-packages/airflow/example_dags/example_dataset_alias_with_no_taskflow.py
[2024-08-23T22:11:56.091+0000] {logging_mixin.py:190} INFO - [2024-08-23T22:11:56.090+0000] {override.py:1858} INFO - Created Permission View: can delete on DAG:dataset_s3_bucket_producer_with_no_taskflow
[2024-08-23T22:11:56.098+0000] {logging_mixin.py:190} INFO - [2024-08-23T22:11:56.098+0000] {override.py:1858} INFO - Created Permission View: can edit on DAG:dataset_s3_bucket_producer_with_no_taskflow
[2024-08-23T22:11:56.103+0000] {logging_mixin.py:190} INFO - [2024-08-23T22:11:56.103+0000] {override.py:1858} INFO - Created Permission View: can read on DAG:dataset_s3_bucket_producer_with_no_taskflow
[2024-08-23T22:11:56.113+0000] {logging_mixin.py:190} INFO - [2024-08-23T22:11:56.113+0000] {override.py:1858} INFO - Created Permission View: can delete on DAG:dataset_alias_example_alias_producer_with_no_taskflow
[2024-08-23T22:11:56.118+0000] {logging_mixin.py:190} INFO - [2024-08-23T22:11:56.118+0000] {override.py:1858} INFO - Created Permission View: can edit on DAG:dataset_alias_example_alias_producer_with_no_taskflow
[2024-08-23T22:11:56.135+0000] {logging_mixin.py:190} INFO - [2024-08-23T22:11:56.134+0000] {override.py:1858} INFO - Created Permission View: can read on DAG:dataset_alias_example_alias_producer_with_no_taskflow
[2024-08-23T22:11:56.150+0000] {logging_mixin.py:190} INFO - [2024-08-23T22:11:56.149+0000] {override.py:1858} INFO - Created Permission View: can delete on DAG:dataset_alias_example_alias_consumer_with_no_taskflow
[2024-08-23T22:11:56.155+0000] {logging_mixin.py:190} INFO - [2024-08-23T22:11:56.155+0000] {override.py:1858} INFO - Created Permission View: can edit on DAG:dataset_alias_example_alias_consumer_with_no_taskflow
[2024-08-23T22:11:56.160+0000] {logging_mixin.py:190} INFO - [2024-08-23T22:11:56.159+0000] {override.py:1858} INFO - Created Permission View: can read on DAG:dataset_alias_example_alias_consumer_with_no_taskflow
[2024-08-23T22:11:56.168+0000] {logging_mixin.py:190} INFO - [2024-08-23T22:11:56.168+0000] {override.py:1858} INFO - Created Permission View: can delete on DAG:dataset_s3_bucket_consumer_with_no_taskflow
[2024-08-23T22:11:56.174+0000] {logging_mixin.py:190} INFO - [2024-08-23T22:11:56.174+0000] {override.py:1858} INFO - Created Permission View: can edit on DAG:dataset_s3_bucket_consumer_with_no_taskflow
[2024-08-23T22:11:56.181+0000] {logging_mixin.py:190} INFO - [2024-08-23T22:11:56.181+0000] {override.py:1858} INFO - Created Permission View: can read on DAG:dataset_s3_bucket_consumer_with_no_taskflow
[2024-08-23T22:11:56.182+0000] {logging_mixin.py:190} INFO - [2024-08-23T22:11:56.181+0000] {dag.py:3211} INFO - Sync 4 DAGs
[2024-08-23T22:11:56.194+0000] {logging_mixin.py:190} INFO - [2024-08-23T22:11:56.193+0000] {dag.py:3234} INFO - Creating ORM DAG for dataset_alias_example_alias_producer_with_no_taskflow
[2024-08-23T22:11:56.194+0000] {logging_mixin.py:190} INFO - [2024-08-23T22:11:56.194+0000] {dag.py:3234} INFO - Creating ORM DAG for dataset_alias_example_alias_consumer_with_no_taskflow
[2024-08-23T22:11:56.195+0000] {logging_mixin.py:190} INFO - [2024-08-23T22:11:56.195+0000] {dag.py:3234} INFO - Creating ORM DAG for dataset_s3_bucket_consumer_with_no_taskflow
[2024-08-23T22:11:56.195+0000] {logging_mixin.py:190} INFO - [2024-08-23T22:11:56.195+0000] {dag.py:3234} INFO - Creating ORM DAG for dataset_s3_bucket_producer_with_no_taskflow
[2024-08-23T22:11:56.202+0000] {logging_mixin.py:190} INFO - [2024-08-23T22:11:56.202+0000] {dag.py:4138} INFO - Setting next_dagrun for dataset_alias_example_alias_consumer_with_no_taskflow to None, run_after=None
[2024-08-23T22:11:56.203+0000] {logging_mixin.py:190} INFO - [2024-08-23T22:11:56.203+0000] {dag.py:4138} INFO - Setting next_dagrun for dataset_alias_example_alias_producer_with_no_taskflow to None, run_after=None
[2024-08-23T22:11:56.204+0000] {logging_mixin.py:190} INFO - [2024-08-23T22:11:56.204+0000] {dag.py:4138} INFO - Setting next_dagrun for dataset_s3_bucket_consumer_with_no_taskflow to None, run_after=None
[2024-08-23T22:11:56.204+0000] {logging_mixin.py:190} INFO - [2024-08-23T22:11:56.204+0000] {dag.py:4138} INFO - Setting next_dagrun for dataset_s3_bucket_producer_with_no_taskflow to None, run_after=None
[2024-08-23T22:11:56.233+0000] {processor.py:208} INFO - Processing /home/airflow/.local/lib/python3.12/site-packages/airflow/example_dags/example_dataset_alias_with_no_taskflow.py took 0.336 seconds
[2024-08-23T22:12:26.781+0000] {processor.py:186} INFO - Started process (PID=149) to work on /home/airflow/.local/lib/python3.12/site-packages/airflow/example_dags/example_dataset_alias_with_no_taskflow.py
[2024-08-23T22:12:26.782+0000] {processor.py:914} INFO - Processing file /home/airflow/.local/lib/python3.12/site-packages/airflow/example_dags/example_dataset_alias_with_no_taskflow.py for tasks to queue
[2024-08-23T22:12:26.784+0000] {logging_mixin.py:190} INFO - [2024-08-23T22:12:26.783+0000] {dagbag.py:587} INFO - Filling up the DagBag from /home/airflow/.local/lib/python3.12/site-packages/airflow/example_dags/example_dataset_alias_with_no_taskflow.py
[2024-08-23T22:12:26.914+0000] {processor.py:925} INFO - DAG(s) 'dataset_s3_bucket_producer_with_no_taskflow', 'dataset_s3_bucket_consumer_with_no_taskflow', 'dataset_alias_example_alias_consumer_with_no_taskflow', 'dataset_alias_example_alias_producer_with_no_taskflow' retrieved from /home/airflow/.local/lib/python3.12/site-packages/airflow/example_dags/example_dataset_alias_with_no_taskflow.py
[2024-08-23T22:12:26.931+0000] {logging_mixin.py:190} INFO - [2024-08-23T22:12:26.931+0000] {dag.py:3211} INFO - Sync 4 DAGs
[2024-08-23T22:12:26.950+0000] {logging_mixin.py:190} INFO - [2024-08-23T22:12:26.950+0000] {dag.py:4138} INFO - Setting next_dagrun for dataset_alias_example_alias_consumer_with_no_taskflow to None, run_after=None
[2024-08-23T22:12:26.952+0000] {logging_mixin.py:190} INFO - [2024-08-23T22:12:26.952+0000] {dag.py:4138} INFO - Setting next_dagrun for dataset_alias_example_alias_producer_with_no_taskflow to None, run_after=None
[2024-08-23T22:12:26.954+0000] {logging_mixin.py:190} INFO - [2024-08-23T22:12:26.953+0000] {dag.py:4138} INFO - Setting next_dagrun for dataset_s3_bucket_consumer_with_no_taskflow to None, run_after=None
[2024-08-23T22:12:26.955+0000] {logging_mixin.py:190} INFO - [2024-08-23T22:12:26.955+0000] {dag.py:4138} INFO - Setting next_dagrun for dataset_s3_bucket_producer_with_no_taskflow to None, run_after=None
[2024-08-23T22:12:26.983+0000] {processor.py:208} INFO - Processing /home/airflow/.local/lib/python3.12/site-packages/airflow/example_dags/example_dataset_alias_with_no_taskflow.py took 0.207 seconds
[2024-08-23T22:12:57.259+0000] {processor.py:186} INFO - Started process (PID=211) to work on /home/airflow/.local/lib/python3.12/site-packages/airflow/example_dags/example_dataset_alias_with_no_taskflow.py
[2024-08-23T22:12:57.260+0000] {processor.py:914} INFO - Processing file /home/airflow/.local/lib/python3.12/site-packages/airflow/example_dags/example_dataset_alias_with_no_taskflow.py for tasks to queue
[2024-08-23T22:12:57.262+0000] {logging_mixin.py:190} INFO - [2024-08-23T22:12:57.262+0000] {dagbag.py:587} INFO - Filling up the DagBag from /home/airflow/.local/lib/python3.12/site-packages/airflow/example_dags/example_dataset_alias_with_no_taskflow.py
[2024-08-23T22:12:57.378+0000] {processor.py:925} INFO - DAG(s) 'dataset_s3_bucket_producer_with_no_taskflow', 'dataset_s3_bucket_consumer_with_no_taskflow', 'dataset_alias_example_alias_consumer_with_no_taskflow', 'dataset_alias_example_alias_producer_with_no_taskflow' retrieved from /home/airflow/.local/lib/python3.12/site-packages/airflow/example_dags/example_dataset_alias_with_no_taskflow.py
[2024-08-23T22:12:57.394+0000] {logging_mixin.py:190} INFO - [2024-08-23T22:12:57.394+0000] {dag.py:3211} INFO - Sync 4 DAGs
[2024-08-23T22:12:57.411+0000] {logging_mixin.py:190} INFO - [2024-08-23T22:12:57.411+0000] {dag.py:4138} INFO - Setting next_dagrun for dataset_alias_example_alias_consumer_with_no_taskflow to None, run_after=None
[2024-08-23T22:12:57.414+0000] {logging_mixin.py:190} INFO - [2024-08-23T22:12:57.413+0000] {dag.py:4138} INFO - Setting next_dagrun for dataset_alias_example_alias_producer_with_no_taskflow to None, run_after=None
[2024-08-23T22:12:57.415+0000] {logging_mixin.py:190} INFO - [2024-08-23T22:12:57.415+0000] {dag.py:4138} INFO - Setting next_dagrun for dataset_s3_bucket_consumer_with_no_taskflow to None, run_after=None
[2024-08-23T22:12:57.416+0000] {logging_mixin.py:190} INFO - [2024-08-23T22:12:57.416+0000] {dag.py:4138} INFO - Setting next_dagrun for dataset_s3_bucket_producer_with_no_taskflow to None, run_after=None
[2024-08-23T22:12:57.432+0000] {processor.py:208} INFO - Processing /home/airflow/.local/lib/python3.12/site-packages/airflow/example_dags/example_dataset_alias_with_no_taskflow.py took 0.178 seconds
[2024-08-23T22:13:27.898+0000] {processor.py:186} INFO - Started process (PID=279) to work on /home/airflow/.local/lib/python3.12/site-packages/airflow/example_dags/example_dataset_alias_with_no_taskflow.py
[2024-08-23T22:13:27.899+0000] {processor.py:914} INFO - Processing file /home/airflow/.local/lib/python3.12/site-packages/airflow/example_dags/example_dataset_alias_with_no_taskflow.py for tasks to queue
[2024-08-23T22:13:27.901+0000] {logging_mixin.py:190} INFO - [2024-08-23T22:13:27.901+0000] {dagbag.py:587} INFO - Filling up the DagBag from /home/airflow/.local/lib/python3.12/site-packages/airflow/example_dags/example_dataset_alias_with_no_taskflow.py
[2024-08-23T22:13:28.016+0000] {processor.py:925} INFO - DAG(s) 'dataset_s3_bucket_consumer_with_no_taskflow', 'dataset_alias_example_alias_consumer_with_no_taskflow', 'dataset_alias_example_alias_producer_with_no_taskflow', 'dataset_s3_bucket_producer_with_no_taskflow' retrieved from /home/airflow/.local/lib/python3.12/site-packages/airflow/example_dags/example_dataset_alias_with_no_taskflow.py
[2024-08-23T22:13:28.033+0000] {logging_mixin.py:190} INFO - [2024-08-23T22:13:28.033+0000] {dag.py:3211} INFO - Sync 4 DAGs
[2024-08-23T22:13:28.050+0000] {logging_mixin.py:190} INFO - [2024-08-23T22:13:28.050+0000] {dag.py:4138} INFO - Setting next_dagrun for dataset_alias_example_alias_consumer_with_no_taskflow to None, run_after=None
[2024-08-23T22:13:28.053+0000] {logging_mixin.py:190} INFO - [2024-08-23T22:13:28.053+0000] {dag.py:4138} INFO - Setting next_dagrun for dataset_alias_example_alias_producer_with_no_taskflow to None, run_after=None
[2024-08-23T22:13:28.054+0000] {logging_mixin.py:190} INFO - [2024-08-23T22:13:28.054+0000] {dag.py:4138} INFO - Setting next_dagrun for dataset_s3_bucket_consumer_with_no_taskflow to None, run_after=None
[2024-08-23T22:13:28.055+0000] {logging_mixin.py:190} INFO - [2024-08-23T22:13:28.055+0000] {dag.py:4138} INFO - Setting next_dagrun for dataset_s3_bucket_producer_with_no_taskflow to None, run_after=None
[2024-08-23T22:13:28.071+0000] {processor.py:208} INFO - Processing /home/airflow/.local/lib/python3.12/site-packages/airflow/example_dags/example_dataset_alias_with_no_taskflow.py took 0.178 seconds
[2024-08-23T22:13:58.335+0000] {processor.py:186} INFO - Started process (PID=342) to work on /home/airflow/.local/lib/python3.12/site-packages/airflow/example_dags/example_dataset_alias_with_no_taskflow.py
[2024-08-23T22:13:58.336+0000] {processor.py:914} INFO - Processing file /home/airflow/.local/lib/python3.12/site-packages/airflow/example_dags/example_dataset_alias_with_no_taskflow.py for tasks to queue
[2024-08-23T22:13:58.339+0000] {logging_mixin.py:190} INFO - [2024-08-23T22:13:58.339+0000] {dagbag.py:587} INFO - Filling up the DagBag from /home/airflow/.local/lib/python3.12/site-packages/airflow/example_dags/example_dataset_alias_with_no_taskflow.py
[2024-08-23T22:13:58.461+0000] {processor.py:925} INFO - DAG(s) 'dataset_s3_bucket_producer_with_no_taskflow', 'dataset_s3_bucket_consumer_with_no_taskflow', 'dataset_alias_example_alias_consumer_with_no_taskflow', 'dataset_alias_example_alias_producer_with_no_taskflow' retrieved from /home/airflow/.local/lib/python3.12/site-packages/airflow/example_dags/example_dataset_alias_with_no_taskflow.py
[2024-08-23T22:13:58.480+0000] {logging_mixin.py:190} INFO - [2024-08-23T22:13:58.480+0000] {dag.py:3211} INFO - Sync 4 DAGs
[2024-08-23T22:13:58.498+0000] {logging_mixin.py:190} INFO - [2024-08-23T22:13:58.498+0000] {dag.py:4138} INFO - Setting next_dagrun for dataset_alias_example_alias_consumer_with_no_taskflow to None, run_after=None
[2024-08-23T22:13:58.500+0000] {logging_mixin.py:190} INFO - [2024-08-23T22:13:58.500+0000] {dag.py:4138} INFO - Setting next_dagrun for dataset_alias_example_alias_producer_with_no_taskflow to None, run_after=None
[2024-08-23T22:13:58.501+0000] {logging_mixin.py:190} INFO - [2024-08-23T22:13:58.501+0000] {dag.py:4138} INFO - Setting next_dagrun for dataset_s3_bucket_consumer_with_no_taskflow to None, run_after=None
[2024-08-23T22:13:58.502+0000] {logging_mixin.py:190} INFO - [2024-08-23T22:13:58.502+0000] {dag.py:4138} INFO - Setting next_dagrun for dataset_s3_bucket_producer_with_no_taskflow to None, run_after=None
[2024-08-23T22:13:58.519+0000] {processor.py:208} INFO - Processing /home/airflow/.local/lib/python3.12/site-packages/airflow/example_dags/example_dataset_alias_with_no_taskflow.py took 0.189 seconds
[2024-08-23T22:15:24.386+0000] {processor.py:186} INFO - Started process (PID=87) to work on /home/airflow/.local/lib/python3.12/site-packages/airflow/example_dags/example_dataset_alias_with_no_taskflow.py
[2024-08-23T22:15:24.454+0000] {processor.py:914} INFO - Processing file /home/airflow/.local/lib/python3.12/site-packages/airflow/example_dags/example_dataset_alias_with_no_taskflow.py for tasks to queue
[2024-08-23T22:15:24.456+0000] {logging_mixin.py:190} INFO - [2024-08-23T22:15:24.456+0000] {dagbag.py:587} INFO - Filling up the DagBag from /home/airflow/.local/lib/python3.12/site-packages/airflow/example_dags/example_dataset_alias_with_no_taskflow.py
[2024-08-23T22:15:24.577+0000] {processor.py:925} INFO - DAG(s) 'dataset_alias_example_alias_producer_with_no_taskflow', 'dataset_alias_example_alias_consumer_with_no_taskflow', 'dataset_s3_bucket_producer_with_no_taskflow', 'dataset_s3_bucket_consumer_with_no_taskflow' retrieved from /home/airflow/.local/lib/python3.12/site-packages/airflow/example_dags/example_dataset_alias_with_no_taskflow.py
[2024-08-23T22:15:24.648+0000] {logging_mixin.py:190} INFO - [2024-08-23T22:15:24.647+0000] {override.py:1858} INFO - Created Permission View: can delete on DAG:dataset_alias_example_alias_producer_with_no_taskflow
[2024-08-23T22:15:24.657+0000] {logging_mixin.py:190} INFO - [2024-08-23T22:15:24.657+0000] {override.py:1858} INFO - Created Permission View: can read on DAG:dataset_alias_example_alias_producer_with_no_taskflow
[2024-08-23T22:15:24.664+0000] {logging_mixin.py:190} INFO - [2024-08-23T22:15:24.664+0000] {override.py:1858} INFO - Created Permission View: can edit on DAG:dataset_alias_example_alias_producer_with_no_taskflow
[2024-08-23T22:15:24.678+0000] {logging_mixin.py:190} INFO - [2024-08-23T22:15:24.678+0000] {override.py:1858} INFO - Created Permission View: can delete on DAG:dataset_alias_example_alias_consumer_with_no_taskflow
[2024-08-23T22:15:24.685+0000] {logging_mixin.py:190} INFO - [2024-08-23T22:15:24.685+0000] {override.py:1858} INFO - Created Permission View: can read on DAG:dataset_alias_example_alias_consumer_with_no_taskflow
[2024-08-23T22:15:24.696+0000] {logging_mixin.py:190} INFO - [2024-08-23T22:15:24.696+0000] {override.py:1858} INFO - Created Permission View: can edit on DAG:dataset_alias_example_alias_consumer_with_no_taskflow
[2024-08-23T22:15:24.714+0000] {logging_mixin.py:190} INFO - [2024-08-23T22:15:24.713+0000] {override.py:1858} INFO - Created Permission View: can delete on DAG:dataset_s3_bucket_producer_with_no_taskflow
[2024-08-23T22:15:24.724+0000] {logging_mixin.py:190} INFO - [2024-08-23T22:15:24.724+0000] {override.py:1858} INFO - Created Permission View: can read on DAG:dataset_s3_bucket_producer_with_no_taskflow
[2024-08-23T22:15:24.736+0000] {logging_mixin.py:190} INFO - [2024-08-23T22:15:24.736+0000] {override.py:1858} INFO - Created Permission View: can edit on DAG:dataset_s3_bucket_producer_with_no_taskflow
[2024-08-23T22:15:24.761+0000] {logging_mixin.py:190} INFO - [2024-08-23T22:15:24.761+0000] {override.py:1858} INFO - Created Permission View: can delete on DAG:dataset_s3_bucket_consumer_with_no_taskflow
[2024-08-23T22:15:24.773+0000] {logging_mixin.py:190} INFO - [2024-08-23T22:15:24.772+0000] {override.py:1858} INFO - Created Permission View: can read on DAG:dataset_s3_bucket_consumer_with_no_taskflow
[2024-08-23T22:15:24.783+0000] {logging_mixin.py:190} INFO - [2024-08-23T22:15:24.782+0000] {override.py:1858} INFO - Created Permission View: can edit on DAG:dataset_s3_bucket_consumer_with_no_taskflow
[2024-08-23T22:15:24.783+0000] {logging_mixin.py:190} INFO - [2024-08-23T22:15:24.783+0000] {dag.py:3211} INFO - Sync 4 DAGs
[2024-08-23T22:15:24.798+0000] {logging_mixin.py:190} INFO - [2024-08-23T22:15:24.797+0000] {dag.py:3234} INFO - Creating ORM DAG for dataset_alias_example_alias_producer_with_no_taskflow
[2024-08-23T22:15:24.800+0000] {logging_mixin.py:190} INFO - [2024-08-23T22:15:24.799+0000] {dag.py:3234} INFO - Creating ORM DAG for dataset_alias_example_alias_consumer_with_no_taskflow
[2024-08-23T22:15:24.802+0000] {logging_mixin.py:190} INFO - [2024-08-23T22:15:24.801+0000] {dag.py:3234} INFO - Creating ORM DAG for dataset_s3_bucket_producer_with_no_taskflow
[2024-08-23T22:15:24.803+0000] {logging_mixin.py:190} INFO - [2024-08-23T22:15:24.803+0000] {dag.py:3234} INFO - Creating ORM DAG for dataset_s3_bucket_consumer_with_no_taskflow
[2024-08-23T22:15:24.811+0000] {logging_mixin.py:190} INFO - [2024-08-23T22:15:24.811+0000] {dag.py:4138} INFO - Setting next_dagrun for dataset_alias_example_alias_consumer_with_no_taskflow to None, run_after=None
[2024-08-23T22:15:24.812+0000] {logging_mixin.py:190} INFO - [2024-08-23T22:15:24.812+0000] {dag.py:4138} INFO - Setting next_dagrun for dataset_alias_example_alias_producer_with_no_taskflow to None, run_after=None
[2024-08-23T22:15:24.814+0000] {logging_mixin.py:190} INFO - [2024-08-23T22:15:24.813+0000] {dag.py:4138} INFO - Setting next_dagrun for dataset_s3_bucket_consumer_with_no_taskflow to None, run_after=None
[2024-08-23T22:15:24.815+0000] {logging_mixin.py:190} INFO - [2024-08-23T22:15:24.814+0000] {dag.py:4138} INFO - Setting next_dagrun for dataset_s3_bucket_producer_with_no_taskflow to None, run_after=None
[2024-08-23T22:15:24.836+0000] {processor.py:208} INFO - Processing /home/airflow/.local/lib/python3.12/site-packages/airflow/example_dags/example_dataset_alias_with_no_taskflow.py took 0.455 seconds
[2024-08-23T22:15:54.947+0000] {processor.py:186} INFO - Started process (PID=149) to work on /home/airflow/.local/lib/python3.12/site-packages/airflow/example_dags/example_dataset_alias_with_no_taskflow.py
[2024-08-23T22:15:55.026+0000] {processor.py:914} INFO - Processing file /home/airflow/.local/lib/python3.12/site-packages/airflow/example_dags/example_dataset_alias_with_no_taskflow.py for tasks to queue
[2024-08-23T22:15:55.028+0000] {logging_mixin.py:190} INFO - [2024-08-23T22:15:55.028+0000] {dagbag.py:587} INFO - Filling up the DagBag from /home/airflow/.local/lib/python3.12/site-packages/airflow/example_dags/example_dataset_alias_with_no_taskflow.py
[2024-08-23T22:15:55.165+0000] {processor.py:925} INFO - DAG(s) 'dataset_alias_example_alias_producer_with_no_taskflow', 'dataset_s3_bucket_producer_with_no_taskflow', 'dataset_alias_example_alias_consumer_with_no_taskflow', 'dataset_s3_bucket_consumer_with_no_taskflow' retrieved from /home/airflow/.local/lib/python3.12/site-packages/airflow/example_dags/example_dataset_alias_with_no_taskflow.py
[2024-08-23T22:15:55.185+0000] {logging_mixin.py:190} INFO - [2024-08-23T22:15:55.185+0000] {dag.py:3211} INFO - Sync 4 DAGs
[2024-08-23T22:15:55.202+0000] {logging_mixin.py:190} INFO - [2024-08-23T22:15:55.201+0000] {dag.py:4138} INFO - Setting next_dagrun for dataset_alias_example_alias_consumer_with_no_taskflow to None, run_after=None
[2024-08-23T22:15:55.204+0000] {logging_mixin.py:190} INFO - [2024-08-23T22:15:55.204+0000] {dag.py:4138} INFO - Setting next_dagrun for dataset_alias_example_alias_producer_with_no_taskflow to None, run_after=None
[2024-08-23T22:15:55.206+0000] {logging_mixin.py:190} INFO - [2024-08-23T22:15:55.205+0000] {dag.py:4138} INFO - Setting next_dagrun for dataset_s3_bucket_consumer_with_no_taskflow to None, run_after=None
[2024-08-23T22:15:55.207+0000] {logging_mixin.py:190} INFO - [2024-08-23T22:15:55.206+0000] {dag.py:4138} INFO - Setting next_dagrun for dataset_s3_bucket_producer_with_no_taskflow to None, run_after=None
[2024-08-23T22:15:55.230+0000] {processor.py:208} INFO - Processing /home/airflow/.local/lib/python3.12/site-packages/airflow/example_dags/example_dataset_alias_with_no_taskflow.py took 0.288 seconds
[2024-08-23T22:16:25.821+0000] {processor.py:186} INFO - Started process (PID=212) to work on /home/airflow/.local/lib/python3.12/site-packages/airflow/example_dags/example_dataset_alias_with_no_taskflow.py
[2024-08-23T22:16:25.906+0000] {processor.py:914} INFO - Processing file /home/airflow/.local/lib/python3.12/site-packages/airflow/example_dags/example_dataset_alias_with_no_taskflow.py for tasks to queue
[2024-08-23T22:16:25.908+0000] {logging_mixin.py:190} INFO - [2024-08-23T22:16:25.908+0000] {dagbag.py:587} INFO - Filling up the DagBag from /home/airflow/.local/lib/python3.12/site-packages/airflow/example_dags/example_dataset_alias_with_no_taskflow.py
[2024-08-23T22:16:26.052+0000] {processor.py:925} INFO - DAG(s) 'dataset_s3_bucket_producer_with_no_taskflow', 'dataset_s3_bucket_consumer_with_no_taskflow', 'dataset_alias_example_alias_producer_with_no_taskflow', 'dataset_alias_example_alias_consumer_with_no_taskflow' retrieved from /home/airflow/.local/lib/python3.12/site-packages/airflow/example_dags/example_dataset_alias_with_no_taskflow.py
[2024-08-23T22:16:26.071+0000] {logging_mixin.py:190} INFO - [2024-08-23T22:16:26.070+0000] {dag.py:3211} INFO - Sync 4 DAGs
[2024-08-23T22:16:26.104+0000] {logging_mixin.py:190} INFO - [2024-08-23T22:16:26.104+0000] {dag.py:4138} INFO - Setting next_dagrun for dataset_alias_example_alias_consumer_with_no_taskflow to None, run_after=None
[2024-08-23T22:16:26.107+0000] {logging_mixin.py:190} INFO - [2024-08-23T22:16:26.106+0000] {dag.py:4138} INFO - Setting next_dagrun for dataset_alias_example_alias_producer_with_no_taskflow to None, run_after=None
[2024-08-23T22:16:26.107+0000] {logging_mixin.py:190} INFO - [2024-08-23T22:16:26.107+0000] {dag.py:4138} INFO - Setting next_dagrun for dataset_s3_bucket_consumer_with_no_taskflow to None, run_after=None
[2024-08-23T22:16:26.108+0000] {logging_mixin.py:190} INFO - [2024-08-23T22:16:26.108+0000] {dag.py:4138} INFO - Setting next_dagrun for dataset_s3_bucket_producer_with_no_taskflow to None, run_after=None
[2024-08-23T22:16:26.124+0000] {processor.py:208} INFO - Processing /home/airflow/.local/lib/python3.12/site-packages/airflow/example_dags/example_dataset_alias_with_no_taskflow.py took 0.307 seconds
[2024-08-23T22:16:56.254+0000] {processor.py:186} INFO - Started process (PID=274) to work on /home/airflow/.local/lib/python3.12/site-packages/airflow/example_dags/example_dataset_alias_with_no_taskflow.py
[2024-08-23T22:16:56.295+0000] {processor.py:914} INFO - Processing file /home/airflow/.local/lib/python3.12/site-packages/airflow/example_dags/example_dataset_alias_with_no_taskflow.py for tasks to queue
[2024-08-23T22:16:56.401+0000] {logging_mixin.py:190} INFO - [2024-08-23T22:16:56.401+0000] {dagbag.py:587} INFO - Filling up the DagBag from /home/airflow/.local/lib/python3.12/site-packages/airflow/example_dags/example_dataset_alias_with_no_taskflow.py
[2024-08-23T22:16:56.522+0000] {processor.py:925} INFO - DAG(s) 'dataset_s3_bucket_producer_with_no_taskflow', 'dataset_alias_example_alias_consumer_with_no_taskflow', 'dataset_alias_example_alias_producer_with_no_taskflow', 'dataset_s3_bucket_consumer_with_no_taskflow' retrieved from /home/airflow/.local/lib/python3.12/site-packages/airflow/example_dags/example_dataset_alias_with_no_taskflow.py
[2024-08-23T22:16:56.540+0000] {logging_mixin.py:190} INFO - [2024-08-23T22:16:56.540+0000] {dag.py:3211} INFO - Sync 4 DAGs
[2024-08-23T22:16:56.556+0000] {logging_mixin.py:190} INFO - [2024-08-23T22:16:56.556+0000] {dag.py:4138} INFO - Setting next_dagrun for dataset_alias_example_alias_consumer_with_no_taskflow to None, run_after=None
[2024-08-23T22:16:56.559+0000] {logging_mixin.py:190} INFO - [2024-08-23T22:16:56.558+0000] {dag.py:4138} INFO - Setting next_dagrun for dataset_alias_example_alias_producer_with_no_taskflow to None, run_after=None
[2024-08-23T22:16:56.560+0000] {logging_mixin.py:190} INFO - [2024-08-23T22:16:56.560+0000] {dag.py:4138} INFO - Setting next_dagrun for dataset_s3_bucket_consumer_with_no_taskflow to None, run_after=None
[2024-08-23T22:16:56.561+0000] {logging_mixin.py:190} INFO - [2024-08-23T22:16:56.561+0000] {dag.py:4138} INFO - Setting next_dagrun for dataset_s3_bucket_producer_with_no_taskflow to None, run_after=None
[2024-08-23T22:16:56.579+0000] {processor.py:208} INFO - Processing /home/airflow/.local/lib/python3.12/site-packages/airflow/example_dags/example_dataset_alias_with_no_taskflow.py took 0.330 seconds
