[2024-08-23T22:11:54.292+0000] {processor.py:186} INFO - Started process (PID=77) to work on /home/airflow/.local/lib/python3.12/site-packages/airflow/example_dags/example_complex.py
[2024-08-23T22:11:54.293+0000] {processor.py:914} INFO - Processing file /home/airflow/.local/lib/python3.12/site-packages/airflow/example_dags/example_complex.py for tasks to queue
[2024-08-23T22:11:54.295+0000] {logging_mixin.py:190} INFO - [2024-08-23T22:11:54.295+0000] {dagbag.py:587} INFO - Filling up the DagBag from /home/airflow/.local/lib/python3.12/site-packages/airflow/example_dags/example_complex.py
[2024-08-23T22:11:54.308+0000] {processor.py:925} INFO - DAG(s) 'example_complex' retrieved from /home/airflow/.local/lib/python3.12/site-packages/airflow/example_dags/example_complex.py
[2024-08-23T22:11:54.405+0000] {logging_mixin.py:190} INFO - [2024-08-23T22:11:54.405+0000] {override.py:1858} INFO - Created Permission View: can delete on DAG:example_complex
[2024-08-23T22:11:54.415+0000] {logging_mixin.py:190} INFO - [2024-08-23T22:11:54.415+0000] {override.py:1858} INFO - Created Permission View: can edit on DAG:example_complex
[2024-08-23T22:11:54.422+0000] {logging_mixin.py:190} INFO - [2024-08-23T22:11:54.422+0000] {override.py:1858} INFO - Created Permission View: can read on DAG:example_complex
[2024-08-23T22:11:54.423+0000] {logging_mixin.py:190} INFO - [2024-08-23T22:11:54.423+0000] {dag.py:3211} INFO - Sync 1 DAGs
[2024-08-23T22:11:54.435+0000] {logging_mixin.py:190} INFO - [2024-08-23T22:11:54.435+0000] {dag.py:3234} INFO - Creating ORM DAG for example_complex
[2024-08-23T22:11:54.436+0000] {logging_mixin.py:190} INFO - [2024-08-23T22:11:54.436+0000] {dag.py:4138} INFO - Setting next_dagrun for example_complex to None, run_after=None
[2024-08-23T22:11:54.452+0000] {processor.py:208} INFO - Processing /home/airflow/.local/lib/python3.12/site-packages/airflow/example_dags/example_complex.py took 0.168 seconds
[2024-08-23T22:12:24.966+0000] {processor.py:186} INFO - Started process (PID=139) to work on /home/airflow/.local/lib/python3.12/site-packages/airflow/example_dags/example_complex.py
[2024-08-23T22:12:24.967+0000] {processor.py:914} INFO - Processing file /home/airflow/.local/lib/python3.12/site-packages/airflow/example_dags/example_complex.py for tasks to queue
[2024-08-23T22:12:24.969+0000] {logging_mixin.py:190} INFO - [2024-08-23T22:12:24.969+0000] {dagbag.py:587} INFO - Filling up the DagBag from /home/airflow/.local/lib/python3.12/site-packages/airflow/example_dags/example_complex.py
[2024-08-23T22:12:24.978+0000] {processor.py:925} INFO - DAG(s) 'example_complex' retrieved from /home/airflow/.local/lib/python3.12/site-packages/airflow/example_dags/example_complex.py
[2024-08-23T22:12:25.000+0000] {logging_mixin.py:190} INFO - [2024-08-23T22:12:25.000+0000] {dag.py:3211} INFO - Sync 1 DAGs
[2024-08-23T22:12:25.011+0000] {logging_mixin.py:190} INFO - [2024-08-23T22:12:25.011+0000] {dag.py:4138} INFO - Setting next_dagrun for example_complex to None, run_after=None
[2024-08-23T22:12:25.027+0000] {processor.py:208} INFO - Processing /home/airflow/.local/lib/python3.12/site-packages/airflow/example_dags/example_complex.py took 0.066 seconds
[2024-08-23T22:12:55.553+0000] {processor.py:186} INFO - Started process (PID=201) to work on /home/airflow/.local/lib/python3.12/site-packages/airflow/example_dags/example_complex.py
[2024-08-23T22:12:55.554+0000] {processor.py:914} INFO - Processing file /home/airflow/.local/lib/python3.12/site-packages/airflow/example_dags/example_complex.py for tasks to queue
[2024-08-23T22:12:55.556+0000] {logging_mixin.py:190} INFO - [2024-08-23T22:12:55.556+0000] {dagbag.py:587} INFO - Filling up the DagBag from /home/airflow/.local/lib/python3.12/site-packages/airflow/example_dags/example_complex.py
[2024-08-23T22:12:55.565+0000] {processor.py:925} INFO - DAG(s) 'example_complex' retrieved from /home/airflow/.local/lib/python3.12/site-packages/airflow/example_dags/example_complex.py
[2024-08-23T22:12:55.590+0000] {logging_mixin.py:190} INFO - [2024-08-23T22:12:55.590+0000] {dag.py:3211} INFO - Sync 1 DAGs
[2024-08-23T22:12:55.602+0000] {logging_mixin.py:190} INFO - [2024-08-23T22:12:55.602+0000] {dag.py:4138} INFO - Setting next_dagrun for example_complex to None, run_after=None
[2024-08-23T22:12:55.617+0000] {processor.py:208} INFO - Processing /home/airflow/.local/lib/python3.12/site-packages/airflow/example_dags/example_complex.py took 0.068 seconds
[2024-08-23T22:13:26.293+0000] {processor.py:186} INFO - Started process (PID=263) to work on /home/airflow/.local/lib/python3.12/site-packages/airflow/example_dags/example_complex.py
[2024-08-23T22:13:26.294+0000] {processor.py:914} INFO - Processing file /home/airflow/.local/lib/python3.12/site-packages/airflow/example_dags/example_complex.py for tasks to queue
[2024-08-23T22:13:26.296+0000] {logging_mixin.py:190} INFO - [2024-08-23T22:13:26.296+0000] {dagbag.py:587} INFO - Filling up the DagBag from /home/airflow/.local/lib/python3.12/site-packages/airflow/example_dags/example_complex.py
[2024-08-23T22:13:26.305+0000] {processor.py:925} INFO - DAG(s) 'example_complex' retrieved from /home/airflow/.local/lib/python3.12/site-packages/airflow/example_dags/example_complex.py
[2024-08-23T22:13:26.330+0000] {logging_mixin.py:190} INFO - [2024-08-23T22:13:26.330+0000] {dag.py:3211} INFO - Sync 1 DAGs
[2024-08-23T22:13:26.341+0000] {logging_mixin.py:190} INFO - [2024-08-23T22:13:26.341+0000] {dag.py:4138} INFO - Setting next_dagrun for example_complex to None, run_after=None
[2024-08-23T22:13:26.356+0000] {processor.py:208} INFO - Processing /home/airflow/.local/lib/python3.12/site-packages/airflow/example_dags/example_complex.py took 0.067 seconds
[2024-08-23T22:13:56.547+0000] {processor.py:186} INFO - Started process (PID=325) to work on /home/airflow/.local/lib/python3.12/site-packages/airflow/example_dags/example_complex.py
[2024-08-23T22:13:56.548+0000] {processor.py:914} INFO - Processing file /home/airflow/.local/lib/python3.12/site-packages/airflow/example_dags/example_complex.py for tasks to queue
[2024-08-23T22:13:56.550+0000] {logging_mixin.py:190} INFO - [2024-08-23T22:13:56.550+0000] {dagbag.py:587} INFO - Filling up the DagBag from /home/airflow/.local/lib/python3.12/site-packages/airflow/example_dags/example_complex.py
[2024-08-23T22:13:56.558+0000] {processor.py:925} INFO - DAG(s) 'example_complex' retrieved from /home/airflow/.local/lib/python3.12/site-packages/airflow/example_dags/example_complex.py
[2024-08-23T22:13:56.582+0000] {logging_mixin.py:190} INFO - [2024-08-23T22:13:56.582+0000] {dag.py:3211} INFO - Sync 1 DAGs
[2024-08-23T22:13:56.593+0000] {logging_mixin.py:190} INFO - [2024-08-23T22:13:56.593+0000] {dag.py:4138} INFO - Setting next_dagrun for example_complex to None, run_after=None
[2024-08-23T22:13:56.607+0000] {processor.py:208} INFO - Processing /home/airflow/.local/lib/python3.12/site-packages/airflow/example_dags/example_complex.py took 0.066 seconds
[2024-08-23T22:15:23.136+0000] {processor.py:186} INFO - Started process (PID=77) to work on /home/airflow/.local/lib/python3.12/site-packages/airflow/example_dags/example_complex.py
[2024-08-23T22:15:23.138+0000] {processor.py:914} INFO - Processing file /home/airflow/.local/lib/python3.12/site-packages/airflow/example_dags/example_complex.py for tasks to queue
[2024-08-23T22:15:23.140+0000] {logging_mixin.py:190} INFO - [2024-08-23T22:15:23.139+0000] {dagbag.py:587} INFO - Filling up the DagBag from /home/airflow/.local/lib/python3.12/site-packages/airflow/example_dags/example_complex.py
[2024-08-23T22:15:23.150+0000] {processor.py:925} INFO - DAG(s) 'example_complex' retrieved from /home/airflow/.local/lib/python3.12/site-packages/airflow/example_dags/example_complex.py
[2024-08-23T22:15:23.237+0000] {logging_mixin.py:190} INFO - [2024-08-23T22:15:23.236+0000] {override.py:1858} INFO - Created Permission View: can delete on DAG:example_complex
[2024-08-23T22:15:23.251+0000] {logging_mixin.py:190} INFO - [2024-08-23T22:15:23.251+0000] {override.py:1858} INFO - Created Permission View: can read on DAG:example_complex
[2024-08-23T22:15:23.259+0000] {logging_mixin.py:190} INFO - [2024-08-23T22:15:23.259+0000] {override.py:1858} INFO - Created Permission View: can edit on DAG:example_complex
[2024-08-23T22:15:23.260+0000] {logging_mixin.py:190} INFO - [2024-08-23T22:15:23.260+0000] {dag.py:3211} INFO - Sync 1 DAGs
[2024-08-23T22:15:23.272+0000] {logging_mixin.py:190} INFO - [2024-08-23T22:15:23.272+0000] {dag.py:3234} INFO - Creating ORM DAG for example_complex
[2024-08-23T22:15:23.273+0000] {logging_mixin.py:190} INFO - [2024-08-23T22:15:23.273+0000] {dag.py:4138} INFO - Setting next_dagrun for example_complex to None, run_after=None
[2024-08-23T22:15:23.288+0000] {processor.py:208} INFO - Processing /home/airflow/.local/lib/python3.12/site-packages/airflow/example_dags/example_complex.py took 0.156 seconds
[2024-08-23T22:15:53.430+0000] {processor.py:186} INFO - Started process (PID=139) to work on /home/airflow/.local/lib/python3.12/site-packages/airflow/example_dags/example_complex.py
[2024-08-23T22:15:53.440+0000] {processor.py:914} INFO - Processing file /home/airflow/.local/lib/python3.12/site-packages/airflow/example_dags/example_complex.py for tasks to queue
[2024-08-23T22:15:53.442+0000] {logging_mixin.py:190} INFO - [2024-08-23T22:15:53.442+0000] {dagbag.py:587} INFO - Filling up the DagBag from /home/airflow/.local/lib/python3.12/site-packages/airflow/example_dags/example_complex.py
[2024-08-23T22:15:53.452+0000] {processor.py:925} INFO - DAG(s) 'example_complex' retrieved from /home/airflow/.local/lib/python3.12/site-packages/airflow/example_dags/example_complex.py
[2024-08-23T22:15:53.477+0000] {logging_mixin.py:190} INFO - [2024-08-23T22:15:53.477+0000] {dag.py:3211} INFO - Sync 1 DAGs
[2024-08-23T22:15:53.490+0000] {logging_mixin.py:190} INFO - [2024-08-23T22:15:53.490+0000] {dag.py:4138} INFO - Setting next_dagrun for example_complex to None, run_after=None
[2024-08-23T22:15:53.508+0000] {processor.py:208} INFO - Processing /home/airflow/.local/lib/python3.12/site-packages/airflow/example_dags/example_complex.py took 0.083 seconds
[2024-08-23T22:16:23.744+0000] {processor.py:186} INFO - Started process (PID=202) to work on /home/airflow/.local/lib/python3.12/site-packages/airflow/example_dags/example_complex.py
[2024-08-23T22:16:23.779+0000] {processor.py:914} INFO - Processing file /home/airflow/.local/lib/python3.12/site-packages/airflow/example_dags/example_complex.py for tasks to queue
[2024-08-23T22:16:23.781+0000] {logging_mixin.py:190} INFO - [2024-08-23T22:16:23.780+0000] {dagbag.py:587} INFO - Filling up the DagBag from /home/airflow/.local/lib/python3.12/site-packages/airflow/example_dags/example_complex.py
[2024-08-23T22:16:23.790+0000] {processor.py:925} INFO - DAG(s) 'example_complex' retrieved from /home/airflow/.local/lib/python3.12/site-packages/airflow/example_dags/example_complex.py
[2024-08-23T22:16:23.814+0000] {logging_mixin.py:190} INFO - [2024-08-23T22:16:23.814+0000] {dag.py:3211} INFO - Sync 1 DAGs
[2024-08-23T22:16:23.825+0000] {logging_mixin.py:190} INFO - [2024-08-23T22:16:23.824+0000] {dag.py:4138} INFO - Setting next_dagrun for example_complex to None, run_after=None
[2024-08-23T22:16:23.840+0000] {processor.py:208} INFO - Processing /home/airflow/.local/lib/python3.12/site-packages/airflow/example_dags/example_complex.py took 0.101 seconds
[2024-08-23T22:16:54.328+0000] {processor.py:186} INFO - Started process (PID=264) to work on /home/airflow/.local/lib/python3.12/site-packages/airflow/example_dags/example_complex.py
[2024-08-23T22:16:54.399+0000] {processor.py:914} INFO - Processing file /home/airflow/.local/lib/python3.12/site-packages/airflow/example_dags/example_complex.py for tasks to queue
[2024-08-23T22:16:54.402+0000] {logging_mixin.py:190} INFO - [2024-08-23T22:16:54.401+0000] {dagbag.py:587} INFO - Filling up the DagBag from /home/airflow/.local/lib/python3.12/site-packages/airflow/example_dags/example_complex.py
[2024-08-23T22:16:54.412+0000] {processor.py:925} INFO - DAG(s) 'example_complex' retrieved from /home/airflow/.local/lib/python3.12/site-packages/airflow/example_dags/example_complex.py
[2024-08-23T22:16:54.439+0000] {logging_mixin.py:190} INFO - [2024-08-23T22:16:54.439+0000] {dag.py:3211} INFO - Sync 1 DAGs
[2024-08-23T22:16:54.450+0000] {logging_mixin.py:190} INFO - [2024-08-23T22:16:54.450+0000] {dag.py:4138} INFO - Setting next_dagrun for example_complex to None, run_after=None
[2024-08-23T22:16:54.465+0000] {processor.py:208} INFO - Processing /home/airflow/.local/lib/python3.12/site-packages/airflow/example_dags/example_complex.py took 0.142 seconds
