[2024-08-23T22:11:51.940+0000] {processor.py:186} INFO - Started process (PID=59) to work on /home/airflow/.local/lib/python3.12/site-packages/airflow/example_dags/example_dataset_alias.py
[2024-08-23T22:11:51.942+0000] {processor.py:914} INFO - Processing file /home/airflow/.local/lib/python3.12/site-packages/airflow/example_dags/example_dataset_alias.py for tasks to queue
[2024-08-23T22:11:51.948+0000] {logging_mixin.py:190} INFO - [2024-08-23T22:11:51.947+0000] {dagbag.py:587} INFO - Filling up the DagBag from /home/airflow/.local/lib/python3.12/site-packages/airflow/example_dags/example_dataset_alias.py
[2024-08-23T22:11:52.498+0000] {processor.py:925} INFO - DAG(s) 'dataset_alias_example_alias_producer', 'dataset_alias_example_alias_consumer', 'dataset_s3_bucket_consumer', 'dataset_s3_bucket_producer' retrieved from /home/airflow/.local/lib/python3.12/site-packages/airflow/example_dags/example_dataset_alias.py
[2024-08-23T22:11:52.605+0000] {logging_mixin.py:190} INFO - [2024-08-23T22:11:52.604+0000] {override.py:1858} INFO - Created Permission View: can delete on DAG:dataset_alias_example_alias_producer
[2024-08-23T22:11:52.615+0000] {logging_mixin.py:190} INFO - [2024-08-23T22:11:52.615+0000] {override.py:1858} INFO - Created Permission View: can edit on DAG:dataset_alias_example_alias_producer
[2024-08-23T22:11:52.622+0000] {logging_mixin.py:190} INFO - [2024-08-23T22:11:52.622+0000] {override.py:1858} INFO - Created Permission View: can read on DAG:dataset_alias_example_alias_producer
[2024-08-23T22:11:52.635+0000] {logging_mixin.py:190} INFO - [2024-08-23T22:11:52.634+0000] {override.py:1858} INFO - Created Permission View: can delete on DAG:dataset_alias_example_alias_consumer
[2024-08-23T22:11:52.641+0000] {logging_mixin.py:190} INFO - [2024-08-23T22:11:52.641+0000] {override.py:1858} INFO - Created Permission View: can edit on DAG:dataset_alias_example_alias_consumer
[2024-08-23T22:11:52.648+0000] {logging_mixin.py:190} INFO - [2024-08-23T22:11:52.647+0000] {override.py:1858} INFO - Created Permission View: can read on DAG:dataset_alias_example_alias_consumer
[2024-08-23T22:11:52.659+0000] {logging_mixin.py:190} INFO - [2024-08-23T22:11:52.659+0000] {override.py:1858} INFO - Created Permission View: can delete on DAG:dataset_s3_bucket_consumer
[2024-08-23T22:11:52.666+0000] {logging_mixin.py:190} INFO - [2024-08-23T22:11:52.666+0000] {override.py:1858} INFO - Created Permission View: can edit on DAG:dataset_s3_bucket_consumer
[2024-08-23T22:11:52.673+0000] {logging_mixin.py:190} INFO - [2024-08-23T22:11:52.672+0000] {override.py:1858} INFO - Created Permission View: can read on DAG:dataset_s3_bucket_consumer
[2024-08-23T22:11:52.685+0000] {logging_mixin.py:190} INFO - [2024-08-23T22:11:52.685+0000] {override.py:1858} INFO - Created Permission View: can delete on DAG:dataset_s3_bucket_producer
[2024-08-23T22:11:52.691+0000] {logging_mixin.py:190} INFO - [2024-08-23T22:11:52.690+0000] {override.py:1858} INFO - Created Permission View: can edit on DAG:dataset_s3_bucket_producer
[2024-08-23T22:11:52.696+0000] {logging_mixin.py:190} INFO - [2024-08-23T22:11:52.696+0000] {override.py:1858} INFO - Created Permission View: can read on DAG:dataset_s3_bucket_producer
[2024-08-23T22:11:52.697+0000] {logging_mixin.py:190} INFO - [2024-08-23T22:11:52.696+0000] {dag.py:3211} INFO - Sync 4 DAGs
[2024-08-23T22:11:52.710+0000] {logging_mixin.py:190} INFO - [2024-08-23T22:11:52.710+0000] {dag.py:3234} INFO - Creating ORM DAG for dataset_alias_example_alias_producer
[2024-08-23T22:11:52.712+0000] {logging_mixin.py:190} INFO - [2024-08-23T22:11:52.711+0000] {dag.py:3234} INFO - Creating ORM DAG for dataset_s3_bucket_consumer
[2024-08-23T22:11:52.713+0000] {logging_mixin.py:190} INFO - [2024-08-23T22:11:52.712+0000] {dag.py:3234} INFO - Creating ORM DAG for dataset_alias_example_alias_consumer
[2024-08-23T22:11:52.713+0000] {logging_mixin.py:190} INFO - [2024-08-23T22:11:52.713+0000] {dag.py:3234} INFO - Creating ORM DAG for dataset_s3_bucket_producer
[2024-08-23T22:11:52.722+0000] {logging_mixin.py:190} INFO - [2024-08-23T22:11:52.721+0000] {dag.py:4138} INFO - Setting next_dagrun for dataset_alias_example_alias_consumer to None, run_after=None
[2024-08-23T22:11:52.723+0000] {logging_mixin.py:190} INFO - [2024-08-23T22:11:52.723+0000] {dag.py:4138} INFO - Setting next_dagrun for dataset_alias_example_alias_producer to None, run_after=None
[2024-08-23T22:11:52.724+0000] {logging_mixin.py:190} INFO - [2024-08-23T22:11:52.724+0000] {dag.py:4138} INFO - Setting next_dagrun for dataset_s3_bucket_consumer to None, run_after=None
[2024-08-23T22:11:52.724+0000] {logging_mixin.py:190} INFO - [2024-08-23T22:11:52.724+0000] {dag.py:4138} INFO - Setting next_dagrun for dataset_s3_bucket_producer to None, run_after=None
[2024-08-23T22:11:52.757+0000] {processor.py:208} INFO - Processing /home/airflow/.local/lib/python3.12/site-packages/airflow/example_dags/example_dataset_alias.py took 0.825 seconds
[2024-08-23T22:12:22.994+0000] {processor.py:186} INFO - Started process (PID=123) to work on /home/airflow/.local/lib/python3.12/site-packages/airflow/example_dags/example_dataset_alias.py
[2024-08-23T22:12:22.995+0000] {processor.py:914} INFO - Processing file /home/airflow/.local/lib/python3.12/site-packages/airflow/example_dags/example_dataset_alias.py for tasks to queue
[2024-08-23T22:12:22.998+0000] {logging_mixin.py:190} INFO - [2024-08-23T22:12:22.998+0000] {dagbag.py:587} INFO - Filling up the DagBag from /home/airflow/.local/lib/python3.12/site-packages/airflow/example_dags/example_dataset_alias.py
[2024-08-23T22:12:23.116+0000] {processor.py:925} INFO - DAG(s) 'dataset_s3_bucket_producer', 'dataset_alias_example_alias_producer', 'dataset_alias_example_alias_consumer', 'dataset_s3_bucket_consumer' retrieved from /home/airflow/.local/lib/python3.12/site-packages/airflow/example_dags/example_dataset_alias.py
[2024-08-23T22:12:23.131+0000] {logging_mixin.py:190} INFO - [2024-08-23T22:12:23.131+0000] {dag.py:3211} INFO - Sync 4 DAGs
[2024-08-23T22:12:23.148+0000] {logging_mixin.py:190} INFO - [2024-08-23T22:12:23.148+0000] {dag.py:4138} INFO - Setting next_dagrun for dataset_alias_example_alias_consumer to None, run_after=None
[2024-08-23T22:12:23.151+0000] {logging_mixin.py:190} INFO - [2024-08-23T22:12:23.151+0000] {dag.py:4138} INFO - Setting next_dagrun for dataset_alias_example_alias_producer to None, run_after=None
[2024-08-23T22:12:23.153+0000] {logging_mixin.py:190} INFO - [2024-08-23T22:12:23.152+0000] {dag.py:4138} INFO - Setting next_dagrun for dataset_s3_bucket_consumer to None, run_after=None
[2024-08-23T22:12:23.154+0000] {logging_mixin.py:190} INFO - [2024-08-23T22:12:23.154+0000] {dag.py:4138} INFO - Setting next_dagrun for dataset_s3_bucket_producer to None, run_after=None
[2024-08-23T22:12:23.172+0000] {processor.py:208} INFO - Processing /home/airflow/.local/lib/python3.12/site-packages/airflow/example_dags/example_dataset_alias.py took 0.182 seconds
[2024-08-23T22:12:53.578+0000] {processor.py:186} INFO - Started process (PID=186) to work on /home/airflow/.local/lib/python3.12/site-packages/airflow/example_dags/example_dataset_alias.py
[2024-08-23T22:12:53.579+0000] {processor.py:914} INFO - Processing file /home/airflow/.local/lib/python3.12/site-packages/airflow/example_dags/example_dataset_alias.py for tasks to queue
[2024-08-23T22:12:53.582+0000] {logging_mixin.py:190} INFO - [2024-08-23T22:12:53.581+0000] {dagbag.py:587} INFO - Filling up the DagBag from /home/airflow/.local/lib/python3.12/site-packages/airflow/example_dags/example_dataset_alias.py
[2024-08-23T22:12:53.712+0000] {processor.py:925} INFO - DAG(s) 'dataset_s3_bucket_producer', 'dataset_alias_example_alias_producer', 'dataset_alias_example_alias_consumer', 'dataset_s3_bucket_consumer' retrieved from /home/airflow/.local/lib/python3.12/site-packages/airflow/example_dags/example_dataset_alias.py
[2024-08-23T22:12:53.731+0000] {logging_mixin.py:190} INFO - [2024-08-23T22:12:53.731+0000] {dag.py:3211} INFO - Sync 4 DAGs
[2024-08-23T22:12:53.747+0000] {logging_mixin.py:190} INFO - [2024-08-23T22:12:53.747+0000] {dag.py:4138} INFO - Setting next_dagrun for dataset_alias_example_alias_consumer to None, run_after=None
[2024-08-23T22:12:53.749+0000] {logging_mixin.py:190} INFO - [2024-08-23T22:12:53.749+0000] {dag.py:4138} INFO - Setting next_dagrun for dataset_alias_example_alias_producer to None, run_after=None
[2024-08-23T22:12:53.750+0000] {logging_mixin.py:190} INFO - [2024-08-23T22:12:53.750+0000] {dag.py:4138} INFO - Setting next_dagrun for dataset_s3_bucket_consumer to None, run_after=None
[2024-08-23T22:12:53.751+0000] {logging_mixin.py:190} INFO - [2024-08-23T22:12:53.751+0000] {dag.py:4138} INFO - Setting next_dagrun for dataset_s3_bucket_producer to None, run_after=None
[2024-08-23T22:12:53.768+0000] {processor.py:208} INFO - Processing /home/airflow/.local/lib/python3.12/site-packages/airflow/example_dags/example_dataset_alias.py took 0.194 seconds
[2024-08-23T22:13:24.322+0000] {processor.py:186} INFO - Started process (PID=245) to work on /home/airflow/.local/lib/python3.12/site-packages/airflow/example_dags/example_dataset_alias.py
[2024-08-23T22:13:24.323+0000] {processor.py:914} INFO - Processing file /home/airflow/.local/lib/python3.12/site-packages/airflow/example_dags/example_dataset_alias.py for tasks to queue
[2024-08-23T22:13:24.325+0000] {logging_mixin.py:190} INFO - [2024-08-23T22:13:24.325+0000] {dagbag.py:587} INFO - Filling up the DagBag from /home/airflow/.local/lib/python3.12/site-packages/airflow/example_dags/example_dataset_alias.py
[2024-08-23T22:13:24.437+0000] {processor.py:925} INFO - DAG(s) 'dataset_alias_example_alias_producer', 'dataset_s3_bucket_producer', 'dataset_alias_example_alias_consumer', 'dataset_s3_bucket_consumer' retrieved from /home/airflow/.local/lib/python3.12/site-packages/airflow/example_dags/example_dataset_alias.py
[2024-08-23T22:13:24.455+0000] {logging_mixin.py:190} INFO - [2024-08-23T22:13:24.455+0000] {dag.py:3211} INFO - Sync 4 DAGs
[2024-08-23T22:13:24.474+0000] {logging_mixin.py:190} INFO - [2024-08-23T22:13:24.473+0000] {dag.py:4138} INFO - Setting next_dagrun for dataset_alias_example_alias_consumer to None, run_after=None
[2024-08-23T22:13:24.476+0000] {logging_mixin.py:190} INFO - [2024-08-23T22:13:24.476+0000] {dag.py:4138} INFO - Setting next_dagrun for dataset_alias_example_alias_producer to None, run_after=None
[2024-08-23T22:13:24.477+0000] {logging_mixin.py:190} INFO - [2024-08-23T22:13:24.477+0000] {dag.py:4138} INFO - Setting next_dagrun for dataset_s3_bucket_consumer to None, run_after=None
[2024-08-23T22:13:24.478+0000] {logging_mixin.py:190} INFO - [2024-08-23T22:13:24.478+0000] {dag.py:4138} INFO - Setting next_dagrun for dataset_s3_bucket_producer to None, run_after=None
[2024-08-23T22:13:24.494+0000] {processor.py:208} INFO - Processing /home/airflow/.local/lib/python3.12/site-packages/airflow/example_dags/example_dataset_alias.py took 0.178 seconds
[2024-08-23T22:13:54.540+0000] {processor.py:186} INFO - Started process (PID=307) to work on /home/airflow/.local/lib/python3.12/site-packages/airflow/example_dags/example_dataset_alias.py
[2024-08-23T22:13:54.541+0000] {processor.py:914} INFO - Processing file /home/airflow/.local/lib/python3.12/site-packages/airflow/example_dags/example_dataset_alias.py for tasks to queue
[2024-08-23T22:13:54.543+0000] {logging_mixin.py:190} INFO - [2024-08-23T22:13:54.542+0000] {dagbag.py:587} INFO - Filling up the DagBag from /home/airflow/.local/lib/python3.12/site-packages/airflow/example_dags/example_dataset_alias.py
[2024-08-23T22:13:54.662+0000] {processor.py:925} INFO - DAG(s) 'dataset_s3_bucket_producer', 'dataset_s3_bucket_consumer', 'dataset_alias_example_alias_producer', 'dataset_alias_example_alias_consumer' retrieved from /home/airflow/.local/lib/python3.12/site-packages/airflow/example_dags/example_dataset_alias.py
[2024-08-23T22:13:54.677+0000] {logging_mixin.py:190} INFO - [2024-08-23T22:13:54.677+0000] {dag.py:3211} INFO - Sync 4 DAGs
[2024-08-23T22:13:54.695+0000] {logging_mixin.py:190} INFO - [2024-08-23T22:13:54.695+0000] {dag.py:4138} INFO - Setting next_dagrun for dataset_alias_example_alias_consumer to None, run_after=None
[2024-08-23T22:13:54.698+0000] {logging_mixin.py:190} INFO - [2024-08-23T22:13:54.698+0000] {dag.py:4138} INFO - Setting next_dagrun for dataset_alias_example_alias_producer to None, run_after=None
[2024-08-23T22:13:54.700+0000] {logging_mixin.py:190} INFO - [2024-08-23T22:13:54.699+0000] {dag.py:4138} INFO - Setting next_dagrun for dataset_s3_bucket_consumer to None, run_after=None
[2024-08-23T22:13:54.701+0000] {logging_mixin.py:190} INFO - [2024-08-23T22:13:54.700+0000] {dag.py:4138} INFO - Setting next_dagrun for dataset_s3_bucket_producer to None, run_after=None
[2024-08-23T22:13:54.716+0000] {processor.py:208} INFO - Processing /home/airflow/.local/lib/python3.12/site-packages/airflow/example_dags/example_dataset_alias.py took 0.180 seconds
[2024-08-23T22:15:20.513+0000] {processor.py:186} INFO - Started process (PID=59) to work on /home/airflow/.local/lib/python3.12/site-packages/airflow/example_dags/example_dataset_alias.py
[2024-08-23T22:15:20.523+0000] {processor.py:914} INFO - Processing file /home/airflow/.local/lib/python3.12/site-packages/airflow/example_dags/example_dataset_alias.py for tasks to queue
[2024-08-23T22:15:20.526+0000] {logging_mixin.py:190} INFO - [2024-08-23T22:15:20.525+0000] {dagbag.py:587} INFO - Filling up the DagBag from /home/airflow/.local/lib/python3.12/site-packages/airflow/example_dags/example_dataset_alias.py
[2024-08-23T22:15:20.933+0000] {processor.py:925} INFO - DAG(s) 'dataset_s3_bucket_consumer', 'dataset_s3_bucket_producer', 'dataset_alias_example_alias_consumer', 'dataset_alias_example_alias_producer' retrieved from /home/airflow/.local/lib/python3.12/site-packages/airflow/example_dags/example_dataset_alias.py
[2024-08-23T22:15:21.040+0000] {logging_mixin.py:190} INFO - [2024-08-23T22:15:21.040+0000] {override.py:1858} INFO - Created Permission View: can delete on DAG:dataset_s3_bucket_consumer
[2024-08-23T22:15:21.053+0000] {logging_mixin.py:190} INFO - [2024-08-23T22:15:21.052+0000] {override.py:1858} INFO - Created Permission View: can read on DAG:dataset_s3_bucket_consumer
[2024-08-23T22:15:21.064+0000] {logging_mixin.py:190} INFO - [2024-08-23T22:15:21.064+0000] {override.py:1858} INFO - Created Permission View: can edit on DAG:dataset_s3_bucket_consumer
[2024-08-23T22:15:21.082+0000] {logging_mixin.py:190} INFO - [2024-08-23T22:15:21.082+0000] {override.py:1858} INFO - Created Permission View: can delete on DAG:dataset_s3_bucket_producer
[2024-08-23T22:15:21.090+0000] {logging_mixin.py:190} INFO - [2024-08-23T22:15:21.090+0000] {override.py:1858} INFO - Created Permission View: can read on DAG:dataset_s3_bucket_producer
[2024-08-23T22:15:21.098+0000] {logging_mixin.py:190} INFO - [2024-08-23T22:15:21.097+0000] {override.py:1858} INFO - Created Permission View: can edit on DAG:dataset_s3_bucket_producer
[2024-08-23T22:15:21.113+0000] {logging_mixin.py:190} INFO - [2024-08-23T22:15:21.113+0000] {override.py:1858} INFO - Created Permission View: can delete on DAG:dataset_alias_example_alias_consumer
[2024-08-23T22:15:21.123+0000] {logging_mixin.py:190} INFO - [2024-08-23T22:15:21.123+0000] {override.py:1858} INFO - Created Permission View: can read on DAG:dataset_alias_example_alias_consumer
[2024-08-23T22:15:21.131+0000] {logging_mixin.py:190} INFO - [2024-08-23T22:15:21.131+0000] {override.py:1858} INFO - Created Permission View: can edit on DAG:dataset_alias_example_alias_consumer
[2024-08-23T22:15:21.144+0000] {logging_mixin.py:190} INFO - [2024-08-23T22:15:21.144+0000] {override.py:1858} INFO - Created Permission View: can delete on DAG:dataset_alias_example_alias_producer
[2024-08-23T22:15:21.151+0000] {logging_mixin.py:190} INFO - [2024-08-23T22:15:21.151+0000] {override.py:1858} INFO - Created Permission View: can read on DAG:dataset_alias_example_alias_producer
[2024-08-23T22:15:21.160+0000] {logging_mixin.py:190} INFO - [2024-08-23T22:15:21.160+0000] {override.py:1858} INFO - Created Permission View: can edit on DAG:dataset_alias_example_alias_producer
[2024-08-23T22:15:21.161+0000] {logging_mixin.py:190} INFO - [2024-08-23T22:15:21.161+0000] {dag.py:3211} INFO - Sync 4 DAGs
[2024-08-23T22:15:21.177+0000] {logging_mixin.py:190} INFO - [2024-08-23T22:15:21.177+0000] {dag.py:3234} INFO - Creating ORM DAG for dataset_s3_bucket_producer
[2024-08-23T22:15:21.178+0000] {logging_mixin.py:190} INFO - [2024-08-23T22:15:21.178+0000] {dag.py:3234} INFO - Creating ORM DAG for dataset_s3_bucket_consumer
[2024-08-23T22:15:21.180+0000] {logging_mixin.py:190} INFO - [2024-08-23T22:15:21.179+0000] {dag.py:3234} INFO - Creating ORM DAG for dataset_alias_example_alias_producer
[2024-08-23T22:15:21.181+0000] {logging_mixin.py:190} INFO - [2024-08-23T22:15:21.181+0000] {dag.py:3234} INFO - Creating ORM DAG for dataset_alias_example_alias_consumer
[2024-08-23T22:15:21.191+0000] {logging_mixin.py:190} INFO - [2024-08-23T22:15:21.190+0000] {dag.py:4138} INFO - Setting next_dagrun for dataset_alias_example_alias_consumer to None, run_after=None
[2024-08-23T22:15:21.192+0000] {logging_mixin.py:190} INFO - [2024-08-23T22:15:21.192+0000] {dag.py:4138} INFO - Setting next_dagrun for dataset_alias_example_alias_producer to None, run_after=None
[2024-08-23T22:15:21.193+0000] {logging_mixin.py:190} INFO - [2024-08-23T22:15:21.193+0000] {dag.py:4138} INFO - Setting next_dagrun for dataset_s3_bucket_consumer to None, run_after=None
[2024-08-23T22:15:21.194+0000] {logging_mixin.py:190} INFO - [2024-08-23T22:15:21.193+0000] {dag.py:4138} INFO - Setting next_dagrun for dataset_s3_bucket_producer to None, run_after=None
[2024-08-23T22:15:21.227+0000] {processor.py:208} INFO - Processing /home/airflow/.local/lib/python3.12/site-packages/airflow/example_dags/example_dataset_alias.py took 0.719 seconds
[2024-08-23T22:15:51.811+0000] {processor.py:186} INFO - Started process (PID=121) to work on /home/airflow/.local/lib/python3.12/site-packages/airflow/example_dags/example_dataset_alias.py
[2024-08-23T22:15:51.825+0000] {processor.py:914} INFO - Processing file /home/airflow/.local/lib/python3.12/site-packages/airflow/example_dags/example_dataset_alias.py for tasks to queue
[2024-08-23T22:15:51.840+0000] {logging_mixin.py:190} INFO - [2024-08-23T22:15:51.834+0000] {dagbag.py:587} INFO - Filling up the DagBag from /home/airflow/.local/lib/python3.12/site-packages/airflow/example_dags/example_dataset_alias.py
[2024-08-23T22:15:52.105+0000] {processor.py:925} INFO - DAG(s) 'dataset_alias_example_alias_consumer', 'dataset_s3_bucket_producer', 'dataset_alias_example_alias_producer', 'dataset_s3_bucket_consumer' retrieved from /home/airflow/.local/lib/python3.12/site-packages/airflow/example_dags/example_dataset_alias.py
[2024-08-23T22:15:52.154+0000] {logging_mixin.py:190} INFO - [2024-08-23T22:15:52.153+0000] {dag.py:3211} INFO - Sync 4 DAGs
[2024-08-23T22:15:52.184+0000] {logging_mixin.py:190} INFO - [2024-08-23T22:15:52.184+0000] {dag.py:4138} INFO - Setting next_dagrun for dataset_alias_example_alias_consumer to None, run_after=None
[2024-08-23T22:15:52.187+0000] {logging_mixin.py:190} INFO - [2024-08-23T22:15:52.187+0000] {dag.py:4138} INFO - Setting next_dagrun for dataset_alias_example_alias_producer to None, run_after=None
[2024-08-23T22:15:52.189+0000] {logging_mixin.py:190} INFO - [2024-08-23T22:15:52.189+0000] {dag.py:4138} INFO - Setting next_dagrun for dataset_s3_bucket_consumer to None, run_after=None
[2024-08-23T22:15:52.191+0000] {logging_mixin.py:190} INFO - [2024-08-23T22:15:52.190+0000] {dag.py:4138} INFO - Setting next_dagrun for dataset_s3_bucket_producer to None, run_after=None
[2024-08-23T22:15:52.217+0000] {processor.py:208} INFO - Processing /home/airflow/.local/lib/python3.12/site-packages/airflow/example_dags/example_dataset_alias.py took 0.426 seconds
[2024-08-23T22:16:22.338+0000] {processor.py:186} INFO - Started process (PID=186) to work on /home/airflow/.local/lib/python3.12/site-packages/airflow/example_dags/example_dataset_alias.py
[2024-08-23T22:16:22.364+0000] {processor.py:914} INFO - Processing file /home/airflow/.local/lib/python3.12/site-packages/airflow/example_dags/example_dataset_alias.py for tasks to queue
[2024-08-23T22:16:22.366+0000] {logging_mixin.py:190} INFO - [2024-08-23T22:16:22.366+0000] {dagbag.py:587} INFO - Filling up the DagBag from /home/airflow/.local/lib/python3.12/site-packages/airflow/example_dags/example_dataset_alias.py
[2024-08-23T22:16:22.487+0000] {processor.py:925} INFO - DAG(s) 'dataset_s3_bucket_producer', 'dataset_alias_example_alias_producer', 'dataset_s3_bucket_consumer', 'dataset_alias_example_alias_consumer' retrieved from /home/airflow/.local/lib/python3.12/site-packages/airflow/example_dags/example_dataset_alias.py
[2024-08-23T22:16:22.507+0000] {logging_mixin.py:190} INFO - [2024-08-23T22:16:22.506+0000] {dag.py:3211} INFO - Sync 4 DAGs
[2024-08-23T22:16:22.524+0000] {logging_mixin.py:190} INFO - [2024-08-23T22:16:22.524+0000] {dag.py:4138} INFO - Setting next_dagrun for dataset_alias_example_alias_consumer to None, run_after=None
[2024-08-23T22:16:22.527+0000] {logging_mixin.py:190} INFO - [2024-08-23T22:16:22.526+0000] {dag.py:4138} INFO - Setting next_dagrun for dataset_alias_example_alias_producer to None, run_after=None
[2024-08-23T22:16:22.528+0000] {logging_mixin.py:190} INFO - [2024-08-23T22:16:22.528+0000] {dag.py:4138} INFO - Setting next_dagrun for dataset_s3_bucket_consumer to None, run_after=None
[2024-08-23T22:16:22.530+0000] {logging_mixin.py:190} INFO - [2024-08-23T22:16:22.530+0000] {dag.py:4138} INFO - Setting next_dagrun for dataset_s3_bucket_producer to None, run_after=None
[2024-08-23T22:16:22.548+0000] {processor.py:208} INFO - Processing /home/airflow/.local/lib/python3.12/site-packages/airflow/example_dags/example_dataset_alias.py took 0.214 seconds
[2024-08-23T22:16:52.662+0000] {processor.py:186} INFO - Started process (PID=246) to work on /home/airflow/.local/lib/python3.12/site-packages/airflow/example_dags/example_dataset_alias.py
[2024-08-23T22:16:52.691+0000] {processor.py:914} INFO - Processing file /home/airflow/.local/lib/python3.12/site-packages/airflow/example_dags/example_dataset_alias.py for tasks to queue
[2024-08-23T22:16:52.693+0000] {logging_mixin.py:190} INFO - [2024-08-23T22:16:52.693+0000] {dagbag.py:587} INFO - Filling up the DagBag from /home/airflow/.local/lib/python3.12/site-packages/airflow/example_dags/example_dataset_alias.py
[2024-08-23T22:16:52.821+0000] {processor.py:925} INFO - DAG(s) 'dataset_alias_example_alias_producer', 'dataset_s3_bucket_consumer', 'dataset_alias_example_alias_consumer', 'dataset_s3_bucket_producer' retrieved from /home/airflow/.local/lib/python3.12/site-packages/airflow/example_dags/example_dataset_alias.py
[2024-08-23T22:16:52.843+0000] {logging_mixin.py:190} INFO - [2024-08-23T22:16:52.842+0000] {dag.py:3211} INFO - Sync 4 DAGs
[2024-08-23T22:16:52.867+0000] {logging_mixin.py:190} INFO - [2024-08-23T22:16:52.867+0000] {dag.py:4138} INFO - Setting next_dagrun for dataset_alias_example_alias_consumer to None, run_after=None
[2024-08-23T22:16:52.870+0000] {logging_mixin.py:190} INFO - [2024-08-23T22:16:52.870+0000] {dag.py:4138} INFO - Setting next_dagrun for dataset_alias_example_alias_producer to None, run_after=None
[2024-08-23T22:16:52.872+0000] {logging_mixin.py:190} INFO - [2024-08-23T22:16:52.872+0000] {dag.py:4138} INFO - Setting next_dagrun for dataset_s3_bucket_consumer to None, run_after=None
[2024-08-23T22:16:52.874+0000] {logging_mixin.py:190} INFO - [2024-08-23T22:16:52.874+0000] {dag.py:4138} INFO - Setting next_dagrun for dataset_s3_bucket_producer to None, run_after=None
[2024-08-23T22:16:52.893+0000] {processor.py:208} INFO - Processing /home/airflow/.local/lib/python3.12/site-packages/airflow/example_dags/example_dataset_alias.py took 0.236 seconds
