[2024-08-23T22:11:52.575+0000] {processor.py:186} INFO - Started process (PID=62) to work on /home/airflow/.local/lib/python3.12/site-packages/airflow/example_dags/example_branch_python_dop_operator_3.py
[2024-08-23T22:11:52.576+0000] {processor.py:914} INFO - Processing file /home/airflow/.local/lib/python3.12/site-packages/airflow/example_dags/example_branch_python_dop_operator_3.py for tasks to queue
[2024-08-23T22:11:52.579+0000] {logging_mixin.py:190} INFO - [2024-08-23T22:11:52.578+0000] {dagbag.py:587} INFO - Filling up the DagBag from /home/airflow/.local/lib/python3.12/site-packages/airflow/example_dags/example_branch_python_dop_operator_3.py
[2024-08-23T22:11:52.591+0000] {processor.py:925} INFO - DAG(s) 'example_branch_dop_operator_v3' retrieved from /home/airflow/.local/lib/python3.12/site-packages/airflow/example_dags/example_branch_python_dop_operator_3.py
[2024-08-23T22:11:52.743+0000] {logging_mixin.py:190} INFO - [2024-08-23T22:11:52.742+0000] {override.py:1858} INFO - Created Permission View: can delete on DAG:example_branch_dop_operator_v3
[2024-08-23T22:11:52.757+0000] {logging_mixin.py:190} INFO - [2024-08-23T22:11:52.756+0000] {override.py:1858} INFO - Created Permission View: can edit on DAG:example_branch_dop_operator_v3
[2024-08-23T22:11:52.763+0000] {logging_mixin.py:190} INFO - [2024-08-23T22:11:52.763+0000] {override.py:1858} INFO - Created Permission View: can read on DAG:example_branch_dop_operator_v3
[2024-08-23T22:11:52.765+0000] {logging_mixin.py:190} INFO - [2024-08-23T22:11:52.765+0000] {dag.py:3211} INFO - Sync 1 DAGs
[2024-08-23T22:11:52.776+0000] {logging_mixin.py:190} INFO - [2024-08-23T22:11:52.776+0000] {dag.py:3234} INFO - Creating ORM DAG for example_branch_dop_operator_v3
[2024-08-23T22:11:52.788+0000] {logging_mixin.py:190} INFO - [2024-08-23T22:11:52.788+0000] {dag.py:4138} INFO - Setting next_dagrun for example_branch_dop_operator_v3 to 2024-08-23 22:10:00+00:00, run_after=2024-08-23 22:11:00+00:00
[2024-08-23T22:11:52.806+0000] {processor.py:208} INFO - Processing /home/airflow/.local/lib/python3.12/site-packages/airflow/example_dags/example_branch_python_dop_operator_3.py took 0.236 seconds
[2024-08-23T22:12:23.041+0000] {processor.py:186} INFO - Started process (PID=124) to work on /home/airflow/.local/lib/python3.12/site-packages/airflow/example_dags/example_branch_python_dop_operator_3.py
[2024-08-23T22:12:23.042+0000] {processor.py:914} INFO - Processing file /home/airflow/.local/lib/python3.12/site-packages/airflow/example_dags/example_branch_python_dop_operator_3.py for tasks to queue
[2024-08-23T22:12:23.045+0000] {logging_mixin.py:190} INFO - [2024-08-23T22:12:23.045+0000] {dagbag.py:587} INFO - Filling up the DagBag from /home/airflow/.local/lib/python3.12/site-packages/airflow/example_dags/example_branch_python_dop_operator_3.py
[2024-08-23T22:12:23.053+0000] {processor.py:925} INFO - DAG(s) 'example_branch_dop_operator_v3' retrieved from /home/airflow/.local/lib/python3.12/site-packages/airflow/example_dags/example_branch_python_dop_operator_3.py
[2024-08-23T22:12:23.069+0000] {logging_mixin.py:190} INFO - [2024-08-23T22:12:23.069+0000] {dag.py:3211} INFO - Sync 1 DAGs
[2024-08-23T22:12:23.089+0000] {logging_mixin.py:190} INFO - [2024-08-23T22:12:23.089+0000] {dag.py:4138} INFO - Setting next_dagrun for example_branch_dop_operator_v3 to 2024-08-23 22:11:00+00:00, run_after=2024-08-23 22:12:00+00:00
[2024-08-23T22:12:23.103+0000] {processor.py:208} INFO - Processing /home/airflow/.local/lib/python3.12/site-packages/airflow/example_dags/example_branch_python_dop_operator_3.py took 0.067 seconds
[2024-08-23T22:12:53.438+0000] {processor.py:186} INFO - Started process (PID=185) to work on /home/airflow/.local/lib/python3.12/site-packages/airflow/example_dags/example_branch_python_dop_operator_3.py
[2024-08-23T22:12:53.439+0000] {processor.py:914} INFO - Processing file /home/airflow/.local/lib/python3.12/site-packages/airflow/example_dags/example_branch_python_dop_operator_3.py for tasks to queue
[2024-08-23T22:12:53.441+0000] {logging_mixin.py:190} INFO - [2024-08-23T22:12:53.441+0000] {dagbag.py:587} INFO - Filling up the DagBag from /home/airflow/.local/lib/python3.12/site-packages/airflow/example_dags/example_branch_python_dop_operator_3.py
[2024-08-23T22:12:53.451+0000] {processor.py:925} INFO - DAG(s) 'example_branch_dop_operator_v3' retrieved from /home/airflow/.local/lib/python3.12/site-packages/airflow/example_dags/example_branch_python_dop_operator_3.py
[2024-08-23T22:12:53.472+0000] {logging_mixin.py:190} INFO - [2024-08-23T22:12:53.471+0000] {dag.py:3211} INFO - Sync 1 DAGs
[2024-08-23T22:12:53.497+0000] {logging_mixin.py:190} INFO - [2024-08-23T22:12:53.497+0000] {dag.py:4138} INFO - Setting next_dagrun for example_branch_dop_operator_v3 to 2024-08-23 22:11:00+00:00, run_after=2024-08-23 22:12:00+00:00
[2024-08-23T22:12:53.514+0000] {processor.py:208} INFO - Processing /home/airflow/.local/lib/python3.12/site-packages/airflow/example_dags/example_branch_python_dop_operator_3.py took 0.081 seconds
[2024-08-23T22:13:24.526+0000] {processor.py:186} INFO - Started process (PID=248) to work on /home/airflow/.local/lib/python3.12/site-packages/airflow/example_dags/example_branch_python_dop_operator_3.py
[2024-08-23T22:13:24.527+0000] {processor.py:914} INFO - Processing file /home/airflow/.local/lib/python3.12/site-packages/airflow/example_dags/example_branch_python_dop_operator_3.py for tasks to queue
[2024-08-23T22:13:24.529+0000] {logging_mixin.py:190} INFO - [2024-08-23T22:13:24.529+0000] {dagbag.py:587} INFO - Filling up the DagBag from /home/airflow/.local/lib/python3.12/site-packages/airflow/example_dags/example_branch_python_dop_operator_3.py
[2024-08-23T22:13:24.538+0000] {processor.py:925} INFO - DAG(s) 'example_branch_dop_operator_v3' retrieved from /home/airflow/.local/lib/python3.12/site-packages/airflow/example_dags/example_branch_python_dop_operator_3.py
[2024-08-23T22:13:24.554+0000] {logging_mixin.py:190} INFO - [2024-08-23T22:13:24.554+0000] {dag.py:3211} INFO - Sync 1 DAGs
[2024-08-23T22:13:24.573+0000] {logging_mixin.py:190} INFO - [2024-08-23T22:13:24.572+0000] {dag.py:4138} INFO - Setting next_dagrun for example_branch_dop_operator_v3 to 2024-08-23 22:12:00+00:00, run_after=2024-08-23 22:13:00+00:00
[2024-08-23T22:13:24.586+0000] {processor.py:208} INFO - Processing /home/airflow/.local/lib/python3.12/site-packages/airflow/example_dags/example_branch_python_dop_operator_3.py took 0.064 seconds
[2024-08-23T22:13:54.744+0000] {processor.py:186} INFO - Started process (PID=310) to work on /home/airflow/.local/lib/python3.12/site-packages/airflow/example_dags/example_branch_python_dop_operator_3.py
[2024-08-23T22:13:54.745+0000] {processor.py:914} INFO - Processing file /home/airflow/.local/lib/python3.12/site-packages/airflow/example_dags/example_branch_python_dop_operator_3.py for tasks to queue
[2024-08-23T22:13:54.747+0000] {logging_mixin.py:190} INFO - [2024-08-23T22:13:54.747+0000] {dagbag.py:587} INFO - Filling up the DagBag from /home/airflow/.local/lib/python3.12/site-packages/airflow/example_dags/example_branch_python_dop_operator_3.py
[2024-08-23T22:13:54.754+0000] {processor.py:925} INFO - DAG(s) 'example_branch_dop_operator_v3' retrieved from /home/airflow/.local/lib/python3.12/site-packages/airflow/example_dags/example_branch_python_dop_operator_3.py
[2024-08-23T22:13:54.770+0000] {logging_mixin.py:190} INFO - [2024-08-23T22:13:54.769+0000] {dag.py:3211} INFO - Sync 1 DAGs
[2024-08-23T22:13:54.791+0000] {logging_mixin.py:190} INFO - [2024-08-23T22:13:54.791+0000] {dag.py:4138} INFO - Setting next_dagrun for example_branch_dop_operator_v3 to 2024-08-23 22:12:00+00:00, run_after=2024-08-23 22:13:00+00:00
[2024-08-23T22:13:54.806+0000] {processor.py:208} INFO - Processing /home/airflow/.local/lib/python3.12/site-packages/airflow/example_dags/example_branch_python_dop_operator_3.py took 0.067 seconds
[2024-08-23T22:15:21.246+0000] {processor.py:186} INFO - Started process (PID=62) to work on /home/airflow/.local/lib/python3.12/site-packages/airflow/example_dags/example_branch_python_dop_operator_3.py
[2024-08-23T22:15:21.308+0000] {processor.py:914} INFO - Processing file /home/airflow/.local/lib/python3.12/site-packages/airflow/example_dags/example_branch_python_dop_operator_3.py for tasks to queue
[2024-08-23T22:15:21.310+0000] {logging_mixin.py:190} INFO - [2024-08-23T22:15:21.310+0000] {dagbag.py:587} INFO - Filling up the DagBag from /home/airflow/.local/lib/python3.12/site-packages/airflow/example_dags/example_branch_python_dop_operator_3.py
[2024-08-23T22:15:21.321+0000] {processor.py:925} INFO - DAG(s) 'example_branch_dop_operator_v3' retrieved from /home/airflow/.local/lib/python3.12/site-packages/airflow/example_dags/example_branch_python_dop_operator_3.py
[2024-08-23T22:15:21.412+0000] {logging_mixin.py:190} INFO - [2024-08-23T22:15:21.411+0000] {override.py:1858} INFO - Created Permission View: can delete on DAG:example_branch_dop_operator_v3
[2024-08-23T22:15:21.419+0000] {logging_mixin.py:190} INFO - [2024-08-23T22:15:21.419+0000] {override.py:1858} INFO - Created Permission View: can read on DAG:example_branch_dop_operator_v3
[2024-08-23T22:15:21.424+0000] {logging_mixin.py:190} INFO - [2024-08-23T22:15:21.424+0000] {override.py:1858} INFO - Created Permission View: can edit on DAG:example_branch_dop_operator_v3
[2024-08-23T22:15:21.425+0000] {logging_mixin.py:190} INFO - [2024-08-23T22:15:21.425+0000] {dag.py:3211} INFO - Sync 1 DAGs
[2024-08-23T22:15:21.438+0000] {logging_mixin.py:190} INFO - [2024-08-23T22:15:21.438+0000] {dag.py:3234} INFO - Creating ORM DAG for example_branch_dop_operator_v3
[2024-08-23T22:15:21.449+0000] {logging_mixin.py:190} INFO - [2024-08-23T22:15:21.449+0000] {dag.py:4138} INFO - Setting next_dagrun for example_branch_dop_operator_v3 to 2024-08-23 22:14:00+00:00, run_after=2024-08-23 22:15:00+00:00
[2024-08-23T22:15:21.462+0000] {processor.py:208} INFO - Processing /home/airflow/.local/lib/python3.12/site-packages/airflow/example_dags/example_branch_python_dop_operator_3.py took 0.223 seconds
[2024-08-23T22:15:52.184+0000] {processor.py:186} INFO - Started process (PID=124) to work on /home/airflow/.local/lib/python3.12/site-packages/airflow/example_dags/example_branch_python_dop_operator_3.py
[2024-08-23T22:15:52.185+0000] {processor.py:914} INFO - Processing file /home/airflow/.local/lib/python3.12/site-packages/airflow/example_dags/example_branch_python_dop_operator_3.py for tasks to queue
[2024-08-23T22:15:52.188+0000] {logging_mixin.py:190} INFO - [2024-08-23T22:15:52.188+0000] {dagbag.py:587} INFO - Filling up the DagBag from /home/airflow/.local/lib/python3.12/site-packages/airflow/example_dags/example_branch_python_dop_operator_3.py
[2024-08-23T22:15:52.198+0000] {processor.py:925} INFO - DAG(s) 'example_branch_dop_operator_v3' retrieved from /home/airflow/.local/lib/python3.12/site-packages/airflow/example_dags/example_branch_python_dop_operator_3.py
[2024-08-23T22:15:52.220+0000] {logging_mixin.py:190} INFO - [2024-08-23T22:15:52.220+0000] {dag.py:3211} INFO - Sync 1 DAGs
[2024-08-23T22:15:52.249+0000] {logging_mixin.py:190} INFO - [2024-08-23T22:15:52.249+0000] {dag.py:4138} INFO - Setting next_dagrun for example_branch_dop_operator_v3 to 2024-08-23 22:14:00+00:00, run_after=2024-08-23 22:15:00+00:00
[2024-08-23T22:15:52.273+0000] {processor.py:208} INFO - Processing /home/airflow/.local/lib/python3.12/site-packages/airflow/example_dags/example_branch_python_dop_operator_3.py took 0.097 seconds
[2024-08-23T22:16:22.384+0000] {processor.py:186} INFO - Started process (PID=187) to work on /home/airflow/.local/lib/python3.12/site-packages/airflow/example_dags/example_branch_python_dop_operator_3.py
[2024-08-23T22:16:22.386+0000] {processor.py:914} INFO - Processing file /home/airflow/.local/lib/python3.12/site-packages/airflow/example_dags/example_branch_python_dop_operator_3.py for tasks to queue
[2024-08-23T22:16:22.389+0000] {logging_mixin.py:190} INFO - [2024-08-23T22:16:22.388+0000] {dagbag.py:587} INFO - Filling up the DagBag from /home/airflow/.local/lib/python3.12/site-packages/airflow/example_dags/example_branch_python_dop_operator_3.py
[2024-08-23T22:16:22.397+0000] {processor.py:925} INFO - DAG(s) 'example_branch_dop_operator_v3' retrieved from /home/airflow/.local/lib/python3.12/site-packages/airflow/example_dags/example_branch_python_dop_operator_3.py
[2024-08-23T22:16:22.414+0000] {logging_mixin.py:190} INFO - [2024-08-23T22:16:22.414+0000] {dag.py:3211} INFO - Sync 1 DAGs
[2024-08-23T22:16:22.433+0000] {logging_mixin.py:190} INFO - [2024-08-23T22:16:22.433+0000] {dag.py:4138} INFO - Setting next_dagrun for example_branch_dop_operator_v3 to 2024-08-23 22:15:00+00:00, run_after=2024-08-23 22:16:00+00:00
[2024-08-23T22:16:22.447+0000] {processor.py:208} INFO - Processing /home/airflow/.local/lib/python3.12/site-packages/airflow/example_dags/example_branch_python_dop_operator_3.py took 0.067 seconds
[2024-08-23T22:16:52.884+0000] {processor.py:186} INFO - Started process (PID=249) to work on /home/airflow/.local/lib/python3.12/site-packages/airflow/example_dags/example_branch_python_dop_operator_3.py
[2024-08-23T22:16:52.888+0000] {processor.py:914} INFO - Processing file /home/airflow/.local/lib/python3.12/site-packages/airflow/example_dags/example_branch_python_dop_operator_3.py for tasks to queue
[2024-08-23T22:16:52.891+0000] {logging_mixin.py:190} INFO - [2024-08-23T22:16:52.891+0000] {dagbag.py:587} INFO - Filling up the DagBag from /home/airflow/.local/lib/python3.12/site-packages/airflow/example_dags/example_branch_python_dop_operator_3.py
[2024-08-23T22:16:52.900+0000] {processor.py:925} INFO - DAG(s) 'example_branch_dop_operator_v3' retrieved from /home/airflow/.local/lib/python3.12/site-packages/airflow/example_dags/example_branch_python_dop_operator_3.py
[2024-08-23T22:16:52.917+0000] {logging_mixin.py:190} INFO - [2024-08-23T22:16:52.917+0000] {dag.py:3211} INFO - Sync 1 DAGs
[2024-08-23T22:16:52.938+0000] {logging_mixin.py:190} INFO - [2024-08-23T22:16:52.937+0000] {dag.py:4138} INFO - Setting next_dagrun for example_branch_dop_operator_v3 to 2024-08-23 22:15:00+00:00, run_after=2024-08-23 22:16:00+00:00
[2024-08-23T22:16:52.954+0000] {processor.py:208} INFO - Processing /home/airflow/.local/lib/python3.12/site-packages/airflow/example_dags/example_branch_python_dop_operator_3.py took 0.074 seconds
