[2024-08-23T22:11:53.277+0000] {processor.py:186} INFO - Started process (PID=68) to work on /home/airflow/.local/lib/python3.12/site-packages/airflow/example_dags/example_latest_only.py
[2024-08-23T22:11:53.279+0000] {processor.py:914} INFO - Processing file /home/airflow/.local/lib/python3.12/site-packages/airflow/example_dags/example_latest_only.py for tasks to queue
[2024-08-23T22:11:53.281+0000] {logging_mixin.py:190} INFO - [2024-08-23T22:11:53.281+0000] {dagbag.py:587} INFO - Filling up the DagBag from /home/airflow/.local/lib/python3.12/site-packages/airflow/example_dags/example_latest_only.py
[2024-08-23T22:11:53.287+0000] {processor.py:925} INFO - DAG(s) 'latest_only' retrieved from /home/airflow/.local/lib/python3.12/site-packages/airflow/example_dags/example_latest_only.py
[2024-08-23T22:11:53.378+0000] {logging_mixin.py:190} INFO - [2024-08-23T22:11:53.378+0000] {override.py:1858} INFO - Created Permission View: can delete on DAG:latest_only
[2024-08-23T22:11:53.386+0000] {logging_mixin.py:190} INFO - [2024-08-23T22:11:53.386+0000] {override.py:1858} INFO - Created Permission View: can edit on DAG:latest_only
[2024-08-23T22:11:53.393+0000] {logging_mixin.py:190} INFO - [2024-08-23T22:11:53.393+0000] {override.py:1858} INFO - Created Permission View: can read on DAG:latest_only
[2024-08-23T22:11:53.394+0000] {logging_mixin.py:190} INFO - [2024-08-23T22:11:53.394+0000] {dag.py:3211} INFO - Sync 1 DAGs
[2024-08-23T22:11:53.404+0000] {logging_mixin.py:190} INFO - [2024-08-23T22:11:53.404+0000] {dag.py:3234} INFO - Creating ORM DAG for latest_only
[2024-08-23T22:11:53.415+0000] {logging_mixin.py:190} INFO - [2024-08-23T22:11:53.415+0000] {dag.py:4138} INFO - Setting next_dagrun for latest_only to 2024-08-23 16:00:00+00:00, run_after=2024-08-23 20:00:00+00:00
[2024-08-23T22:11:53.438+0000] {processor.py:208} INFO - Processing /home/airflow/.local/lib/python3.12/site-packages/airflow/example_dags/example_latest_only.py took 0.165 seconds
[2024-08-23T22:12:24.353+0000] {processor.py:186} INFO - Started process (PID=130) to work on /home/airflow/.local/lib/python3.12/site-packages/airflow/example_dags/example_latest_only.py
[2024-08-23T22:12:24.354+0000] {processor.py:914} INFO - Processing file /home/airflow/.local/lib/python3.12/site-packages/airflow/example_dags/example_latest_only.py for tasks to queue
[2024-08-23T22:12:24.355+0000] {logging_mixin.py:190} INFO - [2024-08-23T22:12:24.355+0000] {dagbag.py:587} INFO - Filling up the DagBag from /home/airflow/.local/lib/python3.12/site-packages/airflow/example_dags/example_latest_only.py
[2024-08-23T22:12:24.361+0000] {processor.py:925} INFO - DAG(s) 'latest_only' retrieved from /home/airflow/.local/lib/python3.12/site-packages/airflow/example_dags/example_latest_only.py
[2024-08-23T22:12:24.376+0000] {logging_mixin.py:190} INFO - [2024-08-23T22:12:24.376+0000] {dag.py:3211} INFO - Sync 1 DAGs
[2024-08-23T22:12:24.394+0000] {logging_mixin.py:190} INFO - [2024-08-23T22:12:24.394+0000] {dag.py:4138} INFO - Setting next_dagrun for latest_only to 2024-08-23 16:00:00+00:00, run_after=2024-08-23 20:00:00+00:00
[2024-08-23T22:12:24.409+0000] {processor.py:208} INFO - Processing /home/airflow/.local/lib/python3.12/site-packages/airflow/example_dags/example_latest_only.py took 0.061 seconds
[2024-08-23T22:12:55.003+0000] {processor.py:186} INFO - Started process (PID=192) to work on /home/airflow/.local/lib/python3.12/site-packages/airflow/example_dags/example_latest_only.py
[2024-08-23T22:12:55.003+0000] {processor.py:914} INFO - Processing file /home/airflow/.local/lib/python3.12/site-packages/airflow/example_dags/example_latest_only.py for tasks to queue
[2024-08-23T22:12:55.005+0000] {logging_mixin.py:190} INFO - [2024-08-23T22:12:55.005+0000] {dagbag.py:587} INFO - Filling up the DagBag from /home/airflow/.local/lib/python3.12/site-packages/airflow/example_dags/example_latest_only.py
[2024-08-23T22:12:55.011+0000] {processor.py:925} INFO - DAG(s) 'latest_only' retrieved from /home/airflow/.local/lib/python3.12/site-packages/airflow/example_dags/example_latest_only.py
[2024-08-23T22:12:55.027+0000] {logging_mixin.py:190} INFO - [2024-08-23T22:12:55.026+0000] {dag.py:3211} INFO - Sync 1 DAGs
[2024-08-23T22:12:55.044+0000] {logging_mixin.py:190} INFO - [2024-08-23T22:12:55.044+0000] {dag.py:4138} INFO - Setting next_dagrun for latest_only to 2024-08-23 16:00:00+00:00, run_after=2024-08-23 20:00:00+00:00
[2024-08-23T22:12:55.059+0000] {processor.py:208} INFO - Processing /home/airflow/.local/lib/python3.12/site-packages/airflow/example_dags/example_latest_only.py took 0.061 seconds
[2024-08-23T22:13:25.795+0000] {processor.py:186} INFO - Started process (PID=254) to work on /home/airflow/.local/lib/python3.12/site-packages/airflow/example_dags/example_latest_only.py
[2024-08-23T22:13:25.796+0000] {processor.py:914} INFO - Processing file /home/airflow/.local/lib/python3.12/site-packages/airflow/example_dags/example_latest_only.py for tasks to queue
[2024-08-23T22:13:25.798+0000] {logging_mixin.py:190} INFO - [2024-08-23T22:13:25.798+0000] {dagbag.py:587} INFO - Filling up the DagBag from /home/airflow/.local/lib/python3.12/site-packages/airflow/example_dags/example_latest_only.py
[2024-08-23T22:13:25.804+0000] {processor.py:925} INFO - DAG(s) 'latest_only' retrieved from /home/airflow/.local/lib/python3.12/site-packages/airflow/example_dags/example_latest_only.py
[2024-08-23T22:13:25.819+0000] {logging_mixin.py:190} INFO - [2024-08-23T22:13:25.819+0000] {dag.py:3211} INFO - Sync 1 DAGs
[2024-08-23T22:13:25.839+0000] {logging_mixin.py:190} INFO - [2024-08-23T22:13:25.838+0000] {dag.py:4138} INFO - Setting next_dagrun for latest_only to 2024-08-23 16:00:00+00:00, run_after=2024-08-23 20:00:00+00:00
[2024-08-23T22:13:25.854+0000] {processor.py:208} INFO - Processing /home/airflow/.local/lib/python3.12/site-packages/airflow/example_dags/example_latest_only.py took 0.063 seconds
[2024-08-23T22:13:55.972+0000] {processor.py:186} INFO - Started process (PID=316) to work on /home/airflow/.local/lib/python3.12/site-packages/airflow/example_dags/example_latest_only.py
[2024-08-23T22:13:55.973+0000] {processor.py:914} INFO - Processing file /home/airflow/.local/lib/python3.12/site-packages/airflow/example_dags/example_latest_only.py for tasks to queue
[2024-08-23T22:13:55.975+0000] {logging_mixin.py:190} INFO - [2024-08-23T22:13:55.975+0000] {dagbag.py:587} INFO - Filling up the DagBag from /home/airflow/.local/lib/python3.12/site-packages/airflow/example_dags/example_latest_only.py
[2024-08-23T22:13:55.981+0000] {processor.py:925} INFO - DAG(s) 'latest_only' retrieved from /home/airflow/.local/lib/python3.12/site-packages/airflow/example_dags/example_latest_only.py
[2024-08-23T22:13:55.999+0000] {logging_mixin.py:190} INFO - [2024-08-23T22:13:55.999+0000] {dag.py:3211} INFO - Sync 1 DAGs
[2024-08-23T22:13:56.021+0000] {logging_mixin.py:190} INFO - [2024-08-23T22:13:56.021+0000] {dag.py:4138} INFO - Setting next_dagrun for latest_only to 2024-08-23 16:00:00+00:00, run_after=2024-08-23 20:00:00+00:00
[2024-08-23T22:13:56.040+0000] {processor.py:208} INFO - Processing /home/airflow/.local/lib/python3.12/site-packages/airflow/example_dags/example_latest_only.py took 0.073 seconds
[2024-08-23T22:15:21.951+0000] {processor.py:186} INFO - Started process (PID=68) to work on /home/airflow/.local/lib/python3.12/site-packages/airflow/example_dags/example_latest_only.py
[2024-08-23T22:15:21.990+0000] {processor.py:914} INFO - Processing file /home/airflow/.local/lib/python3.12/site-packages/airflow/example_dags/example_latest_only.py for tasks to queue
[2024-08-23T22:15:21.992+0000] {logging_mixin.py:190} INFO - [2024-08-23T22:15:21.992+0000] {dagbag.py:587} INFO - Filling up the DagBag from /home/airflow/.local/lib/python3.12/site-packages/airflow/example_dags/example_latest_only.py
[2024-08-23T22:15:21.998+0000] {processor.py:925} INFO - DAG(s) 'latest_only' retrieved from /home/airflow/.local/lib/python3.12/site-packages/airflow/example_dags/example_latest_only.py
[2024-08-23T22:15:22.080+0000] {logging_mixin.py:190} INFO - [2024-08-23T22:15:22.080+0000] {override.py:1858} INFO - Created Permission View: can delete on DAG:latest_only
[2024-08-23T22:15:22.088+0000] {logging_mixin.py:190} INFO - [2024-08-23T22:15:22.087+0000] {override.py:1858} INFO - Created Permission View: can read on DAG:latest_only
[2024-08-23T22:15:22.093+0000] {logging_mixin.py:190} INFO - [2024-08-23T22:15:22.093+0000] {override.py:1858} INFO - Created Permission View: can edit on DAG:latest_only
[2024-08-23T22:15:22.094+0000] {logging_mixin.py:190} INFO - [2024-08-23T22:15:22.093+0000] {dag.py:3211} INFO - Sync 1 DAGs
[2024-08-23T22:15:22.102+0000] {logging_mixin.py:190} INFO - [2024-08-23T22:15:22.102+0000] {dag.py:3234} INFO - Creating ORM DAG for latest_only
[2024-08-23T22:15:22.109+0000] {logging_mixin.py:190} INFO - [2024-08-23T22:15:22.109+0000] {dag.py:4138} INFO - Setting next_dagrun for latest_only to 2024-08-23 16:00:00+00:00, run_after=2024-08-23 20:00:00+00:00
[2024-08-23T22:15:22.125+0000] {processor.py:208} INFO - Processing /home/airflow/.local/lib/python3.12/site-packages/airflow/example_dags/example_latest_only.py took 0.179 seconds
[2024-08-23T22:15:52.591+0000] {processor.py:186} INFO - Started process (PID=130) to work on /home/airflow/.local/lib/python3.12/site-packages/airflow/example_dags/example_latest_only.py
[2024-08-23T22:15:52.609+0000] {processor.py:914} INFO - Processing file /home/airflow/.local/lib/python3.12/site-packages/airflow/example_dags/example_latest_only.py for tasks to queue
[2024-08-23T22:15:52.612+0000] {logging_mixin.py:190} INFO - [2024-08-23T22:15:52.611+0000] {dagbag.py:587} INFO - Filling up the DagBag from /home/airflow/.local/lib/python3.12/site-packages/airflow/example_dags/example_latest_only.py
[2024-08-23T22:15:52.618+0000] {processor.py:925} INFO - DAG(s) 'latest_only' retrieved from /home/airflow/.local/lib/python3.12/site-packages/airflow/example_dags/example_latest_only.py
[2024-08-23T22:15:52.639+0000] {logging_mixin.py:190} INFO - [2024-08-23T22:15:52.639+0000] {dag.py:3211} INFO - Sync 1 DAGs
[2024-08-23T22:15:52.659+0000] {logging_mixin.py:190} INFO - [2024-08-23T22:15:52.659+0000] {dag.py:4138} INFO - Setting next_dagrun for latest_only to 2024-08-23 16:00:00+00:00, run_after=2024-08-23 20:00:00+00:00
[2024-08-23T22:15:52.688+0000] {processor.py:208} INFO - Processing /home/airflow/.local/lib/python3.12/site-packages/airflow/example_dags/example_latest_only.py took 0.103 seconds
[2024-08-23T22:16:22.840+0000] {processor.py:186} INFO - Started process (PID=193) to work on /home/airflow/.local/lib/python3.12/site-packages/airflow/example_dags/example_latest_only.py
[2024-08-23T22:16:22.842+0000] {processor.py:914} INFO - Processing file /home/airflow/.local/lib/python3.12/site-packages/airflow/example_dags/example_latest_only.py for tasks to queue
[2024-08-23T22:16:22.844+0000] {logging_mixin.py:190} INFO - [2024-08-23T22:16:22.844+0000] {dagbag.py:587} INFO - Filling up the DagBag from /home/airflow/.local/lib/python3.12/site-packages/airflow/example_dags/example_latest_only.py
[2024-08-23T22:16:22.851+0000] {processor.py:925} INFO - DAG(s) 'latest_only' retrieved from /home/airflow/.local/lib/python3.12/site-packages/airflow/example_dags/example_latest_only.py
[2024-08-23T22:16:22.868+0000] {logging_mixin.py:190} INFO - [2024-08-23T22:16:22.868+0000] {dag.py:3211} INFO - Sync 1 DAGs
[2024-08-23T22:16:22.888+0000] {logging_mixin.py:190} INFO - [2024-08-23T22:16:22.888+0000] {dag.py:4138} INFO - Setting next_dagrun for latest_only to 2024-08-23 16:00:00+00:00, run_after=2024-08-23 20:00:00+00:00
[2024-08-23T22:16:22.903+0000] {processor.py:208} INFO - Processing /home/airflow/.local/lib/python3.12/site-packages/airflow/example_dags/example_latest_only.py took 0.069 seconds
[2024-08-23T22:16:53.418+0000] {processor.py:186} INFO - Started process (PID=255) to work on /home/airflow/.local/lib/python3.12/site-packages/airflow/example_dags/example_latest_only.py
[2024-08-23T22:16:53.428+0000] {processor.py:914} INFO - Processing file /home/airflow/.local/lib/python3.12/site-packages/airflow/example_dags/example_latest_only.py for tasks to queue
[2024-08-23T22:16:53.430+0000] {logging_mixin.py:190} INFO - [2024-08-23T22:16:53.430+0000] {dagbag.py:587} INFO - Filling up the DagBag from /home/airflow/.local/lib/python3.12/site-packages/airflow/example_dags/example_latest_only.py
[2024-08-23T22:16:53.436+0000] {processor.py:925} INFO - DAG(s) 'latest_only' retrieved from /home/airflow/.local/lib/python3.12/site-packages/airflow/example_dags/example_latest_only.py
[2024-08-23T22:16:53.453+0000] {logging_mixin.py:190} INFO - [2024-08-23T22:16:53.453+0000] {dag.py:3211} INFO - Sync 1 DAGs
[2024-08-23T22:16:53.472+0000] {logging_mixin.py:190} INFO - [2024-08-23T22:16:53.471+0000] {dag.py:4138} INFO - Setting next_dagrun for latest_only to 2024-08-23 16:00:00+00:00, run_after=2024-08-23 20:00:00+00:00
[2024-08-23T22:16:53.487+0000] {processor.py:208} INFO - Processing /home/airflow/.local/lib/python3.12/site-packages/airflow/example_dags/example_latest_only.py took 0.074 seconds
