[2024-08-23T22:11:50.652+0000] {processor.py:186} INFO - Started process (PID=53) to work on /home/airflow/.local/lib/python3.12/site-packages/airflow/example_dags/example_params_trigger_ui.py
[2024-08-23T22:11:50.658+0000] {processor.py:914} INFO - Processing file /home/airflow/.local/lib/python3.12/site-packages/airflow/example_dags/example_params_trigger_ui.py for tasks to queue
[2024-08-23T22:11:50.676+0000] {logging_mixin.py:190} INFO - [2024-08-23T22:11:50.672+0000] {dagbag.py:587} INFO - Filling up the DagBag from /home/airflow/.local/lib/python3.12/site-packages/airflow/example_dags/example_params_trigger_ui.py
[2024-08-23T22:11:50.775+0000] {processor.py:925} INFO - DAG(s) 'example_params_trigger_ui' retrieved from /home/airflow/.local/lib/python3.12/site-packages/airflow/example_dags/example_params_trigger_ui.py
[2024-08-23T22:11:51.177+0000] {logging_mixin.py:190} INFO - [2024-08-23T22:11:51.176+0000] {override.py:1858} INFO - Created Permission View: can delete on DAG:example_params_trigger_ui
[2024-08-23T22:11:51.193+0000] {logging_mixin.py:190} INFO - [2024-08-23T22:11:51.192+0000] {override.py:1858} INFO - Created Permission View: can edit on DAG:example_params_trigger_ui
[2024-08-23T22:11:51.202+0000] {logging_mixin.py:190} INFO - [2024-08-23T22:11:51.201+0000] {override.py:1858} INFO - Created Permission View: can read on DAG:example_params_trigger_ui
[2024-08-23T22:11:51.203+0000] {logging_mixin.py:190} INFO - [2024-08-23T22:11:51.202+0000] {dag.py:3211} INFO - Sync 1 DAGs
[2024-08-23T22:11:51.240+0000] {logging_mixin.py:190} INFO - [2024-08-23T22:11:51.239+0000] {dag.py:3234} INFO - Creating ORM DAG for example_params_trigger_ui
[2024-08-23T22:11:51.241+0000] {logging_mixin.py:190} INFO - [2024-08-23T22:11:51.240+0000] {dag.py:4138} INFO - Setting next_dagrun for example_params_trigger_ui to None, run_after=None
[2024-08-23T22:11:51.268+0000] {processor.py:208} INFO - Processing /home/airflow/.local/lib/python3.12/site-packages/airflow/example_dags/example_params_trigger_ui.py took 0.693 seconds
[2024-08-23T22:12:21.522+0000] {processor.py:186} INFO - Started process (PID=115) to work on /home/airflow/.local/lib/python3.12/site-packages/airflow/example_dags/example_params_trigger_ui.py
[2024-08-23T22:12:21.524+0000] {processor.py:914} INFO - Processing file /home/airflow/.local/lib/python3.12/site-packages/airflow/example_dags/example_params_trigger_ui.py for tasks to queue
[2024-08-23T22:12:21.525+0000] {logging_mixin.py:190} INFO - [2024-08-23T22:12:21.525+0000] {dagbag.py:587} INFO - Filling up the DagBag from /home/airflow/.local/lib/python3.12/site-packages/airflow/example_dags/example_params_trigger_ui.py
[2024-08-23T22:12:21.534+0000] {processor.py:925} INFO - DAG(s) 'example_params_trigger_ui' retrieved from /home/airflow/.local/lib/python3.12/site-packages/airflow/example_dags/example_params_trigger_ui.py
[2024-08-23T22:12:21.565+0000] {logging_mixin.py:190} INFO - [2024-08-23T22:12:21.565+0000] {dag.py:3211} INFO - Sync 1 DAGs
[2024-08-23T22:12:21.576+0000] {logging_mixin.py:190} INFO - [2024-08-23T22:12:21.575+0000] {dag.py:4138} INFO - Setting next_dagrun for example_params_trigger_ui to None, run_after=None
[2024-08-23T22:12:21.590+0000] {processor.py:208} INFO - Processing /home/airflow/.local/lib/python3.12/site-packages/airflow/example_dags/example_params_trigger_ui.py took 0.072 seconds
[2024-08-23T22:12:52.045+0000] {processor.py:186} INFO - Started process (PID=177) to work on /home/airflow/.local/lib/python3.12/site-packages/airflow/example_dags/example_params_trigger_ui.py
[2024-08-23T22:12:52.046+0000] {processor.py:914} INFO - Processing file /home/airflow/.local/lib/python3.12/site-packages/airflow/example_dags/example_params_trigger_ui.py for tasks to queue
[2024-08-23T22:12:52.048+0000] {logging_mixin.py:190} INFO - [2024-08-23T22:12:52.048+0000] {dagbag.py:587} INFO - Filling up the DagBag from /home/airflow/.local/lib/python3.12/site-packages/airflow/example_dags/example_params_trigger_ui.py
[2024-08-23T22:12:52.058+0000] {processor.py:925} INFO - DAG(s) 'example_params_trigger_ui' retrieved from /home/airflow/.local/lib/python3.12/site-packages/airflow/example_dags/example_params_trigger_ui.py
[2024-08-23T22:12:52.093+0000] {logging_mixin.py:190} INFO - [2024-08-23T22:12:52.093+0000] {dag.py:3211} INFO - Sync 1 DAGs
[2024-08-23T22:12:52.105+0000] {logging_mixin.py:190} INFO - [2024-08-23T22:12:52.105+0000] {dag.py:4138} INFO - Setting next_dagrun for example_params_trigger_ui to None, run_after=None
[2024-08-23T22:12:52.119+0000] {processor.py:208} INFO - Processing /home/airflow/.local/lib/python3.12/site-packages/airflow/example_dags/example_params_trigger_ui.py took 0.079 seconds
[2024-08-23T22:13:23.058+0000] {processor.py:186} INFO - Started process (PID=239) to work on /home/airflow/.local/lib/python3.12/site-packages/airflow/example_dags/example_params_trigger_ui.py
[2024-08-23T22:13:23.059+0000] {processor.py:914} INFO - Processing file /home/airflow/.local/lib/python3.12/site-packages/airflow/example_dags/example_params_trigger_ui.py for tasks to queue
[2024-08-23T22:13:23.061+0000] {logging_mixin.py:190} INFO - [2024-08-23T22:13:23.060+0000] {dagbag.py:587} INFO - Filling up the DagBag from /home/airflow/.local/lib/python3.12/site-packages/airflow/example_dags/example_params_trigger_ui.py
[2024-08-23T22:13:23.069+0000] {processor.py:925} INFO - DAG(s) 'example_params_trigger_ui' retrieved from /home/airflow/.local/lib/python3.12/site-packages/airflow/example_dags/example_params_trigger_ui.py
[2024-08-23T22:13:23.103+0000] {logging_mixin.py:190} INFO - [2024-08-23T22:13:23.102+0000] {dag.py:3211} INFO - Sync 1 DAGs
[2024-08-23T22:13:23.113+0000] {logging_mixin.py:190} INFO - [2024-08-23T22:13:23.113+0000] {dag.py:4138} INFO - Setting next_dagrun for example_params_trigger_ui to None, run_after=None
[2024-08-23T22:13:23.128+0000] {processor.py:208} INFO - Processing /home/airflow/.local/lib/python3.12/site-packages/airflow/example_dags/example_params_trigger_ui.py took 0.075 seconds
[2024-08-23T22:13:53.252+0000] {processor.py:186} INFO - Started process (PID=301) to work on /home/airflow/.local/lib/python3.12/site-packages/airflow/example_dags/example_params_trigger_ui.py
[2024-08-23T22:13:53.253+0000] {processor.py:914} INFO - Processing file /home/airflow/.local/lib/python3.12/site-packages/airflow/example_dags/example_params_trigger_ui.py for tasks to queue
[2024-08-23T22:13:53.255+0000] {logging_mixin.py:190} INFO - [2024-08-23T22:13:53.255+0000] {dagbag.py:587} INFO - Filling up the DagBag from /home/airflow/.local/lib/python3.12/site-packages/airflow/example_dags/example_params_trigger_ui.py
[2024-08-23T22:13:53.264+0000] {processor.py:925} INFO - DAG(s) 'example_params_trigger_ui' retrieved from /home/airflow/.local/lib/python3.12/site-packages/airflow/example_dags/example_params_trigger_ui.py
[2024-08-23T22:13:53.299+0000] {logging_mixin.py:190} INFO - [2024-08-23T22:13:53.298+0000] {dag.py:3211} INFO - Sync 1 DAGs
[2024-08-23T22:13:53.311+0000] {logging_mixin.py:190} INFO - [2024-08-23T22:13:53.311+0000] {dag.py:4138} INFO - Setting next_dagrun for example_params_trigger_ui to None, run_after=None
[2024-08-23T22:13:53.330+0000] {processor.py:208} INFO - Processing /home/airflow/.local/lib/python3.12/site-packages/airflow/example_dags/example_params_trigger_ui.py took 0.083 seconds
[2024-08-23T22:15:19.656+0000] {processor.py:186} INFO - Started process (PID=53) to work on /home/airflow/.local/lib/python3.12/site-packages/airflow/example_dags/example_params_trigger_ui.py
[2024-08-23T22:15:19.667+0000] {processor.py:914} INFO - Processing file /home/airflow/.local/lib/python3.12/site-packages/airflow/example_dags/example_params_trigger_ui.py for tasks to queue
[2024-08-23T22:15:19.670+0000] {logging_mixin.py:190} INFO - [2024-08-23T22:15:19.669+0000] {dagbag.py:587} INFO - Filling up the DagBag from /home/airflow/.local/lib/python3.12/site-packages/airflow/example_dags/example_params_trigger_ui.py
[2024-08-23T22:15:19.682+0000] {processor.py:925} INFO - DAG(s) 'example_params_trigger_ui' retrieved from /home/airflow/.local/lib/python3.12/site-packages/airflow/example_dags/example_params_trigger_ui.py
[2024-08-23T22:15:19.790+0000] {logging_mixin.py:190} INFO - [2024-08-23T22:15:19.790+0000] {override.py:1858} INFO - Created Permission View: can delete on DAG:example_params_trigger_ui
[2024-08-23T22:15:19.798+0000] {logging_mixin.py:190} INFO - [2024-08-23T22:15:19.798+0000] {override.py:1858} INFO - Created Permission View: can read on DAG:example_params_trigger_ui
[2024-08-23T22:15:19.805+0000] {logging_mixin.py:190} INFO - [2024-08-23T22:15:19.805+0000] {override.py:1858} INFO - Created Permission View: can edit on DAG:example_params_trigger_ui
[2024-08-23T22:15:19.806+0000] {logging_mixin.py:190} INFO - [2024-08-23T22:15:19.806+0000] {dag.py:3211} INFO - Sync 1 DAGs
[2024-08-23T22:15:19.816+0000] {logging_mixin.py:190} INFO - [2024-08-23T22:15:19.816+0000] {dag.py:3234} INFO - Creating ORM DAG for example_params_trigger_ui
[2024-08-23T22:15:19.817+0000] {logging_mixin.py:190} INFO - [2024-08-23T22:15:19.817+0000] {dag.py:4138} INFO - Setting next_dagrun for example_params_trigger_ui to None, run_after=None
[2024-08-23T22:15:19.832+0000] {processor.py:208} INFO - Processing /home/airflow/.local/lib/python3.12/site-packages/airflow/example_dags/example_params_trigger_ui.py took 0.181 seconds
[2024-08-23T22:15:50.375+0000] {processor.py:186} INFO - Started process (PID=115) to work on /home/airflow/.local/lib/python3.12/site-packages/airflow/example_dags/example_params_trigger_ui.py
[2024-08-23T22:15:50.395+0000] {processor.py:914} INFO - Processing file /home/airflow/.local/lib/python3.12/site-packages/airflow/example_dags/example_params_trigger_ui.py for tasks to queue
[2024-08-23T22:15:50.398+0000] {logging_mixin.py:190} INFO - [2024-08-23T22:15:50.397+0000] {dagbag.py:587} INFO - Filling up the DagBag from /home/airflow/.local/lib/python3.12/site-packages/airflow/example_dags/example_params_trigger_ui.py
[2024-08-23T22:15:50.406+0000] {processor.py:925} INFO - DAG(s) 'example_params_trigger_ui' retrieved from /home/airflow/.local/lib/python3.12/site-packages/airflow/example_dags/example_params_trigger_ui.py
[2024-08-23T22:15:50.444+0000] {logging_mixin.py:190} INFO - [2024-08-23T22:15:50.444+0000] {dag.py:3211} INFO - Sync 1 DAGs
[2024-08-23T22:15:50.460+0000] {logging_mixin.py:190} INFO - [2024-08-23T22:15:50.460+0000] {dag.py:4138} INFO - Setting next_dagrun for example_params_trigger_ui to None, run_after=None
[2024-08-23T22:15:50.479+0000] {processor.py:208} INFO - Processing /home/airflow/.local/lib/python3.12/site-packages/airflow/example_dags/example_params_trigger_ui.py took 0.108 seconds
[2024-08-23T22:16:20.741+0000] {processor.py:186} INFO - Started process (PID=178) to work on /home/airflow/.local/lib/python3.12/site-packages/airflow/example_dags/example_params_trigger_ui.py
[2024-08-23T22:16:20.746+0000] {processor.py:914} INFO - Processing file /home/airflow/.local/lib/python3.12/site-packages/airflow/example_dags/example_params_trigger_ui.py for tasks to queue
[2024-08-23T22:16:20.748+0000] {logging_mixin.py:190} INFO - [2024-08-23T22:16:20.748+0000] {dagbag.py:587} INFO - Filling up the DagBag from /home/airflow/.local/lib/python3.12/site-packages/airflow/example_dags/example_params_trigger_ui.py
[2024-08-23T22:16:20.760+0000] {processor.py:925} INFO - DAG(s) 'example_params_trigger_ui' retrieved from /home/airflow/.local/lib/python3.12/site-packages/airflow/example_dags/example_params_trigger_ui.py
[2024-08-23T22:16:20.800+0000] {logging_mixin.py:190} INFO - [2024-08-23T22:16:20.800+0000] {dag.py:3211} INFO - Sync 1 DAGs
[2024-08-23T22:16:20.816+0000] {logging_mixin.py:190} INFO - [2024-08-23T22:16:20.816+0000] {dag.py:4138} INFO - Setting next_dagrun for example_params_trigger_ui to None, run_after=None
[2024-08-23T22:16:20.838+0000] {processor.py:208} INFO - Processing /home/airflow/.local/lib/python3.12/site-packages/airflow/example_dags/example_params_trigger_ui.py took 0.103 seconds
[2024-08-23T22:16:51.119+0000] {processor.py:186} INFO - Started process (PID=240) to work on /home/airflow/.local/lib/python3.12/site-packages/airflow/example_dags/example_params_trigger_ui.py
[2024-08-23T22:16:51.157+0000] {processor.py:914} INFO - Processing file /home/airflow/.local/lib/python3.12/site-packages/airflow/example_dags/example_params_trigger_ui.py for tasks to queue
[2024-08-23T22:16:51.160+0000] {logging_mixin.py:190} INFO - [2024-08-23T22:16:51.159+0000] {dagbag.py:587} INFO - Filling up the DagBag from /home/airflow/.local/lib/python3.12/site-packages/airflow/example_dags/example_params_trigger_ui.py
[2024-08-23T22:16:51.171+0000] {processor.py:925} INFO - DAG(s) 'example_params_trigger_ui' retrieved from /home/airflow/.local/lib/python3.12/site-packages/airflow/example_dags/example_params_trigger_ui.py
[2024-08-23T22:16:51.208+0000] {logging_mixin.py:190} INFO - [2024-08-23T22:16:51.208+0000] {dag.py:3211} INFO - Sync 1 DAGs
[2024-08-23T22:16:51.220+0000] {logging_mixin.py:190} INFO - [2024-08-23T22:16:51.220+0000] {dag.py:4138} INFO - Setting next_dagrun for example_params_trigger_ui to None, run_after=None
[2024-08-23T22:16:51.235+0000] {processor.py:208} INFO - Processing /home/airflow/.local/lib/python3.12/site-packages/airflow/example_dags/example_params_trigger_ui.py took 0.123 seconds
