[2024-08-23T22:11:52.117+0000] {processor.py:186} INFO - Started process (PID=60) to work on /home/airflow/.local/lib/python3.12/site-packages/airflow/example_dags/example_setup_teardown.py
[2024-08-23T22:11:52.118+0000] {processor.py:914} INFO - Processing file /home/airflow/.local/lib/python3.12/site-packages/airflow/example_dags/example_setup_teardown.py for tasks to queue
[2024-08-23T22:11:52.121+0000] {logging_mixin.py:190} INFO - [2024-08-23T22:11:52.120+0000] {dagbag.py:587} INFO - Filling up the DagBag from /home/airflow/.local/lib/python3.12/site-packages/airflow/example_dags/example_setup_teardown.py
[2024-08-23T22:11:52.132+0000] {processor.py:925} INFO - DAG(s) 'example_setup_teardown' retrieved from /home/airflow/.local/lib/python3.12/site-packages/airflow/example_dags/example_setup_teardown.py
[2024-08-23T22:11:52.234+0000] {logging_mixin.py:190} INFO - [2024-08-23T22:11:52.234+0000] {override.py:1858} INFO - Created Permission View: can delete on DAG:example_setup_teardown
[2024-08-23T22:11:52.244+0000] {logging_mixin.py:190} INFO - [2024-08-23T22:11:52.244+0000] {override.py:1858} INFO - Created Permission View: can edit on DAG:example_setup_teardown
[2024-08-23T22:11:52.252+0000] {logging_mixin.py:190} INFO - [2024-08-23T22:11:52.252+0000] {override.py:1858} INFO - Created Permission View: can read on DAG:example_setup_teardown
[2024-08-23T22:11:52.253+0000] {logging_mixin.py:190} INFO - [2024-08-23T22:11:52.253+0000] {dag.py:3211} INFO - Sync 1 DAGs
[2024-08-23T22:11:52.263+0000] {logging_mixin.py:190} INFO - [2024-08-23T22:11:52.263+0000] {dag.py:3234} INFO - Creating ORM DAG for example_setup_teardown
[2024-08-23T22:11:52.272+0000] {logging_mixin.py:190} INFO - [2024-08-23T22:11:52.272+0000] {dag.py:4138} INFO - Setting next_dagrun for example_setup_teardown to 2024-08-22 00:00:00+00:00, run_after=2024-08-23 00:00:00+00:00
[2024-08-23T22:11:52.287+0000] {processor.py:208} INFO - Processing /home/airflow/.local/lib/python3.12/site-packages/airflow/example_dags/example_setup_teardown.py took 0.177 seconds
[2024-08-23T22:12:22.901+0000] {processor.py:186} INFO - Started process (PID=121) to work on /home/airflow/.local/lib/python3.12/site-packages/airflow/example_dags/example_setup_teardown.py
[2024-08-23T22:12:22.902+0000] {processor.py:914} INFO - Processing file /home/airflow/.local/lib/python3.12/site-packages/airflow/example_dags/example_setup_teardown.py for tasks to queue
[2024-08-23T22:12:22.904+0000] {logging_mixin.py:190} INFO - [2024-08-23T22:12:22.904+0000] {dagbag.py:587} INFO - Filling up the DagBag from /home/airflow/.local/lib/python3.12/site-packages/airflow/example_dags/example_setup_teardown.py
[2024-08-23T22:12:22.913+0000] {processor.py:925} INFO - DAG(s) 'example_setup_teardown' retrieved from /home/airflow/.local/lib/python3.12/site-packages/airflow/example_dags/example_setup_teardown.py
[2024-08-23T22:12:22.933+0000] {logging_mixin.py:190} INFO - [2024-08-23T22:12:22.933+0000] {dag.py:3211} INFO - Sync 1 DAGs
[2024-08-23T22:12:22.952+0000] {logging_mixin.py:190} INFO - [2024-08-23T22:12:22.952+0000] {dag.py:4138} INFO - Setting next_dagrun for example_setup_teardown to 2024-08-22 00:00:00+00:00, run_after=2024-08-23 00:00:00+00:00
[2024-08-23T22:12:22.968+0000] {processor.py:208} INFO - Processing /home/airflow/.local/lib/python3.12/site-packages/airflow/example_dags/example_setup_teardown.py took 0.073 seconds
[2024-08-23T22:12:53.337+0000] {processor.py:186} INFO - Started process (PID=183) to work on /home/airflow/.local/lib/python3.12/site-packages/airflow/example_dags/example_setup_teardown.py
[2024-08-23T22:12:53.339+0000] {processor.py:914} INFO - Processing file /home/airflow/.local/lib/python3.12/site-packages/airflow/example_dags/example_setup_teardown.py for tasks to queue
[2024-08-23T22:12:53.341+0000] {logging_mixin.py:190} INFO - [2024-08-23T22:12:53.341+0000] {dagbag.py:587} INFO - Filling up the DagBag from /home/airflow/.local/lib/python3.12/site-packages/airflow/example_dags/example_setup_teardown.py
[2024-08-23T22:12:53.348+0000] {processor.py:925} INFO - DAG(s) 'example_setup_teardown' retrieved from /home/airflow/.local/lib/python3.12/site-packages/airflow/example_dags/example_setup_teardown.py
[2024-08-23T22:12:53.364+0000] {logging_mixin.py:190} INFO - [2024-08-23T22:12:53.363+0000] {dag.py:3211} INFO - Sync 1 DAGs
[2024-08-23T22:12:53.383+0000] {logging_mixin.py:190} INFO - [2024-08-23T22:12:53.383+0000] {dag.py:4138} INFO - Setting next_dagrun for example_setup_teardown to 2024-08-22 00:00:00+00:00, run_after=2024-08-23 00:00:00+00:00
[2024-08-23T22:12:53.404+0000] {processor.py:208} INFO - Processing /home/airflow/.local/lib/python3.12/site-packages/airflow/example_dags/example_setup_teardown.py took 0.071 seconds
[2024-08-23T22:13:24.348+0000] {processor.py:186} INFO - Started process (PID=246) to work on /home/airflow/.local/lib/python3.12/site-packages/airflow/example_dags/example_setup_teardown.py
[2024-08-23T22:13:24.349+0000] {processor.py:914} INFO - Processing file /home/airflow/.local/lib/python3.12/site-packages/airflow/example_dags/example_setup_teardown.py for tasks to queue
[2024-08-23T22:13:24.351+0000] {logging_mixin.py:190} INFO - [2024-08-23T22:13:24.351+0000] {dagbag.py:587} INFO - Filling up the DagBag from /home/airflow/.local/lib/python3.12/site-packages/airflow/example_dags/example_setup_teardown.py
[2024-08-23T22:13:24.358+0000] {processor.py:925} INFO - DAG(s) 'example_setup_teardown' retrieved from /home/airflow/.local/lib/python3.12/site-packages/airflow/example_dags/example_setup_teardown.py
[2024-08-23T22:13:24.375+0000] {logging_mixin.py:190} INFO - [2024-08-23T22:13:24.375+0000] {dag.py:3211} INFO - Sync 1 DAGs
[2024-08-23T22:13:24.393+0000] {logging_mixin.py:190} INFO - [2024-08-23T22:13:24.393+0000] {dag.py:4138} INFO - Setting next_dagrun for example_setup_teardown to 2024-08-22 00:00:00+00:00, run_after=2024-08-23 00:00:00+00:00
[2024-08-23T22:13:24.407+0000] {processor.py:208} INFO - Processing /home/airflow/.local/lib/python3.12/site-packages/airflow/example_dags/example_setup_teardown.py took 0.064 seconds
[2024-08-23T22:13:54.596+0000] {processor.py:186} INFO - Started process (PID=308) to work on /home/airflow/.local/lib/python3.12/site-packages/airflow/example_dags/example_setup_teardown.py
[2024-08-23T22:13:54.597+0000] {processor.py:914} INFO - Processing file /home/airflow/.local/lib/python3.12/site-packages/airflow/example_dags/example_setup_teardown.py for tasks to queue
[2024-08-23T22:13:54.599+0000] {logging_mixin.py:190} INFO - [2024-08-23T22:13:54.598+0000] {dagbag.py:587} INFO - Filling up the DagBag from /home/airflow/.local/lib/python3.12/site-packages/airflow/example_dags/example_setup_teardown.py
[2024-08-23T22:13:54.605+0000] {processor.py:925} INFO - DAG(s) 'example_setup_teardown' retrieved from /home/airflow/.local/lib/python3.12/site-packages/airflow/example_dags/example_setup_teardown.py
[2024-08-23T22:13:54.623+0000] {logging_mixin.py:190} INFO - [2024-08-23T22:13:54.623+0000] {dag.py:3211} INFO - Sync 1 DAGs
[2024-08-23T22:13:54.641+0000] {logging_mixin.py:190} INFO - [2024-08-23T22:13:54.640+0000] {dag.py:4138} INFO - Setting next_dagrun for example_setup_teardown to 2024-08-22 00:00:00+00:00, run_after=2024-08-23 00:00:00+00:00
[2024-08-23T22:13:54.655+0000] {processor.py:208} INFO - Processing /home/airflow/.local/lib/python3.12/site-packages/airflow/example_dags/example_setup_teardown.py took 0.064 seconds
[2024-08-23T22:15:20.684+0000] {processor.py:186} INFO - Started process (PID=60) to work on /home/airflow/.local/lib/python3.12/site-packages/airflow/example_dags/example_setup_teardown.py
[2024-08-23T22:15:20.696+0000] {processor.py:914} INFO - Processing file /home/airflow/.local/lib/python3.12/site-packages/airflow/example_dags/example_setup_teardown.py for tasks to queue
[2024-08-23T22:15:20.698+0000] {logging_mixin.py:190} INFO - [2024-08-23T22:15:20.698+0000] {dagbag.py:587} INFO - Filling up the DagBag from /home/airflow/.local/lib/python3.12/site-packages/airflow/example_dags/example_setup_teardown.py
[2024-08-23T22:15:20.707+0000] {processor.py:925} INFO - DAG(s) 'example_setup_teardown' retrieved from /home/airflow/.local/lib/python3.12/site-packages/airflow/example_dags/example_setup_teardown.py
[2024-08-23T22:15:20.791+0000] {logging_mixin.py:190} INFO - [2024-08-23T22:15:20.791+0000] {override.py:1858} INFO - Created Permission View: can delete on DAG:example_setup_teardown
[2024-08-23T22:15:20.801+0000] {logging_mixin.py:190} INFO - [2024-08-23T22:15:20.801+0000] {override.py:1858} INFO - Created Permission View: can read on DAG:example_setup_teardown
[2024-08-23T22:15:20.807+0000] {logging_mixin.py:190} INFO - [2024-08-23T22:15:20.807+0000] {override.py:1858} INFO - Created Permission View: can edit on DAG:example_setup_teardown
[2024-08-23T22:15:20.808+0000] {logging_mixin.py:190} INFO - [2024-08-23T22:15:20.808+0000] {dag.py:3211} INFO - Sync 1 DAGs
[2024-08-23T22:15:20.820+0000] {logging_mixin.py:190} INFO - [2024-08-23T22:15:20.820+0000] {dag.py:3234} INFO - Creating ORM DAG for example_setup_teardown
[2024-08-23T22:15:20.832+0000] {logging_mixin.py:190} INFO - [2024-08-23T22:15:20.832+0000] {dag.py:4138} INFO - Setting next_dagrun for example_setup_teardown to 2024-08-22 00:00:00+00:00, run_after=2024-08-23 00:00:00+00:00
[2024-08-23T22:15:20.849+0000] {processor.py:208} INFO - Processing /home/airflow/.local/lib/python3.12/site-packages/airflow/example_dags/example_setup_teardown.py took 0.170 seconds
[2024-08-23T22:15:51.810+0000] {processor.py:186} INFO - Started process (PID=122) to work on /home/airflow/.local/lib/python3.12/site-packages/airflow/example_dags/example_setup_teardown.py
[2024-08-23T22:15:51.819+0000] {processor.py:914} INFO - Processing file /home/airflow/.local/lib/python3.12/site-packages/airflow/example_dags/example_setup_teardown.py for tasks to queue
[2024-08-23T22:15:51.833+0000] {logging_mixin.py:190} INFO - [2024-08-23T22:15:51.833+0000] {dagbag.py:587} INFO - Filling up the DagBag from /home/airflow/.local/lib/python3.12/site-packages/airflow/example_dags/example_setup_teardown.py
[2024-08-23T22:15:51.858+0000] {processor.py:925} INFO - DAG(s) 'example_setup_teardown' retrieved from /home/airflow/.local/lib/python3.12/site-packages/airflow/example_dags/example_setup_teardown.py
[2024-08-23T22:15:51.910+0000] {logging_mixin.py:190} INFO - [2024-08-23T22:15:51.909+0000] {dag.py:3211} INFO - Sync 1 DAGs
[2024-08-23T22:15:51.954+0000] {logging_mixin.py:190} INFO - [2024-08-23T22:15:51.954+0000] {dag.py:4138} INFO - Setting next_dagrun for example_setup_teardown to 2024-08-22 00:00:00+00:00, run_after=2024-08-23 00:00:00+00:00
[2024-08-23T22:15:51.974+0000] {processor.py:208} INFO - Processing /home/airflow/.local/lib/python3.12/site-packages/airflow/example_dags/example_setup_teardown.py took 0.183 seconds
[2024-08-23T22:16:22.225+0000] {processor.py:186} INFO - Started process (PID=184) to work on /home/airflow/.local/lib/python3.12/site-packages/airflow/example_dags/example_setup_teardown.py
[2024-08-23T22:16:22.232+0000] {processor.py:914} INFO - Processing file /home/airflow/.local/lib/python3.12/site-packages/airflow/example_dags/example_setup_teardown.py for tasks to queue
[2024-08-23T22:16:22.235+0000] {logging_mixin.py:190} INFO - [2024-08-23T22:16:22.234+0000] {dagbag.py:587} INFO - Filling up the DagBag from /home/airflow/.local/lib/python3.12/site-packages/airflow/example_dags/example_setup_teardown.py
[2024-08-23T22:16:22.242+0000] {processor.py:925} INFO - DAG(s) 'example_setup_teardown' retrieved from /home/airflow/.local/lib/python3.12/site-packages/airflow/example_dags/example_setup_teardown.py
[2024-08-23T22:16:22.266+0000] {logging_mixin.py:190} INFO - [2024-08-23T22:16:22.266+0000] {dag.py:3211} INFO - Sync 1 DAGs
[2024-08-23T22:16:22.296+0000] {logging_mixin.py:190} INFO - [2024-08-23T22:16:22.296+0000] {dag.py:4138} INFO - Setting next_dagrun for example_setup_teardown to 2024-08-22 00:00:00+00:00, run_after=2024-08-23 00:00:00+00:00
[2024-08-23T22:16:22.313+0000] {processor.py:208} INFO - Processing /home/airflow/.local/lib/python3.12/site-packages/airflow/example_dags/example_setup_teardown.py took 0.093 seconds
[2024-08-23T22:16:52.662+0000] {processor.py:186} INFO - Started process (PID=247) to work on /home/airflow/.local/lib/python3.12/site-packages/airflow/example_dags/example_setup_teardown.py
[2024-08-23T22:16:52.678+0000] {processor.py:914} INFO - Processing file /home/airflow/.local/lib/python3.12/site-packages/airflow/example_dags/example_setup_teardown.py for tasks to queue
[2024-08-23T22:16:52.681+0000] {logging_mixin.py:190} INFO - [2024-08-23T22:16:52.680+0000] {dagbag.py:587} INFO - Filling up the DagBag from /home/airflow/.local/lib/python3.12/site-packages/airflow/example_dags/example_setup_teardown.py
[2024-08-23T22:16:52.688+0000] {processor.py:925} INFO - DAG(s) 'example_setup_teardown' retrieved from /home/airflow/.local/lib/python3.12/site-packages/airflow/example_dags/example_setup_teardown.py
[2024-08-23T22:16:52.706+0000] {logging_mixin.py:190} INFO - [2024-08-23T22:16:52.705+0000] {dag.py:3211} INFO - Sync 1 DAGs
[2024-08-23T22:16:52.726+0000] {logging_mixin.py:190} INFO - [2024-08-23T22:16:52.726+0000] {dag.py:4138} INFO - Setting next_dagrun for example_setup_teardown to 2024-08-22 00:00:00+00:00, run_after=2024-08-23 00:00:00+00:00
[2024-08-23T22:16:52.746+0000] {processor.py:208} INFO - Processing /home/airflow/.local/lib/python3.12/site-packages/airflow/example_dags/example_setup_teardown.py took 0.089 seconds
