[2024-08-23T22:11:51.530+0000] {processor.py:186} INFO - Started process (PID=56) to work on /home/airflow/.local/lib/python3.12/site-packages/airflow/example_dags/example_dag_decorator.py
[2024-08-23T22:11:51.531+0000] {processor.py:914} INFO - Processing file /home/airflow/.local/lib/python3.12/site-packages/airflow/example_dags/example_dag_decorator.py for tasks to queue
[2024-08-23T22:11:51.534+0000] {logging_mixin.py:190} INFO - [2024-08-23T22:11:51.534+0000] {dagbag.py:587} INFO - Filling up the DagBag from /home/airflow/.local/lib/python3.12/site-packages/airflow/example_dags/example_dag_decorator.py
[2024-08-23T22:11:51.548+0000] {processor.py:925} INFO - DAG(s) 'example_dag_decorator' retrieved from /home/airflow/.local/lib/python3.12/site-packages/airflow/example_dags/example_dag_decorator.py
[2024-08-23T22:11:51.716+0000] {logging_mixin.py:190} INFO - [2024-08-23T22:11:51.714+0000] {override.py:1858} INFO - Created Permission View: can delete on DAG:example_dag_decorator
[2024-08-23T22:11:51.738+0000] {logging_mixin.py:190} INFO - [2024-08-23T22:11:51.738+0000] {override.py:1858} INFO - Created Permission View: can edit on DAG:example_dag_decorator
[2024-08-23T22:11:51.748+0000] {logging_mixin.py:190} INFO - [2024-08-23T22:11:51.748+0000] {override.py:1858} INFO - Created Permission View: can read on DAG:example_dag_decorator
[2024-08-23T22:11:51.749+0000] {logging_mixin.py:190} INFO - [2024-08-23T22:11:51.749+0000] {dag.py:3211} INFO - Sync 1 DAGs
[2024-08-23T22:11:51.764+0000] {logging_mixin.py:190} INFO - [2024-08-23T22:11:51.764+0000] {dag.py:3234} INFO - Creating ORM DAG for example_dag_decorator
[2024-08-23T22:11:51.765+0000] {logging_mixin.py:190} INFO - [2024-08-23T22:11:51.765+0000] {dag.py:4138} INFO - Setting next_dagrun for example_dag_decorator to None, run_after=None
[2024-08-23T22:11:51.789+0000] {processor.py:208} INFO - Processing /home/airflow/.local/lib/python3.12/site-packages/airflow/example_dags/example_dag_decorator.py took 0.265 seconds
[2024-08-23T22:12:22.717+0000] {processor.py:186} INFO - Started process (PID=118) to work on /home/airflow/.local/lib/python3.12/site-packages/airflow/example_dags/example_dag_decorator.py
[2024-08-23T22:12:22.718+0000] {processor.py:914} INFO - Processing file /home/airflow/.local/lib/python3.12/site-packages/airflow/example_dags/example_dag_decorator.py for tasks to queue
[2024-08-23T22:12:22.720+0000] {logging_mixin.py:190} INFO - [2024-08-23T22:12:22.720+0000] {dagbag.py:587} INFO - Filling up the DagBag from /home/airflow/.local/lib/python3.12/site-packages/airflow/example_dags/example_dag_decorator.py
[2024-08-23T22:12:22.730+0000] {processor.py:925} INFO - DAG(s) 'example_dag_decorator' retrieved from /home/airflow/.local/lib/python3.12/site-packages/airflow/example_dags/example_dag_decorator.py
[2024-08-23T22:12:22.817+0000] {logging_mixin.py:190} INFO - [2024-08-23T22:12:22.817+0000] {dag.py:3211} INFO - Sync 1 DAGs
[2024-08-23T22:12:22.827+0000] {logging_mixin.py:190} INFO - [2024-08-23T22:12:22.827+0000] {dag.py:4138} INFO - Setting next_dagrun for example_dag_decorator to None, run_after=None
[2024-08-23T22:12:22.853+0000] {processor.py:208} INFO - Processing /home/airflow/.local/lib/python3.12/site-packages/airflow/example_dags/example_dag_decorator.py took 0.140 seconds
[2024-08-23T22:12:53.182+0000] {processor.py:186} INFO - Started process (PID=180) to work on /home/airflow/.local/lib/python3.12/site-packages/airflow/example_dags/example_dag_decorator.py
[2024-08-23T22:12:53.183+0000] {processor.py:914} INFO - Processing file /home/airflow/.local/lib/python3.12/site-packages/airflow/example_dags/example_dag_decorator.py for tasks to queue
[2024-08-23T22:12:53.185+0000] {logging_mixin.py:190} INFO - [2024-08-23T22:12:53.185+0000] {dagbag.py:587} INFO - Filling up the DagBag from /home/airflow/.local/lib/python3.12/site-packages/airflow/example_dags/example_dag_decorator.py
[2024-08-23T22:12:53.196+0000] {processor.py:925} INFO - DAG(s) 'example_dag_decorator' retrieved from /home/airflow/.local/lib/python3.12/site-packages/airflow/example_dags/example_dag_decorator.py
[2024-08-23T22:12:53.277+0000] {logging_mixin.py:190} INFO - [2024-08-23T22:12:53.277+0000] {dag.py:3211} INFO - Sync 1 DAGs
[2024-08-23T22:12:53.287+0000] {logging_mixin.py:190} INFO - [2024-08-23T22:12:53.287+0000] {dag.py:4138} INFO - Setting next_dagrun for example_dag_decorator to None, run_after=None
[2024-08-23T22:12:53.304+0000] {processor.py:208} INFO - Processing /home/airflow/.local/lib/python3.12/site-packages/airflow/example_dags/example_dag_decorator.py took 0.126 seconds
[2024-08-23T22:13:24.179+0000] {processor.py:186} INFO - Started process (PID=242) to work on /home/airflow/.local/lib/python3.12/site-packages/airflow/example_dags/example_dag_decorator.py
[2024-08-23T22:13:24.180+0000] {processor.py:914} INFO - Processing file /home/airflow/.local/lib/python3.12/site-packages/airflow/example_dags/example_dag_decorator.py for tasks to queue
[2024-08-23T22:13:24.182+0000] {logging_mixin.py:190} INFO - [2024-08-23T22:13:24.182+0000] {dagbag.py:587} INFO - Filling up the DagBag from /home/airflow/.local/lib/python3.12/site-packages/airflow/example_dags/example_dag_decorator.py
[2024-08-23T22:13:24.191+0000] {processor.py:925} INFO - DAG(s) 'example_dag_decorator' retrieved from /home/airflow/.local/lib/python3.12/site-packages/airflow/example_dags/example_dag_decorator.py
[2024-08-23T22:13:24.268+0000] {logging_mixin.py:190} INFO - [2024-08-23T22:13:24.268+0000] {dag.py:3211} INFO - Sync 1 DAGs
[2024-08-23T22:13:24.277+0000] {logging_mixin.py:190} INFO - [2024-08-23T22:13:24.277+0000] {dag.py:4138} INFO - Setting next_dagrun for example_dag_decorator to None, run_after=None
[2024-08-23T22:13:24.292+0000] {processor.py:208} INFO - Processing /home/airflow/.local/lib/python3.12/site-packages/airflow/example_dags/example_dag_decorator.py took 0.118 seconds
[2024-08-23T22:13:54.400+0000] {processor.py:186} INFO - Started process (PID=304) to work on /home/airflow/.local/lib/python3.12/site-packages/airflow/example_dags/example_dag_decorator.py
[2024-08-23T22:13:54.402+0000] {processor.py:914} INFO - Processing file /home/airflow/.local/lib/python3.12/site-packages/airflow/example_dags/example_dag_decorator.py for tasks to queue
[2024-08-23T22:13:54.404+0000] {logging_mixin.py:190} INFO - [2024-08-23T22:13:54.403+0000] {dagbag.py:587} INFO - Filling up the DagBag from /home/airflow/.local/lib/python3.12/site-packages/airflow/example_dags/example_dag_decorator.py
[2024-08-23T22:13:54.413+0000] {processor.py:925} INFO - DAG(s) 'example_dag_decorator' retrieved from /home/airflow/.local/lib/python3.12/site-packages/airflow/example_dags/example_dag_decorator.py
[2024-08-23T22:13:54.487+0000] {logging_mixin.py:190} INFO - [2024-08-23T22:13:54.487+0000] {dag.py:3211} INFO - Sync 1 DAGs
[2024-08-23T22:13:54.497+0000] {logging_mixin.py:190} INFO - [2024-08-23T22:13:54.496+0000] {dag.py:4138} INFO - Setting next_dagrun for example_dag_decorator to None, run_after=None
[2024-08-23T22:13:54.511+0000] {processor.py:208} INFO - Processing /home/airflow/.local/lib/python3.12/site-packages/airflow/example_dags/example_dag_decorator.py took 0.115 seconds
[2024-08-23T22:15:20.190+0000] {processor.py:186} INFO - Started process (PID=56) to work on /home/airflow/.local/lib/python3.12/site-packages/airflow/example_dags/example_dag_decorator.py
[2024-08-23T22:15:20.233+0000] {processor.py:914} INFO - Processing file /home/airflow/.local/lib/python3.12/site-packages/airflow/example_dags/example_dag_decorator.py for tasks to queue
[2024-08-23T22:15:20.236+0000] {logging_mixin.py:190} INFO - [2024-08-23T22:15:20.236+0000] {dagbag.py:587} INFO - Filling up the DagBag from /home/airflow/.local/lib/python3.12/site-packages/airflow/example_dags/example_dag_decorator.py
[2024-08-23T22:15:20.250+0000] {processor.py:925} INFO - DAG(s) 'example_dag_decorator' retrieved from /home/airflow/.local/lib/python3.12/site-packages/airflow/example_dags/example_dag_decorator.py
[2024-08-23T22:15:20.375+0000] {logging_mixin.py:190} INFO - [2024-08-23T22:15:20.374+0000] {override.py:1858} INFO - Created Permission View: can delete on DAG:example_dag_decorator
[2024-08-23T22:15:20.390+0000] {logging_mixin.py:190} INFO - [2024-08-23T22:15:20.389+0000] {override.py:1858} INFO - Created Permission View: can read on DAG:example_dag_decorator
[2024-08-23T22:15:20.400+0000] {logging_mixin.py:190} INFO - [2024-08-23T22:15:20.399+0000] {override.py:1858} INFO - Created Permission View: can edit on DAG:example_dag_decorator
[2024-08-23T22:15:20.401+0000] {logging_mixin.py:190} INFO - [2024-08-23T22:15:20.400+0000] {dag.py:3211} INFO - Sync 1 DAGs
[2024-08-23T22:15:20.420+0000] {logging_mixin.py:190} INFO - [2024-08-23T22:15:20.419+0000] {dag.py:3234} INFO - Creating ORM DAG for example_dag_decorator
[2024-08-23T22:15:20.421+0000] {logging_mixin.py:190} INFO - [2024-08-23T22:15:20.421+0000] {dag.py:4138} INFO - Setting next_dagrun for example_dag_decorator to None, run_after=None
[2024-08-23T22:15:20.439+0000] {processor.py:208} INFO - Processing /home/airflow/.local/lib/python3.12/site-packages/airflow/example_dags/example_dag_decorator.py took 0.255 seconds
[2024-08-23T22:15:50.524+0000] {processor.py:186} INFO - Started process (PID=118) to work on /home/airflow/.local/lib/python3.12/site-packages/airflow/example_dags/example_dag_decorator.py
[2024-08-23T22:15:50.531+0000] {processor.py:914} INFO - Processing file /home/airflow/.local/lib/python3.12/site-packages/airflow/example_dags/example_dag_decorator.py for tasks to queue
[2024-08-23T22:15:50.533+0000] {logging_mixin.py:190} INFO - [2024-08-23T22:15:50.533+0000] {dagbag.py:587} INFO - Filling up the DagBag from /home/airflow/.local/lib/python3.12/site-packages/airflow/example_dags/example_dag_decorator.py
[2024-08-23T22:15:50.543+0000] {processor.py:925} INFO - DAG(s) 'example_dag_decorator' retrieved from /home/airflow/.local/lib/python3.12/site-packages/airflow/example_dags/example_dag_decorator.py
[2024-08-23T22:15:50.647+0000] {logging_mixin.py:190} INFO - [2024-08-23T22:15:50.646+0000] {dag.py:3211} INFO - Sync 1 DAGs
[2024-08-23T22:15:50.655+0000] {logging_mixin.py:190} INFO - [2024-08-23T22:15:50.655+0000] {dag.py:4138} INFO - Setting next_dagrun for example_dag_decorator to None, run_after=None
[2024-08-23T22:15:50.673+0000] {processor.py:208} INFO - Processing /home/airflow/.local/lib/python3.12/site-packages/airflow/example_dags/example_dag_decorator.py took 0.155 seconds
[2024-08-23T22:16:20.943+0000] {processor.py:186} INFO - Started process (PID=181) to work on /home/airflow/.local/lib/python3.12/site-packages/airflow/example_dags/example_dag_decorator.py
[2024-08-23T22:16:20.984+0000] {processor.py:914} INFO - Processing file /home/airflow/.local/lib/python3.12/site-packages/airflow/example_dags/example_dag_decorator.py for tasks to queue
[2024-08-23T22:16:20.986+0000] {logging_mixin.py:190} INFO - [2024-08-23T22:16:20.986+0000] {dagbag.py:587} INFO - Filling up the DagBag from /home/airflow/.local/lib/python3.12/site-packages/airflow/example_dags/example_dag_decorator.py
[2024-08-23T22:16:20.996+0000] {processor.py:925} INFO - DAG(s) 'example_dag_decorator' retrieved from /home/airflow/.local/lib/python3.12/site-packages/airflow/example_dags/example_dag_decorator.py
[2024-08-23T22:16:21.115+0000] {logging_mixin.py:190} INFO - [2024-08-23T22:16:21.114+0000] {dag.py:3211} INFO - Sync 1 DAGs
[2024-08-23T22:16:21.155+0000] {logging_mixin.py:190} INFO - [2024-08-23T22:16:21.155+0000] {dag.py:4138} INFO - Setting next_dagrun for example_dag_decorator to None, run_after=None
[2024-08-23T22:16:21.175+0000] {processor.py:208} INFO - Processing /home/airflow/.local/lib/python3.12/site-packages/airflow/example_dags/example_dag_decorator.py took 0.237 seconds
[2024-08-23T22:16:51.452+0000] {processor.py:186} INFO - Started process (PID=243) to work on /home/airflow/.local/lib/python3.12/site-packages/airflow/example_dags/example_dag_decorator.py
[2024-08-23T22:16:51.492+0000] {processor.py:914} INFO - Processing file /home/airflow/.local/lib/python3.12/site-packages/airflow/example_dags/example_dag_decorator.py for tasks to queue
[2024-08-23T22:16:51.494+0000] {logging_mixin.py:190} INFO - [2024-08-23T22:16:51.494+0000] {dagbag.py:587} INFO - Filling up the DagBag from /home/airflow/.local/lib/python3.12/site-packages/airflow/example_dags/example_dag_decorator.py
[2024-08-23T22:16:51.504+0000] {processor.py:925} INFO - DAG(s) 'example_dag_decorator' retrieved from /home/airflow/.local/lib/python3.12/site-packages/airflow/example_dags/example_dag_decorator.py
[2024-08-23T22:16:51.584+0000] {logging_mixin.py:190} INFO - [2024-08-23T22:16:51.584+0000] {dag.py:3211} INFO - Sync 1 DAGs
[2024-08-23T22:16:51.593+0000] {logging_mixin.py:190} INFO - [2024-08-23T22:16:51.593+0000] {dag.py:4138} INFO - Setting next_dagrun for example_dag_decorator to None, run_after=None
[2024-08-23T22:16:51.610+0000] {processor.py:208} INFO - Processing /home/airflow/.local/lib/python3.12/site-packages/airflow/example_dags/example_dag_decorator.py took 0.163 seconds
