[2024-08-23T22:11:48.815+0000] {processor.py:186} INFO - Started process (PID=47) to work on /home/airflow/.local/lib/python3.12/site-packages/airflow/example_dags/tutorial_objectstorage.py
[2024-08-23T22:11:48.824+0000] {processor.py:914} INFO - Processing file /home/airflow/.local/lib/python3.12/site-packages/airflow/example_dags/tutorial_objectstorage.py for tasks to queue
[2024-08-23T22:11:48.845+0000] {logging_mixin.py:190} INFO - [2024-08-23T22:11:48.842+0000] {dagbag.py:587} INFO - Filling up the DagBag from /home/airflow/.local/lib/python3.12/site-packages/airflow/example_dags/tutorial_objectstorage.py
[2024-08-23T22:11:48.960+0000] {processor.py:925} INFO - DAG(s) 'tutorial_objectstorage' retrieved from /home/airflow/.local/lib/python3.12/site-packages/airflow/example_dags/tutorial_objectstorage.py
[2024-08-23T22:11:49.355+0000] {logging_mixin.py:190} INFO - [2024-08-23T22:11:49.355+0000] {override.py:1858} INFO - Created Permission View: can delete on DAG:tutorial_objectstorage
[2024-08-23T22:11:49.370+0000] {logging_mixin.py:190} INFO - [2024-08-23T22:11:49.369+0000] {override.py:1858} INFO - Created Permission View: can edit on DAG:tutorial_objectstorage
[2024-08-23T22:11:49.378+0000] {logging_mixin.py:190} INFO - [2024-08-23T22:11:49.377+0000] {override.py:1858} INFO - Created Permission View: can read on DAG:tutorial_objectstorage
[2024-08-23T22:11:49.378+0000] {logging_mixin.py:190} INFO - [2024-08-23T22:11:49.378+0000] {dag.py:3211} INFO - Sync 1 DAGs
[2024-08-23T22:11:49.403+0000] {logging_mixin.py:190} INFO - [2024-08-23T22:11:49.403+0000] {dag.py:3234} INFO - Creating ORM DAG for tutorial_objectstorage
[2024-08-23T22:11:49.405+0000] {logging_mixin.py:190} INFO - [2024-08-23T22:11:49.405+0000] {dag.py:4138} INFO - Setting next_dagrun for tutorial_objectstorage to None, run_after=None
[2024-08-23T22:11:49.433+0000] {processor.py:208} INFO - Processing /home/airflow/.local/lib/python3.12/site-packages/airflow/example_dags/tutorial_objectstorage.py took 0.689 seconds
[2024-08-23T22:12:20.152+0000] {processor.py:186} INFO - Started process (PID=109) to work on /home/airflow/.local/lib/python3.12/site-packages/airflow/example_dags/tutorial_objectstorage.py
[2024-08-23T22:12:20.153+0000] {processor.py:914} INFO - Processing file /home/airflow/.local/lib/python3.12/site-packages/airflow/example_dags/tutorial_objectstorage.py for tasks to queue
[2024-08-23T22:12:20.155+0000] {logging_mixin.py:190} INFO - [2024-08-23T22:12:20.155+0000] {dagbag.py:587} INFO - Filling up the DagBag from /home/airflow/.local/lib/python3.12/site-packages/airflow/example_dags/tutorial_objectstorage.py
[2024-08-23T22:12:20.162+0000] {processor.py:925} INFO - DAG(s) 'tutorial_objectstorage' retrieved from /home/airflow/.local/lib/python3.12/site-packages/airflow/example_dags/tutorial_objectstorage.py
[2024-08-23T22:12:20.179+0000] {logging_mixin.py:190} INFO - [2024-08-23T22:12:20.179+0000] {dag.py:3211} INFO - Sync 1 DAGs
[2024-08-23T22:12:20.190+0000] {logging_mixin.py:190} INFO - [2024-08-23T22:12:20.190+0000] {dag.py:4138} INFO - Setting next_dagrun for tutorial_objectstorage to None, run_after=None
[2024-08-23T22:12:20.206+0000] {processor.py:208} INFO - Processing /home/airflow/.local/lib/python3.12/site-packages/airflow/example_dags/tutorial_objectstorage.py took 0.058 seconds
[2024-08-23T22:12:50.689+0000] {processor.py:186} INFO - Started process (PID=171) to work on /home/airflow/.local/lib/python3.12/site-packages/airflow/example_dags/tutorial_objectstorage.py
[2024-08-23T22:12:50.690+0000] {processor.py:914} INFO - Processing file /home/airflow/.local/lib/python3.12/site-packages/airflow/example_dags/tutorial_objectstorage.py for tasks to queue
[2024-08-23T22:12:50.692+0000] {logging_mixin.py:190} INFO - [2024-08-23T22:12:50.692+0000] {dagbag.py:587} INFO - Filling up the DagBag from /home/airflow/.local/lib/python3.12/site-packages/airflow/example_dags/tutorial_objectstorage.py
[2024-08-23T22:12:50.699+0000] {processor.py:925} INFO - DAG(s) 'tutorial_objectstorage' retrieved from /home/airflow/.local/lib/python3.12/site-packages/airflow/example_dags/tutorial_objectstorage.py
[2024-08-23T22:12:50.714+0000] {logging_mixin.py:190} INFO - [2024-08-23T22:12:50.713+0000] {dag.py:3211} INFO - Sync 1 DAGs
[2024-08-23T22:12:50.725+0000] {logging_mixin.py:190} INFO - [2024-08-23T22:12:50.725+0000] {dag.py:4138} INFO - Setting next_dagrun for tutorial_objectstorage to None, run_after=None
[2024-08-23T22:12:50.740+0000] {processor.py:208} INFO - Processing /home/airflow/.local/lib/python3.12/site-packages/airflow/example_dags/tutorial_objectstorage.py took 0.056 seconds
[2024-08-23T22:13:21.671+0000] {processor.py:186} INFO - Started process (PID=233) to work on /home/airflow/.local/lib/python3.12/site-packages/airflow/example_dags/tutorial_objectstorage.py
[2024-08-23T22:13:21.673+0000] {processor.py:914} INFO - Processing file /home/airflow/.local/lib/python3.12/site-packages/airflow/example_dags/tutorial_objectstorage.py for tasks to queue
[2024-08-23T22:13:21.675+0000] {logging_mixin.py:190} INFO - [2024-08-23T22:13:21.675+0000] {dagbag.py:587} INFO - Filling up the DagBag from /home/airflow/.local/lib/python3.12/site-packages/airflow/example_dags/tutorial_objectstorage.py
[2024-08-23T22:13:21.682+0000] {processor.py:925} INFO - DAG(s) 'tutorial_objectstorage' retrieved from /home/airflow/.local/lib/python3.12/site-packages/airflow/example_dags/tutorial_objectstorage.py
[2024-08-23T22:13:21.700+0000] {logging_mixin.py:190} INFO - [2024-08-23T22:13:21.700+0000] {dag.py:3211} INFO - Sync 1 DAGs
[2024-08-23T22:13:21.712+0000] {logging_mixin.py:190} INFO - [2024-08-23T22:13:21.712+0000] {dag.py:4138} INFO - Setting next_dagrun for tutorial_objectstorage to None, run_after=None
[2024-08-23T22:13:21.728+0000] {processor.py:208} INFO - Processing /home/airflow/.local/lib/python3.12/site-packages/airflow/example_dags/tutorial_objectstorage.py took 0.061 seconds
[2024-08-23T22:13:51.850+0000] {processor.py:186} INFO - Started process (PID=295) to work on /home/airflow/.local/lib/python3.12/site-packages/airflow/example_dags/tutorial_objectstorage.py
[2024-08-23T22:13:51.851+0000] {processor.py:914} INFO - Processing file /home/airflow/.local/lib/python3.12/site-packages/airflow/example_dags/tutorial_objectstorage.py for tasks to queue
[2024-08-23T22:13:51.854+0000] {logging_mixin.py:190} INFO - [2024-08-23T22:13:51.853+0000] {dagbag.py:587} INFO - Filling up the DagBag from /home/airflow/.local/lib/python3.12/site-packages/airflow/example_dags/tutorial_objectstorage.py
[2024-08-23T22:13:51.864+0000] {processor.py:925} INFO - DAG(s) 'tutorial_objectstorage' retrieved from /home/airflow/.local/lib/python3.12/site-packages/airflow/example_dags/tutorial_objectstorage.py
[2024-08-23T22:13:51.881+0000] {logging_mixin.py:190} INFO - [2024-08-23T22:13:51.881+0000] {dag.py:3211} INFO - Sync 1 DAGs
[2024-08-23T22:13:51.894+0000] {logging_mixin.py:190} INFO - [2024-08-23T22:13:51.893+0000] {dag.py:4138} INFO - Setting next_dagrun for tutorial_objectstorage to None, run_after=None
[2024-08-23T22:13:51.911+0000] {processor.py:208} INFO - Processing /home/airflow/.local/lib/python3.12/site-packages/airflow/example_dags/tutorial_objectstorage.py took 0.065 seconds
[2024-08-23T22:15:18.881+0000] {processor.py:186} INFO - Started process (PID=47) to work on /home/airflow/.local/lib/python3.12/site-packages/airflow/example_dags/tutorial_objectstorage.py
[2024-08-23T22:15:18.883+0000] {processor.py:914} INFO - Processing file /home/airflow/.local/lib/python3.12/site-packages/airflow/example_dags/tutorial_objectstorage.py for tasks to queue
[2024-08-23T22:15:18.885+0000] {logging_mixin.py:190} INFO - [2024-08-23T22:15:18.885+0000] {dagbag.py:587} INFO - Filling up the DagBag from /home/airflow/.local/lib/python3.12/site-packages/airflow/example_dags/tutorial_objectstorage.py
[2024-08-23T22:15:18.898+0000] {processor.py:925} INFO - DAG(s) 'tutorial_objectstorage' retrieved from /home/airflow/.local/lib/python3.12/site-packages/airflow/example_dags/tutorial_objectstorage.py
[2024-08-23T22:15:18.997+0000] {logging_mixin.py:190} INFO - [2024-08-23T22:15:18.997+0000] {override.py:1858} INFO - Created Permission View: can delete on DAG:tutorial_objectstorage
[2024-08-23T22:15:19.007+0000] {logging_mixin.py:190} INFO - [2024-08-23T22:15:19.007+0000] {override.py:1858} INFO - Created Permission View: can read on DAG:tutorial_objectstorage
[2024-08-23T22:15:19.014+0000] {logging_mixin.py:190} INFO - [2024-08-23T22:15:19.014+0000] {override.py:1858} INFO - Created Permission View: can edit on DAG:tutorial_objectstorage
[2024-08-23T22:15:19.015+0000] {logging_mixin.py:190} INFO - [2024-08-23T22:15:19.014+0000] {dag.py:3211} INFO - Sync 1 DAGs
[2024-08-23T22:15:19.024+0000] {logging_mixin.py:190} INFO - [2024-08-23T22:15:19.024+0000] {dag.py:3234} INFO - Creating ORM DAG for tutorial_objectstorage
[2024-08-23T22:15:19.026+0000] {logging_mixin.py:190} INFO - [2024-08-23T22:15:19.025+0000] {dag.py:4138} INFO - Setting next_dagrun for tutorial_objectstorage to None, run_after=None
[2024-08-23T22:15:19.039+0000] {processor.py:208} INFO - Processing /home/airflow/.local/lib/python3.12/site-packages/airflow/example_dags/tutorial_objectstorage.py took 0.163 seconds
[2024-08-23T22:15:49.074+0000] {processor.py:186} INFO - Started process (PID=109) to work on /home/airflow/.local/lib/python3.12/site-packages/airflow/example_dags/tutorial_objectstorage.py
[2024-08-23T22:15:49.078+0000] {processor.py:914} INFO - Processing file /home/airflow/.local/lib/python3.12/site-packages/airflow/example_dags/tutorial_objectstorage.py for tasks to queue
[2024-08-23T22:15:49.081+0000] {logging_mixin.py:190} INFO - [2024-08-23T22:15:49.081+0000] {dagbag.py:587} INFO - Filling up the DagBag from /home/airflow/.local/lib/python3.12/site-packages/airflow/example_dags/tutorial_objectstorage.py
[2024-08-23T22:15:49.090+0000] {processor.py:925} INFO - DAG(s) 'tutorial_objectstorage' retrieved from /home/airflow/.local/lib/python3.12/site-packages/airflow/example_dags/tutorial_objectstorage.py
[2024-08-23T22:15:49.107+0000] {logging_mixin.py:190} INFO - [2024-08-23T22:15:49.107+0000] {dag.py:3211} INFO - Sync 1 DAGs
[2024-08-23T22:15:49.119+0000] {logging_mixin.py:190} INFO - [2024-08-23T22:15:49.119+0000] {dag.py:4138} INFO - Setting next_dagrun for tutorial_objectstorage to None, run_after=None
[2024-08-23T22:15:49.134+0000] {processor.py:208} INFO - Processing /home/airflow/.local/lib/python3.12/site-packages/airflow/example_dags/tutorial_objectstorage.py took 0.065 seconds
[2024-08-23T22:16:20.205+0000] {processor.py:186} INFO - Started process (PID=172) to work on /home/airflow/.local/lib/python3.12/site-packages/airflow/example_dags/tutorial_objectstorage.py
[2024-08-23T22:16:20.207+0000] {processor.py:914} INFO - Processing file /home/airflow/.local/lib/python3.12/site-packages/airflow/example_dags/tutorial_objectstorage.py for tasks to queue
[2024-08-23T22:16:20.211+0000] {logging_mixin.py:190} INFO - [2024-08-23T22:16:20.210+0000] {dagbag.py:587} INFO - Filling up the DagBag from /home/airflow/.local/lib/python3.12/site-packages/airflow/example_dags/tutorial_objectstorage.py
[2024-08-23T22:16:20.224+0000] {processor.py:925} INFO - DAG(s) 'tutorial_objectstorage' retrieved from /home/airflow/.local/lib/python3.12/site-packages/airflow/example_dags/tutorial_objectstorage.py
[2024-08-23T22:16:20.328+0000] {logging_mixin.py:190} INFO - [2024-08-23T22:16:20.327+0000] {dag.py:3211} INFO - Sync 1 DAGs
[2024-08-23T22:16:20.345+0000] {logging_mixin.py:190} INFO - [2024-08-23T22:16:20.344+0000] {dag.py:4138} INFO - Setting next_dagrun for tutorial_objectstorage to None, run_after=None
[2024-08-23T22:16:20.365+0000] {processor.py:208} INFO - Processing /home/airflow/.local/lib/python3.12/site-packages/airflow/example_dags/tutorial_objectstorage.py took 0.167 seconds
[2024-08-23T22:16:50.584+0000] {processor.py:186} INFO - Started process (PID=234) to work on /home/airflow/.local/lib/python3.12/site-packages/airflow/example_dags/tutorial_objectstorage.py
[2024-08-23T22:16:50.585+0000] {processor.py:914} INFO - Processing file /home/airflow/.local/lib/python3.12/site-packages/airflow/example_dags/tutorial_objectstorage.py for tasks to queue
[2024-08-23T22:16:50.587+0000] {logging_mixin.py:190} INFO - [2024-08-23T22:16:50.587+0000] {dagbag.py:587} INFO - Filling up the DagBag from /home/airflow/.local/lib/python3.12/site-packages/airflow/example_dags/tutorial_objectstorage.py
[2024-08-23T22:16:50.595+0000] {processor.py:925} INFO - DAG(s) 'tutorial_objectstorage' retrieved from /home/airflow/.local/lib/python3.12/site-packages/airflow/example_dags/tutorial_objectstorage.py
[2024-08-23T22:16:50.611+0000] {logging_mixin.py:190} INFO - [2024-08-23T22:16:50.611+0000] {dag.py:3211} INFO - Sync 1 DAGs
[2024-08-23T22:16:50.625+0000] {logging_mixin.py:190} INFO - [2024-08-23T22:16:50.625+0000] {dag.py:4138} INFO - Setting next_dagrun for tutorial_objectstorage to None, run_after=None
[2024-08-23T22:16:50.641+0000] {processor.py:208} INFO - Processing /home/airflow/.local/lib/python3.12/site-packages/airflow/example_dags/tutorial_objectstorage.py took 0.062 seconds
