[2024-08-23T22:11:53.021+0000] {processor.py:186} INFO - Started process (PID=65) to work on /home/airflow/.local/lib/python3.12/site-packages/airflow/example_dags/tutorial_dag.py
[2024-08-23T22:11:53.022+0000] {processor.py:914} INFO - Processing file /home/airflow/.local/lib/python3.12/site-packages/airflow/example_dags/tutorial_dag.py for tasks to queue
[2024-08-23T22:11:53.025+0000] {logging_mixin.py:190} INFO - [2024-08-23T22:11:53.025+0000] {dagbag.py:587} INFO - Filling up the DagBag from /home/airflow/.local/lib/python3.12/site-packages/airflow/example_dags/tutorial_dag.py
[2024-08-23T22:11:53.034+0000] {processor.py:925} INFO - DAG(s) 'tutorial_dag' retrieved from /home/airflow/.local/lib/python3.12/site-packages/airflow/example_dags/tutorial_dag.py
[2024-08-23T22:11:53.132+0000] {logging_mixin.py:190} INFO - [2024-08-23T22:11:53.132+0000] {override.py:1858} INFO - Created Permission View: can delete on DAG:tutorial_dag
[2024-08-23T22:11:53.142+0000] {logging_mixin.py:190} INFO - [2024-08-23T22:11:53.142+0000] {override.py:1858} INFO - Created Permission View: can edit on DAG:tutorial_dag
[2024-08-23T22:11:53.149+0000] {logging_mixin.py:190} INFO - [2024-08-23T22:11:53.148+0000] {override.py:1858} INFO - Created Permission View: can read on DAG:tutorial_dag
[2024-08-23T22:11:53.150+0000] {logging_mixin.py:190} INFO - [2024-08-23T22:11:53.149+0000] {dag.py:3211} INFO - Sync 1 DAGs
[2024-08-23T22:11:53.161+0000] {logging_mixin.py:190} INFO - [2024-08-23T22:11:53.160+0000] {dag.py:3234} INFO - Creating ORM DAG for tutorial_dag
[2024-08-23T22:11:53.162+0000] {logging_mixin.py:190} INFO - [2024-08-23T22:11:53.161+0000] {dag.py:4138} INFO - Setting next_dagrun for tutorial_dag to None, run_after=None
[2024-08-23T22:11:53.181+0000] {processor.py:208} INFO - Processing /home/airflow/.local/lib/python3.12/site-packages/airflow/example_dags/tutorial_dag.py took 0.165 seconds
[2024-08-23T22:12:23.261+0000] {processor.py:186} INFO - Started process (PID=127) to work on /home/airflow/.local/lib/python3.12/site-packages/airflow/example_dags/tutorial_dag.py
[2024-08-23T22:12:23.262+0000] {processor.py:914} INFO - Processing file /home/airflow/.local/lib/python3.12/site-packages/airflow/example_dags/tutorial_dag.py for tasks to queue
[2024-08-23T22:12:23.266+0000] {logging_mixin.py:190} INFO - [2024-08-23T22:12:23.266+0000] {dagbag.py:587} INFO - Filling up the DagBag from /home/airflow/.local/lib/python3.12/site-packages/airflow/example_dags/tutorial_dag.py
[2024-08-23T22:12:23.272+0000] {processor.py:925} INFO - DAG(s) 'tutorial_dag' retrieved from /home/airflow/.local/lib/python3.12/site-packages/airflow/example_dags/tutorial_dag.py
[2024-08-23T22:12:23.287+0000] {logging_mixin.py:190} INFO - [2024-08-23T22:12:23.287+0000] {dag.py:3211} INFO - Sync 1 DAGs
[2024-08-23T22:12:23.298+0000] {logging_mixin.py:190} INFO - [2024-08-23T22:12:23.298+0000] {dag.py:4138} INFO - Setting next_dagrun for tutorial_dag to None, run_after=None
[2024-08-23T22:12:23.314+0000] {processor.py:208} INFO - Processing /home/airflow/.local/lib/python3.12/site-packages/airflow/example_dags/tutorial_dag.py took 0.057 seconds
[2024-08-23T22:12:53.903+0000] {processor.py:186} INFO - Started process (PID=189) to work on /home/airflow/.local/lib/python3.12/site-packages/airflow/example_dags/tutorial_dag.py
[2024-08-23T22:12:53.904+0000] {processor.py:914} INFO - Processing file /home/airflow/.local/lib/python3.12/site-packages/airflow/example_dags/tutorial_dag.py for tasks to queue
[2024-08-23T22:12:53.907+0000] {logging_mixin.py:190} INFO - [2024-08-23T22:12:53.906+0000] {dagbag.py:587} INFO - Filling up the DagBag from /home/airflow/.local/lib/python3.12/site-packages/airflow/example_dags/tutorial_dag.py
[2024-08-23T22:12:53.913+0000] {processor.py:925} INFO - DAG(s) 'tutorial_dag' retrieved from /home/airflow/.local/lib/python3.12/site-packages/airflow/example_dags/tutorial_dag.py
[2024-08-23T22:12:53.928+0000] {logging_mixin.py:190} INFO - [2024-08-23T22:12:53.928+0000] {dag.py:3211} INFO - Sync 1 DAGs
[2024-08-23T22:12:53.939+0000] {logging_mixin.py:190} INFO - [2024-08-23T22:12:53.939+0000] {dag.py:4138} INFO - Setting next_dagrun for tutorial_dag to None, run_after=None
[2024-08-23T22:12:53.952+0000] {processor.py:208} INFO - Processing /home/airflow/.local/lib/python3.12/site-packages/airflow/example_dags/tutorial_dag.py took 0.054 seconds
[2024-08-23T22:13:24.698+0000] {processor.py:186} INFO - Started process (PID=251) to work on /home/airflow/.local/lib/python3.12/site-packages/airflow/example_dags/tutorial_dag.py
[2024-08-23T22:13:24.699+0000] {processor.py:914} INFO - Processing file /home/airflow/.local/lib/python3.12/site-packages/airflow/example_dags/tutorial_dag.py for tasks to queue
[2024-08-23T22:13:24.702+0000] {logging_mixin.py:190} INFO - [2024-08-23T22:13:24.702+0000] {dagbag.py:587} INFO - Filling up the DagBag from /home/airflow/.local/lib/python3.12/site-packages/airflow/example_dags/tutorial_dag.py
[2024-08-23T22:13:24.708+0000] {processor.py:925} INFO - DAG(s) 'tutorial_dag' retrieved from /home/airflow/.local/lib/python3.12/site-packages/airflow/example_dags/tutorial_dag.py
[2024-08-23T22:13:24.727+0000] {logging_mixin.py:190} INFO - [2024-08-23T22:13:24.726+0000] {dag.py:3211} INFO - Sync 1 DAGs
[2024-08-23T22:13:24.739+0000] {logging_mixin.py:190} INFO - [2024-08-23T22:13:24.739+0000] {dag.py:4138} INFO - Setting next_dagrun for tutorial_dag to None, run_after=None
[2024-08-23T22:13:24.757+0000] {processor.py:208} INFO - Processing /home/airflow/.local/lib/python3.12/site-packages/airflow/example_dags/tutorial_dag.py took 0.063 seconds
[2024-08-23T22:13:54.878+0000] {processor.py:186} INFO - Started process (PID=313) to work on /home/airflow/.local/lib/python3.12/site-packages/airflow/example_dags/tutorial_dag.py
[2024-08-23T22:13:54.880+0000] {processor.py:914} INFO - Processing file /home/airflow/.local/lib/python3.12/site-packages/airflow/example_dags/tutorial_dag.py for tasks to queue
[2024-08-23T22:13:54.882+0000] {logging_mixin.py:190} INFO - [2024-08-23T22:13:54.882+0000] {dagbag.py:587} INFO - Filling up the DagBag from /home/airflow/.local/lib/python3.12/site-packages/airflow/example_dags/tutorial_dag.py
[2024-08-23T22:13:54.887+0000] {processor.py:925} INFO - DAG(s) 'tutorial_dag' retrieved from /home/airflow/.local/lib/python3.12/site-packages/airflow/example_dags/tutorial_dag.py
[2024-08-23T22:13:54.903+0000] {logging_mixin.py:190} INFO - [2024-08-23T22:13:54.903+0000] {dag.py:3211} INFO - Sync 1 DAGs
[2024-08-23T22:13:54.914+0000] {logging_mixin.py:190} INFO - [2024-08-23T22:13:54.914+0000] {dag.py:4138} INFO - Setting next_dagrun for tutorial_dag to None, run_after=None
[2024-08-23T22:13:54.929+0000] {processor.py:208} INFO - Processing /home/airflow/.local/lib/python3.12/site-packages/airflow/example_dags/tutorial_dag.py took 0.055 seconds
[2024-08-23T22:15:21.751+0000] {processor.py:186} INFO - Started process (PID=65) to work on /home/airflow/.local/lib/python3.12/site-packages/airflow/example_dags/tutorial_dag.py
[2024-08-23T22:15:21.752+0000] {processor.py:914} INFO - Processing file /home/airflow/.local/lib/python3.12/site-packages/airflow/example_dags/tutorial_dag.py for tasks to queue
[2024-08-23T22:15:21.754+0000] {logging_mixin.py:190} INFO - [2024-08-23T22:15:21.754+0000] {dagbag.py:587} INFO - Filling up the DagBag from /home/airflow/.local/lib/python3.12/site-packages/airflow/example_dags/tutorial_dag.py
[2024-08-23T22:15:21.762+0000] {processor.py:925} INFO - DAG(s) 'tutorial_dag' retrieved from /home/airflow/.local/lib/python3.12/site-packages/airflow/example_dags/tutorial_dag.py
[2024-08-23T22:15:21.841+0000] {logging_mixin.py:190} INFO - [2024-08-23T22:15:21.841+0000] {override.py:1858} INFO - Created Permission View: can delete on DAG:tutorial_dag
[2024-08-23T22:15:21.849+0000] {logging_mixin.py:190} INFO - [2024-08-23T22:15:21.848+0000] {override.py:1858} INFO - Created Permission View: can read on DAG:tutorial_dag
[2024-08-23T22:15:21.854+0000] {logging_mixin.py:190} INFO - [2024-08-23T22:15:21.853+0000] {override.py:1858} INFO - Created Permission View: can edit on DAG:tutorial_dag
[2024-08-23T22:15:21.854+0000] {logging_mixin.py:190} INFO - [2024-08-23T22:15:21.854+0000] {dag.py:3211} INFO - Sync 1 DAGs
[2024-08-23T22:15:21.864+0000] {logging_mixin.py:190} INFO - [2024-08-23T22:15:21.863+0000] {dag.py:3234} INFO - Creating ORM DAG for tutorial_dag
[2024-08-23T22:15:21.864+0000] {logging_mixin.py:190} INFO - [2024-08-23T22:15:21.864+0000] {dag.py:4138} INFO - Setting next_dagrun for tutorial_dag to None, run_after=None
[2024-08-23T22:15:21.876+0000] {processor.py:208} INFO - Processing /home/airflow/.local/lib/python3.12/site-packages/airflow/example_dags/tutorial_dag.py took 0.130 seconds
[2024-08-23T22:15:52.436+0000] {processor.py:186} INFO - Started process (PID=127) to work on /home/airflow/.local/lib/python3.12/site-packages/airflow/example_dags/tutorial_dag.py
[2024-08-23T22:15:52.440+0000] {processor.py:914} INFO - Processing file /home/airflow/.local/lib/python3.12/site-packages/airflow/example_dags/tutorial_dag.py for tasks to queue
[2024-08-23T22:15:52.444+0000] {logging_mixin.py:190} INFO - [2024-08-23T22:15:52.443+0000] {dagbag.py:587} INFO - Filling up the DagBag from /home/airflow/.local/lib/python3.12/site-packages/airflow/example_dags/tutorial_dag.py
[2024-08-23T22:15:52.451+0000] {processor.py:925} INFO - DAG(s) 'tutorial_dag' retrieved from /home/airflow/.local/lib/python3.12/site-packages/airflow/example_dags/tutorial_dag.py
[2024-08-23T22:15:52.472+0000] {logging_mixin.py:190} INFO - [2024-08-23T22:15:52.472+0000] {dag.py:3211} INFO - Sync 1 DAGs
[2024-08-23T22:15:52.486+0000] {logging_mixin.py:190} INFO - [2024-08-23T22:15:52.486+0000] {dag.py:4138} INFO - Setting next_dagrun for tutorial_dag to None, run_after=None
[2024-08-23T22:15:52.505+0000] {processor.py:208} INFO - Processing /home/airflow/.local/lib/python3.12/site-packages/airflow/example_dags/tutorial_dag.py took 0.075 seconds
[2024-08-23T22:16:22.678+0000] {processor.py:186} INFO - Started process (PID=190) to work on /home/airflow/.local/lib/python3.12/site-packages/airflow/example_dags/tutorial_dag.py
[2024-08-23T22:16:22.690+0000] {processor.py:914} INFO - Processing file /home/airflow/.local/lib/python3.12/site-packages/airflow/example_dags/tutorial_dag.py for tasks to queue
[2024-08-23T22:16:22.693+0000] {logging_mixin.py:190} INFO - [2024-08-23T22:16:22.693+0000] {dagbag.py:587} INFO - Filling up the DagBag from /home/airflow/.local/lib/python3.12/site-packages/airflow/example_dags/tutorial_dag.py
[2024-08-23T22:16:22.700+0000] {processor.py:925} INFO - DAG(s) 'tutorial_dag' retrieved from /home/airflow/.local/lib/python3.12/site-packages/airflow/example_dags/tutorial_dag.py
[2024-08-23T22:16:22.717+0000] {logging_mixin.py:190} INFO - [2024-08-23T22:16:22.716+0000] {dag.py:3211} INFO - Sync 1 DAGs
[2024-08-23T22:16:22.728+0000] {logging_mixin.py:190} INFO - [2024-08-23T22:16:22.728+0000] {dag.py:4138} INFO - Setting next_dagrun for tutorial_dag to None, run_after=None
[2024-08-23T22:16:22.744+0000] {processor.py:208} INFO - Processing /home/airflow/.local/lib/python3.12/site-packages/airflow/example_dags/tutorial_dag.py took 0.071 seconds
[2024-08-23T22:16:53.157+0000] {processor.py:186} INFO - Started process (PID=252) to work on /home/airflow/.local/lib/python3.12/site-packages/airflow/example_dags/tutorial_dag.py
[2024-08-23T22:16:53.199+0000] {processor.py:914} INFO - Processing file /home/airflow/.local/lib/python3.12/site-packages/airflow/example_dags/tutorial_dag.py for tasks to queue
[2024-08-23T22:16:53.202+0000] {logging_mixin.py:190} INFO - [2024-08-23T22:16:53.202+0000] {dagbag.py:587} INFO - Filling up the DagBag from /home/airflow/.local/lib/python3.12/site-packages/airflow/example_dags/tutorial_dag.py
[2024-08-23T22:16:53.208+0000] {processor.py:925} INFO - DAG(s) 'tutorial_dag' retrieved from /home/airflow/.local/lib/python3.12/site-packages/airflow/example_dags/tutorial_dag.py
[2024-08-23T22:16:53.226+0000] {logging_mixin.py:190} INFO - [2024-08-23T22:16:53.225+0000] {dag.py:3211} INFO - Sync 1 DAGs
[2024-08-23T22:16:53.238+0000] {logging_mixin.py:190} INFO - [2024-08-23T22:16:53.238+0000] {dag.py:4138} INFO - Setting next_dagrun for tutorial_dag to None, run_after=None
[2024-08-23T22:16:53.254+0000] {processor.py:208} INFO - Processing /home/airflow/.local/lib/python3.12/site-packages/airflow/example_dags/tutorial_dag.py took 0.101 seconds
