[2024-08-23T22:11:54.348+0000] {processor.py:186} INFO - Started process (PID=78) to work on /home/airflow/.local/lib/python3.12/site-packages/airflow/example_dags/tutorial_taskflow_api.py
[2024-08-23T22:11:54.349+0000] {processor.py:914} INFO - Processing file /home/airflow/.local/lib/python3.12/site-packages/airflow/example_dags/tutorial_taskflow_api.py for tasks to queue
[2024-08-23T22:11:54.352+0000] {logging_mixin.py:190} INFO - [2024-08-23T22:11:54.352+0000] {dagbag.py:587} INFO - Filling up the DagBag from /home/airflow/.local/lib/python3.12/site-packages/airflow/example_dags/tutorial_taskflow_api.py
[2024-08-23T22:11:54.360+0000] {processor.py:925} INFO - DAG(s) 'tutorial_taskflow_api' retrieved from /home/airflow/.local/lib/python3.12/site-packages/airflow/example_dags/tutorial_taskflow_api.py
[2024-08-23T22:11:54.458+0000] {logging_mixin.py:190} INFO - [2024-08-23T22:11:54.457+0000] {override.py:1858} INFO - Created Permission View: can delete on DAG:tutorial_taskflow_api
[2024-08-23T22:11:54.470+0000] {logging_mixin.py:190} INFO - [2024-08-23T22:11:54.470+0000] {override.py:1858} INFO - Created Permission View: can edit on DAG:tutorial_taskflow_api
[2024-08-23T22:11:54.476+0000] {logging_mixin.py:190} INFO - [2024-08-23T22:11:54.476+0000] {override.py:1858} INFO - Created Permission View: can read on DAG:tutorial_taskflow_api
[2024-08-23T22:11:54.477+0000] {logging_mixin.py:190} INFO - [2024-08-23T22:11:54.477+0000] {dag.py:3211} INFO - Sync 1 DAGs
[2024-08-23T22:11:54.490+0000] {logging_mixin.py:190} INFO - [2024-08-23T22:11:54.489+0000] {dag.py:3234} INFO - Creating ORM DAG for tutorial_taskflow_api
[2024-08-23T22:11:54.490+0000] {logging_mixin.py:190} INFO - [2024-08-23T22:11:54.490+0000] {dag.py:4138} INFO - Setting next_dagrun for tutorial_taskflow_api to None, run_after=None
[2024-08-23T22:11:54.503+0000] {processor.py:208} INFO - Processing /home/airflow/.local/lib/python3.12/site-packages/airflow/example_dags/tutorial_taskflow_api.py took 0.161 seconds
[2024-08-23T22:12:24.966+0000] {processor.py:186} INFO - Started process (PID=140) to work on /home/airflow/.local/lib/python3.12/site-packages/airflow/example_dags/tutorial_taskflow_api.py
[2024-08-23T22:12:24.967+0000] {processor.py:914} INFO - Processing file /home/airflow/.local/lib/python3.12/site-packages/airflow/example_dags/tutorial_taskflow_api.py for tasks to queue
[2024-08-23T22:12:24.969+0000] {logging_mixin.py:190} INFO - [2024-08-23T22:12:24.969+0000] {dagbag.py:587} INFO - Filling up the DagBag from /home/airflow/.local/lib/python3.12/site-packages/airflow/example_dags/tutorial_taskflow_api.py
[2024-08-23T22:12:24.976+0000] {processor.py:925} INFO - DAG(s) 'tutorial_taskflow_api' retrieved from /home/airflow/.local/lib/python3.12/site-packages/airflow/example_dags/tutorial_taskflow_api.py
[2024-08-23T22:12:24.991+0000] {logging_mixin.py:190} INFO - [2024-08-23T22:12:24.991+0000] {dag.py:3211} INFO - Sync 1 DAGs
[2024-08-23T22:12:25.001+0000] {logging_mixin.py:190} INFO - [2024-08-23T22:12:25.001+0000] {dag.py:4138} INFO - Setting next_dagrun for tutorial_taskflow_api to None, run_after=None
[2024-08-23T22:12:25.017+0000] {processor.py:208} INFO - Processing /home/airflow/.local/lib/python3.12/site-packages/airflow/example_dags/tutorial_taskflow_api.py took 0.055 seconds
[2024-08-23T22:12:55.652+0000] {processor.py:186} INFO - Started process (PID=202) to work on /home/airflow/.local/lib/python3.12/site-packages/airflow/example_dags/tutorial_taskflow_api.py
[2024-08-23T22:12:55.653+0000] {processor.py:914} INFO - Processing file /home/airflow/.local/lib/python3.12/site-packages/airflow/example_dags/tutorial_taskflow_api.py for tasks to queue
[2024-08-23T22:12:55.654+0000] {logging_mixin.py:190} INFO - [2024-08-23T22:12:55.654+0000] {dagbag.py:587} INFO - Filling up the DagBag from /home/airflow/.local/lib/python3.12/site-packages/airflow/example_dags/tutorial_taskflow_api.py
[2024-08-23T22:12:55.661+0000] {processor.py:925} INFO - DAG(s) 'tutorial_taskflow_api' retrieved from /home/airflow/.local/lib/python3.12/site-packages/airflow/example_dags/tutorial_taskflow_api.py
[2024-08-23T22:12:55.678+0000] {logging_mixin.py:190} INFO - [2024-08-23T22:12:55.678+0000] {dag.py:3211} INFO - Sync 1 DAGs
[2024-08-23T22:12:55.689+0000] {logging_mixin.py:190} INFO - [2024-08-23T22:12:55.689+0000] {dag.py:4138} INFO - Setting next_dagrun for tutorial_taskflow_api to None, run_after=None
[2024-08-23T22:12:55.704+0000] {processor.py:208} INFO - Processing /home/airflow/.local/lib/python3.12/site-packages/airflow/example_dags/tutorial_taskflow_api.py took 0.057 seconds
[2024-08-23T22:13:26.342+0000] {processor.py:186} INFO - Started process (PID=264) to work on /home/airflow/.local/lib/python3.12/site-packages/airflow/example_dags/tutorial_taskflow_api.py
[2024-08-23T22:13:26.343+0000] {processor.py:914} INFO - Processing file /home/airflow/.local/lib/python3.12/site-packages/airflow/example_dags/tutorial_taskflow_api.py for tasks to queue
[2024-08-23T22:13:26.345+0000] {logging_mixin.py:190} INFO - [2024-08-23T22:13:26.345+0000] {dagbag.py:587} INFO - Filling up the DagBag from /home/airflow/.local/lib/python3.12/site-packages/airflow/example_dags/tutorial_taskflow_api.py
[2024-08-23T22:13:26.351+0000] {processor.py:925} INFO - DAG(s) 'tutorial_taskflow_api' retrieved from /home/airflow/.local/lib/python3.12/site-packages/airflow/example_dags/tutorial_taskflow_api.py
[2024-08-23T22:13:26.367+0000] {logging_mixin.py:190} INFO - [2024-08-23T22:13:26.366+0000] {dag.py:3211} INFO - Sync 1 DAGs
[2024-08-23T22:13:26.377+0000] {logging_mixin.py:190} INFO - [2024-08-23T22:13:26.377+0000] {dag.py:4138} INFO - Setting next_dagrun for tutorial_taskflow_api to None, run_after=None
[2024-08-23T22:13:26.391+0000] {processor.py:208} INFO - Processing /home/airflow/.local/lib/python3.12/site-packages/airflow/example_dags/tutorial_taskflow_api.py took 0.054 seconds
[2024-08-23T22:13:56.648+0000] {processor.py:186} INFO - Started process (PID=326) to work on /home/airflow/.local/lib/python3.12/site-packages/airflow/example_dags/tutorial_taskflow_api.py
[2024-08-23T22:13:56.649+0000] {processor.py:914} INFO - Processing file /home/airflow/.local/lib/python3.12/site-packages/airflow/example_dags/tutorial_taskflow_api.py for tasks to queue
[2024-08-23T22:13:56.654+0000] {logging_mixin.py:190} INFO - [2024-08-23T22:13:56.653+0000] {dagbag.py:587} INFO - Filling up the DagBag from /home/airflow/.local/lib/python3.12/site-packages/airflow/example_dags/tutorial_taskflow_api.py
[2024-08-23T22:13:56.661+0000] {processor.py:925} INFO - DAG(s) 'tutorial_taskflow_api' retrieved from /home/airflow/.local/lib/python3.12/site-packages/airflow/example_dags/tutorial_taskflow_api.py
[2024-08-23T22:13:56.683+0000] {logging_mixin.py:190} INFO - [2024-08-23T22:13:56.683+0000] {dag.py:3211} INFO - Sync 1 DAGs
[2024-08-23T22:13:56.695+0000] {logging_mixin.py:190} INFO - [2024-08-23T22:13:56.695+0000] {dag.py:4138} INFO - Setting next_dagrun for tutorial_taskflow_api to None, run_after=None
[2024-08-23T22:13:56.713+0000] {processor.py:208} INFO - Processing /home/airflow/.local/lib/python3.12/site-packages/airflow/example_dags/tutorial_taskflow_api.py took 0.073 seconds
[2024-08-23T22:15:23.187+0000] {processor.py:186} INFO - Started process (PID=78) to work on /home/airflow/.local/lib/python3.12/site-packages/airflow/example_dags/tutorial_taskflow_api.py
[2024-08-23T22:15:23.210+0000] {processor.py:914} INFO - Processing file /home/airflow/.local/lib/python3.12/site-packages/airflow/example_dags/tutorial_taskflow_api.py for tasks to queue
[2024-08-23T22:15:23.213+0000] {logging_mixin.py:190} INFO - [2024-08-23T22:15:23.212+0000] {dagbag.py:587} INFO - Filling up the DagBag from /home/airflow/.local/lib/python3.12/site-packages/airflow/example_dags/tutorial_taskflow_api.py
[2024-08-23T22:15:23.220+0000] {processor.py:925} INFO - DAG(s) 'tutorial_taskflow_api' retrieved from /home/airflow/.local/lib/python3.12/site-packages/airflow/example_dags/tutorial_taskflow_api.py
[2024-08-23T22:15:23.302+0000] {logging_mixin.py:190} INFO - [2024-08-23T22:15:23.301+0000] {override.py:1858} INFO - Created Permission View: can delete on DAG:tutorial_taskflow_api
[2024-08-23T22:15:23.310+0000] {logging_mixin.py:190} INFO - [2024-08-23T22:15:23.309+0000] {override.py:1858} INFO - Created Permission View: can read on DAG:tutorial_taskflow_api
[2024-08-23T22:15:23.315+0000] {logging_mixin.py:190} INFO - [2024-08-23T22:15:23.314+0000] {override.py:1858} INFO - Created Permission View: can edit on DAG:tutorial_taskflow_api
[2024-08-23T22:15:23.315+0000] {logging_mixin.py:190} INFO - [2024-08-23T22:15:23.315+0000] {dag.py:3211} INFO - Sync 1 DAGs
[2024-08-23T22:15:23.325+0000] {logging_mixin.py:190} INFO - [2024-08-23T22:15:23.325+0000] {dag.py:3234} INFO - Creating ORM DAG for tutorial_taskflow_api
[2024-08-23T22:15:23.326+0000] {logging_mixin.py:190} INFO - [2024-08-23T22:15:23.326+0000] {dag.py:4138} INFO - Setting next_dagrun for tutorial_taskflow_api to None, run_after=None
[2024-08-23T22:15:23.338+0000] {processor.py:208} INFO - Processing /home/airflow/.local/lib/python3.12/site-packages/airflow/example_dags/tutorial_taskflow_api.py took 0.157 seconds
[2024-08-23T22:15:53.476+0000] {processor.py:186} INFO - Started process (PID=140) to work on /home/airflow/.local/lib/python3.12/site-packages/airflow/example_dags/tutorial_taskflow_api.py
[2024-08-23T22:15:53.496+0000] {processor.py:914} INFO - Processing file /home/airflow/.local/lib/python3.12/site-packages/airflow/example_dags/tutorial_taskflow_api.py for tasks to queue
[2024-08-23T22:15:53.498+0000] {logging_mixin.py:190} INFO - [2024-08-23T22:15:53.497+0000] {dagbag.py:587} INFO - Filling up the DagBag from /home/airflow/.local/lib/python3.12/site-packages/airflow/example_dags/tutorial_taskflow_api.py
[2024-08-23T22:15:53.505+0000] {processor.py:925} INFO - DAG(s) 'tutorial_taskflow_api' retrieved from /home/airflow/.local/lib/python3.12/site-packages/airflow/example_dags/tutorial_taskflow_api.py
[2024-08-23T22:15:53.523+0000] {logging_mixin.py:190} INFO - [2024-08-23T22:15:53.523+0000] {dag.py:3211} INFO - Sync 1 DAGs
[2024-08-23T22:15:53.536+0000] {logging_mixin.py:190} INFO - [2024-08-23T22:15:53.536+0000] {dag.py:4138} INFO - Setting next_dagrun for tutorial_taskflow_api to None, run_after=None
[2024-08-23T22:15:53.552+0000] {processor.py:208} INFO - Processing /home/airflow/.local/lib/python3.12/site-packages/airflow/example_dags/tutorial_taskflow_api.py took 0.080 seconds
[2024-08-23T22:16:23.874+0000] {processor.py:186} INFO - Started process (PID=203) to work on /home/airflow/.local/lib/python3.12/site-packages/airflow/example_dags/tutorial_taskflow_api.py
[2024-08-23T22:16:23.878+0000] {processor.py:914} INFO - Processing file /home/airflow/.local/lib/python3.12/site-packages/airflow/example_dags/tutorial_taskflow_api.py for tasks to queue
[2024-08-23T22:16:23.880+0000] {logging_mixin.py:190} INFO - [2024-08-23T22:16:23.880+0000] {dagbag.py:587} INFO - Filling up the DagBag from /home/airflow/.local/lib/python3.12/site-packages/airflow/example_dags/tutorial_taskflow_api.py
[2024-08-23T22:16:23.886+0000] {processor.py:925} INFO - DAG(s) 'tutorial_taskflow_api' retrieved from /home/airflow/.local/lib/python3.12/site-packages/airflow/example_dags/tutorial_taskflow_api.py
[2024-08-23T22:16:23.901+0000] {logging_mixin.py:190} INFO - [2024-08-23T22:16:23.901+0000] {dag.py:3211} INFO - Sync 1 DAGs
[2024-08-23T22:16:23.912+0000] {logging_mixin.py:190} INFO - [2024-08-23T22:16:23.912+0000] {dag.py:4138} INFO - Setting next_dagrun for tutorial_taskflow_api to None, run_after=None
[2024-08-23T22:16:23.927+0000] {processor.py:208} INFO - Processing /home/airflow/.local/lib/python3.12/site-packages/airflow/example_dags/tutorial_taskflow_api.py took 0.058 seconds
[2024-08-23T22:16:54.418+0000] {processor.py:186} INFO - Started process (PID=265) to work on /home/airflow/.local/lib/python3.12/site-packages/airflow/example_dags/tutorial_taskflow_api.py
[2024-08-23T22:16:54.420+0000] {processor.py:914} INFO - Processing file /home/airflow/.local/lib/python3.12/site-packages/airflow/example_dags/tutorial_taskflow_api.py for tasks to queue
[2024-08-23T22:16:54.422+0000] {logging_mixin.py:190} INFO - [2024-08-23T22:16:54.421+0000] {dagbag.py:587} INFO - Filling up the DagBag from /home/airflow/.local/lib/python3.12/site-packages/airflow/example_dags/tutorial_taskflow_api.py
[2024-08-23T22:16:54.428+0000] {processor.py:925} INFO - DAG(s) 'tutorial_taskflow_api' retrieved from /home/airflow/.local/lib/python3.12/site-packages/airflow/example_dags/tutorial_taskflow_api.py
[2024-08-23T22:16:54.446+0000] {logging_mixin.py:190} INFO - [2024-08-23T22:16:54.445+0000] {dag.py:3211} INFO - Sync 1 DAGs
[2024-08-23T22:16:54.457+0000] {logging_mixin.py:190} INFO - [2024-08-23T22:16:54.457+0000] {dag.py:4138} INFO - Setting next_dagrun for tutorial_taskflow_api to None, run_after=None
[2024-08-23T22:16:54.471+0000] {processor.py:208} INFO - Processing /home/airflow/.local/lib/python3.12/site-packages/airflow/example_dags/tutorial_taskflow_api.py took 0.058 seconds
